

times in msec
 clock   self+sourced   self:  sourced script
 clock   elapsed:              other lines

000.020  000.020: --- NVIM STARTING ---
001.554  001.534: locale set
003.451  001.897: inits 1
003.489  000.038: window checked
004.376  000.886: parsing arguments
004.982  000.606: expanding arguments
005.238  000.255: inits 2
006.904  001.666: init highlight
008.664  000.066  000.066: sourcing /usr/local/Cellar/neovim/0.3.1/share/nvim/runtime/macros/matchit.vim
009.912  000.530  000.530: sourcing /Users/fill/.cache/dein/repos/github.com/Shougo/dein.vim/autoload/dein.vim
031.526  000.176  000.176: sourcing /usr/local/Cellar/neovim/0.3.1/share/nvim/runtime/ftoff.vim
034.909  000.681  000.681: sourcing /usr/local/Cellar/neovim/0.3.1/share/nvim/runtime/syntax/syncolor.vim
035.991  002.127  001.446: sourcing /usr/local/Cellar/neovim/0.3.1/share/nvim/runtime/syntax/synload.vim
065.404  000.615  000.615: sourcing /Users/fill/.cache/dein/.cache/init.vim/.dein/ftdetect/ftdetect.vim
065.752  029.417  028.802: sourcing /usr/local/Cellar/neovim/0.3.1/share/nvim/runtime/filetype.vim
065.946  032.471  000.927: sourcing /usr/local/Cellar/neovim/0.3.1/share/nvim/runtime/syntax/syntax.vim
067.794  000.784  000.784: sourcing /usr/local/Cellar/neovim/0.3.1/share/nvim/runtime/syntax/syncolor.vim
072.818  000.663  000.663: sourcing /usr/local/Cellar/neovim/0.3.1/share/nvim/runtime/syntax/syncolor.vim
075.089  000.988  000.988: sourcing /usr/local/Cellar/neovim/0.3.1/share/nvim/runtime/syntax/syncolor.vim
082.224  013.201  011.550: sourcing /Users/fill/.cache/dein/.cache/init.vim/.dein/colors/solarized.vim
083.049  054.478  007.846: sourcing /Users/fill/.cache/dein/state_nvim.vim
083.535  000.077  000.077: sourcing /usr/local/Cellar/neovim/0.3.1/share/nvim/runtime/filetype.vim
084.030  000.149  000.149: sourcing /Users/fill/.cache/dein/.cache/init.vim/.dein/ftplugin.vim
084.236  000.055  000.055: sourcing /usr/local/Cellar/neovim/0.3.1/share/nvim/runtime/ftplugin.vim
084.925  000.169  000.169: sourcing /usr/local/Cellar/neovim/0.3.1/share/nvim/runtime/indent.vim
086.297  000.595  000.595: sourcing /usr/local/Cellar/neovim/0.3.1/share/nvim/runtime/syntax/nosyntax.vim
090.283  000.684  000.684: sourcing /usr/local/Cellar/neovim/0.3.1/share/nvim/runtime/syntax/syncolor.vim
091.642  000.364  000.364: sourcing /usr/local/Cellar/neovim/0.3.1/share/nvim/runtime/syntax/syncolor.vim
096.053  009.218  008.170: sourcing /Users/fill/.cache/dein/.cache/init.vim/.dein/colors/solarized.vim
097.071  010.475  001.257: sourcing /usr/local/Cellar/neovim/0.3.1/share/nvim/runtime/syntax/synload.vim
097.163  011.719  000.649: sourcing /usr/local/Cellar/neovim/0.3.1/share/nvim/runtime/syntax/syntax.vim
097.778  000.388  000.388: sourcing /Users/fill/.cache/dein/repos/github.com/Shougo/dein.vim/autoload/dein/autoload.vim
098.987  000.808  000.808: sourcing /Users/fill/.cache/dein/repos/github.com/Shougo/dein.vim/autoload/dein/util.vim
099.544  092.150  023.710: sourcing /Users/fill/.config/nvim/init.vim
099.557  000.503: sourcing vimrc file(s)
101.442  001.365  001.365: sourcing /Users/fill/.cache/dein/repos/github.com/junegunn/fzf/plugin/fzf.vim
101.796  000.052  000.052: sourcing /Users/fill/.cache/dein/repos/github.com/Shougo/deoplete.nvim/plugin/deoplete.vim
119.839  016.102  016.102: sourcing /Users/fill/.cache/dein/.cache/init.vim/.dein/plugin/EasyMotion.vim
121.238  000.262  000.262: sourcing /Users/fill/.cache/dein/.cache/init.vim/.dein/autoload/nerdtree.vim
123.545  001.040  001.040: sourcing /Users/fill/.cache/dein/.cache/init.vim/.dein/lib/nerdtree/path.vim
124.094  000.209  000.209: sourcing /Users/fill/.cache/dein/.cache/init.vim/.dein/lib/nerdtree/menu_controller.vim
124.406  000.148  000.148: sourcing /Users/fill/.cache/dein/.cache/init.vim/.dein/lib/nerdtree/menu_item.vim
124.747  000.182  000.182: sourcing /Users/fill/.cache/dein/.cache/init.vim/.dein/lib/nerdtree/key_map.vim
125.255  000.349  000.349: sourcing /Users/fill/.cache/dein/.cache/init.vim/.dein/lib/nerdtree/bookmark.vim
125.908  000.493  000.493: sourcing /Users/fill/.cache/dein/.cache/init.vim/.dein/lib/nerdtree/tree_file_node.vim
126.734  000.661  000.661: sourcing /Users/fill/.cache/dein/.cache/init.vim/.dein/lib/nerdtree/tree_dir_node.vim
127.229  000.336  000.336: sourcing /Users/fill/.cache/dein/.cache/init.vim/.dein/lib/nerdtree/opener.vim
127.757  000.370  000.370: sourcing /Users/fill/.cache/dein/.cache/init.vim/.dein/lib/nerdtree/creator.vim
128.006  000.092  000.092: sourcing /Users/fill/.cache/dein/.cache/init.vim/.dein/lib/nerdtree/flag_set.vim
128.418  000.251  000.251: sourcing /Users/fill/.cache/dein/.cache/init.vim/.dein/lib/nerdtree/nerdtree.vim
129.099  000.509  000.509: sourcing /Users/fill/.cache/dein/.cache/init.vim/.dein/lib/nerdtree/ui.vim
129.298  000.043  000.043: sourcing /Users/fill/.cache/dein/.cache/init.vim/.dein/lib/nerdtree/event.vim
129.531  000.078  000.078: sourcing /Users/fill/.cache/dein/.cache/init.vim/.dein/lib/nerdtree/notifier.vim
130.363  000.640  000.640: sourcing /Users/fill/.cache/dein/.cache/init.vim/.dein/autoload/nerdtree/ui_glue.vim
134.560  000.162  000.162: sourcing /Users/fill/.cache/dein/.cache/init.vim/.dein/nerdtree_plugin/exec_menuitem.vim
135.645  001.015  001.015: sourcing /Users/fill/.cache/dein/.cache/init.vim/.dein/nerdtree_plugin/fs_menu.vim
136.512  000.795  000.795: sourcing /Users/fill/.cache/dein/.cache/init.vim/.dein/nerdtree_plugin/webdevicons.vim
136.702  016.627  008.993: sourcing /Users/fill/.cache/dein/.cache/init.vim/.dein/plugin/NERD_tree.vim
137.134  000.355  000.355: sourcing /Users/fill/.cache/dein/.cache/init.vim/.dein/plugin/ac_smooth_scroll.vim
137.240  000.035  000.035: sourcing /Users/fill/.cache/dein/.cache/init.vim/.dein/plugin/airline-themes.vim
137.849  000.288  000.288: sourcing /Users/fill/.cache/dein/.cache/init.vim/.dein/autoload/airline.vim
138.328  000.179  000.179: sourcing /Users/fill/.cache/dein/.cache/init.vim/.dein/autoload/airline/init.vim
139.150  000.161  000.161: sourcing /Users/fill/.cache/dein/.cache/init.vim/.dein/autoload/airline/parts.vim
141.065  000.240  000.240: sourcing /Users/fill/.cache/dein/.cache/init.vim/.dein/autoload/airline/util.vim
141.131  003.825  002.957: sourcing /Users/fill/.cache/dein/.cache/init.vim/.dein/plugin/airline.vim
142.118  000.177  000.177: sourcing /Users/fill/.cache/dein/.cache/init.vim/.dein/autoload/ale/events.vim
142.325  001.108  000.931: sourcing /Users/fill/.cache/dein/.cache/init.vim/.dein/plugin/ale.vim
147.784  005.377  005.377: sourcing /Users/fill/.cache/dein/.cache/init.vim/.dein/plugin/caw.vim
148.297  000.427  000.427: sourcing /Users/fill/.cache/dein/.cache/init.vim/.dein/plugin/fugitive.vim
152.345  003.964  003.964: sourcing /Users/fill/.cache/dein/.cache/init.vim/.dein/plugin/fzf.vim
152.694  000.221  000.221: sourcing /Users/fill/.cache/dein/.cache/init.vim/.dein/plugin/neomru.vim
153.044  000.258  000.258: sourcing /Users/fill/.cache/dein/.cache/init.vim/.dein/plugin/neosnippet.vim
153.255  000.122  000.122: sourcing /Users/fill/.cache/dein/.cache/init.vim/.dein/plugin/neoyank.vim
153.541  000.200  000.200: sourcing /Users/fill/.cache/dein/.cache/init.vim/.dein/plugin/parenmatch.vim
154.487  000.813  000.813: sourcing /Users/fill/.cache/dein/.cache/init.vim/.dein/plugin/surround.vim
155.892  000.881  000.881: sourcing /Users/fill/.cache/dein/.cache/init.vim/.dein/autoload/unite/custom.vim
156.213  001.631  000.750: sourcing /Users/fill/.cache/dein/.cache/init.vim/.dein/plugin/unite/bookmark.vim
156.588  000.237  000.237: sourcing /Users/fill/.cache/dein/.cache/init.vim/.dein/plugin/unite/buffer.vim
156.912  000.197  000.197: sourcing /Users/fill/.cache/dein/.cache/init.vim/.dein/plugin/unite/window.vim
157.372  000.332  000.332: sourcing /Users/fill/.cache/dein/.cache/init.vim/.dein/plugin/unite.vim
157.665  000.161  000.161: sourcing /Users/fill/.cache/dein/.cache/init.vim/.dein/plugin/vimproc.vim
166.808  001.714  001.714: sourcing /Users/fill/.cache/dein/.cache/init.vim/.dein/autoload/vital/unite.vim
169.257  001.575  001.575: sourcing /Users/fill/.cache/dein/.cache/init.vim/.dein/autoload/vital/_unite/Prelude.vim
170.191  002.828  001.253: sourcing /Users/fill/.cache/dein/.cache/init.vim/.dein/autoload/vital/_unite/Prelude.vim
171.779  008.249  003.707: sourcing /Users/fill/.cache/dein/.cache/init.vim/.dein/autoload/unite/util.vim
172.637  009.568  001.319: sourcing /Users/fill/.cache/dein/.cache/init.vim/.dein/autoload/unite.vim
173.298  000.301  000.301: sourcing /Users/fill/.cache/dein/.cache/init.vim/.dein/autoload/unite/variables.vim
174.058  016.265  006.395: sourcing /Users/fill/.cache/dein/.cache/init.vim/.dein/plugin/webdevicons.vim
175.397  000.452  000.452: sourcing /usr/local/Cellar/neovim/0.3.1/share/nvim/runtime/plugin/gzip.vim
175.528  000.039  000.039: sourcing /usr/local/Cellar/neovim/0.3.1/share/nvim/runtime/plugin/health.vim
175.728  000.116  000.116: sourcing /usr/local/Cellar/neovim/0.3.1/share/nvim/runtime/plugin/man.vim
176.688  000.876  000.876: sourcing /usr/local/Cellar/neovim/0.3.1/share/nvim/runtime/plugin/matchit.vim
176.819  000.038  000.038: sourcing /usr/local/Cellar/neovim/0.3.1/share/nvim/runtime/plugin/matchparen.vim
177.685  000.783  000.783: sourcing /usr/local/Cellar/neovim/0.3.1/share/nvim/runtime/plugin/netrwPlugin.vim
178.735  000.344  000.344: sourcing /usr/local/Cellar/neovim/0.3.1/share/nvim/runtime/autoload/remote/host.vim
179.507  000.337  000.337: sourcing /usr/local/Cellar/neovim/0.3.1/share/nvim/runtime/autoload/remote/define.vim
179.655  001.490  000.809: sourcing /Users/fill/.local/share/nvim/rplugin.vim
179.671  001.876  000.386: sourcing /usr/local/Cellar/neovim/0.3.1/share/nvim/runtime/plugin/rplugin.vim
179.804  000.036  000.036: sourcing /usr/local/Cellar/neovim/0.3.1/share/nvim/runtime/plugin/rrhelper.vim
180.115  000.216  000.216: sourcing /usr/local/Cellar/neovim/0.3.1/share/nvim/runtime/plugin/shada.vim
180.270  000.055  000.055: sourcing /usr/local/Cellar/neovim/0.3.1/share/nvim/runtime/plugin/spellfile.vim
180.633  000.269  000.269: sourcing /usr/local/Cellar/neovim/0.3.1/share/nvim/runtime/plugin/tarPlugin.vim
180.892  000.164  000.164: sourcing /usr/local/Cellar/neovim/0.3.1/share/nvim/runtime/plugin/tohtml.vim
181.033  000.046  000.046: sourcing /usr/local/Cellar/neovim/0.3.1/share/nvim/runtime/plugin/tutor.vim
181.438  000.310  000.310: sourcing /usr/local/Cellar/neovim/0.3.1/share/nvim/runtime/plugin/zipPlugin.vim
181.452  006.943: loading plugins
181.630  000.178: loading packages
182.528  000.665  000.665: sourcing /Users/fill/.cache/dein/.cache/init.vim/.dein/after/plugin/indentLine.vim
182.655  000.360: loading after plugins
182.670  000.016: inits 3
188.336  005.666: reading ShaDa
192.119  003.783: clearing screen
200.370  000.664  000.664: sourcing /Users/fill/.cache/dein/repos/github.com/tpope/vim-endwise/plugin/endwise.vim
202.521  000.332  000.332: sourcing /usr/local/Cellar/neovim/0.3.1/share/nvim/runtime/autoload/provider/ruby.vim
536.045  334.223  333.890: sourcing /usr/local/Cellar/neovim/0.3.1/share/nvim/runtime/ftplugin/ruby.vim
537.986  000.572  000.572: sourcing /Users/fill/.cache/dein/.cache/init.vim/.dein/after/ftplugin/ruby/caw.vim
539.193  000.692  000.692: sourcing /usr/local/Cellar/neovim/0.3.1/share/nvim/runtime/indent/ruby.vim
544.129  004.441  004.441: sourcing /usr/local/Cellar/neovim/0.3.1/share/nvim/runtime/syntax/ruby.vim
545.316  000.440  000.440: sourcing /Users/fill/.cache/dein/.cache/init.vim/.dein/autoload/airline/extensions.vim
545.742  000.107  000.107: sourcing /Users/fill/.cache/dein/.cache/init.vim/.dein/autoload/airline/extensions/quickfix.vim
546.159  000.055  000.055: sourcing /Users/fill/.cache/dein/.cache/init.vim/.dein/autoload/airline/extensions/unite.vim
546.582  000.075  000.075: sourcing /Users/fill/.cache/dein/.cache/init.vim/.dein/autoload/airline/extensions/netrw.vim
546.991  000.079  000.079: sourcing /Users/fill/.cache/dein/.cache/init.vim/.dein/autoload/airline/extensions/term.vim
547.806  000.345  000.345: sourcing /Users/fill/.cache/dein/.cache/init.vim/.dein/autoload/airline/extensions/branch.vim
548.317  000.096  000.096: sourcing /Users/fill/.cache/dein/.cache/init.vim/.dein/autoload/airline/extensions/fugitiveline.vim
548.854  000.116  000.116: sourcing /Users/fill/.cache/dein/.cache/init.vim/.dein/autoload/airline/extensions/ale.vim
549.652  000.208  000.208: sourcing /Users/fill/.cache/dein/.cache/init.vim/.dein/autoload/airline/extensions/whitespace.vim
550.394  000.243  000.243: sourcing /Users/fill/.cache/dein/.cache/init.vim/.dein/autoload/airline/extensions/tabline.vim
550.816  000.094  000.094: sourcing /Users/fill/.cache/dein/.cache/init.vim/.dein/autoload/airline/extensions/tabline/autoshow.vim
551.359  000.153  000.153: sourcing /Users/fill/.cache/dein/.cache/init.vim/.dein/autoload/airline/extensions/tabline/tabs.vim
551.990  000.268  000.268: sourcing /Users/fill/.cache/dein/.cache/init.vim/.dein/autoload/airline/extensions/tabline/buffers.vim
552.507  000.053  000.053: sourcing /Users/fill/.cache/dein/.cache/init.vim/.dein/autoload/airline/extensions/keymap.vim
557.727  000.136  000.136: sourcing /Users/fill/.cache/dein/.cache/init.vim/.dein/autoload/airline/section.vim
558.517  000.361  000.361: sourcing /Users/fill/.cache/dein/.cache/init.vim/.dein/autoload/airline/highlighter.vim
563.016  000.113  000.113: sourcing /Users/fill/.cache/dein/.cache/init.vim/.dein/autoload/airline/themes.vim
563.520  001.424  001.310: sourcing /Users/fill/.cache/dein/.cache/init.vim/.dein/autoload/airline/themes/solarized.vim
568.088  000.883  000.883: sourcing /Users/fill/.cache/dein/.cache/init.vim/.dein/autoload/airline/themes/solarized.vim
596.231  000.289  000.289: sourcing /Users/fill/.cache/dein/.cache/init.vim/.dein/autoload/airline/builder.vim
597.087  000.162  000.162: sourcing /Users/fill/.cache/dein/.cache/init.vim/.dein/autoload/airline/extensions/default.vim
632.698  000.108  000.108: sourcing /Users/fill/.cache/dein/.cache/init.vim/.dein/autoload/parenmatch.vim
636.635  002.507  002.507: sourcing /usr/local/Cellar/neovim/0.3.1/share/nvim/runtime/ftplugin/ruby.vim
638.880  000.166  000.166: sourcing /Users/fill/.cache/dein/.cache/init.vim/.dein/after/ftplugin/ruby/caw.vim
639.773  000.162  000.162: sourcing /usr/local/Cellar/neovim/0.3.1/share/nvim/runtime/indent/ruby.vim
645.426  004.889  004.889: sourcing /usr/local/Cellar/neovim/0.3.1/share/nvim/runtime/syntax/ruby.vim
649.674  002.812  002.812: sourcing /usr/local/Cellar/neovim/0.3.1/share/nvim/runtime/ftplugin/ruby.vim
652.336  000.163  000.163: sourcing /Users/fill/.cache/dein/.cache/init.vim/.dein/after/ftplugin/ruby/caw.vim
652.947  000.088  000.088: sourcing /usr/local/Cellar/neovim/0.3.1/share/nvim/runtime/indent/ruby.vim
657.972  004.408  004.408: sourcing /usr/local/Cellar/neovim/0.3.1/share/nvim/runtime/syntax/ruby.vim
666.951  006.501  006.501: sourcing /Users/fill/.cache/dein/.cache/init.vim/.dein/autoload/fugitive.vim
669.942  000.717  000.717: sourcing /Users/fill/.cache/dein/.cache/init.vim/.dein/autoload/ale.vim
672.007  001.276  001.276: sourcing /Users/fill/.cache/dein/.cache/init.vim/.dein/autoload/ale/util.vim
673.968  001.413  001.413: sourcing /Users/fill/.cache/dein/.cache/init.vim/.dein/autoload/ale/linter.vim
676.260  001.332  001.332: sourcing /Users/fill/.cache/dein/.cache/init.vim/.dein/ale_linters/ruby/brakeman.vim
677.656  001.288  001.288: sourcing /Users/fill/.cache/dein/.cache/init.vim/.dein/ale_linters/ruby/rails_best_practices.vim
679.134  001.337  001.337: sourcing /Users/fill/.cache/dein/.cache/init.vim/.dein/ale_linters/ruby/reek.vim
680.100  000.856  000.856: sourcing /Users/fill/.cache/dein/.cache/init.vim/.dein/ale_linters/ruby/rubocop.vim
680.802  000.599  000.599: sourcing /Users/fill/.cache/dein/.cache/init.vim/.dein/ale_linters/ruby/ruby.vim
681.748  000.841  000.841: sourcing /Users/fill/.cache/dein/.cache/init.vim/.dein/ale_linters/ruby/solargraph.vim
683.500  000.892  000.892: sourcing /Users/fill/.cache/dein/.cache/init.vim/.dein/autoload/ale/engine.vim
690.062  000.350  000.350: sourcing /Users/fill/.cache/dein/.cache/init.vim/.dein/autoload/ale/history.vim
693.027  000.331  000.331: sourcing /Users/fill/.cache/dein/.cache/init.vim/.dein/autoload/ale/handlers/ruby.vim
693.928  000.318  000.318: sourcing /Users/fill/.cache/dein/.cache/init.vim/.dein/autoload/ale/command.vim
695.785  000.847  000.847: sourcing /Users/fill/.cache/dein/.cache/init.vim/.dein/autoload/ale/job.vim
706.526  001.447  001.447: sourcing /Users/fill/.cache/dein/.cache/init.vim/.dein/autoload/ale/lsp_linter.vim
707.639  000.384  000.384: sourcing /Users/fill/.cache/dein/.cache/init.vim/.dein/autoload/ale/ruby.vim
709.214  000.851  000.851: sourcing /Users/fill/.cache/dein/.cache/init.vim/.dein/autoload/ale/path.vim
712.151  001.403  001.403: sourcing /Users/fill/.cache/dein/.cache/init.vim/.dein/autoload/ale/lsp.vim
717.259  000.916  000.916: sourcing /Users/fill/.cache/dein/.cache/init.vim/.dein/autoload/ale/lsp/message.vim
718.316  000.314  000.314: sourcing /Users/fill/.cache/dein/.cache/init.vim/.dein/autoload/ale/uri.vim
723.386  002.155  002.155: sourcing /Users/fill/.cache/dein/.cache/init.vim/.dein/autoload/neomru.vim
741.595  000.519  000.519: sourcing /Users/fill/.cache/dein/.cache/init.vim/.dein/autoload/unite/sources/buffer/variables.vim
743.081  162.594: opening buffers
744.519  001.438: BufEnter autocommands
744.532  000.013: editing files in windows
748.437  003.905: VimEnter autocommands
1123.732  374.880  374.880: sourcing /usr/local/Cellar/neovim/0.3.1/share/nvim/runtime/autoload/provider/clipboard.vim
1123.769  000.452: before starting main loop
1124.753  000.641  000.641: sourcing /Users/fill/.cache/dein/.cache/init.vim/.dein/autoload/ale/cursor.vim
1126.148  000.251  000.251: sourcing /Users/fill/.cache/dein/.cache/init.vim/.dein/autoload/airline/extensions/tabline/ctrlspace.vim
1127.234  000.274  000.274: sourcing /Users/fill/.cache/dein/.cache/init.vim/.dein/autoload/airline/extensions/tabline/builder.vim
1128.089  000.193  000.193: sourcing /Users/fill/.cache/dein/.cache/init.vim/.dein/autoload/airline/extensions/tabline/buflist.vim
1135.117  000.091  000.091: sourcing /Users/fill/.cache/dein/.cache/init.vim/.dein/autoload/airline/extensions/tabline/formatters/webdevicons.vim
1136.137  000.198  000.198: sourcing /Users/fill/.cache/dein/.cache/init.vim/.dein/autoload/airline/extensions/tabline/formatters/default.vim
1176.470  000.865  000.865: sourcing /Users/fill/.cache/dein/.cache/init.vim/.dein/autoload/airline/async.vim
1189.019  062.735: first screen update
1189.035  000.016: --- NVIM STARTED ---
