

times in msec
 clock   self+sourced   self:  sourced script
 clock   elapsed:              other lines

000.039  000.039: --- NVIM STARTING ---
001.458  001.419: locale set
004.413  002.955: inits 1
004.453  000.040: window checked
006.579  002.126: parsing arguments
007.156  000.577: expanding arguments
007.438  000.282: inits 2
008.636  001.197: init highlight
009.631  000.054  000.054: sourcing /usr/local/Cellar/neovim/0.3.1/share/nvim/runtime/macros/matchit.vim
010.941  000.533  000.533: sourcing /Users/fill/.cache/dein/repos/github.com/Shougo/dein.vim/autoload/dein.vim
014.014  000.191  000.191: sourcing /usr/local/Cellar/neovim/0.3.1/share/nvim/runtime/ftoff.vim
016.720  000.708  000.708: sourcing /usr/local/Cellar/neovim/0.3.1/share/nvim/runtime/syntax/syncolor.vim
017.056  001.374  000.666: sourcing /usr/local/Cellar/neovim/0.3.1/share/nvim/runtime/syntax/synload.vim
042.307  000.529  000.529: sourcing /Users/fill/.cache/dein/.cache/init.vim/.dein/ftdetect/ftdetect.vim
042.619  024.529  024.001: sourcing /usr/local/Cellar/neovim/0.3.1/share/nvim/runtime/filetype.vim
042.906  027.579  001.676: sourcing /usr/local/Cellar/neovim/0.3.1/share/nvim/runtime/syntax/syntax.vim
045.156  000.680  000.680: sourcing /usr/local/Cellar/neovim/0.3.1/share/nvim/runtime/syntax/syncolor.vim
049.178  000.519  000.519: sourcing /usr/local/Cellar/neovim/0.3.1/share/nvim/runtime/syntax/syncolor.vim
050.638  000.516  000.516: sourcing /usr/local/Cellar/neovim/0.3.1/share/nvim/runtime/syntax/syncolor.vim
060.368  014.419  013.383: sourcing /Users/fill/.cache/dein/.cache/init.vim/.dein/colors/solarized.vim
061.370  049.836  006.967: sourcing /Users/fill/.cache/dein/state_nvim.vim
061.865  000.134  000.134: sourcing /usr/local/Cellar/neovim/0.3.1/share/nvim/runtime/filetype.vim
062.475  000.199  000.199: sourcing /Users/fill/.cache/dein/.cache/init.vim/.dein/ftplugin.vim
062.713  000.055  000.055: sourcing /usr/local/Cellar/neovim/0.3.1/share/nvim/runtime/ftplugin.vim
065.245  000.158  000.158: sourcing /usr/local/Cellar/neovim/0.3.1/share/nvim/runtime/indent.vim
066.177  000.462  000.462: sourcing /usr/local/Cellar/neovim/0.3.1/share/nvim/runtime/syntax/nosyntax.vim
073.098  000.628  000.628: sourcing /usr/local/Cellar/neovim/0.3.1/share/nvim/runtime/syntax/syncolor.vim
075.392  000.636  000.636: sourcing /usr/local/Cellar/neovim/0.3.1/share/nvim/runtime/syntax/syncolor.vim
083.195  016.294  015.030: sourcing /Users/fill/.cache/dein/.cache/init.vim/.dein/colors/solarized.vim
084.841  018.286  001.992: sourcing /usr/local/Cellar/neovim/0.3.1/share/nvim/runtime/syntax/synload.vim
084.930  019.400  000.652: sourcing /usr/local/Cellar/neovim/0.3.1/share/nvim/runtime/syntax/syntax.vim
085.857  000.628  000.628: sourcing /Users/fill/.cache/dein/repos/github.com/Shougo/dein.vim/autoload/dein/autoload.vim
092.303  005.981  005.981: sourcing /Users/fill/.cache/dein/repos/github.com/Shougo/dein.vim/autoload/dein/util.vim
093.484  084.341  007.363: sourcing /Users/fill/.config/nvim/init.vim
093.504  000.527: sourcing vimrc file(s)
097.129  002.765  002.765: sourcing /Users/fill/.cache/dein/repos/github.com/junegunn/fzf/plugin/fzf.vim
113.609  013.694  013.694: sourcing /Users/fill/.cache/dein/.cache/init.vim/.dein/plugin/EasyMotion.vim
115.330  000.476  000.476: sourcing /Users/fill/.cache/dein/.cache/init.vim/.dein/autoload/nerdtree.vim
119.404  001.603  001.603: sourcing /Users/fill/.cache/dein/.cache/init.vim/.dein/lib/nerdtree/path.vim
120.014  000.330  000.330: sourcing /Users/fill/.cache/dein/.cache/init.vim/.dein/lib/nerdtree/menu_controller.vim
120.444  000.203  000.203: sourcing /Users/fill/.cache/dein/.cache/init.vim/.dein/lib/nerdtree/menu_item.vim
120.910  000.277  000.277: sourcing /Users/fill/.cache/dein/.cache/init.vim/.dein/lib/nerdtree/key_map.vim
121.599  000.467  000.467: sourcing /Users/fill/.cache/dein/.cache/init.vim/.dein/lib/nerdtree/bookmark.vim
122.385  000.622  000.622: sourcing /Users/fill/.cache/dein/.cache/init.vim/.dein/lib/nerdtree/tree_file_node.vim
123.839  001.185  001.185: sourcing /Users/fill/.cache/dein/.cache/init.vim/.dein/lib/nerdtree/tree_dir_node.vim
124.719  000.628  000.628: sourcing /Users/fill/.cache/dein/.cache/init.vim/.dein/lib/nerdtree/opener.vim
125.677  000.695  000.695: sourcing /Users/fill/.cache/dein/.cache/init.vim/.dein/lib/nerdtree/creator.vim
126.412  000.246  000.246: sourcing /Users/fill/.cache/dein/.cache/init.vim/.dein/lib/nerdtree/flag_set.vim
127.144  000.451  000.451: sourcing /Users/fill/.cache/dein/.cache/init.vim/.dein/lib/nerdtree/nerdtree.vim
128.510  001.100  001.100: sourcing /Users/fill/.cache/dein/.cache/init.vim/.dein/lib/nerdtree/ui.vim
128.987  000.096  000.096: sourcing /Users/fill/.cache/dein/.cache/init.vim/.dein/lib/nerdtree/event.vim
129.419  000.160  000.160: sourcing /Users/fill/.cache/dein/.cache/init.vim/.dein/lib/nerdtree/notifier.vim
130.888  001.191  001.191: sourcing /Users/fill/.cache/dein/.cache/init.vim/.dein/autoload/nerdtree/ui_glue.vim
139.546  000.295  000.295: sourcing /Users/fill/.cache/dein/.cache/init.vim/.dein/nerdtree_plugin/exec_menuitem.vim
141.733  002.058  002.058: sourcing /Users/fill/.cache/dein/.cache/init.vim/.dein/nerdtree_plugin/fs_menu.vim
143.120  001.247  001.247: sourcing /Users/fill/.cache/dein/.cache/init.vim/.dein/nerdtree_plugin/webdevicons.vim
143.470  029.716  016.386: sourcing /Users/fill/.cache/dein/.cache/init.vim/.dein/plugin/NERD_tree.vim
144.313  000.701  000.701: sourcing /Users/fill/.cache/dein/.cache/init.vim/.dein/plugin/ac_smooth_scroll.vim
144.518  000.074  000.074: sourcing /Users/fill/.cache/dein/.cache/init.vim/.dein/plugin/airline-themes.vim
145.589  000.528  000.528: sourcing /Users/fill/.cache/dein/.cache/init.vim/.dein/autoload/airline.vim
146.123  000.207  000.207: sourcing /Users/fill/.cache/dein/.cache/init.vim/.dein/autoload/airline/init.vim
147.013  000.179  000.179: sourcing /Users/fill/.cache/dein/.cache/init.vim/.dein/autoload/airline/parts.vim
149.107  000.227  000.227: sourcing /Users/fill/.cache/dein/.cache/init.vim/.dein/autoload/airline/util.vim
149.181  004.542  003.401: sourcing /Users/fill/.cache/dein/.cache/init.vim/.dein/plugin/airline.vim
150.244  000.198  000.198: sourcing /Users/fill/.cache/dein/.cache/init.vim/.dein/autoload/ale/events.vim
150.507  001.232  001.034: sourcing /Users/fill/.cache/dein/.cache/init.vim/.dein/plugin/ale.vim
156.767  006.168  006.168: sourcing /Users/fill/.cache/dein/.cache/init.vim/.dein/plugin/caw.vim
157.484  000.596  000.596: sourcing /Users/fill/.cache/dein/.cache/init.vim/.dein/plugin/fugitive.vim
159.080  001.501  001.501: sourcing /Users/fill/.cache/dein/.cache/init.vim/.dein/plugin/fzf.vim
159.357  000.170  000.170: sourcing /Users/fill/.cache/dein/.cache/init.vim/.dein/plugin/neomru.vim
159.711  000.260  000.260: sourcing /Users/fill/.cache/dein/.cache/init.vim/.dein/plugin/neosnippet.vim
160.154  000.347  000.347: sourcing /Users/fill/.cache/dein/.cache/init.vim/.dein/plugin/neoyank.vim
160.720  000.329  000.329: sourcing /Users/fill/.cache/dein/.cache/init.vim/.dein/plugin/parenmatch.vim
162.368  001.534  001.534: sourcing /Users/fill/.cache/dein/.cache/init.vim/.dein/plugin/surround.vim
163.960  000.851  000.851: sourcing /Users/fill/.cache/dein/.cache/init.vim/.dein/autoload/unite/custom.vim
164.155  001.605  000.754: sourcing /Users/fill/.cache/dein/.cache/init.vim/.dein/plugin/unite/bookmark.vim
164.482  000.223  000.223: sourcing /Users/fill/.cache/dein/.cache/init.vim/.dein/plugin/unite/buffer.vim
164.869  000.296  000.296: sourcing /Users/fill/.cache/dein/.cache/init.vim/.dein/plugin/unite/window.vim
165.443  000.394  000.394: sourcing /Users/fill/.cache/dein/.cache/init.vim/.dein/plugin/unite.vim
165.792  000.189  000.189: sourcing /Users/fill/.cache/dein/.cache/init.vim/.dein/plugin/vimproc.vim
172.342  001.189  001.189: sourcing /Users/fill/.cache/dein/.cache/init.vim/.dein/autoload/vital/unite.vim
174.061  001.130  001.130: sourcing /Users/fill/.cache/dein/.cache/init.vim/.dein/autoload/vital/_unite/Prelude.vim
174.622  001.898  000.768: sourcing /Users/fill/.cache/dein/.cache/init.vim/.dein/autoload/vital/_unite/Prelude.vim
175.984  005.710  002.624: sourcing /Users/fill/.cache/dein/.cache/init.vim/.dein/autoload/unite/util.vim
176.816  006.770  001.060: sourcing /Users/fill/.cache/dein/.cache/init.vim/.dein/autoload/unite.vim
177.428  000.300  000.300: sourcing /Users/fill/.cache/dein/.cache/init.vim/.dein/autoload/unite/variables.vim
178.172  012.218  005.149: sourcing /Users/fill/.cache/dein/.cache/init.vim/.dein/plugin/webdevicons.vim
179.609  000.468  000.468: sourcing /usr/local/Cellar/neovim/0.3.1/share/nvim/runtime/plugin/gzip.vim
179.743  000.033  000.033: sourcing /usr/local/Cellar/neovim/0.3.1/share/nvim/runtime/plugin/health.vim
179.956  000.128  000.128: sourcing /usr/local/Cellar/neovim/0.3.1/share/nvim/runtime/plugin/man.vim
181.590  001.543  001.543: sourcing /usr/local/Cellar/neovim/0.3.1/share/nvim/runtime/plugin/matchit.vim
181.739  000.041  000.041: sourcing /usr/local/Cellar/neovim/0.3.1/share/nvim/runtime/plugin/matchparen.vim
182.687  000.824  000.824: sourcing /usr/local/Cellar/neovim/0.3.1/share/nvim/runtime/plugin/netrwPlugin.vim
183.745  000.348  000.348: sourcing /usr/local/Cellar/neovim/0.3.1/share/nvim/runtime/autoload/remote/host.vim
184.504  000.340  000.340: sourcing /usr/local/Cellar/neovim/0.3.1/share/nvim/runtime/autoload/remote/define.vim
184.646  001.467  000.779: sourcing /Users/fill/.local/share/nvim/rplugin.vim
184.663  001.870  000.403: sourcing /usr/local/Cellar/neovim/0.3.1/share/nvim/runtime/plugin/rplugin.vim
184.798  000.036  000.036: sourcing /usr/local/Cellar/neovim/0.3.1/share/nvim/runtime/plugin/rrhelper.vim
185.136  000.242  000.242: sourcing /usr/local/Cellar/neovim/0.3.1/share/nvim/runtime/plugin/shada.vim
185.367  000.071  000.071: sourcing /usr/local/Cellar/neovim/0.3.1/share/nvim/runtime/plugin/spellfile.vim
185.956  000.486  000.486: sourcing /usr/local/Cellar/neovim/0.3.1/share/nvim/runtime/plugin/tarPlugin.vim
186.455  000.306  000.306: sourcing /usr/local/Cellar/neovim/0.3.1/share/nvim/runtime/plugin/tohtml.vim
186.724  000.094  000.094: sourcing /usr/local/Cellar/neovim/0.3.1/share/nvim/runtime/plugin/tutor.vim
187.475  000.576  000.576: sourcing /usr/local/Cellar/neovim/0.3.1/share/nvim/runtime/plugin/zipPlugin.vim
187.501  008.726: loading plugins
187.825  000.324: loading packages
189.360  001.109  001.109: sourcing /Users/fill/.cache/dein/.cache/init.vim/.dein/after/plugin/indentLine.vim
189.499  000.565: loading after plugins
189.515  000.016: inits 3
196.402  006.887: reading ShaDa
201.499  005.097: clearing screen
214.002  000.094  000.094: sourcing /Users/fill/.cache/dein/repos/github.com/osyo-manga/vim-monster/plugin/monster.vim
215.127  000.719  000.719: sourcing /Users/fill/.cache/dein/repos/github.com/tpope/vim-endwise/plugin/endwise.vim
215.940  000.066  000.066: sourcing /usr/local/Cellar/neovim/0.3.1/share/nvim/runtime/filetype.vim
216.212  000.028  000.028: sourcing /Users/fill/.cache/dein/.cache/init.vim/.dein/ftplugin.vim
216.349  000.032  000.032: sourcing /usr/local/Cellar/neovim/0.3.1/share/nvim/runtime/ftplugin.vim
216.664  000.041  000.041: sourcing /usr/local/Cellar/neovim/0.3.1/share/nvim/runtime/filetype.vim
216.928  000.029  000.029: sourcing /usr/local/Cellar/neovim/0.3.1/share/nvim/runtime/indent.vim
218.745  000.352  000.352: sourcing /usr/local/Cellar/neovim/0.3.1/share/nvim/runtime/autoload/provider/ruby.vim
546.765  328.742  328.390: sourcing /usr/local/Cellar/neovim/0.3.1/share/nvim/runtime/ftplugin/ruby.vim
547.766  000.156  000.156: sourcing /Users/fill/.cache/dein/repos/github.com/osyo-manga/vim-monster/after/ftplugin/ruby/monster.vim
548.808  000.124  000.124: sourcing /Users/fill/.cache/dein/.cache/init.vim/.dein/after/ftplugin/ruby/caw.vim
550.372  000.846  000.846: sourcing /usr/local/Cellar/neovim/0.3.1/share/nvim/runtime/indent/ruby.vim
556.198  005.094  005.094: sourcing /usr/local/Cellar/neovim/0.3.1/share/nvim/runtime/syntax/ruby.vim
557.429  000.461  000.461: sourcing /Users/fill/.cache/dein/.cache/init.vim/.dein/autoload/airline/extensions.vim
557.870  000.110  000.110: sourcing /Users/fill/.cache/dein/.cache/init.vim/.dein/autoload/airline/extensions/quickfix.vim
558.309  000.066  000.066: sourcing /Users/fill/.cache/dein/.cache/init.vim/.dein/autoload/airline/extensions/unite.vim
558.726  000.069  000.069: sourcing /Users/fill/.cache/dein/.cache/init.vim/.dein/autoload/airline/extensions/netrw.vim
559.140  000.075  000.075: sourcing /Users/fill/.cache/dein/.cache/init.vim/.dein/autoload/airline/extensions/term.vim
559.958  000.350  000.350: sourcing /Users/fill/.cache/dein/.cache/init.vim/.dein/autoload/airline/extensions/branch.vim
560.504  000.102  000.102: sourcing /Users/fill/.cache/dein/.cache/init.vim/.dein/autoload/airline/extensions/fugitiveline.vim
561.025  000.126  000.126: sourcing /Users/fill/.cache/dein/.cache/init.vim/.dein/autoload/airline/extensions/ale.vim
561.820  000.212  000.212: sourcing /Users/fill/.cache/dein/.cache/init.vim/.dein/autoload/airline/extensions/whitespace.vim
562.563  000.245  000.245: sourcing /Users/fill/.cache/dein/.cache/init.vim/.dein/autoload/airline/extensions/tabline.vim
563.003  000.098  000.098: sourcing /Users/fill/.cache/dein/.cache/init.vim/.dein/autoload/airline/extensions/tabline/autoshow.vim
563.545  000.159  000.159: sourcing /Users/fill/.cache/dein/.cache/init.vim/.dein/autoload/airline/extensions/tabline/tabs.vim
564.217  000.288  000.288: sourcing /Users/fill/.cache/dein/.cache/init.vim/.dein/autoload/airline/extensions/tabline/buffers.vim
564.761  000.060  000.060: sourcing /Users/fill/.cache/dein/.cache/init.vim/.dein/autoload/airline/extensions/keymap.vim
572.691  000.270  000.270: sourcing /Users/fill/.cache/dein/.cache/init.vim/.dein/autoload/airline/section.vim
574.326  000.787  000.787: sourcing /Users/fill/.cache/dein/.cache/init.vim/.dein/autoload/airline/highlighter.vim
581.298  000.211  000.211: sourcing /Users/fill/.cache/dein/.cache/init.vim/.dein/autoload/airline/themes.vim
582.239  003.024  002.813: sourcing /Users/fill/.cache/dein/.cache/init.vim/.dein/autoload/airline/themes/solarized.vim
589.539  001.193  001.193: sourcing /Users/fill/.cache/dein/.cache/init.vim/.dein/autoload/airline/themes/solarized.vim
621.481  000.297  000.297: sourcing /Users/fill/.cache/dein/.cache/init.vim/.dein/autoload/airline/builder.vim
622.325  000.159  000.159: sourcing /Users/fill/.cache/dein/.cache/init.vim/.dein/autoload/airline/extensions/default.vim
658.873  000.116  000.116: sourcing /Users/fill/.cache/dein/.cache/init.vim/.dein/autoload/parenmatch.vim
663.077  002.259  002.259: sourcing /usr/local/Cellar/neovim/0.3.1/share/nvim/runtime/ftplugin/ruby.vim
663.782  000.064  000.064: sourcing /Users/fill/.cache/dein/repos/github.com/osyo-manga/vim-monster/after/ftplugin/ruby/monster.vim
664.729  000.092  000.092: sourcing /Users/fill/.cache/dein/.cache/init.vim/.dein/after/ftplugin/ruby/caw.vim
665.228  000.083  000.083: sourcing /usr/local/Cellar/neovim/0.3.1/share/nvim/runtime/indent/ruby.vim
670.035  004.193  004.193: sourcing /usr/local/Cellar/neovim/0.3.1/share/nvim/runtime/syntax/ruby.vim
673.608  002.180  002.180: sourcing /usr/local/Cellar/neovim/0.3.1/share/nvim/runtime/ftplugin/ruby.vim
674.284  000.034  000.034: sourcing /Users/fill/.cache/dein/repos/github.com/osyo-manga/vim-monster/after/ftplugin/ruby/monster.vim
675.088  000.086  000.086: sourcing /Users/fill/.cache/dein/.cache/init.vim/.dein/after/ftplugin/ruby/caw.vim
675.570  000.082  000.082: sourcing /usr/local/Cellar/neovim/0.3.1/share/nvim/runtime/indent/ruby.vim
680.662  004.499  004.499: sourcing /usr/local/Cellar/neovim/0.3.1/share/nvim/runtime/syntax/ruby.vim
690.515  007.552  007.552: sourcing /Users/fill/.cache/dein/.cache/init.vim/.dein/autoload/fugitive.vim
692.473  000.295  000.295: sourcing /Users/fill/.cache/dein/.cache/init.vim/.dein/autoload/ale.vim
693.353  000.495  000.495: sourcing /Users/fill/.cache/dein/.cache/init.vim/.dein/autoload/ale/util.vim
694.202  000.473  000.473: sourcing /Users/fill/.cache/dein/.cache/init.vim/.dein/autoload/ale/linter.vim
695.586  000.795  000.795: sourcing /Users/fill/.cache/dein/.cache/init.vim/.dein/ale_linters/ruby/brakeman.vim
696.389  000.703  000.703: sourcing /Users/fill/.cache/dein/.cache/init.vim/.dein/ale_linters/ruby/rails_best_practices.vim
697.293  000.806  000.806: sourcing /Users/fill/.cache/dein/.cache/init.vim/.dein/ale_linters/ruby/reek.vim
698.069  000.684  000.684: sourcing /Users/fill/.cache/dein/.cache/init.vim/.dein/ale_linters/ruby/rubocop.vim
698.612  000.452  000.452: sourcing /Users/fill/.cache/dein/.cache/init.vim/.dein/ale_linters/ruby/ruby.vim
699.397  000.695  000.695: sourcing /Users/fill/.cache/dein/.cache/init.vim/.dein/ale_linters/ruby/solargraph.vim
702.008  001.825  001.825: sourcing /Users/fill/.cache/dein/.cache/init.vim/.dein/autoload/ale/engine.vim
702.942  000.114  000.114: sourcing /Users/fill/.cache/dein/.cache/init.vim/.dein/autoload/ale/history.vim
704.176  000.083  000.083: sourcing /Users/fill/.cache/dein/.cache/init.vim/.dein/autoload/ale/handlers/ruby.vim
704.782  000.090  000.090: sourcing /Users/fill/.cache/dein/.cache/init.vim/.dein/autoload/ale/command.vim
707.549  000.357  000.357: sourcing /Users/fill/.cache/dein/.cache/init.vim/.dein/autoload/ale/job.vim
730.489  000.779  000.779: sourcing /Users/fill/.cache/dein/.cache/init.vim/.dein/autoload/ale/lsp_linter.vim
731.317  000.145  000.145: sourcing /Users/fill/.cache/dein/.cache/init.vim/.dein/autoload/ale/ruby.vim
732.397  000.500  000.500: sourcing /Users/fill/.cache/dein/.cache/init.vim/.dein/autoload/ale/path.vim
734.381  000.701  000.701: sourcing /Users/fill/.cache/dein/.cache/init.vim/.dein/autoload/ale/lsp.vim
739.340  000.690  000.690: sourcing /Users/fill/.cache/dein/.cache/init.vim/.dein/autoload/ale/lsp/message.vim
740.201  000.102  000.102: sourcing /Users/fill/.cache/dein/.cache/init.vim/.dein/autoload/ale/uri.vim
744.918  002.110  002.110: sourcing /Users/fill/.cache/dein/.cache/init.vim/.dein/autoload/neomru.vim
747.800  000.206  000.206: sourcing /Users/fill/.cache/dein/.cache/init.vim/.dein/autoload/unite/sources/buffer/variables.vim
749.418  169.459: opening buffers
750.780  001.363: BufEnter autocommands
750.792  000.012: editing files in windows
753.856  003.064: VimEnter autocommands
1107.233  352.797  352.797: sourcing /usr/local/Cellar/neovim/0.3.1/share/nvim/runtime/autoload/provider/clipboard.vim
1107.288  000.635: before starting main loop
1108.490  000.659  000.659: sourcing /Users/fill/.cache/dein/.cache/init.vim/.dein/autoload/ale/cursor.vim
1110.659  000.401  000.401: sourcing /Users/fill/.cache/dein/.cache/init.vim/.dein/autoload/airline/extensions/tabline/ctrlspace.vim
1112.546  000.471  000.471: sourcing /Users/fill/.cache/dein/.cache/init.vim/.dein/autoload/airline/extensions/tabline/builder.vim
1113.513  000.140  000.140: sourcing /Users/fill/.cache/dein/.cache/init.vim/.dein/autoload/airline/extensions/tabline/buflist.vim
1119.483  000.093  000.093: sourcing /Users/fill/.cache/dein/.cache/init.vim/.dein/autoload/airline/extensions/tabline/formatters/webdevicons.vim
1120.636  000.190  000.190: sourcing /Users/fill/.cache/dein/.cache/init.vim/.dein/autoload/airline/extensions/tabline/formatters/default.vim
1148.898  000.343  000.343: sourcing /Users/fill/.cache/dein/.cache/init.vim/.dein/autoload/airline/async.vim
1159.383  049.797: first screen update
1159.400  000.017: --- NVIM STARTED ---
