

times in msec
 clock   self+sourced   self:  sourced script
 clock   elapsed:              other lines

000.018  000.018: --- NVIM STARTING ---
001.590  001.573: locale set
003.299  001.709: inits 1
003.335  000.035: window checked
004.206  000.872: parsing arguments
004.710  000.504: expanding arguments
004.958  000.248: inits 2
006.104  001.145: init highlight
007.023  000.045  000.045: sourcing /usr/local/Cellar/neovim/0.3.1/share/nvim/runtime/macros/matchit.vim
009.469  000.555  000.555: sourcing /Users/fill/.cache/dein/repos/github.com/Shougo/dein.vim/autoload/dein.vim
013.481  000.284  000.284: sourcing /usr/local/Cellar/neovim/0.3.1/share/nvim/runtime/ftoff.vim
020.027  004.726  004.726: sourcing /Users/fill/.cache/dein/.cache/init.vim/.dein/colors/molokai.vim
022.568  000.546  000.546: sourcing /usr/local/Cellar/neovim/0.3.1/share/nvim/runtime/syntax/syncolor.vim
024.990  000.641  000.641: sourcing /usr/local/Cellar/neovim/0.3.1/share/nvim/runtime/syntax/syncolor.vim
036.776  001.451  001.451: sourcing /usr/local/Cellar/neovim/0.3.1/share/nvim/runtime/syntax/syncolor.vim
040.191  019.318  016.680: sourcing /Users/fill/.cache/dein/.cache/init.vim/.dein/colors/molokai.vim
040.431  019.866  000.548: sourcing /usr/local/Cellar/neovim/0.3.1/share/nvim/runtime/syntax/synload.vim
053.654  000.091  000.091: sourcing /Users/fill/.cache/dein/.cache/init.vim/.dein/ftdetect/ftdetect.vim
053.832  013.127  013.036: sourcing /usr/local/Cellar/neovim/0.3.1/share/nvim/runtime/filetype.vim
053.920  033.714  000.722: sourcing /usr/local/Cellar/neovim/0.3.1/share/nvim/runtime/syntax/syntax.vim
055.008  000.283  000.283: sourcing /usr/local/Cellar/neovim/0.3.1/share/nvim/runtime/syntax/syncolor.vim
056.279  000.263  000.263: sourcing /usr/local/Cellar/neovim/0.3.1/share/nvim/runtime/syntax/syncolor.vim
057.064  000.265  000.265: sourcing /usr/local/Cellar/neovim/0.3.1/share/nvim/runtime/syntax/syncolor.vim
057.949  003.881  003.069: sourcing /Users/fill/.cache/dein/.cache/init.vim/.dein/colors/molokai.vim
058.010  047.709  005.104: sourcing /Users/fill/.cache/dein/state_nvim.vim
058.227  000.039  000.039: sourcing /usr/local/Cellar/neovim/0.3.1/share/nvim/runtime/filetype.vim
058.457  000.068  000.068: sourcing /Users/fill/.cache/dein/.cache/init.vim/.dein/ftplugin.vim
058.566  000.027  000.027: sourcing /usr/local/Cellar/neovim/0.3.1/share/nvim/runtime/ftplugin.vim
058.801  000.070  000.070: sourcing /usr/local/Cellar/neovim/0.3.1/share/nvim/runtime/indent.vim
059.296  000.262  000.262: sourcing /usr/local/Cellar/neovim/0.3.1/share/nvim/runtime/syntax/nosyntax.vim
061.656  000.301  000.301: sourcing /usr/local/Cellar/neovim/0.3.1/share/nvim/runtime/syntax/syncolor.vim
062.945  000.275  000.275: sourcing /usr/local/Cellar/neovim/0.3.1/share/nvim/runtime/syntax/syncolor.vim
063.735  000.267  000.267: sourcing /usr/local/Cellar/neovim/0.3.1/share/nvim/runtime/syntax/syncolor.vim
064.621  004.778  003.935: sourcing /Users/fill/.cache/dein/.cache/init.vim/.dein/colors/molokai.vim
064.761  005.329  000.550: sourcing /usr/local/Cellar/neovim/0.3.1/share/nvim/runtime/syntax/synload.vim
064.818  005.891  000.301: sourcing /usr/local/Cellar/neovim/0.3.1/share/nvim/runtime/syntax/syntax.vim
065.344  000.350  000.350: sourcing /Users/fill/.cache/dein/repos/github.com/Shougo/dein.vim/autoload/dein/autoload.vim
066.286  000.726  000.726: sourcing /Users/fill/.cache/dein/repos/github.com/Shougo/dein.vim/autoload/dein/util.vim
066.671  060.115  004.634: sourcing /Users/fill/.config/nvim/init.vim
066.683  000.465: sourcing vimrc file(s)
074.999  007.105  007.105: sourcing /Users/fill/.cache/dein/.cache/init.vim/.dein/plugin/EasyMotion.vim
076.001  000.213  000.213: sourcing /Users/fill/.cache/dein/.cache/init.vim/.dein/autoload/nerdtree.vim
078.594  001.411  001.411: sourcing /Users/fill/.cache/dein/.cache/init.vim/.dein/lib/nerdtree/path.vim
079.626  000.643  000.643: sourcing /Users/fill/.cache/dein/.cache/init.vim/.dein/lib/nerdtree/menu_controller.vim
080.353  000.377  000.377: sourcing /Users/fill/.cache/dein/.cache/init.vim/.dein/lib/nerdtree/menu_item.vim
081.031  000.427  000.427: sourcing /Users/fill/.cache/dein/.cache/init.vim/.dein/lib/nerdtree/key_map.vim
082.000  000.689  000.689: sourcing /Users/fill/.cache/dein/.cache/init.vim/.dein/lib/nerdtree/bookmark.vim
082.973  000.713  000.713: sourcing /Users/fill/.cache/dein/.cache/init.vim/.dein/lib/nerdtree/tree_file_node.vim
083.799  000.677  000.677: sourcing /Users/fill/.cache/dein/.cache/init.vim/.dein/lib/nerdtree/tree_dir_node.vim
084.250  000.318  000.318: sourcing /Users/fill/.cache/dein/.cache/init.vim/.dein/lib/nerdtree/opener.vim
084.756  000.371  000.371: sourcing /Users/fill/.cache/dein/.cache/init.vim/.dein/lib/nerdtree/creator.vim
084.971  000.086  000.086: sourcing /Users/fill/.cache/dein/.cache/init.vim/.dein/lib/nerdtree/flag_set.vim
085.424  000.324  000.324: sourcing /Users/fill/.cache/dein/.cache/init.vim/.dein/lib/nerdtree/nerdtree.vim
086.074  000.491  000.491: sourcing /Users/fill/.cache/dein/.cache/init.vim/.dein/lib/nerdtree/ui.vim
086.250  000.045  000.045: sourcing /Users/fill/.cache/dein/.cache/init.vim/.dein/lib/nerdtree/event.vim
086.453  000.074  000.074: sourcing /Users/fill/.cache/dein/.cache/init.vim/.dein/lib/nerdtree/notifier.vim
087.310  000.719  000.719: sourcing /Users/fill/.cache/dein/.cache/init.vim/.dein/autoload/nerdtree/ui_glue.vim
091.436  000.153  000.153: sourcing /Users/fill/.cache/dein/.cache/init.vim/.dein/nerdtree_plugin/exec_menuitem.vim
092.570  001.065  001.065: sourcing /Users/fill/.cache/dein/.cache/init.vim/.dein/nerdtree_plugin/fs_menu.vim
093.913  001.261  001.261: sourcing /Users/fill/.cache/dein/.cache/init.vim/.dein/nerdtree_plugin/webdevicons.vim
094.423  019.343  009.285: sourcing /Users/fill/.cache/dein/.cache/init.vim/.dein/plugin/NERD_tree.vim
094.858  000.236  000.236: sourcing /Users/fill/.cache/dein/.cache/init.vim/.dein/plugin/SyntaxRange.vim
095.999  000.964  000.964: sourcing /Users/fill/.cache/dein/.cache/init.vim/.dein/plugin/ac_smooth_scroll.vim
096.301  000.117  000.117: sourcing /Users/fill/.cache/dein/.cache/init.vim/.dein/plugin/airline-themes.vim
097.472  000.578  000.578: sourcing /Users/fill/.cache/dein/.cache/init.vim/.dein/autoload/airline.vim
098.352  000.361  000.361: sourcing /Users/fill/.cache/dein/.cache/init.vim/.dein/autoload/airline/init.vim
099.997  000.335  000.335: sourcing /Users/fill/.cache/dein/.cache/init.vim/.dein/autoload/airline/parts.vim
102.796  000.306  000.306: sourcing /Users/fill/.cache/dein/.cache/init.vim/.dein/autoload/airline/util.vim
102.893  006.465  004.885: sourcing /Users/fill/.cache/dein/.cache/init.vim/.dein/plugin/airline.vim
104.375  000.272  000.272: sourcing /Users/fill/.cache/dein/.cache/init.vim/.dein/autoload/ale/events.vim
104.650  001.622  001.350: sourcing /Users/fill/.cache/dein/.cache/init.vim/.dein/plugin/ale.vim
110.428  005.676  005.676: sourcing /Users/fill/.cache/dein/.cache/init.vim/.dein/plugin/caw.vim
111.208  000.695  000.695: sourcing /Users/fill/.cache/dein/.cache/init.vim/.dein/plugin/clang_format.vim
112.119  000.787  000.787: sourcing /Users/fill/.cache/dein/.cache/init.vim/.dein/plugin/surround.vim
112.954  000.495  000.495: sourcing /Users/fill/.cache/dein/.cache/init.vim/.dein/autoload/unite/custom.vim
113.127  000.925  000.429: sourcing /Users/fill/.cache/dein/.cache/init.vim/.dein/plugin/unite/bookmark.vim
113.371  000.161  000.161: sourcing /Users/fill/.cache/dein/.cache/init.vim/.dein/plugin/unite/buffer.vim
113.578  000.129  000.129: sourcing /Users/fill/.cache/dein/.cache/init.vim/.dein/plugin/unite/window.vim
113.851  000.194  000.194: sourcing /Users/fill/.cache/dein/.cache/init.vim/.dein/plugin/unite.vim
117.776  000.619  000.619: sourcing /Users/fill/.cache/dein/.cache/init.vim/.dein/autoload/vital/unite.vim
119.131  000.846  000.846: sourcing /Users/fill/.cache/dein/.cache/init.vim/.dein/autoload/vital/_unite/Prelude.vim
119.633  001.534  000.689: sourcing /Users/fill/.cache/dein/.cache/init.vim/.dein/autoload/vital/_unite/Prelude.vim
120.853  004.160  002.006: sourcing /Users/fill/.cache/dein/.cache/init.vim/.dein/autoload/unite/util.vim
122.886  006.381  002.221: sourcing /Users/fill/.cache/dein/.cache/init.vim/.dein/autoload/unite.vim
124.926  001.298  001.298: sourcing /Users/fill/.cache/dein/.cache/init.vim/.dein/autoload/unite/variables.vim
126.329  012.399  004.720: sourcing /Users/fill/.cache/dein/.cache/init.vim/.dein/plugin/webdevicons.vim
128.690  000.705  000.705: sourcing /usr/local/Cellar/neovim/0.3.1/share/nvim/runtime/plugin/gzip.vim
128.903  000.058  000.058: sourcing /usr/local/Cellar/neovim/0.3.1/share/nvim/runtime/plugin/health.vim
129.257  000.194  000.194: sourcing /usr/local/Cellar/neovim/0.3.1/share/nvim/runtime/plugin/man.vim
130.961  001.541  001.541: sourcing /usr/local/Cellar/neovim/0.3.1/share/nvim/runtime/plugin/matchit.vim
131.543  000.415  000.415: sourcing /usr/local/Cellar/neovim/0.3.1/share/nvim/runtime/plugin/matchparen.vim
132.703  001.040  001.040: sourcing /usr/local/Cellar/neovim/0.3.1/share/nvim/runtime/plugin/netrwPlugin.vim
134.141  000.493  000.493: sourcing /usr/local/Cellar/neovim/0.3.1/share/nvim/runtime/autoload/remote/host.vim
135.178  000.484  000.484: sourcing /usr/local/Cellar/neovim/0.3.1/share/nvim/runtime/autoload/remote/define.vim
135.348  001.983  001.006: sourcing /Users/fill/.local/share/nvim/rplugin.vim
135.365  002.520  000.536: sourcing /usr/local/Cellar/neovim/0.3.1/share/nvim/runtime/plugin/rplugin.vim
135.516  000.042  000.042: sourcing /usr/local/Cellar/neovim/0.3.1/share/nvim/runtime/plugin/rrhelper.vim
135.828  000.203  000.203: sourcing /usr/local/Cellar/neovim/0.3.1/share/nvim/runtime/plugin/shada.vim
136.002  000.062  000.062: sourcing /usr/local/Cellar/neovim/0.3.1/share/nvim/runtime/plugin/spellfile.vim
136.406  000.296  000.296: sourcing /usr/local/Cellar/neovim/0.3.1/share/nvim/runtime/plugin/tarPlugin.vim
136.706  000.192  000.192: sourcing /usr/local/Cellar/neovim/0.3.1/share/nvim/runtime/plugin/tohtml.vim
136.868  000.054  000.054: sourcing /usr/local/Cellar/neovim/0.3.1/share/nvim/runtime/plugin/tutor.vim
137.323  000.348  000.348: sourcing /usr/local/Cellar/neovim/0.3.1/share/nvim/runtime/plugin/zipPlugin.vim
137.339  006.168: loading plugins
137.551  000.212: loading packages
138.413  000.594  000.594: sourcing /Users/fill/.cache/dein/.cache/init.vim/.dein/after/plugin/indentLine.vim
138.527  000.382: loading after plugins
138.541  000.014: inits 3
143.610  005.069: reading ShaDa
146.909  003.300: clearing screen
156.220  000.815  000.815: sourcing /usr/local/Cellar/neovim/0.3.1/share/nvim/runtime/ftplugin/c.vim
161.878  000.693  000.693: sourcing /Users/fill/.cache/dein/.cache/init.vim/.dein/after/ftplugin/c/caw.vim
162.126  007.954  006.446: sourcing /usr/local/Cellar/neovim/0.3.1/share/nvim/runtime/ftplugin/cpp.vim
164.384  000.582  000.582: sourcing /Users/fill/.cache/dein/.cache/init.vim/.dein/after/ftplugin/cpp/caw.vim
165.294  000.485  000.485: sourcing /usr/local/Cellar/neovim/0.3.1/share/nvim/runtime/indent/cpp.vim
170.154  003.793  003.793: sourcing /usr/local/Cellar/neovim/0.3.1/share/nvim/runtime/syntax/c.vim
170.537  004.865  001.072: sourcing /usr/local/Cellar/neovim/0.3.1/share/nvim/runtime/syntax/cpp.vim
171.632  000.458  000.458: sourcing /Users/fill/.cache/dein/.cache/init.vim/.dein/autoload/airline/extensions.vim
172.011  000.100  000.100: sourcing /Users/fill/.cache/dein/.cache/init.vim/.dein/autoload/airline/extensions/quickfix.vim
172.382  000.061  000.061: sourcing /Users/fill/.cache/dein/.cache/init.vim/.dein/autoload/airline/extensions/unite.vim
172.751  000.068  000.068: sourcing /Users/fill/.cache/dein/.cache/init.vim/.dein/autoload/airline/extensions/netrw.vim
173.122  000.081  000.081: sourcing /Users/fill/.cache/dein/.cache/init.vim/.dein/autoload/airline/extensions/term.vim
173.757  000.117  000.117: sourcing /Users/fill/.cache/dein/.cache/init.vim/.dein/autoload/airline/extensions/ale.vim
174.505  000.211  000.211: sourcing /Users/fill/.cache/dein/.cache/init.vim/.dein/autoload/airline/extensions/whitespace.vim
175.366  000.280  000.280: sourcing /Users/fill/.cache/dein/.cache/init.vim/.dein/autoload/airline/extensions/tabline.vim
175.781  000.094  000.094: sourcing /Users/fill/.cache/dein/.cache/init.vim/.dein/autoload/airline/extensions/tabline/autoshow.vim
176.299  000.156  000.156: sourcing /Users/fill/.cache/dein/.cache/init.vim/.dein/autoload/airline/extensions/tabline/tabs.vim
176.868  000.266  000.266: sourcing /Users/fill/.cache/dein/.cache/init.vim/.dein/autoload/airline/extensions/tabline/buffers.vim
177.343  000.053  000.053: sourcing /Users/fill/.cache/dein/.cache/init.vim/.dein/autoload/airline/extensions/keymap.vim
183.195  000.157  000.157: sourcing /Users/fill/.cache/dein/.cache/init.vim/.dein/autoload/airline/section.vim
183.948  000.356  000.356: sourcing /Users/fill/.cache/dein/.cache/init.vim/.dein/autoload/airline/highlighter.vim
186.875  000.109  000.109: sourcing /Users/fill/.cache/dein/.cache/init.vim/.dein/autoload/airline/themes.vim
187.294  000.723  000.614: sourcing /Users/fill/.cache/dein/.cache/init.vim/.dein/autoload/airline/themes/molokai.vim
195.166  001.005  001.005: sourcing /Users/fill/.cache/dein/.cache/init.vim/.dein/autoload/airline/themes/molokai.vim
222.833  000.286  000.286: sourcing /Users/fill/.cache/dein/.cache/init.vim/.dein/autoload/airline/builder.vim
223.696  000.161  000.161: sourcing /Users/fill/.cache/dein/.cache/init.vim/.dein/autoload/airline/extensions/default.vim
255.614  002.176  002.176: sourcing /Users/fill/.cache/dein/.cache/init.vim/.dein/autoload/clang_format.vim
417.304  000.417  000.417: sourcing /Users/fill/.cache/dein/.cache/init.vim/.dein/autoload/ale.vim
419.685  002.024  002.024: sourcing /Users/fill/.cache/dein/.cache/init.vim/.dein/autoload/ale/util.vim
422.764  002.011  002.011: sourcing /Users/fill/.cache/dein/.cache/init.vim/.dein/autoload/ale/linter.vim
426.859  001.681  001.681: sourcing /Users/fill/.cache/dein/.cache/init.vim/.dein/ale_linters/cpp/ccls.vim
428.246  001.243  001.243: sourcing /Users/fill/.cache/dein/.cache/init.vim/.dein/ale_linters/cpp/clang.vim
429.536  001.173  001.173: sourcing /Users/fill/.cache/dein/.cache/init.vim/.dein/ale_linters/cpp/clangcheck.vim
430.797  001.119  001.119: sourcing /Users/fill/.cache/dein/.cache/init.vim/.dein/ale_linters/cpp/clangd.vim
431.919  000.993  000.993: sourcing /Users/fill/.cache/dein/.cache/init.vim/.dein/ale_linters/cpp/clangtidy.vim
432.974  000.945  000.945: sourcing /Users/fill/.cache/dein/.cache/init.vim/.dein/ale_linters/cpp/clazy.vim
433.852  000.768  000.768: sourcing /Users/fill/.cache/dein/.cache/init.vim/.dein/ale_linters/cpp/cppcheck.vim
434.692  000.753  000.753: sourcing /Users/fill/.cache/dein/.cache/init.vim/.dein/ale_linters/cpp/cpplint.vim
435.576  000.794  000.794: sourcing /Users/fill/.cache/dein/.cache/init.vim/.dein/ale_linters/cpp/cquery.vim
436.441  000.777  000.777: sourcing /Users/fill/.cache/dein/.cache/init.vim/.dein/ale_linters/cpp/flawfinder.vim
437.369  000.845  000.845: sourcing /Users/fill/.cache/dein/.cache/init.vim/.dein/ale_linters/cpp/gcc.vim
439.166  000.833  000.833: sourcing /Users/fill/.cache/dein/.cache/init.vim/.dein/autoload/ale/engine.vim
440.672  000.968  000.968: sourcing /Users/fill/.cache/dein/.cache/init.vim/.dein/autoload/ale/lsp_linter.vim
441.930  000.862  000.862: sourcing /Users/fill/.cache/dein/.cache/init.vim/.dein/autoload/ale/handlers/ccls.vim
442.880  000.666  000.666: sourcing /Users/fill/.cache/dein/.cache/init.vim/.dein/autoload/ale/path.vim
444.844  000.390  000.390: sourcing /Users/fill/.cache/dein/.cache/init.vim/.dein/autoload/ale/history.vim
446.476  001.053  001.053: sourcing /Users/fill/.cache/dein/.cache/init.vim/.dein/autoload/ale/c.vim
448.471  000.675  000.675: sourcing /Users/fill/.cache/dein/.cache/init.vim/.dein/autoload/ale/command.vim
450.805  001.073  001.073: sourcing /Users/fill/.cache/dein/.cache/init.vim/.dein/autoload/ale/job.vim
463.991  000.489  000.489: sourcing /Users/fill/.cache/dein/.cache/init.vim/.dein/autoload/unite/sources/buffer/variables.vim
465.640  275.483: opening buffers
465.985  000.345: BufEnter autocommands
465.994  000.008: editing files in windows
466.844  000.851: VimEnter autocommands
671.666  204.357  204.357: sourcing /usr/local/Cellar/neovim/0.3.1/share/nvim/runtime/autoload/provider/clipboard.vim
671.727  000.526: before starting main loop
672.660  000.543  000.543: sourcing /Users/fill/.cache/dein/.cache/init.vim/.dein/autoload/ale/cursor.vim
674.447  000.321  000.321: sourcing /Users/fill/.cache/dein/.cache/init.vim/.dein/autoload/airline/extensions/tabline/ctrlspace.vim
675.649  000.357  000.357: sourcing /Users/fill/.cache/dein/.cache/init.vim/.dein/autoload/airline/extensions/tabline/builder.vim
676.437  000.150  000.150: sourcing /Users/fill/.cache/dein/.cache/init.vim/.dein/autoload/airline/extensions/tabline/buflist.vim
682.430  000.067  000.067: sourcing /Users/fill/.cache/dein/.cache/init.vim/.dein/autoload/airline/extensions/tabline/formatters/webdevicons.vim
682.994  000.126  000.126: sourcing /Users/fill/.cache/dein/.cache/init.vim/.dein/autoload/airline/extensions/tabline/formatters/default.vim
710.274  036.983: first screen update
710.280  000.006: --- NVIM STARTED ---
