

times in msec
 clock   self+sourced   self:  sourced script
 clock   elapsed:              other lines

000.024  000.024: --- VIM STARTING ---
002.901  002.877: Allocated generic buffers
006.109  003.208: locale set
006.460  000.351: clipboard setup
006.473  000.013: window checked
018.869  012.396: inits 1
018.879  000.010: parsing arguments
018.880  000.001: expanding arguments
030.797  011.917: shell init
032.434  001.637: Termcap init
032.464  000.030: inits 2
032.997  000.533: init highlight
035.753  000.598  000.598: sourcing /Users/fill/.vim/dein/repos/github.com/Shougo/dein.vim/autoload/dein.vim
037.092  001.188  001.188: sourcing /Users/fill/.vim/dein/repos/github.com/Shougo/dein.vim/autoload/dein/util.vim
039.671  000.812  000.812: sourcing /Users/fill/.vim/dein/repos/github.com/Shougo/dein.vim/autoload/dein/autoload.vim
041.342  000.979  000.979: sourcing /Users/fill/.vim/dein/repos/github.com/Shougo/dein.vim/autoload/dein/types/git.vim
041.725  001.865  000.886: sourcing /Users/fill/.vim/dein/repos/github.com/Shougo/dein.vim/autoload/dein/parse.vim
061.422  000.534  000.534: sourcing /Users/fill/.vim/dein/.cache/.vimrc/.dein/ftdetect/ftdetect.vim
061.691  013.205  012.671: sourcing /usr/local/share/vim/vim81/filetype.vim
062.589  000.704  000.704: sourcing /Users/fill/.vim/dein/.cache/.vimrc/.dein/ftplugin.vim
063.553  000.356  000.356: sourcing /usr/local/share/vim/vim81/ftplugin.vim
064.626  000.422  000.422: sourcing /usr/local/share/vim/vim81/indent.vim
071.289  002.469  002.469: sourcing /usr/local/share/vim/vim81/syntax/syncolor.vim
071.485  005.121  002.652: sourcing /usr/local/share/vim/vim81/syntax/synload.vim
071.532  005.709  000.588: sourcing /usr/local/share/vim/vim81/syntax/syntax.vim
071.744  038.359  013.500: sourcing $HOME/.vimrc
071.752  000.396: sourcing vimrc file(s)
074.355  000.446  000.446: sourcing /Users/fill/.vim/dein/.cache/.vimrc/.dein/plugin/neocomplete/buffer.vim
075.285  000.858  000.858: sourcing /Users/fill/.vim/dein/.cache/.vimrc/.dein/plugin/neocomplete/dictionary.vim
075.678  000.273  000.273: sourcing /Users/fill/.vim/dein/.cache/.vimrc/.dein/plugin/neocomplete/member.vim
075.964  000.212  000.212: sourcing /Users/fill/.vim/dein/.cache/.vimrc/.dein/plugin/neocomplete/tag.vim
076.583  000.554  000.554: sourcing /Users/fill/.vim/dein/.cache/.vimrc/.dein/plugin/neocomplete.vim
077.271  000.593  000.593: sourcing /Users/fill/.vim/dein/.cache/.vimrc/.dein/plugin/neosnippet.vim
079.236  000.640  000.640: sourcing /Users/fill/.vim/dein/.cache/.vimrc/.dein/autoload/nerdtree.vim
082.316  001.729  001.729: sourcing /Users/fill/.vim/dein/.cache/.vimrc/.dein/lib/nerdtree/path.vim
083.340  000.818  000.818: sourcing /Users/fill/.vim/dein/.cache/.vimrc/.dein/lib/nerdtree/menu_controller.vim
084.032  000.531  000.531: sourcing /Users/fill/.vim/dein/.cache/.vimrc/.dein/lib/nerdtree/menu_item.vim
084.824  000.647  000.647: sourcing /Users/fill/.vim/dein/.cache/.vimrc/.dein/lib/nerdtree/key_map.vim
085.787  000.827  000.827: sourcing /Users/fill/.vim/dein/.cache/.vimrc/.dein/lib/nerdtree/bookmark.vim
086.683  000.759  000.759: sourcing /Users/fill/.vim/dein/.cache/.vimrc/.dein/lib/nerdtree/tree_file_node.vim
087.937  001.119  001.119: sourcing /Users/fill/.vim/dein/.cache/.vimrc/.dein/lib/nerdtree/tree_dir_node.vim
088.827  000.747  000.747: sourcing /Users/fill/.vim/dein/.cache/.vimrc/.dein/lib/nerdtree/opener.vim
089.843  000.875  000.875: sourcing /Users/fill/.vim/dein/.cache/.vimrc/.dein/lib/nerdtree/creator.vim
090.383  000.387  000.387: sourcing /Users/fill/.vim/dein/.cache/.vimrc/.dein/lib/nerdtree/flag_set.vim
091.142  000.599  000.599: sourcing /Users/fill/.vim/dein/.cache/.vimrc/.dein/lib/nerdtree/nerdtree.vim
092.460  001.159  001.159: sourcing /Users/fill/.vim/dein/.cache/.vimrc/.dein/lib/nerdtree/ui.vim
093.084  000.372  000.372: sourcing /Users/fill/.vim/dein/.cache/.vimrc/.dein/lib/nerdtree/event.vim
093.721  000.380  000.380: sourcing /Users/fill/.vim/dein/.cache/.vimrc/.dein/lib/nerdtree/notifier.vim
094.987  001.080  001.080: sourcing /Users/fill/.vim/dein/.cache/.vimrc/.dein/autoload/nerdtree/ui_glue.vim
099.246  000.408  000.408: sourcing /Users/fill/.vim/dein/.cache/.vimrc/.dein/nerdtree_plugin/exec_menuitem.vim
100.948  001.589  001.589: sourcing /Users/fill/.vim/dein/.cache/.vimrc/.dein/nerdtree_plugin/fs_menu.vim
101.130  023.786  009.120: sourcing /Users/fill/.vim/dein/.cache/.vimrc/.dein/plugin/NERD_tree.vim
102.769  000.925  000.925: sourcing /Users/fill/.vim/dein/.cache/.vimrc/.dein/autoload/unite/custom.vim
102.939  001.739  000.814: sourcing /Users/fill/.vim/dein/.cache/.vimrc/.dein/plugin/unite/bookmark.vim
103.629  000.617  000.617: sourcing /Users/fill/.vim/dein/.cache/.vimrc/.dein/plugin/unite/buffer.vim
104.309  000.607  000.607: sourcing /Users/fill/.vim/dein/.cache/.vimrc/.dein/plugin/unite/window.vim
104.963  000.591  000.591: sourcing /Users/fill/.vim/dein/.cache/.vimrc/.dein/plugin/unite.vim
106.088  001.061  001.061: sourcing /Users/fill/.vim/dein/.cache/.vimrc/.dein/plugin/vimshell.vim
108.184  000.372  000.372: sourcing /usr/local/share/vim/vim81/plugin/getscriptPlugin.vim
109.088  000.822  000.822: sourcing /usr/local/share/vim/vim81/plugin/gzip.vim
109.971  000.810  000.810: sourcing /usr/local/share/vim/vim81/plugin/logiPat.vim
110.398  000.363  000.363: sourcing /usr/local/share/vim/vim81/plugin/manpager.vim
111.152  000.683  000.683: sourcing /usr/local/share/vim/vim81/plugin/matchparen.vim
112.612  001.396  001.396: sourcing /usr/local/share/vim/vim81/plugin/netrwPlugin.vim
113.061  000.295  000.295: sourcing /usr/local/share/vim/vim81/plugin/rrhelper.vim
113.543  000.364  000.364: sourcing /usr/local/share/vim/vim81/plugin/spellfile.vim
114.417  000.716  000.716: sourcing /usr/local/share/vim/vim81/plugin/tarPlugin.vim
115.113  000.557  000.557: sourcing /usr/local/share/vim/vim81/plugin/tohtml.vim
115.831  000.623  000.623: sourcing /usr/local/share/vim/vim81/plugin/vimballPlugin.vim
116.627  000.702  000.702: sourcing /usr/local/share/vim/vim81/plugin/zipPlugin.vim
116.639  005.847: loading plugins
116.786  000.147: loading packages
116.882  000.096: loading after plugins
116.897  000.015: inits 3
118.903  002.006: reading viminfo
118.969  000.066: setting raw mode
119.016  000.047: start termcap
119.042  000.026: clearing screen
119.971  000.929: opening buffers
120.101  000.130: BufEnter autocommands
120.105  000.004: editing files in windows
120.445  000.340: VimEnter autocommands
120.884  000.439: before starting main loop
123.801  002.917: first screen update
123.806  000.005: --- VIM STARTED ---
