

times in msec
 clock   self+sourced   self:  sourced script
 clock   elapsed:              other lines

000.022  000.022: --- NVIM STARTING ---
002.624  002.602: locale set
004.867  002.244: inits 1
004.912  000.044: window checked
005.455  000.543: parsing arguments
005.958  000.503: expanding arguments
006.222  000.264: inits 2
007.365  001.143: init highlight
008.373  000.054  000.054: sourcing /usr/local/Cellar/neovim/0.3.1/share/nvim/runtime/macros/matchit.vim
009.815  000.560  000.560: sourcing /Users/fill/.cache/dein/repos/github.com/Shougo/dein.vim/autoload/dein.vim
012.705  000.157  000.157: sourcing /usr/local/Cellar/neovim/0.3.1/share/nvim/runtime/ftoff.vim
019.114  005.555  005.555: sourcing /Users/fill/.cache/dein/.cache/init.vim/.dein/colors/molokai.vim
021.649  000.563  000.563: sourcing /usr/local/Cellar/neovim/0.3.1/share/nvim/runtime/syntax/syncolor.vim
035.001  001.156  001.156: sourcing /usr/local/Cellar/neovim/0.3.1/share/nvim/runtime/syntax/syncolor.vim
036.721  000.528  000.528: sourcing /usr/local/Cellar/neovim/0.3.1/share/nvim/runtime/syntax/syncolor.vim
038.530  018.617  016.370: sourcing /Users/fill/.cache/dein/.cache/init.vim/.dein/colors/molokai.vim
038.789  019.178  000.561: sourcing /usr/local/Cellar/neovim/0.3.1/share/nvim/runtime/syntax/synload.vim
059.393  000.121  000.121: sourcing /Users/fill/.cache/dein/.cache/init.vim/.dein/ftdetect/ftdetect.vim
059.688  020.598  020.477: sourcing /usr/local/Cellar/neovim/0.3.1/share/nvim/runtime/filetype.vim
059.837  040.546  000.770: sourcing /usr/local/Cellar/neovim/0.3.1/share/nvim/runtime/syntax/syntax.vim
062.128  000.947  000.947: sourcing /usr/local/Cellar/neovim/0.3.1/share/nvim/runtime/syntax/syncolor.vim
065.085  000.501  000.501: sourcing /usr/local/Cellar/neovim/0.3.1/share/nvim/runtime/syntax/syncolor.vim
066.421  000.313  000.313: sourcing /usr/local/Cellar/neovim/0.3.1/share/nvim/runtime/syntax/syncolor.vim
067.402  007.312  005.551: sourcing /Users/fill/.cache/dein/.cache/init.vim/.dein/colors/molokai.vim
067.474  056.164  002.595: sourcing /Users/fill/.cache/dein/state_nvim.vim
067.748  000.071  000.071: sourcing /usr/local/Cellar/neovim/0.3.1/share/nvim/runtime/filetype.vim
068.004  000.081  000.081: sourcing /Users/fill/.cache/dein/.cache/init.vim/.dein/ftplugin.vim
068.123  000.030  000.030: sourcing /usr/local/Cellar/neovim/0.3.1/share/nvim/runtime/ftplugin.vim
068.442  000.123  000.123: sourcing /usr/local/Cellar/neovim/0.3.1/share/nvim/runtime/indent.vim
069.297  000.444  000.444: sourcing /usr/local/Cellar/neovim/0.3.1/share/nvim/runtime/syntax/nosyntax.vim
071.178  000.363  000.363: sourcing /usr/local/Cellar/neovim/0.3.1/share/nvim/runtime/syntax/syncolor.vim
072.647  000.301  000.301: sourcing /usr/local/Cellar/neovim/0.3.1/share/nvim/runtime/syntax/syncolor.vim
074.688  000.560  000.560: sourcing /usr/local/Cellar/neovim/0.3.1/share/nvim/runtime/syntax/syncolor.vim
076.478  006.638  005.413: sourcing /Users/fill/.cache/dein/.cache/init.vim/.dein/colors/molokai.vim
076.707  007.157  000.519: sourcing /usr/local/Cellar/neovim/0.3.1/share/nvim/runtime/syntax/synload.vim
076.798  008.131  000.530: sourcing /usr/local/Cellar/neovim/0.3.1/share/nvim/runtime/syntax/syntax.vim
077.788  000.637  000.637: sourcing /Users/fill/.cache/dein/repos/github.com/Shougo/dein.vim/autoload/dein/autoload.vim
079.427  001.265  001.265: sourcing /Users/fill/.cache/dein/repos/github.com/Shougo/dein.vim/autoload/dein/util.vim
080.171  072.323  005.206: sourcing /Users/fill/.config/nvim/init.vim
080.191  000.503: sourcing vimrc file(s)
090.658  008.592  008.592: sourcing /Users/fill/.cache/dein/.cache/init.vim/.dein/plugin/EasyMotion.vim
091.722  000.233  000.233: sourcing /Users/fill/.cache/dein/.cache/init.vim/.dein/autoload/nerdtree.vim
093.786  000.852  000.852: sourcing /Users/fill/.cache/dein/.cache/init.vim/.dein/lib/nerdtree/path.vim
094.157  000.237  000.237: sourcing /Users/fill/.cache/dein/.cache/init.vim/.dein/lib/nerdtree/menu_controller.vim
094.451  000.163  000.163: sourcing /Users/fill/.cache/dein/.cache/init.vim/.dein/lib/nerdtree/menu_item.vim
094.762  000.184  000.184: sourcing /Users/fill/.cache/dein/.cache/init.vim/.dein/lib/nerdtree/key_map.vim
095.235  000.346  000.346: sourcing /Users/fill/.cache/dein/.cache/init.vim/.dein/lib/nerdtree/bookmark.vim
095.701  000.337  000.337: sourcing /Users/fill/.cache/dein/.cache/init.vim/.dein/lib/nerdtree/tree_file_node.vim
096.479  000.649  000.649: sourcing /Users/fill/.cache/dein/.cache/init.vim/.dein/lib/nerdtree/tree_dir_node.vim
096.925  000.319  000.319: sourcing /Users/fill/.cache/dein/.cache/init.vim/.dein/lib/nerdtree/opener.vim
097.487  000.434  000.434: sourcing /Users/fill/.cache/dein/.cache/init.vim/.dein/lib/nerdtree/creator.vim
098.148  000.227  000.227: sourcing /Users/fill/.cache/dein/.cache/init.vim/.dein/lib/nerdtree/flag_set.vim
099.055  000.573  000.573: sourcing /Users/fill/.cache/dein/.cache/init.vim/.dein/lib/nerdtree/nerdtree.vim
100.539  001.156  001.156: sourcing /Users/fill/.cache/dein/.cache/init.vim/.dein/lib/nerdtree/ui.vim
100.880  000.093  000.093: sourcing /Users/fill/.cache/dein/.cache/init.vim/.dein/lib/nerdtree/event.vim
101.265  000.140  000.140: sourcing /Users/fill/.cache/dein/.cache/init.vim/.dein/lib/nerdtree/notifier.vim
102.742  001.215  001.215: sourcing /Users/fill/.cache/dein/.cache/init.vim/.dein/autoload/nerdtree/ui_glue.vim
110.676  000.237  000.237: sourcing /Users/fill/.cache/dein/.cache/init.vim/.dein/nerdtree_plugin/exec_menuitem.vim
112.397  001.616  001.616: sourcing /Users/fill/.cache/dein/.cache/init.vim/.dein/nerdtree_plugin/fs_menu.vim
113.398  000.893  000.893: sourcing /Users/fill/.cache/dein/.cache/init.vim/.dein/nerdtree_plugin/webdevicons.vim
113.628  022.881  012.977: sourcing /Users/fill/.cache/dein/.cache/init.vim/.dein/plugin/NERD_tree.vim
113.809  000.094  000.094: sourcing /Users/fill/.cache/dein/.cache/init.vim/.dein/plugin/SyntaxRange.vim
114.341  000.448  000.448: sourcing /Users/fill/.cache/dein/.cache/init.vim/.dein/plugin/ac_smooth_scroll.vim
114.480  000.054  000.054: sourcing /Users/fill/.cache/dein/.cache/init.vim/.dein/plugin/airline-themes.vim
115.235  000.381  000.381: sourcing /Users/fill/.cache/dein/.cache/init.vim/.dein/autoload/airline.vim
115.806  000.221  000.221: sourcing /Users/fill/.cache/dein/.cache/init.vim/.dein/autoload/airline/init.vim
116.653  000.163  000.163: sourcing /Users/fill/.cache/dein/.cache/init.vim/.dein/autoload/airline/parts.vim
118.506  000.203  000.203: sourcing /Users/fill/.cache/dein/.cache/init.vim/.dein/autoload/airline/util.vim
118.569  004.002  003.034: sourcing /Users/fill/.cache/dein/.cache/init.vim/.dein/plugin/airline.vim
119.524  000.175  000.175: sourcing /Users/fill/.cache/dein/.cache/init.vim/.dein/autoload/ale/events.vim
119.728  001.080  000.905: sourcing /Users/fill/.cache/dein/.cache/init.vim/.dein/plugin/ale.vim
129.651  009.845  009.845: sourcing /Users/fill/.cache/dein/.cache/init.vim/.dein/plugin/caw.vim
130.694  000.893  000.893: sourcing /Users/fill/.cache/dein/.cache/init.vim/.dein/plugin/clang_format.vim
131.748  000.942  000.942: sourcing /Users/fill/.cache/dein/.cache/init.vim/.dein/plugin/surround.vim
132.786  000.620  000.620: sourcing /Users/fill/.cache/dein/.cache/init.vim/.dein/autoload/unite/custom.vim
133.006  001.156  000.536: sourcing /Users/fill/.cache/dein/.cache/init.vim/.dein/plugin/unite/bookmark.vim
133.252  000.128  000.128: sourcing /Users/fill/.cache/dein/.cache/init.vim/.dein/plugin/unite/buffer.vim
133.464  000.134  000.134: sourcing /Users/fill/.cache/dein/.cache/init.vim/.dein/plugin/unite/window.vim
133.737  000.195  000.195: sourcing /Users/fill/.cache/dein/.cache/init.vim/.dein/plugin/unite.vim
137.861  000.636  000.636: sourcing /Users/fill/.cache/dein/.cache/init.vim/.dein/autoload/vital/unite.vim
139.283  000.851  000.851: sourcing /Users/fill/.cache/dein/.cache/init.vim/.dein/autoload/vital/_unite/Prelude.vim
139.795  001.602  000.751: sourcing /Users/fill/.cache/dein/.cache/init.vim/.dein/autoload/vital/_unite/Prelude.vim
141.106  004.475  002.237: sourcing /Users/fill/.cache/dein/.cache/init.vim/.dein/autoload/unite/util.vim
142.474  006.026  001.551: sourcing /Users/fill/.cache/dein/.cache/init.vim/.dein/autoload/unite.vim
143.248  000.496  000.496: sourcing /Users/fill/.cache/dein/.cache/init.vim/.dein/autoload/unite/variables.vim
144.006  010.191  003.669: sourcing /Users/fill/.cache/dein/.cache/init.vim/.dein/plugin/webdevicons.vim
145.228  000.397  000.397: sourcing /usr/local/Cellar/neovim/0.3.1/share/nvim/runtime/plugin/gzip.vim
145.337  000.029  000.029: sourcing /usr/local/Cellar/neovim/0.3.1/share/nvim/runtime/plugin/health.vim
145.511  000.097  000.097: sourcing /usr/local/Cellar/neovim/0.3.1/share/nvim/runtime/plugin/man.vim
146.416  000.827  000.827: sourcing /usr/local/Cellar/neovim/0.3.1/share/nvim/runtime/plugin/matchit.vim
146.765  000.267  000.267: sourcing /usr/local/Cellar/neovim/0.3.1/share/nvim/runtime/plugin/matchparen.vim
147.524  000.681  000.681: sourcing /usr/local/Cellar/neovim/0.3.1/share/nvim/runtime/plugin/netrwPlugin.vim
148.464  000.327  000.327: sourcing /usr/local/Cellar/neovim/0.3.1/share/nvim/runtime/autoload/remote/host.vim
149.137  000.307  000.307: sourcing /usr/local/Cellar/neovim/0.3.1/share/nvim/runtime/autoload/remote/define.vim
149.273  001.315  000.680: sourcing /Users/fill/.local/share/nvim/rplugin.vim
149.287  001.662  000.348: sourcing /usr/local/Cellar/neovim/0.3.1/share/nvim/runtime/plugin/rplugin.vim
149.406  000.034  000.034: sourcing /usr/local/Cellar/neovim/0.3.1/share/nvim/runtime/plugin/rrhelper.vim
149.651  000.160  000.160: sourcing /usr/local/Cellar/neovim/0.3.1/share/nvim/runtime/plugin/shada.vim
149.788  000.049  000.049: sourcing /usr/local/Cellar/neovim/0.3.1/share/nvim/runtime/plugin/spellfile.vim
150.104  000.230  000.230: sourcing /usr/local/Cellar/neovim/0.3.1/share/nvim/runtime/plugin/tarPlugin.vim
150.338  000.150  000.150: sourcing /usr/local/Cellar/neovim/0.3.1/share/nvim/runtime/plugin/tohtml.vim
150.466  000.042  000.042: sourcing /usr/local/Cellar/neovim/0.3.1/share/nvim/runtime/plugin/tutor.vim
150.825  000.273  000.273: sourcing /usr/local/Cellar/neovim/0.3.1/share/nvim/runtime/plugin/zipPlugin.vim
150.841  005.119: loading plugins
151.006  000.165: loading packages
151.801  000.582  000.582: sourcing /Users/fill/.cache/dein/.cache/init.vim/.dein/after/plugin/indentLine.vim
151.913  000.325: loading after plugins
151.927  000.014: inits 3
156.699  004.772: reading ShaDa
163.128  006.429: clearing screen
164.560  000.778  000.778: sourcing /Users/fill/.cache/dein/.cache/init.vim/.dein/autoload/airline/extensions.vim
165.236  000.177  000.177: sourcing /Users/fill/.cache/dein/.cache/init.vim/.dein/autoload/airline/extensions/quickfix.vim
165.689  000.061  000.061: sourcing /Users/fill/.cache/dein/.cache/init.vim/.dein/autoload/airline/extensions/unite.vim
166.106  000.081  000.081: sourcing /Users/fill/.cache/dein/.cache/init.vim/.dein/autoload/airline/extensions/netrw.vim
166.502  000.081  000.081: sourcing /Users/fill/.cache/dein/.cache/init.vim/.dein/autoload/airline/extensions/term.vim
167.196  000.127  000.127: sourcing /Users/fill/.cache/dein/.cache/init.vim/.dein/autoload/airline/extensions/ale.vim
167.959  000.210  000.210: sourcing /Users/fill/.cache/dein/.cache/init.vim/.dein/autoload/airline/extensions/whitespace.vim
168.666  000.244  000.244: sourcing /Users/fill/.cache/dein/.cache/init.vim/.dein/autoload/airline/extensions/tabline.vim
169.061  000.100  000.100: sourcing /Users/fill/.cache/dein/.cache/init.vim/.dein/autoload/airline/extensions/tabline/autoshow.vim
169.558  000.155  000.155: sourcing /Users/fill/.cache/dein/.cache/init.vim/.dein/autoload/airline/extensions/tabline/tabs.vim
170.209  000.347  000.347: sourcing /Users/fill/.cache/dein/.cache/init.vim/.dein/autoload/airline/extensions/tabline/buffers.vim
171.821  000.171  000.171: sourcing /Users/fill/.cache/dein/.cache/init.vim/.dein/autoload/airline/extensions/keymap.vim
183.065  000.178  000.178: sourcing /Users/fill/.cache/dein/.cache/init.vim/.dein/autoload/airline/section.vim
184.001  000.459  000.459: sourcing /Users/fill/.cache/dein/.cache/init.vim/.dein/autoload/airline/highlighter.vim
187.266  000.106  000.106: sourcing /Users/fill/.cache/dein/.cache/init.vim/.dein/autoload/airline/themes.vim
187.686  000.774  000.669: sourcing /Users/fill/.cache/dein/.cache/init.vim/.dein/autoload/airline/themes/molokai.vim
191.682  000.452  000.452: sourcing /Users/fill/.cache/dein/.cache/init.vim/.dein/autoload/airline/themes/molokai.vim
222.957  000.298  000.298: sourcing /Users/fill/.cache/dein/.cache/init.vim/.dein/autoload/airline/builder.vim
223.754  000.159  000.159: sourcing /Users/fill/.cache/dein/.cache/init.vim/.dein/autoload/airline/extensions/default.vim
261.538  000.378  000.378: sourcing /Users/fill/.cache/dein/.cache/init.vim/.dein/autoload/ale.vim
262.873  094.514: opening buffers
263.111  000.238: BufEnter autocommands
263.146  000.035: editing files in windows
263.882  000.736: VimEnter autocommands
427.214  163.093  163.093: sourcing /usr/local/Cellar/neovim/0.3.1/share/nvim/runtime/autoload/provider/clipboard.vim
427.249  000.275: before starting main loop
428.646  000.355  000.355: sourcing /Users/fill/.cache/dein/.cache/init.vim/.dein/autoload/airline/extensions/tabline/ctrlspace.vim
429.518  000.254  000.254: sourcing /Users/fill/.cache/dein/.cache/init.vim/.dein/autoload/airline/extensions/tabline/builder.vim
430.223  000.127  000.127: sourcing /Users/fill/.cache/dein/.cache/init.vim/.dein/autoload/airline/extensions/tabline/buflist.vim
434.926  000.055  000.055: sourcing /Users/fill/.cache/dein/.cache/init.vim/.dein/autoload/airline/extensions/tabline/formatters/webdevicons.vim
435.397  000.106  000.106: sourcing /Users/fill/.cache/dein/.cache/init.vim/.dein/autoload/airline/extensions/tabline/formatters/default.vim
450.795  000.799  000.799: sourcing /Users/fill/.cache/dein/.cache/init.vim/.dein/autoload/ale/engine.vim
451.243  000.090  000.090: sourcing /Users/fill/.cache/dein/.cache/init.vim/.dein/autoload/ale/statusline.vim
453.609  024.575: first screen update
453.613  000.004: --- NVIM STARTED ---
