

times in msec
 clock   self+sourced   self:  sourced script
 clock   elapsed:              other lines

000.045  000.045: --- NVIM STARTING ---
001.740  001.694: locale set
003.301  001.561: inits 1
003.338  000.037: window checked
004.112  000.775: parsing arguments
004.591  000.479: expanding arguments
004.871  000.280: inits 2
006.140  001.269: init highlight
007.109  000.050  000.050: sourcing /usr/local/Cellar/neovim/0.3.1/share/nvim/runtime/macros/matchit.vim
010.282  002.533  002.533: sourcing /Users/fill/.cache/dein/repos/github.com/Shougo/dein.vim/autoload/dein.vim
012.263  000.148  000.148: sourcing /usr/local/Cellar/neovim/0.3.1/share/nvim/runtime/ftoff.vim
018.246  004.809  004.809: sourcing /Users/fill/.cache/dein/.cache/init.vim/.dein/colors/molokai.vim
021.019  000.543  000.543: sourcing /usr/local/Cellar/neovim/0.3.1/share/nvim/runtime/syntax/syncolor.vim
024.030  000.895  000.895: sourcing /usr/local/Cellar/neovim/0.3.1/share/nvim/runtime/syntax/syncolor.vim
026.263  000.543  000.543: sourcing /usr/local/Cellar/neovim/0.3.1/share/nvim/runtime/syntax/syncolor.vim
027.955  008.848  006.868: sourcing /Users/fill/.cache/dein/.cache/init.vim/.dein/colors/molokai.vim
028.520  009.745  000.896: sourcing /usr/local/Cellar/neovim/0.3.1/share/nvim/runtime/syntax/synload.vim
044.422  000.274  000.274: sourcing /Users/fill/.cache/dein/.cache/init.vim/.dein/ftdetect/ftdetect.vim
044.719  015.644  015.370: sourcing /usr/local/Cellar/neovim/0.3.1/share/nvim/runtime/filetype.vim
044.873  026.453  001.063: sourcing /usr/local/Cellar/neovim/0.3.1/share/nvim/runtime/syntax/syntax.vim
046.773  000.517  000.517: sourcing /usr/local/Cellar/neovim/0.3.1/share/nvim/runtime/syntax/syncolor.vim
048.710  000.314  000.314: sourcing /usr/local/Cellar/neovim/0.3.1/share/nvim/runtime/syntax/syncolor.vim
049.635  000.304  000.304: sourcing /usr/local/Cellar/neovim/0.3.1/share/nvim/runtime/syntax/syncolor.vim
050.668  005.523  004.389: sourcing /Users/fill/.cache/dein/.cache/init.vim/.dein/colors/molokai.vim
050.759  039.881  002.948: sourcing /Users/fill/.cache/dein/state_nvim.vim
051.058  000.072  000.072: sourcing /usr/local/Cellar/neovim/0.3.1/share/nvim/runtime/filetype.vim
051.334  000.084  000.084: sourcing /Users/fill/.cache/dein/.cache/init.vim/.dein/ftplugin.vim
051.453  000.030  000.030: sourcing /usr/local/Cellar/neovim/0.3.1/share/nvim/runtime/ftplugin.vim
051.718  000.070  000.070: sourcing /usr/local/Cellar/neovim/0.3.1/share/nvim/runtime/indent.vim
052.315  000.345  000.345: sourcing /usr/local/Cellar/neovim/0.3.1/share/nvim/runtime/syntax/nosyntax.vim
053.803  000.346  000.346: sourcing /usr/local/Cellar/neovim/0.3.1/share/nvim/runtime/syntax/syncolor.vim
055.660  000.529  000.529: sourcing /usr/local/Cellar/neovim/0.3.1/share/nvim/runtime/syntax/syncolor.vim
056.673  000.316  000.316: sourcing /usr/local/Cellar/neovim/0.3.1/share/nvim/runtime/syntax/syncolor.vim
057.643  004.975  003.785: sourcing /Users/fill/.cache/dein/.cache/init.vim/.dein/colors/molokai.vim
057.804  005.324  000.350: sourcing /usr/local/Cellar/neovim/0.3.1/share/nvim/runtime/syntax/synload.vim
057.861  006.006  000.336: sourcing /usr/local/Cellar/neovim/0.3.1/share/nvim/runtime/syntax/syntax.vim
058.745  000.680  000.680: sourcing /Users/fill/.cache/dein/repos/github.com/Shougo/dein.vim/autoload/dein/autoload.vim
061.035  001.867  001.867: sourcing /Users/fill/.cache/dein/repos/github.com/Shougo/dein.vim/autoload/dein/util.vim
061.402  054.783  003.511: sourcing /Users/fill/.config/nvim/init.vim
061.414  000.491: sourcing vimrc file(s)
062.043  000.116  000.116: sourcing /Users/fill/.cache/dein/repos/github.com/Shougo/vimproc.vim/plugin/vimproc.vim
062.327  000.049  000.049: sourcing /Users/fill/.cache/dein/repos/github.com/Shougo/deoplete.nvim/plugin/deoplete.vim
070.464  007.216  007.216: sourcing /Users/fill/.cache/dein/.cache/init.vim/.dein/plugin/EasyMotion.vim
071.490  000.212  000.212: sourcing /Users/fill/.cache/dein/.cache/init.vim/.dein/autoload/nerdtree.vim
073.557  000.825  000.825: sourcing /Users/fill/.cache/dein/.cache/init.vim/.dein/lib/nerdtree/path.vim
073.953  000.239  000.239: sourcing /Users/fill/.cache/dein/.cache/init.vim/.dein/lib/nerdtree/menu_controller.vim
074.269  000.171  000.171: sourcing /Users/fill/.cache/dein/.cache/init.vim/.dein/lib/nerdtree/menu_item.vim
074.600  000.187  000.187: sourcing /Users/fill/.cache/dein/.cache/init.vim/.dein/lib/nerdtree/key_map.vim
075.088  000.344  000.344: sourcing /Users/fill/.cache/dein/.cache/init.vim/.dein/lib/nerdtree/bookmark.vim
075.563  000.329  000.329: sourcing /Users/fill/.cache/dein/.cache/init.vim/.dein/lib/nerdtree/tree_file_node.vim
076.349  000.641  000.641: sourcing /Users/fill/.cache/dein/.cache/init.vim/.dein/lib/nerdtree/tree_dir_node.vim
076.809  000.316  000.316: sourcing /Users/fill/.cache/dein/.cache/init.vim/.dein/lib/nerdtree/opener.vim
077.317  000.365  000.365: sourcing /Users/fill/.cache/dein/.cache/init.vim/.dein/lib/nerdtree/creator.vim
077.547  000.087  000.087: sourcing /Users/fill/.cache/dein/.cache/init.vim/.dein/lib/nerdtree/flag_set.vim
077.911  000.223  000.223: sourcing /Users/fill/.cache/dein/.cache/init.vim/.dein/lib/nerdtree/nerdtree.vim
078.517  000.466  000.466: sourcing /Users/fill/.cache/dein/.cache/init.vim/.dein/lib/nerdtree/ui.vim
078.703  000.044  000.044: sourcing /Users/fill/.cache/dein/.cache/init.vim/.dein/lib/nerdtree/event.vim
078.911  000.067  000.067: sourcing /Users/fill/.cache/dein/.cache/init.vim/.dein/lib/nerdtree/notifier.vim
079.701  000.638  000.638: sourcing /Users/fill/.cache/dein/.cache/init.vim/.dein/autoload/nerdtree/ui_glue.vim
086.774  000.180  000.180: sourcing /Users/fill/.cache/dein/.cache/init.vim/.dein/nerdtree_plugin/exec_menuitem.vim
087.929  001.080  001.080: sourcing /Users/fill/.cache/dein/.cache/init.vim/.dein/nerdtree_plugin/fs_menu.vim
088.657  000.652  000.652: sourcing /Users/fill/.cache/dein/.cache/init.vim/.dein/nerdtree_plugin/webdevicons.vim
088.854  018.306  011.240: sourcing /Users/fill/.cache/dein/.cache/init.vim/.dein/plugin/NERD_tree.vim
089.309  000.380  000.380: sourcing /Users/fill/.cache/dein/.cache/init.vim/.dein/plugin/ac_smooth_scroll.vim
089.426  000.042  000.042: sourcing /Users/fill/.cache/dein/.cache/init.vim/.dein/plugin/airline-themes.vim
090.076  000.315  000.315: sourcing /Users/fill/.cache/dein/.cache/init.vim/.dein/autoload/airline.vim
090.678  000.219  000.219: sourcing /Users/fill/.cache/dein/.cache/init.vim/.dein/autoload/airline/init.vim
091.981  000.446  000.446: sourcing /Users/fill/.cache/dein/.cache/init.vim/.dein/autoload/airline/parts.vim
095.496  000.310  000.310: sourcing /Users/fill/.cache/dein/.cache/init.vim/.dein/autoload/airline/util.vim
095.591  006.092  004.803: sourcing /Users/fill/.cache/dein/.cache/init.vim/.dein/plugin/airline.vim
097.090  000.274  000.274: sourcing /Users/fill/.cache/dein/.cache/init.vim/.dein/autoload/ale/events.vim
097.406  001.693  001.418: sourcing /Users/fill/.cache/dein/.cache/init.vim/.dein/plugin/ale.vim
104.027  006.501  006.501: sourcing /Users/fill/.cache/dein/.cache/init.vim/.dein/plugin/caw.vim
104.605  000.474  000.474: sourcing /Users/fill/.cache/dein/.cache/init.vim/.dein/plugin/fugitive.vim
104.935  000.239  000.239: sourcing /Users/fill/.cache/dein/.cache/init.vim/.dein/plugin/neosnippet.vim
105.761  000.745  000.745: sourcing /Users/fill/.cache/dein/.cache/init.vim/.dein/plugin/surround.vim
106.605  000.489  000.489: sourcing /Users/fill/.cache/dein/.cache/init.vim/.dein/autoload/unite/custom.vim
106.786  000.939  000.450: sourcing /Users/fill/.cache/dein/.cache/init.vim/.dein/plugin/unite/bookmark.vim
107.000  000.129  000.129: sourcing /Users/fill/.cache/dein/.cache/init.vim/.dein/plugin/unite/buffer.vim
107.211  000.129  000.129: sourcing /Users/fill/.cache/dein/.cache/init.vim/.dein/plugin/unite/window.vim
107.487  000.198  000.198: sourcing /Users/fill/.cache/dein/.cache/init.vim/.dein/plugin/unite.vim
111.562  000.620  000.620: sourcing /Users/fill/.cache/dein/.cache/init.vim/.dein/autoload/vital/unite.vim
113.179  001.068  001.068: sourcing /Users/fill/.cache/dein/.cache/init.vim/.dein/autoload/vital/_unite/Prelude.vim
113.684  001.777  000.709: sourcing /Users/fill/.cache/dein/.cache/init.vim/.dein/autoload/vital/_unite/Prelude.vim
114.907  004.456  002.059: sourcing /Users/fill/.cache/dein/.cache/init.vim/.dein/autoload/unite/util.vim
116.261  006.016  001.560: sourcing /Users/fill/.cache/dein/.cache/init.vim/.dein/autoload/unite.vim
117.008  000.482  000.482: sourcing /Users/fill/.cache/dein/.cache/init.vim/.dein/autoload/unite/variables.vim
118.880  011.312  004.815: sourcing /Users/fill/.cache/dein/.cache/init.vim/.dein/plugin/webdevicons.vim
122.021  000.821  000.821: sourcing /usr/local/Cellar/neovim/0.3.1/share/nvim/runtime/plugin/gzip.vim
122.237  000.057  000.057: sourcing /usr/local/Cellar/neovim/0.3.1/share/nvim/runtime/plugin/health.vim
122.560  000.178  000.178: sourcing /usr/local/Cellar/neovim/0.3.1/share/nvim/runtime/plugin/man.vim
124.283  001.570  001.570: sourcing /usr/local/Cellar/neovim/0.3.1/share/nvim/runtime/plugin/matchit.vim
124.950  000.512  000.512: sourcing /usr/local/Cellar/neovim/0.3.1/share/nvim/runtime/plugin/matchparen.vim
126.259  001.157  001.157: sourcing /usr/local/Cellar/neovim/0.3.1/share/nvim/runtime/plugin/netrwPlugin.vim
127.731  000.493  000.493: sourcing /usr/local/Cellar/neovim/0.3.1/share/nvim/runtime/autoload/remote/host.vim
128.849  000.480  000.480: sourcing /usr/local/Cellar/neovim/0.3.1/share/nvim/runtime/autoload/remote/define.vim
129.057  002.123  001.150: sourcing /Users/fill/.local/share/nvim/rplugin.vim
129.078  002.684  000.561: sourcing /usr/local/Cellar/neovim/0.3.1/share/nvim/runtime/plugin/rplugin.vim
129.311  000.055  000.055: sourcing /usr/local/Cellar/neovim/0.3.1/share/nvim/runtime/plugin/rrhelper.vim
129.716  000.271  000.271: sourcing /usr/local/Cellar/neovim/0.3.1/share/nvim/runtime/plugin/shada.vim
129.940  000.078  000.078: sourcing /usr/local/Cellar/neovim/0.3.1/share/nvim/runtime/plugin/spellfile.vim
130.423  000.352  000.352: sourcing /usr/local/Cellar/neovim/0.3.1/share/nvim/runtime/plugin/tarPlugin.vim
130.782  000.228  000.228: sourcing /usr/local/Cellar/neovim/0.3.1/share/nvim/runtime/plugin/tohtml.vim
130.990  000.055  000.055: sourcing /usr/local/Cellar/neovim/0.3.1/share/nvim/runtime/plugin/tutor.vim
131.455  000.357  000.357: sourcing /usr/local/Cellar/neovim/0.3.1/share/nvim/runtime/plugin/zipPlugin.vim
131.471  007.119: loading plugins
131.678  000.207: loading packages
132.676  000.735  000.735: sourcing /Users/fill/.cache/dein/.cache/init.vim/.dein/after/plugin/indentLine.vim
132.821  000.409: loading after plugins
132.839  000.018: inits 3
143.516  010.677: reading ShaDa
146.893  003.376: clearing screen
155.720  001.137  001.137: sourcing /usr/local/Cellar/neovim/0.3.1/share/nvim/runtime/scripts.vim
165.367  008.144  008.144: sourcing /Users/fill/.cache/dein/.cache/init.vim/.dein/autoload/fugitive.vim
167.553  000.476  000.476: sourcing /Users/fill/.cache/dein/.cache/init.vim/.dein/autoload/airline/extensions.vim
168.115  000.193  000.193: sourcing /Users/fill/.cache/dein/.cache/init.vim/.dein/autoload/airline/extensions/quickfix.vim
168.741  000.089  000.089: sourcing /Users/fill/.cache/dein/.cache/init.vim/.dein/autoload/airline/extensions/unite.vim
169.300  000.135  000.135: sourcing /Users/fill/.cache/dein/.cache/init.vim/.dein/autoload/airline/extensions/netrw.vim
169.776  000.095  000.095: sourcing /Users/fill/.cache/dein/.cache/init.vim/.dein/autoload/airline/extensions/term.vim
170.660  000.410  000.410: sourcing /Users/fill/.cache/dein/.cache/init.vim/.dein/autoload/airline/extensions/branch.vim
171.163  000.099  000.099: sourcing /Users/fill/.cache/dein/.cache/init.vim/.dein/autoload/airline/extensions/fugitiveline.vim
171.683  000.129  000.129: sourcing /Users/fill/.cache/dein/.cache/init.vim/.dein/autoload/airline/extensions/ale.vim
172.510  000.230  000.230: sourcing /Users/fill/.cache/dein/.cache/init.vim/.dein/autoload/airline/extensions/whitespace.vim
173.521  000.374  000.374: sourcing /Users/fill/.cache/dein/.cache/init.vim/.dein/autoload/airline/extensions/tabline.vim
174.376  000.129  000.129: sourcing /Users/fill/.cache/dein/.cache/init.vim/.dein/autoload/airline/extensions/tabline/autoshow.vim
175.070  000.158  000.158: sourcing /Users/fill/.cache/dein/.cache/init.vim/.dein/autoload/airline/extensions/tabline/tabs.vim
175.739  000.304  000.304: sourcing /Users/fill/.cache/dein/.cache/init.vim/.dein/autoload/airline/extensions/tabline/buffers.vim
176.261  000.059  000.059: sourcing /Users/fill/.cache/dein/.cache/init.vim/.dein/autoload/airline/extensions/keymap.vim
181.577  000.131  000.131: sourcing /Users/fill/.cache/dein/.cache/init.vim/.dein/autoload/airline/section.vim
182.337  000.356  000.356: sourcing /Users/fill/.cache/dein/.cache/init.vim/.dein/autoload/airline/highlighter.vim
188.620  000.205  000.205: sourcing /Users/fill/.cache/dein/.cache/init.vim/.dein/autoload/airline/themes.vim
189.420  001.416  001.212: sourcing /Users/fill/.cache/dein/.cache/init.vim/.dein/autoload/airline/themes/molokai.vim
195.826  000.722  000.722: sourcing /Users/fill/.cache/dein/.cache/init.vim/.dein/autoload/airline/themes/molokai.vim
221.052  000.285  000.285: sourcing /Users/fill/.cache/dein/.cache/init.vim/.dein/autoload/airline/builder.vim
221.857  000.159  000.159: sourcing /Users/fill/.cache/dein/.cache/init.vim/.dein/autoload/airline/extensions/default.vim
255.039  000.542  000.542: sourcing /Users/fill/.cache/dein/.cache/init.vim/.dein/autoload/ale.vim
255.940  000.145  000.145: sourcing /Users/fill/.cache/dein/.cache/init.vim/.dein/autoload/unite/sources/buffer/variables.vim
257.360  094.552: opening buffers
257.646  000.285: BufEnter autocommands
257.652  000.007: editing files in windows
258.467  000.815: VimEnter autocommands
449.292  190.548  190.548: sourcing /usr/local/Cellar/neovim/0.3.1/share/nvim/runtime/autoload/provider/clipboard.vim
449.327  000.311: before starting main loop
450.817  000.344  000.344: sourcing /Users/fill/.cache/dein/.cache/init.vim/.dein/autoload/airline/extensions/tabline/ctrlspace.vim
451.764  000.272  000.272: sourcing /Users/fill/.cache/dein/.cache/init.vim/.dein/autoload/airline/extensions/tabline/builder.vim
452.368  000.118  000.118: sourcing /Users/fill/.cache/dein/.cache/init.vim/.dein/autoload/airline/extensions/tabline/buflist.vim
456.890  000.050  000.050: sourcing /Users/fill/.cache/dein/.cache/init.vim/.dein/autoload/airline/extensions/tabline/formatters/webdevicons.vim
457.408  000.108  000.108: sourcing /Users/fill/.cache/dein/.cache/init.vim/.dein/autoload/airline/extensions/tabline/formatters/default.vim
473.315  000.316  000.316: sourcing /Users/fill/.cache/dein/.cache/init.vim/.dein/autoload/airline/async.vim
478.288  001.072  001.072: sourcing /Users/fill/.cache/dein/.cache/init.vim/.dein/autoload/ale/engine.vim
478.883  000.105  000.105: sourcing /Users/fill/.cache/dein/.cache/init.vim/.dein/autoload/ale/statusline.vim
481.479  029.768: first screen update
481.484  000.004: --- NVIM STARTED ---
