

times in msec
 clock   self+sourced   self:  sourced script
 clock   elapsed:              other lines

000.041  000.041: --- NVIM STARTING ---
006.065  006.024: locale set
017.403  011.338: inits 1
017.443  000.040: window checked
021.349  003.906: parsing arguments
021.859  000.510: expanding arguments
023.339  001.480: inits 2
025.466  002.127: init highlight
027.586  000.657  000.657: sourcing /usr/local/Cellar/neovim/0.3.1/share/nvim/runtime/macros/matchit.vim
029.418  001.193  001.193: sourcing /Users/fill/.cache/dein/repos/github.com/Shougo/dein.vim/autoload/dein.vim
033.288  001.073  001.073: sourcing /usr/local/Cellar/neovim/0.3.1/share/nvim/runtime/ftoff.vim
037.672  003.591  003.591: sourcing /Users/fill/.cache/dein/.cache/init.vim/.dein/colors/molokai.vim
040.758  000.916  000.916: sourcing /usr/local/Cellar/neovim/0.3.1/share/nvim/runtime/syntax/syncolor.vim
042.264  000.327  000.327: sourcing /usr/local/Cellar/neovim/0.3.1/share/nvim/runtime/syntax/syncolor.vim
043.272  000.362  000.362: sourcing /usr/local/Cellar/neovim/0.3.1/share/nvim/runtime/syntax/syncolor.vim
044.804  005.719  004.114: sourcing /Users/fill/.cache/dein/.cache/init.vim/.dein/colors/molokai.vim
044.982  006.318  000.599: sourcing /usr/local/Cellar/neovim/0.3.1/share/nvim/runtime/syntax/synload.vim
056.347  000.572  000.572: sourcing /Users/fill/.cache/dein/.cache/init.vim/.dein/ftdetect/ftdetect.vim
056.540  011.363  010.791: sourcing /usr/local/Cellar/neovim/0.3.1/share/nvim/runtime/filetype.vim
056.630  018.836  001.155: sourcing /usr/local/Cellar/neovim/0.3.1/share/nvim/runtime/syntax/syntax.vim
057.756  000.271  000.271: sourcing /usr/local/Cellar/neovim/0.3.1/share/nvim/runtime/syntax/syncolor.vim
059.040  000.261  000.261: sourcing /usr/local/Cellar/neovim/0.3.1/share/nvim/runtime/syntax/syncolor.vim
059.842  000.266  000.266: sourcing /usr/local/Cellar/neovim/0.3.1/share/nvim/runtime/syntax/syncolor.vim
060.737  003.933  003.135: sourcing /Users/fill/.cache/dein/.cache/init.vim/.dein/colors/molokai.vim
060.802  030.399  002.965: sourcing /Users/fill/.cache/dein/state_nvim.vim
061.056  000.059  000.059: sourcing /usr/local/Cellar/neovim/0.3.1/share/nvim/runtime/filetype.vim
061.807  000.576  000.576: sourcing /Users/fill/.cache/dein/.cache/init.vim/.dein/ftplugin.vim
062.801  000.843  000.843: sourcing /usr/local/Cellar/neovim/0.3.1/share/nvim/runtime/ftplugin.vim
063.393  000.384  000.384: sourcing /usr/local/Cellar/neovim/0.3.1/share/nvim/runtime/indent.vim
064.650  000.997  000.997: sourcing /usr/local/Cellar/neovim/0.3.1/share/nvim/runtime/syntax/nosyntax.vim
066.039  000.302  000.302: sourcing /usr/local/Cellar/neovim/0.3.1/share/nvim/runtime/syntax/syncolor.vim
067.437  000.296  000.296: sourcing /usr/local/Cellar/neovim/0.3.1/share/nvim/runtime/syntax/syncolor.vim
068.252  000.266  000.266: sourcing /usr/local/Cellar/neovim/0.3.1/share/nvim/runtime/syntax/syncolor.vim
069.146  004.135  003.271: sourcing /Users/fill/.cache/dein/.cache/init.vim/.dein/colors/molokai.vim
069.283  004.463  000.328: sourcing /usr/local/Cellar/neovim/0.3.1/share/nvim/runtime/syntax/synload.vim
069.332  005.795  000.335: sourcing /usr/local/Cellar/neovim/0.3.1/share/nvim/runtime/syntax/syntax.vim
070.583  001.075  001.075: sourcing /Users/fill/.cache/dein/repos/github.com/Shougo/dein.vim/autoload/dein/autoload.vim
072.022  001.212  001.212: sourcing /Users/fill/.cache/dein/repos/github.com/Shougo/dein.vim/autoload/dein/util.vim
072.350  046.384  004.190: sourcing /Users/fill/.config/nvim/init.vim
072.361  000.511: sourcing vimrc file(s)
075.635  000.449  000.449: sourcing /Users/fill/.cache/dein/repos/github.com/Shougo/vimproc.vim/plugin/vimproc.vim
077.971  000.401  000.401: sourcing /Users/fill/.cache/dein/repos/github.com/Shougo/deoplete.nvim/plugin/deoplete.vim
088.083  008.196  008.196: sourcing /Users/fill/.cache/dein/.cache/init.vim/.dein/plugin/EasyMotion.vim
090.496  000.976  000.976: sourcing /Users/fill/.cache/dein/.cache/init.vim/.dein/autoload/nerdtree.vim
093.695  001.961  001.961: sourcing /Users/fill/.cache/dein/.cache/init.vim/.dein/lib/nerdtree/path.vim
094.800  000.881  000.881: sourcing /Users/fill/.cache/dein/.cache/init.vim/.dein/lib/nerdtree/menu_controller.vim
095.591  000.615  000.615: sourcing /Users/fill/.cache/dein/.cache/init.vim/.dein/lib/nerdtree/menu_item.vim
096.332  000.525  000.525: sourcing /Users/fill/.cache/dein/.cache/init.vim/.dein/lib/nerdtree/key_map.vim
097.291  000.796  000.796: sourcing /Users/fill/.cache/dein/.cache/init.vim/.dein/lib/nerdtree/bookmark.vim
098.262  000.818  000.818: sourcing /Users/fill/.cache/dein/.cache/init.vim/.dein/lib/nerdtree/tree_file_node.vim
099.561  001.149  001.149: sourcing /Users/fill/.cache/dein/.cache/init.vim/.dein/lib/nerdtree/tree_dir_node.vim
100.437  000.727  000.727: sourcing /Users/fill/.cache/dein/.cache/init.vim/.dein/lib/nerdtree/opener.vim
101.358  000.774  000.774: sourcing /Users/fill/.cache/dein/.cache/init.vim/.dein/lib/nerdtree/creator.vim
101.950  000.445  000.445: sourcing /Users/fill/.cache/dein/.cache/init.vim/.dein/lib/nerdtree/flag_set.vim
102.685  000.589  000.589: sourcing /Users/fill/.cache/dein/.cache/init.vim/.dein/lib/nerdtree/nerdtree.vim
103.743  000.913  000.913: sourcing /Users/fill/.cache/dein/.cache/init.vim/.dein/lib/nerdtree/ui.vim
104.270  000.383  000.383: sourcing /Users/fill/.cache/dein/.cache/init.vim/.dein/lib/nerdtree/event.vim
104.848  000.421  000.421: sourcing /Users/fill/.cache/dein/.cache/init.vim/.dein/lib/nerdtree/notifier.vim
106.647  001.630  001.630: sourcing /Users/fill/.cache/dein/.cache/init.vim/.dein/autoload/nerdtree/ui_glue.vim
111.821  000.964  000.964: sourcing /Users/fill/.cache/dein/.cache/init.vim/.dein/nerdtree_plugin/exec_menuitem.vim
113.391  001.471  001.471: sourcing /Users/fill/.cache/dein/.cache/init.vim/.dein/nerdtree_plugin/fs_menu.vim
114.511  001.044  001.044: sourcing /Users/fill/.cache/dein/.cache/init.vim/.dein/nerdtree_plugin/webdevicons.vim
114.722  026.555  009.475: sourcing /Users/fill/.cache/dein/.cache/init.vim/.dein/plugin/NERD_tree.vim
115.518  000.719  000.719: sourcing /Users/fill/.cache/dein/.cache/init.vim/.dein/plugin/ac_smooth_scroll.vim
116.215  000.617  000.617: sourcing /Users/fill/.cache/dein/.cache/init.vim/.dein/plugin/airline-themes.vim
117.640  000.804  000.804: sourcing /Users/fill/.cache/dein/.cache/init.vim/.dein/autoload/airline.vim
118.737  000.811  000.811: sourcing /Users/fill/.cache/dein/.cache/init.vim/.dein/autoload/airline/init.vim
119.963  000.464  000.464: sourcing /Users/fill/.cache/dein/.cache/init.vim/.dein/autoload/airline/parts.vim
122.561  000.592  000.592: sourcing /Users/fill/.cache/dein/.cache/init.vim/.dein/autoload/airline/util.vim
122.645  006.348  003.676: sourcing /Users/fill/.cache/dein/.cache/init.vim/.dein/plugin/airline.vim
124.745  000.788  000.788: sourcing /Users/fill/.cache/dein/.cache/init.vim/.dein/autoload/ale/events.vim
125.056  002.307  001.520: sourcing /Users/fill/.cache/dein/.cache/init.vim/.dein/plugin/ale.vim
131.114  005.969  005.969: sourcing /Users/fill/.cache/dein/.cache/init.vim/.dein/plugin/caw.vim
132.196  000.967  000.967: sourcing /Users/fill/.cache/dein/.cache/init.vim/.dein/plugin/fugitive.vim
133.310  001.007  001.007: sourcing /Users/fill/.cache/dein/.cache/init.vim/.dein/plugin/neosnippet.vim
134.525  001.124  001.124: sourcing /Users/fill/.cache/dein/.cache/init.vim/.dein/plugin/surround.vim
136.101  000.858  000.858: sourcing /Users/fill/.cache/dein/.cache/init.vim/.dein/autoload/unite/custom.vim
136.278  001.663  000.804: sourcing /Users/fill/.cache/dein/.cache/init.vim/.dein/plugin/unite/bookmark.vim
136.795  000.426  000.426: sourcing /Users/fill/.cache/dein/.cache/init.vim/.dein/plugin/unite/buffer.vim
137.458  000.576  000.576: sourcing /Users/fill/.cache/dein/.cache/init.vim/.dein/plugin/unite/window.vim
138.179  000.639  000.639: sourcing /Users/fill/.cache/dein/.cache/init.vim/.dein/plugin/unite.vim
145.986  002.015  002.015: sourcing /Users/fill/.cache/dein/.cache/init.vim/.dein/autoload/vital/unite.vim
148.470  001.143  001.143: sourcing /Users/fill/.cache/dein/.cache/init.vim/.dein/autoload/vital/_unite/Prelude.vim
149.023  002.649  001.505: sourcing /Users/fill/.cache/dein/.cache/init.vim/.dein/autoload/vital/_unite/Prelude.vim
150.322  007.808  003.145: sourcing /Users/fill/.cache/dein/.cache/init.vim/.dein/autoload/unite/util.vim
151.690  010.302  002.493: sourcing /Users/fill/.cache/dein/.cache/init.vim/.dein/autoload/unite.vim
152.646  000.688  000.688: sourcing /Users/fill/.cache/dein/.cache/init.vim/.dein/autoload/unite/variables.vim
153.344  015.082  004.093: sourcing /Users/fill/.cache/dein/.cache/init.vim/.dein/plugin/webdevicons.vim
155.702  000.806  000.806: sourcing /usr/local/Cellar/neovim/0.3.1/share/nvim/runtime/plugin/gzip.vim
156.238  000.434  000.434: sourcing /usr/local/Cellar/neovim/0.3.1/share/nvim/runtime/plugin/health.vim
156.819  000.492  000.492: sourcing /usr/local/Cellar/neovim/0.3.1/share/nvim/runtime/plugin/man.vim
158.303  001.400  001.400: sourcing /usr/local/Cellar/neovim/0.3.1/share/nvim/runtime/plugin/matchit.vim
159.225  000.839  000.839: sourcing /usr/local/Cellar/neovim/0.3.1/share/nvim/runtime/plugin/matchparen.vim
160.755  001.410  001.410: sourcing /usr/local/Cellar/neovim/0.3.1/share/nvim/runtime/plugin/netrwPlugin.vim
163.977  000.720  000.720: sourcing /usr/local/Cellar/neovim/0.3.1/share/nvim/runtime/autoload/remote/host.vim
165.080  000.714  000.714: sourcing /usr/local/Cellar/neovim/0.3.1/share/nvim/runtime/autoload/remote/define.vim
165.218  003.565  002.132: sourcing /Users/fill/.local/share/nvim/rplugin.vim
165.234  004.378  000.813: sourcing /usr/local/Cellar/neovim/0.3.1/share/nvim/runtime/plugin/rplugin.vim
165.672  000.346  000.346: sourcing /usr/local/Cellar/neovim/0.3.1/share/nvim/runtime/plugin/rrhelper.vim
166.360  000.588  000.588: sourcing /usr/local/Cellar/neovim/0.3.1/share/nvim/runtime/plugin/shada.vim
166.829  000.369  000.369: sourcing /usr/local/Cellar/neovim/0.3.1/share/nvim/runtime/plugin/spellfile.vim
167.483  000.556  000.556: sourcing /usr/local/Cellar/neovim/0.3.1/share/nvim/runtime/plugin/tarPlugin.vim
168.090  000.519  000.519: sourcing /usr/local/Cellar/neovim/0.3.1/share/nvim/runtime/plugin/tohtml.vim
168.528  000.350  000.350: sourcing /usr/local/Cellar/neovim/0.3.1/share/nvim/runtime/plugin/tutor.vim
169.222  000.597  000.597: sourcing /usr/local/Cellar/neovim/0.3.1/share/nvim/runtime/plugin/zipPlugin.vim
169.236  010.745: loading plugins
169.409  000.174: loading packages
171.804  001.502  001.502: sourcing /Users/fill/.cache/dein/.cache/init.vim/.dein/after/plugin/indentLine.vim
171.955  001.044: loading after plugins
171.973  000.018: inits 3
177.952  005.979: reading ShaDa
188.893  010.941: clearing screen
198.336  001.582  001.582: sourcing /usr/local/Cellar/neovim/0.3.1/share/nvim/runtime/scripts.vim
199.822  000.054  000.054: sourcing /usr/local/Cellar/neovim/0.3.1/share/nvim/runtime/filetype.vim
200.051  000.034  000.034: sourcing /Users/fill/.cache/dein/.cache/init.vim/.dein/ftplugin.vim
200.190  000.027  000.027: sourcing /usr/local/Cellar/neovim/0.3.1/share/nvim/runtime/ftplugin.vim
200.432  000.033  000.033: sourcing /usr/local/Cellar/neovim/0.3.1/share/nvim/runtime/filetype.vim
200.656  000.030  000.030: sourcing /usr/local/Cellar/neovim/0.3.1/share/nvim/runtime/indent.vim
516.921  315.477  315.477: sourcing /Users/fill/.cache/dein/repos/github.com/dag/vim-fish/ftplugin/fish.vim
523.568  000.542  000.542: sourcing /Users/fill/.cache/dein/repos/github.com/dag/vim-fish/indent/fish.vim
524.699  000.651  000.651: sourcing /Users/fill/.cache/dein/repos/github.com/dag/vim-fish/syntax/fish.vim
526.392  001.002  001.002: sourcing /Users/fill/.cache/dein/.cache/init.vim/.dein/autoload/airline/extensions.vim
527.615  000.893  000.893: sourcing /Users/fill/.cache/dein/.cache/init.vim/.dein/autoload/airline/extensions/quickfix.vim
528.328  000.316  000.316: sourcing /Users/fill/.cache/dein/.cache/init.vim/.dein/autoload/airline/extensions/unite.vim
530.053  000.763  000.763: sourcing /Users/fill/.cache/dein/.cache/init.vim/.dein/autoload/airline/extensions/netrw.vim
530.880  000.434  000.434: sourcing /Users/fill/.cache/dein/.cache/init.vim/.dein/autoload/airline/extensions/term.vim
532.322  000.924  000.924: sourcing /Users/fill/.cache/dein/.cache/init.vim/.dein/autoload/airline/extensions/branch.vim
533.319  000.487  000.487: sourcing /Users/fill/.cache/dein/.cache/init.vim/.dein/autoload/airline/extensions/fugitiveline.vim
534.237  000.477  000.477: sourcing /Users/fill/.cache/dein/.cache/init.vim/.dein/autoload/airline/extensions/ale.vim
535.451  000.577  000.577: sourcing /Users/fill/.cache/dein/.cache/init.vim/.dein/autoload/airline/extensions/whitespace.vim
536.484  000.529  000.529: sourcing /Users/fill/.cache/dein/.cache/init.vim/.dein/autoload/airline/extensions/tabline.vim
537.433  000.624  000.624: sourcing /Users/fill/.cache/dein/.cache/init.vim/.dein/autoload/airline/extensions/tabline/autoshow.vim
538.265  000.440  000.440: sourcing /Users/fill/.cache/dein/.cache/init.vim/.dein/autoload/airline/extensions/tabline/tabs.vim
539.257  000.652  000.652: sourcing /Users/fill/.cache/dein/.cache/init.vim/.dein/autoload/airline/extensions/tabline/buffers.vim
540.265  000.418  000.418: sourcing /Users/fill/.cache/dein/.cache/init.vim/.dein/autoload/airline/extensions/keymap.vim
546.766  000.491  000.491: sourcing /Users/fill/.cache/dein/.cache/init.vim/.dein/autoload/airline/section.vim
548.093  000.897  000.897: sourcing /Users/fill/.cache/dein/.cache/init.vim/.dein/autoload/airline/highlighter.vim
552.207  000.395  000.395: sourcing /Users/fill/.cache/dein/.cache/init.vim/.dein/autoload/airline/themes.vim
552.624  001.735  001.340: sourcing /Users/fill/.cache/dein/.cache/init.vim/.dein/autoload/airline/themes/molokai.vim
557.589  000.455  000.455: sourcing /Users/fill/.cache/dein/.cache/init.vim/.dein/autoload/airline/themes/molokai.vim
588.156  000.700  000.700: sourcing /Users/fill/.cache/dein/.cache/init.vim/.dein/autoload/airline/builder.vim
589.275  000.412  000.412: sourcing /Users/fill/.cache/dein/.cache/init.vim/.dein/autoload/airline/extensions/default.vim
924.664  307.355  307.355: sourcing /Users/fill/.cache/dein/repos/github.com/dag/vim-fish/ftplugin/fish.vim
926.387  000.037  000.037: sourcing /Users/fill/.cache/dein/repos/github.com/dag/vim-fish/indent/fish.vim
927.012  000.206  000.206: sourcing /Users/fill/.cache/dein/repos/github.com/dag/vim-fish/syntax/fish.vim
1218.114  290.170  290.170: sourcing /Users/fill/.cache/dein/repos/github.com/dag/vim-fish/ftplugin/fish.vim
1219.814  000.035  000.035: sourcing /Users/fill/.cache/dein/repos/github.com/dag/vim-fish/indent/fish.vim
1220.449  000.200  000.200: sourcing /Users/fill/.cache/dein/repos/github.com/dag/vim-fish/syntax/fish.vim
1229.487  007.165  007.165: sourcing /Users/fill/.cache/dein/.cache/init.vim/.dein/autoload/fugitive.vim
1233.374  000.837  000.837: sourcing /Users/fill/.cache/dein/.cache/init.vim/.dein/autoload/ale.vim
1235.319  001.485  001.485: sourcing /Users/fill/.cache/dein/.cache/init.vim/.dein/autoload/ale/util.vim
1236.899  001.184  001.184: sourcing /Users/fill/.cache/dein/.cache/init.vim/.dein/autoload/ale/linter.vim
1239.356  001.266  001.266: sourcing /Users/fill/.cache/dein/.cache/init.vim/.dein/ale_linters/fish/fish.vim
1241.518  001.347  001.347: sourcing /Users/fill/.cache/dein/.cache/init.vim/.dein/autoload/ale/engine.vim
1242.622  000.449  000.449: sourcing /Users/fill/.cache/dein/.cache/init.vim/.dein/autoload/ale/history.vim
1243.847  000.744  000.744: sourcing /Users/fill/.cache/dein/.cache/init.vim/.dein/autoload/ale/command.vim
1245.737  000.914  000.914: sourcing /Users/fill/.cache/dein/.cache/init.vim/.dein/autoload/ale/job.vim
1250.165  000.846  000.846: sourcing /Users/fill/.cache/dein/.cache/init.vim/.dein/autoload/unite/sources/buffer/variables.vim
1251.054  116.264: opening buffers
1251.275  000.221: BufEnter autocommands
1251.281  000.006: editing files in windows
1251.976  000.695: VimEnter autocommands
1566.521  314.261  314.261: sourcing /usr/local/Cellar/neovim/0.3.1/share/nvim/runtime/autoload/provider/clipboard.vim
1566.560  000.323: before starting main loop
1567.792  000.886  000.886: sourcing /Users/fill/.cache/dein/.cache/init.vim/.dein/autoload/ale/cursor.vim
1569.480  000.576  000.576: sourcing /Users/fill/.cache/dein/.cache/init.vim/.dein/autoload/airline/extensions/tabline/ctrlspace.vim
1570.892  000.728  000.728: sourcing /Users/fill/.cache/dein/.cache/init.vim/.dein/autoload/airline/extensions/tabline/builder.vim
1571.928  000.516  000.516: sourcing /Users/fill/.cache/dein/.cache/init.vim/.dein/autoload/airline/extensions/tabline/buflist.vim
1577.048  000.473  000.473: sourcing /Users/fill/.cache/dein/.cache/init.vim/.dein/autoload/airline/extensions/tabline/formatters/webdevicons.vim
1578.952  000.655  000.655: sourcing /Users/fill/.cache/dein/.cache/init.vim/.dein/autoload/airline/extensions/tabline/formatters/default.vim
1597.437  000.761  000.761: sourcing /Users/fill/.cache/dein/.cache/init.vim/.dein/autoload/airline/async.vim
1605.715  034.559: first screen update
1605.725  000.010: --- NVIM STARTED ---
