

times in msec
 clock   self+sourced   self:  sourced script
 clock   elapsed:              other lines

000.042  000.042: --- NVIM STARTING ---
001.664  001.621: locale set
003.643  001.979: inits 1
003.717  000.074: window checked
004.782  001.065: parsing arguments
005.315  000.534: expanding arguments
005.648  000.333: inits 2
007.446  001.798: init highlight
008.532  000.050  000.050: sourcing /usr/local/Cellar/neovim/0.3.1/share/nvim/runtime/macros/matchit.vim
010.438  001.029  001.029: sourcing /Users/fill/.cache/dein/repos/github.com/Shougo/dein.vim/autoload/dein.vim
012.400  000.141  000.141: sourcing /usr/local/Cellar/neovim/0.3.1/share/nvim/runtime/ftoff.vim
016.622  003.366  003.366: sourcing /Users/fill/.cache/dein/.cache/init.vim/.dein/colors/molokai.vim
018.361  000.323  000.323: sourcing /usr/local/Cellar/neovim/0.3.1/share/nvim/runtime/syntax/syncolor.vim
020.073  000.360  000.360: sourcing /usr/local/Cellar/neovim/0.3.1/share/nvim/runtime/syntax/syncolor.vim
021.007  000.311  000.311: sourcing /usr/local/Cellar/neovim/0.3.1/share/nvim/runtime/syntax/syncolor.vim
021.979  004.695  003.700: sourcing /Users/fill/.cache/dein/.cache/init.vim/.dein/colors/molokai.vim
022.138  005.103  000.408: sourcing /usr/local/Cellar/neovim/0.3.1/share/nvim/runtime/syntax/synload.vim
034.472  000.221  000.221: sourcing /Users/fill/.cache/dein/.cache/init.vim/.dein/ftdetect/ftdetect.vim
034.667  012.346  012.125: sourcing /usr/local/Cellar/neovim/0.3.1/share/nvim/runtime/filetype.vim
034.756  018.018  000.570: sourcing /usr/local/Cellar/neovim/0.3.1/share/nvim/runtime/syntax/syntax.vim
035.875  000.280  000.280: sourcing /usr/local/Cellar/neovim/0.3.1/share/nvim/runtime/syntax/syncolor.vim
037.185  000.266  000.266: sourcing /usr/local/Cellar/neovim/0.3.1/share/nvim/runtime/syntax/syncolor.vim
037.989  000.267  000.267: sourcing /usr/local/Cellar/neovim/0.3.1/share/nvim/runtime/syntax/syncolor.vim
038.868  003.948  003.134: sourcing /Users/fill/.cache/dein/.cache/init.vim/.dein/colors/molokai.vim
038.932  027.917  002.443: sourcing /Users/fill/.cache/dein/state_nvim.vim
039.185  000.059  000.059: sourcing /usr/local/Cellar/neovim/0.3.1/share/nvim/runtime/filetype.vim
039.429  000.068  000.068: sourcing /Users/fill/.cache/dein/.cache/init.vim/.dein/ftplugin.vim
039.539  000.027  000.027: sourcing /usr/local/Cellar/neovim/0.3.1/share/nvim/runtime/ftplugin.vim
039.785  000.069  000.069: sourcing /usr/local/Cellar/neovim/0.3.1/share/nvim/runtime/indent.vim
040.320  000.304  000.304: sourcing /usr/local/Cellar/neovim/0.3.1/share/nvim/runtime/syntax/nosyntax.vim
041.625  000.278  000.278: sourcing /usr/local/Cellar/neovim/0.3.1/share/nvim/runtime/syntax/syncolor.vim
043.144  000.277  000.277: sourcing /usr/local/Cellar/neovim/0.3.1/share/nvim/runtime/syntax/syncolor.vim
043.948  000.267  000.267: sourcing /usr/local/Cellar/neovim/0.3.1/share/nvim/runtime/syntax/syncolor.vim
044.834  004.158  003.336: sourcing /Users/fill/.cache/dein/.cache/init.vim/.dein/colors/molokai.vim
044.973  004.502  000.344: sourcing /usr/local/Cellar/neovim/0.3.1/share/nvim/runtime/syntax/synload.vim
045.024  005.114  000.308: sourcing /usr/local/Cellar/neovim/0.3.1/share/nvim/runtime/syntax/syntax.vim
045.551  000.347  000.347: sourcing /Users/fill/.cache/dein/repos/github.com/Shougo/dein.vim/autoload/dein/autoload.vim
046.496  000.723  000.723: sourcing /Users/fill/.cache/dein/repos/github.com/Shougo/dein.vim/autoload/dein/util.vim
046.817  038.834  003.429: sourcing /Users/fill/.config/nvim/init.vim
046.827  000.547: sourcing vimrc file(s)
047.378  000.099  000.099: sourcing /Users/fill/.cache/dein/repos/github.com/Shougo/vimproc.vim/plugin/vimproc.vim
047.637  000.044  000.044: sourcing /Users/fill/.cache/dein/repos/github.com/Shougo/deoplete.nvim/plugin/deoplete.vim
055.458  006.916  006.916: sourcing /Users/fill/.cache/dein/.cache/init.vim/.dein/plugin/EasyMotion.vim
056.470  000.216  000.216: sourcing /Users/fill/.cache/dein/.cache/init.vim/.dein/autoload/nerdtree.vim
058.501  000.837  000.837: sourcing /Users/fill/.cache/dein/.cache/init.vim/.dein/lib/nerdtree/path.vim
058.910  000.254  000.254: sourcing /Users/fill/.cache/dein/.cache/init.vim/.dein/lib/nerdtree/menu_controller.vim
059.518  000.396  000.396: sourcing /Users/fill/.cache/dein/.cache/init.vim/.dein/lib/nerdtree/menu_item.vim
060.416  000.506  000.506: sourcing /Users/fill/.cache/dein/.cache/init.vim/.dein/lib/nerdtree/key_map.vim
061.670  000.871  000.871: sourcing /Users/fill/.cache/dein/.cache/init.vim/.dein/lib/nerdtree/bookmark.vim
062.605  000.649  000.649: sourcing /Users/fill/.cache/dein/.cache/init.vim/.dein/lib/nerdtree/tree_file_node.vim
064.142  001.256  001.256: sourcing /Users/fill/.cache/dein/.cache/init.vim/.dein/lib/nerdtree/tree_dir_node.vim
065.030  000.607  000.607: sourcing /Users/fill/.cache/dein/.cache/init.vim/.dein/lib/nerdtree/opener.vim
066.257  000.950  000.950: sourcing /Users/fill/.cache/dein/.cache/init.vim/.dein/lib/nerdtree/creator.vim
066.649  000.140  000.140: sourcing /Users/fill/.cache/dein/.cache/init.vim/.dein/lib/nerdtree/flag_set.vim
067.226  000.355  000.355: sourcing /Users/fill/.cache/dein/.cache/init.vim/.dein/lib/nerdtree/nerdtree.vim
068.159  000.714  000.714: sourcing /Users/fill/.cache/dein/.cache/init.vim/.dein/lib/nerdtree/ui.vim
068.438  000.060  000.060: sourcing /Users/fill/.cache/dein/.cache/init.vim/.dein/lib/nerdtree/event.vim
068.769  000.111  000.111: sourcing /Users/fill/.cache/dein/.cache/init.vim/.dein/lib/nerdtree/notifier.vim
069.895  000.895  000.895: sourcing /Users/fill/.cache/dein/.cache/init.vim/.dein/autoload/nerdtree/ui_glue.vim
074.427  000.156  000.156: sourcing /Users/fill/.cache/dein/.cache/init.vim/.dein/nerdtree_plugin/exec_menuitem.vim
075.570  001.075  001.075: sourcing /Users/fill/.cache/dein/.cache/init.vim/.dein/nerdtree_plugin/fs_menu.vim
076.549  000.890  000.890: sourcing /Users/fill/.cache/dein/.cache/init.vim/.dein/nerdtree_plugin/webdevicons.vim
076.787  021.252  010.315: sourcing /Users/fill/.cache/dein/.cache/init.vim/.dein/plugin/NERD_tree.vim
077.326  000.452  000.452: sourcing /Users/fill/.cache/dein/.cache/init.vim/.dein/plugin/ac_smooth_scroll.vim
077.464  000.049  000.049: sourcing /Users/fill/.cache/dein/.cache/init.vim/.dein/plugin/airline-themes.vim
078.232  000.376  000.376: sourcing /Users/fill/.cache/dein/.cache/init.vim/.dein/autoload/airline.vim
079.255  000.244  000.244: sourcing /Users/fill/.cache/dein/.cache/init.vim/.dein/autoload/airline/init.vim
080.197  000.164  000.164: sourcing /Users/fill/.cache/dein/.cache/init.vim/.dein/autoload/airline/parts.vim
082.170  000.241  000.241: sourcing /Users/fill/.cache/dein/.cache/init.vim/.dein/autoload/airline/util.vim
082.236  004.690  003.665: sourcing /Users/fill/.cache/dein/.cache/init.vim/.dein/plugin/airline.vim
083.210  000.176  000.176: sourcing /Users/fill/.cache/dein/.cache/init.vim/.dein/autoload/ale/events.vim
083.426  001.108  000.932: sourcing /Users/fill/.cache/dein/.cache/init.vim/.dein/plugin/ale.vim
088.875  005.370  005.370: sourcing /Users/fill/.cache/dein/.cache/init.vim/.dein/plugin/caw.vim
089.413  000.440  000.440: sourcing /Users/fill/.cache/dein/.cache/init.vim/.dein/plugin/fugitive.vim
089.731  000.236  000.236: sourcing /Users/fill/.cache/dein/.cache/init.vim/.dein/plugin/neosnippet.vim
090.543  000.731  000.731: sourcing /Users/fill/.cache/dein/.cache/init.vim/.dein/plugin/surround.vim
091.375  000.480  000.480: sourcing /Users/fill/.cache/dein/.cache/init.vim/.dein/autoload/unite/custom.vim
091.548  000.919  000.439: sourcing /Users/fill/.cache/dein/.cache/init.vim/.dein/plugin/unite/bookmark.vim
091.759  000.129  000.129: sourcing /Users/fill/.cache/dein/.cache/init.vim/.dein/plugin/unite/buffer.vim
091.975  000.134  000.134: sourcing /Users/fill/.cache/dein/.cache/init.vim/.dein/plugin/unite/window.vim
092.266  000.212  000.212: sourcing /Users/fill/.cache/dein/.cache/init.vim/.dein/plugin/unite.vim
100.481  001.190  001.190: sourcing /Users/fill/.cache/dein/.cache/init.vim/.dein/autoload/vital/unite.vim
102.923  001.607  001.607: sourcing /Users/fill/.cache/dein/.cache/init.vim/.dein/autoload/vital/_unite/Prelude.vim
103.668  002.644  001.037: sourcing /Users/fill/.cache/dein/.cache/init.vim/.dein/autoload/vital/_unite/Prelude.vim
105.243  006.842  003.008: sourcing /Users/fill/.cache/dein/.cache/init.vim/.dein/autoload/unite/util.vim
106.805  008.796  001.954: sourcing /Users/fill/.cache/dein/.cache/init.vim/.dein/autoload/unite.vim
107.377  000.299  000.299: sourcing /Users/fill/.cache/dein/.cache/init.vim/.dein/autoload/unite/variables.vim
108.063  015.652  006.558: sourcing /Users/fill/.cache/dein/.cache/init.vim/.dein/plugin/webdevicons.vim
109.380  000.502  000.502: sourcing /usr/local/Cellar/neovim/0.3.1/share/nvim/runtime/plugin/gzip.vim
109.510  000.033  000.033: sourcing /usr/local/Cellar/neovim/0.3.1/share/nvim/runtime/plugin/health.vim
109.694  000.109  000.109: sourcing /usr/local/Cellar/neovim/0.3.1/share/nvim/runtime/plugin/man.vim
110.580  000.806  000.806: sourcing /usr/local/Cellar/neovim/0.3.1/share/nvim/runtime/plugin/matchit.vim
110.927  000.266  000.266: sourcing /usr/local/Cellar/neovim/0.3.1/share/nvim/runtime/plugin/matchparen.vim
111.702  000.685  000.685: sourcing /usr/local/Cellar/neovim/0.3.1/share/nvim/runtime/plugin/netrwPlugin.vim
112.672  000.326  000.326: sourcing /usr/local/Cellar/neovim/0.3.1/share/nvim/runtime/autoload/remote/host.vim
113.353  000.306  000.306: sourcing /usr/local/Cellar/neovim/0.3.1/share/nvim/runtime/autoload/remote/define.vim
113.486  001.334  000.703: sourcing /Users/fill/.local/share/nvim/rplugin.vim
113.499  001.697  000.363: sourcing /usr/local/Cellar/neovim/0.3.1/share/nvim/runtime/plugin/rplugin.vim
113.619  000.033  000.033: sourcing /usr/local/Cellar/neovim/0.3.1/share/nvim/runtime/plugin/rrhelper.vim
113.871  000.165  000.165: sourcing /usr/local/Cellar/neovim/0.3.1/share/nvim/runtime/plugin/shada.vim
114.010  000.050  000.050: sourcing /usr/local/Cellar/neovim/0.3.1/share/nvim/runtime/plugin/spellfile.vim
114.330  000.235  000.235: sourcing /usr/local/Cellar/neovim/0.3.1/share/nvim/runtime/plugin/tarPlugin.vim
114.572  000.155  000.155: sourcing /usr/local/Cellar/neovim/0.3.1/share/nvim/runtime/plugin/tohtml.vim
114.700  000.042  000.042: sourcing /usr/local/Cellar/neovim/0.3.1/share/nvim/runtime/plugin/tutor.vim
115.079  000.294  000.294: sourcing /usr/local/Cellar/neovim/0.3.1/share/nvim/runtime/plugin/zipPlugin.vim
115.092  004.757: loading plugins
115.263  000.171: loading packages
116.059  000.584  000.584: sourcing /Users/fill/.cache/dein/.cache/init.vim/.dein/after/plugin/indentLine.vim
116.176  000.328: loading after plugins
116.189  000.014: inits 3
121.264  005.075: reading ShaDa
127.862  006.598: clearing screen
137.166  000.913  000.913: sourcing /usr/local/Cellar/neovim/0.3.1/share/nvim/runtime/scripts.vim
139.337  000.063  000.063: sourcing /usr/local/Cellar/neovim/0.3.1/share/nvim/runtime/filetype.vim
139.566  000.025  000.025: sourcing /Users/fill/.cache/dein/.cache/init.vim/.dein/ftplugin.vim
139.691  000.030  000.030: sourcing /usr/local/Cellar/neovim/0.3.1/share/nvim/runtime/ftplugin.vim
139.936  000.036  000.036: sourcing /usr/local/Cellar/neovim/0.3.1/share/nvim/runtime/filetype.vim
140.156  000.026  000.026: sourcing /usr/local/Cellar/neovim/0.3.1/share/nvim/runtime/indent.vim
432.520  291.641  291.641: sourcing /Users/fill/.cache/dein/repos/github.com/dag/vim-fish/ftplugin/fish.vim
434.830  000.511  000.511: sourcing /Users/fill/.cache/dein/repos/github.com/dag/vim-fish/indent/fish.vim
436.202  000.842  000.842: sourcing /Users/fill/.cache/dein/repos/github.com/dag/vim-fish/syntax/fish.vim
437.464  000.474  000.474: sourcing /Users/fill/.cache/dein/.cache/init.vim/.dein/autoload/airline/extensions.vim
437.895  000.113  000.113: sourcing /Users/fill/.cache/dein/.cache/init.vim/.dein/autoload/airline/extensions/quickfix.vim
438.311  000.065  000.065: sourcing /Users/fill/.cache/dein/.cache/init.vim/.dein/autoload/airline/extensions/unite.vim
438.711  000.068  000.068: sourcing /Users/fill/.cache/dein/.cache/init.vim/.dein/autoload/airline/extensions/netrw.vim
439.105  000.078  000.078: sourcing /Users/fill/.cache/dein/.cache/init.vim/.dein/autoload/airline/extensions/term.vim
439.915  000.350  000.350: sourcing /Users/fill/.cache/dein/.cache/init.vim/.dein/autoload/airline/extensions/branch.vim
440.407  000.092  000.092: sourcing /Users/fill/.cache/dein/.cache/init.vim/.dein/autoload/airline/extensions/fugitiveline.vim
440.909  000.122  000.122: sourcing /Users/fill/.cache/dein/.cache/init.vim/.dein/autoload/airline/extensions/ale.vim
441.683  000.211  000.211: sourcing /Users/fill/.cache/dein/.cache/init.vim/.dein/autoload/airline/extensions/whitespace.vim
442.534  000.370  000.370: sourcing /Users/fill/.cache/dein/.cache/init.vim/.dein/autoload/airline/extensions/tabline.vim
443.037  000.107  000.107: sourcing /Users/fill/.cache/dein/.cache/init.vim/.dein/autoload/airline/extensions/tabline/autoshow.vim
443.604  000.158  000.158: sourcing /Users/fill/.cache/dein/.cache/init.vim/.dein/autoload/airline/extensions/tabline/tabs.vim
444.220  000.278  000.278: sourcing /Users/fill/.cache/dein/.cache/init.vim/.dein/autoload/airline/extensions/tabline/buffers.vim
444.727  000.053  000.053: sourcing /Users/fill/.cache/dein/.cache/init.vim/.dein/autoload/airline/extensions/keymap.vim
449.558  000.120  000.120: sourcing /Users/fill/.cache/dein/.cache/init.vim/.dein/autoload/airline/section.vim
450.320  000.350  000.350: sourcing /Users/fill/.cache/dein/.cache/init.vim/.dein/autoload/airline/highlighter.vim
453.391  000.106  000.106: sourcing /Users/fill/.cache/dein/.cache/init.vim/.dein/autoload/airline/themes.vim
453.801  000.759  000.652: sourcing /Users/fill/.cache/dein/.cache/init.vim/.dein/autoload/airline/themes/molokai.vim
457.856  000.444  000.444: sourcing /Users/fill/.cache/dein/.cache/init.vim/.dein/autoload/airline/themes/molokai.vim
490.347  000.716  000.716: sourcing /Users/fill/.cache/dein/.cache/init.vim/.dein/autoload/airline/builder.vim
492.472  000.410  000.410: sourcing /Users/fill/.cache/dein/.cache/init.vim/.dein/autoload/airline/extensions/default.vim
901.359  297.055  297.055: sourcing /Users/fill/.cache/dein/repos/github.com/dag/vim-fish/ftplugin/fish.vim
903.061  000.033  000.033: sourcing /Users/fill/.cache/dein/repos/github.com/dag/vim-fish/indent/fish.vim
903.728  000.222  000.222: sourcing /Users/fill/.cache/dein/repos/github.com/dag/vim-fish/syntax/fish.vim
1199.097  294.309  294.309: sourcing /Users/fill/.cache/dein/repos/github.com/dag/vim-fish/ftplugin/fish.vim
1200.932  000.041  000.041: sourcing /Users/fill/.cache/dein/repos/github.com/dag/vim-fish/indent/fish.vim
1201.608  000.207  000.207: sourcing /Users/fill/.cache/dein/repos/github.com/dag/vim-fish/syntax/fish.vim
1209.348  006.030  006.030: sourcing /Users/fill/.cache/dein/.cache/init.vim/.dein/autoload/fugitive.vim
1213.717  000.699  000.699: sourcing /Users/fill/.cache/dein/.cache/init.vim/.dein/autoload/ale.vim
1215.913  001.484  001.484: sourcing /Users/fill/.cache/dein/.cache/init.vim/.dein/autoload/ale/util.vim
1218.223  001.520  001.520: sourcing /Users/fill/.cache/dein/.cache/init.vim/.dein/autoload/ale/linter.vim
1220.524  001.386  001.386: sourcing /Users/fill/.cache/dein/.cache/init.vim/.dein/ale_linters/fish/fish.vim
1223.159  001.275  001.275: sourcing /Users/fill/.cache/dein/.cache/init.vim/.dein/autoload/ale/engine.vim
1224.670  000.549  000.549: sourcing /Users/fill/.cache/dein/.cache/init.vim/.dein/autoload/ale/history.vim
1225.787  000.383  000.383: sourcing /Users/fill/.cache/dein/.cache/init.vim/.dein/autoload/ale/command.vim
1228.908  001.564  001.564: sourcing /Users/fill/.cache/dein/.cache/init.vim/.dein/autoload/ale/job.vim
1232.600  000.239  000.239: sourcing /Users/fill/.cache/dein/.cache/init.vim/.dein/autoload/unite/sources/buffer/variables.vim
1233.451  199.166: opening buffers
1233.677  000.226: BufEnter autocommands
1233.683  000.005: editing files in windows
1234.378  000.696: VimEnter autocommands
1441.672  207.060  207.060: sourcing /usr/local/Cellar/neovim/0.3.1/share/nvim/runtime/autoload/provider/clipboard.vim
1441.711  000.273: before starting main loop
1442.542  000.397  000.397: sourcing /Users/fill/.cache/dein/.cache/init.vim/.dein/autoload/ale/cursor.vim
1443.838  000.217  000.217: sourcing /Users/fill/.cache/dein/.cache/init.vim/.dein/autoload/airline/extensions/tabline/ctrlspace.vim
1444.792  000.261  000.261: sourcing /Users/fill/.cache/dein/.cache/init.vim/.dein/autoload/airline/extensions/tabline/builder.vim
1445.437  000.131  000.131: sourcing /Users/fill/.cache/dein/.cache/init.vim/.dein/autoload/airline/extensions/tabline/buflist.vim
1449.933  000.044  000.044: sourcing /Users/fill/.cache/dein/.cache/init.vim/.dein/autoload/airline/extensions/tabline/formatters/webdevicons.vim
1450.459  000.113  000.113: sourcing /Users/fill/.cache/dein/.cache/init.vim/.dein/autoload/airline/extensions/tabline/formatters/default.vim
1466.138  000.321  000.321: sourcing /Users/fill/.cache/dein/.cache/init.vim/.dein/autoload/airline/async.vim
1472.357  029.162: first screen update
1472.366  000.009: --- NVIM STARTED ---
