

times in msec
 clock   self+sourced   self:  sourced script
 clock   elapsed:              other lines

000.013  000.013: --- NVIM STARTING ---
000.915  000.902: locale set
002.755  001.840: inits 1
002.778  000.023: window checked
003.773  000.995: parsing arguments
004.465  000.691: expanding arguments
004.593  000.129: inits 2
005.409  000.816: init highlight
007.707  000.779  000.779: sourcing /usr/local/Cellar/neovim/0.3.1/share/nvim/runtime/macros/matchit.vim
009.317  001.205  001.205: sourcing /Users/fill/.cache/dein/repos/github.com/Shougo/dein.vim/autoload/dein.vim
012.619  000.684  000.684: sourcing /usr/local/Cellar/neovim/0.3.1/share/nvim/runtime/ftoff.vim
016.410  003.213  003.213: sourcing /Users/fill/.cache/dein/.cache/init.vim/.dein/colors/molokai.vim
020.116  001.215  001.215: sourcing /usr/local/Cellar/neovim/0.3.1/share/nvim/runtime/syntax/syncolor.vim
021.540  000.301  000.301: sourcing /usr/local/Cellar/neovim/0.3.1/share/nvim/runtime/syntax/syncolor.vim
022.407  000.291  000.291: sourcing /usr/local/Cellar/neovim/0.3.1/share/nvim/runtime/syntax/syncolor.vim
023.296  005.195  003.389: sourcing /Users/fill/.cache/dein/.cache/init.vim/.dein/colors/molokai.vim
023.445  005.884  000.688: sourcing /usr/local/Cellar/neovim/0.3.1/share/nvim/runtime/syntax/synload.vim
034.905  000.762  000.762: sourcing /Users/fill/.cache/dein/.cache/init.vim/.dein/ftdetect/ftdetect.vim
035.366  011.761  010.999: sourcing /usr/local/Cellar/neovim/0.3.1/share/nvim/runtime/filetype.vim
035.593  019.088  001.443: sourcing /usr/local/Cellar/neovim/0.3.1/share/nvim/runtime/syntax/syntax.vim
038.115  000.530  000.530: sourcing /usr/local/Cellar/neovim/0.3.1/share/nvim/runtime/syntax/syncolor.vim
040.637  000.511  000.511: sourcing /usr/local/Cellar/neovim/0.3.1/share/nvim/runtime/syntax/syncolor.vim
042.025  000.410  000.410: sourcing /usr/local/Cellar/neovim/0.3.1/share/nvim/runtime/syntax/syncolor.vim
043.370  007.342  005.891: sourcing /Users/fill/.cache/dein/.cache/init.vim/.dein/colors/molokai.vim
043.466  033.757  003.430: sourcing /Users/fill/.cache/dein/state_nvim.vim
043.851  000.092  000.092: sourcing /usr/local/Cellar/neovim/0.3.1/share/nvim/runtime/filetype.vim
044.650  000.534  000.534: sourcing /Users/fill/.cache/dein/.cache/init.vim/.dein/ftplugin.vim
045.518  000.716  000.716: sourcing /usr/local/Cellar/neovim/0.3.1/share/nvim/runtime/ftplugin.vim
046.220  000.415  000.415: sourcing /usr/local/Cellar/neovim/0.3.1/share/nvim/runtime/indent.vim
047.467  000.944  000.944: sourcing /usr/local/Cellar/neovim/0.3.1/share/nvim/runtime/syntax/nosyntax.vim
049.016  000.283  000.283: sourcing /usr/local/Cellar/neovim/0.3.1/share/nvim/runtime/syntax/syncolor.vim
050.305  000.268  000.268: sourcing /usr/local/Cellar/neovim/0.3.1/share/nvim/runtime/syntax/syncolor.vim
051.102  000.266  000.266: sourcing /usr/local/Cellar/neovim/0.3.1/share/nvim/runtime/syntax/syncolor.vim
052.020  004.135  003.317: sourcing /Users/fill/.cache/dein/.cache/init.vim/.dein/colors/molokai.vim
052.201  004.540  000.405: sourcing /usr/local/Cellar/neovim/0.3.1/share/nvim/runtime/syntax/synload.vim
052.256  005.871  000.386: sourcing /usr/local/Cellar/neovim/0.3.1/share/nvim/runtime/syntax/syntax.vim
053.792  001.334  001.334: sourcing /Users/fill/.cache/dein/repos/github.com/Shougo/dein.vim/autoload/dein/autoload.vim
055.419  001.386  001.386: sourcing /Users/fill/.cache/dein/repos/github.com/Shougo/dein.vim/autoload/dein/util.vim
055.749  049.793  003.704: sourcing /Users/fill/.config/nvim/init.vim
055.760  000.558: sourcing vimrc file(s)
058.062  000.430  000.430: sourcing /Users/fill/.cache/dein/repos/github.com/Shougo/vimproc.vim/plugin/vimproc.vim
060.440  000.386  000.386: sourcing /Users/fill/.cache/dein/repos/github.com/Shougo/deoplete.nvim/plugin/deoplete.vim
072.074  009.429  009.429: sourcing /Users/fill/.cache/dein/.cache/init.vim/.dein/plugin/EasyMotion.vim
074.484  000.873  000.873: sourcing /Users/fill/.cache/dein/.cache/init.vim/.dein/autoload/nerdtree.vim
077.516  001.821  001.821: sourcing /Users/fill/.cache/dein/.cache/init.vim/.dein/lib/nerdtree/path.vim
078.808  001.079  001.079: sourcing /Users/fill/.cache/dein/.cache/init.vim/.dein/lib/nerdtree/menu_controller.vim
079.542  000.540  000.540: sourcing /Users/fill/.cache/dein/.cache/init.vim/.dein/lib/nerdtree/menu_item.vim
080.392  000.679  000.679: sourcing /Users/fill/.cache/dein/.cache/init.vim/.dein/lib/nerdtree/key_map.vim
081.489  000.833  000.833: sourcing /Users/fill/.cache/dein/.cache/init.vim/.dein/lib/nerdtree/bookmark.vim
082.520  000.857  000.857: sourcing /Users/fill/.cache/dein/.cache/init.vim/.dein/lib/nerdtree/tree_file_node.vim
083.924  001.249  001.249: sourcing /Users/fill/.cache/dein/.cache/init.vim/.dein/lib/nerdtree/tree_dir_node.vim
084.954  000.881  000.881: sourcing /Users/fill/.cache/dein/.cache/init.vim/.dein/lib/nerdtree/opener.vim
086.002  000.879  000.879: sourcing /Users/fill/.cache/dein/.cache/init.vim/.dein/lib/nerdtree/creator.vim
086.620  000.458  000.458: sourcing /Users/fill/.cache/dein/.cache/init.vim/.dein/lib/nerdtree/flag_set.vim
087.400  000.622  000.622: sourcing /Users/fill/.cache/dein/.cache/init.vim/.dein/lib/nerdtree/nerdtree.vim
088.483  000.927  000.927: sourcing /Users/fill/.cache/dein/.cache/init.vim/.dein/lib/nerdtree/ui.vim
088.920  000.289  000.289: sourcing /Users/fill/.cache/dein/.cache/init.vim/.dein/lib/nerdtree/event.vim
089.513  000.378  000.378: sourcing /Users/fill/.cache/dein/.cache/init.vim/.dein/lib/nerdtree/notifier.vim
091.332  001.640  001.640: sourcing /Users/fill/.cache/dein/.cache/init.vim/.dein/autoload/nerdtree/ui_glue.vim
096.862  001.377  001.377: sourcing /Users/fill/.cache/dein/.cache/init.vim/.dein/nerdtree_plugin/exec_menuitem.vim
100.050  002.978  002.978: sourcing /Users/fill/.cache/dein/.cache/init.vim/.dein/nerdtree_plugin/fs_menu.vim
101.871  001.675  001.675: sourcing /Users/fill/.cache/dein/.cache/init.vim/.dein/nerdtree_plugin/webdevicons.vim
102.331  030.154  010.119: sourcing /Users/fill/.cache/dein/.cache/init.vim/.dein/plugin/NERD_tree.vim
103.641  001.158  001.158: sourcing /Users/fill/.cache/dein/.cache/init.vim/.dein/plugin/ac_smooth_scroll.vim
104.630  000.839  000.839: sourcing /Users/fill/.cache/dein/.cache/init.vim/.dein/plugin/airline-themes.vim
106.416  000.989  000.989: sourcing /Users/fill/.cache/dein/.cache/init.vim/.dein/autoload/airline.vim
108.073  001.193  001.193: sourcing /Users/fill/.cache/dein/.cache/init.vim/.dein/autoload/airline/init.vim
109.756  000.631  000.631: sourcing /Users/fill/.cache/dein/.cache/init.vim/.dein/autoload/airline/parts.vim
112.349  000.613  000.613: sourcing /Users/fill/.cache/dein/.cache/init.vim/.dein/autoload/airline/util.vim
112.419  007.670  004.243: sourcing /Users/fill/.cache/dein/.cache/init.vim/.dein/plugin/airline.vim
114.576  000.913  000.913: sourcing /Users/fill/.cache/dein/.cache/init.vim/.dein/autoload/ale/events.vim
114.898  002.389  001.476: sourcing /Users/fill/.cache/dein/.cache/init.vim/.dein/plugin/ale.vim
121.009  005.998  005.998: sourcing /Users/fill/.cache/dein/.cache/init.vim/.dein/plugin/caw.vim
122.103  000.983  000.983: sourcing /Users/fill/.cache/dein/.cache/init.vim/.dein/plugin/fugitive.vim
123.356  001.151  001.151: sourcing /Users/fill/.cache/dein/.cache/init.vim/.dein/plugin/neosnippet.vim
124.736  001.287  001.287: sourcing /Users/fill/.cache/dein/.cache/init.vim/.dein/plugin/surround.vim
126.531  000.933  000.933: sourcing /Users/fill/.cache/dein/.cache/init.vim/.dein/autoload/unite/custom.vim
126.705  001.865  000.932: sourcing /Users/fill/.cache/dein/.cache/init.vim/.dein/plugin/unite/bookmark.vim
127.441  000.644  000.644: sourcing /Users/fill/.cache/dein/.cache/init.vim/.dein/plugin/unite/buffer.vim
128.233  000.697  000.697: sourcing /Users/fill/.cache/dein/.cache/init.vim/.dein/plugin/unite/window.vim
128.899  000.581  000.581: sourcing /Users/fill/.cache/dein/.cache/init.vim/.dein/plugin/unite.vim
137.255  002.290  002.290: sourcing /Users/fill/.cache/dein/.cache/init.vim/.dein/autoload/vital/unite.vim
139.914  001.204  001.204: sourcing /Users/fill/.cache/dein/.cache/init.vim/.dein/autoload/vital/_unite/Prelude.vim
140.509  002.852  001.647: sourcing /Users/fill/.cache/dein/.cache/init.vim/.dein/autoload/vital/_unite/Prelude.vim
141.790  008.224  003.083: sourcing /Users/fill/.cache/dein/.cache/init.vim/.dein/autoload/unite/util.vim
143.242  010.854  002.630: sourcing /Users/fill/.cache/dein/.cache/init.vim/.dein/autoload/unite.vim
144.918  001.402  001.402: sourcing /Users/fill/.cache/dein/.cache/init.vim/.dein/autoload/unite/variables.vim
146.791  017.803  005.548: sourcing /Users/fill/.cache/dein/.cache/init.vim/.dein/plugin/webdevicons.vim
150.347  001.157  001.157: sourcing /usr/local/Cellar/neovim/0.3.1/share/nvim/runtime/plugin/gzip.vim
151.029  000.502  000.502: sourcing /usr/local/Cellar/neovim/0.3.1/share/nvim/runtime/plugin/health.vim
151.700  000.498  000.498: sourcing /usr/local/Cellar/neovim/0.3.1/share/nvim/runtime/plugin/man.vim
153.793  001.956  001.956: sourcing /usr/local/Cellar/neovim/0.3.1/share/nvim/runtime/plugin/matchit.vim
154.996  001.059  001.059: sourcing /usr/local/Cellar/neovim/0.3.1/share/nvim/runtime/plugin/matchparen.vim
157.037  001.853  001.853: sourcing /usr/local/Cellar/neovim/0.3.1/share/nvim/runtime/plugin/netrwPlugin.vim
160.239  000.795  000.795: sourcing /usr/local/Cellar/neovim/0.3.1/share/nvim/runtime/autoload/remote/host.vim
161.717  000.979  000.979: sourcing /usr/local/Cellar/neovim/0.3.1/share/nvim/runtime/autoload/remote/define.vim
161.885  003.743  001.969: sourcing /Users/fill/.local/share/nvim/rplugin.vim
161.901  004.711  000.969: sourcing /usr/local/Cellar/neovim/0.3.1/share/nvim/runtime/plugin/rplugin.vim
162.483  000.456  000.456: sourcing /usr/local/Cellar/neovim/0.3.1/share/nvim/runtime/plugin/rrhelper.vim
163.290  000.696  000.696: sourcing /usr/local/Cellar/neovim/0.3.1/share/nvim/runtime/plugin/shada.vim
163.773  000.379  000.379: sourcing /usr/local/Cellar/neovim/0.3.1/share/nvim/runtime/plugin/spellfile.vim
164.436  000.563  000.563: sourcing /usr/local/Cellar/neovim/0.3.1/share/nvim/runtime/plugin/tarPlugin.vim
165.059  000.534  000.534: sourcing /usr/local/Cellar/neovim/0.3.1/share/nvim/runtime/plugin/tohtml.vim
165.502  000.352  000.352: sourcing /usr/local/Cellar/neovim/0.3.1/share/nvim/runtime/plugin/tutor.vim
166.199  000.600  000.600: sourcing /usr/local/Cellar/neovim/0.3.1/share/nvim/runtime/plugin/zipPlugin.vim
166.214  011.670: loading plugins
166.395  000.182: loading packages
169.929  002.617  002.617: sourcing /Users/fill/.cache/dein/.cache/init.vim/.dein/after/plugin/indentLine.vim
170.255  001.243: loading after plugins
170.291  000.036: inits 3
178.142  007.852: reading ShaDa
185.242  007.099: clearing screen
193.815  001.504  001.504: sourcing /usr/local/Cellar/neovim/0.3.1/share/nvim/runtime/scripts.vim
195.327  000.054  000.054: sourcing /usr/local/Cellar/neovim/0.3.1/share/nvim/runtime/filetype.vim
195.548  000.025  000.025: sourcing /Users/fill/.cache/dein/.cache/init.vim/.dein/ftplugin.vim
195.672  000.027  000.027: sourcing /usr/local/Cellar/neovim/0.3.1/share/nvim/runtime/ftplugin.vim
195.914  000.033  000.033: sourcing /usr/local/Cellar/neovim/0.3.1/share/nvim/runtime/filetype.vim
196.136  000.029  000.029: sourcing /usr/local/Cellar/neovim/0.3.1/share/nvim/runtime/indent.vim
575.441  378.612  378.612: sourcing /Users/fill/.cache/dein/repos/github.com/dag/vim-fish/ftplugin/fish.vim
582.062  000.569  000.569: sourcing /Users/fill/.cache/dein/repos/github.com/dag/vim-fish/indent/fish.vim
583.207  000.643  000.643: sourcing /Users/fill/.cache/dein/repos/github.com/dag/vim-fish/syntax/fish.vim
585.101  001.150  001.150: sourcing /Users/fill/.cache/dein/.cache/init.vim/.dein/autoload/airline/extensions.vim
586.463  001.017  001.017: sourcing /Users/fill/.cache/dein/.cache/init.vim/.dein/autoload/airline/extensions/quickfix.vim
587.226  000.385  000.385: sourcing /Users/fill/.cache/dein/.cache/init.vim/.dein/autoload/airline/extensions/unite.vim
588.255  000.688  000.688: sourcing /Users/fill/.cache/dein/.cache/init.vim/.dein/autoload/airline/extensions/netrw.vim
588.969  000.390  000.390: sourcing /Users/fill/.cache/dein/.cache/init.vim/.dein/autoload/airline/extensions/term.vim
590.203  000.764  000.764: sourcing /Users/fill/.cache/dein/.cache/init.vim/.dein/autoload/airline/extensions/branch.vim
591.028  000.418  000.418: sourcing /Users/fill/.cache/dein/.cache/init.vim/.dein/autoload/airline/extensions/fugitiveline.vim
592.184  000.770  000.770: sourcing /Users/fill/.cache/dein/.cache/init.vim/.dein/autoload/airline/extensions/ale.vim
594.736  000.891  000.891: sourcing /Users/fill/.cache/dein/.cache/init.vim/.dein/autoload/airline/extensions/whitespace.vim
596.170  000.711  000.711: sourcing /Users/fill/.cache/dein/.cache/init.vim/.dein/autoload/airline/extensions/tabline.vim
597.330  000.826  000.826: sourcing /Users/fill/.cache/dein/.cache/init.vim/.dein/autoload/airline/extensions/tabline/autoshow.vim
598.241  000.490  000.490: sourcing /Users/fill/.cache/dein/.cache/init.vim/.dein/autoload/airline/extensions/tabline/tabs.vim
599.273  000.683  000.683: sourcing /Users/fill/.cache/dein/.cache/init.vim/.dein/autoload/airline/extensions/tabline/buffers.vim
600.098  000.360  000.360: sourcing /Users/fill/.cache/dein/.cache/init.vim/.dein/autoload/airline/extensions/keymap.vim
606.571  000.550  000.550: sourcing /Users/fill/.cache/dein/.cache/init.vim/.dein/autoload/airline/section.vim
607.887  000.883  000.883: sourcing /Users/fill/.cache/dein/.cache/init.vim/.dein/autoload/airline/highlighter.vim
612.093  000.516  000.516: sourcing /Users/fill/.cache/dein/.cache/init.vim/.dein/autoload/airline/themes.vim
612.511  001.903  001.387: sourcing /Users/fill/.cache/dein/.cache/init.vim/.dein/autoload/airline/themes/molokai.vim
617.522  000.451  000.451: sourcing /Users/fill/.cache/dein/.cache/init.vim/.dein/autoload/airline/themes/molokai.vim
645.899  000.990  000.990: sourcing /Users/fill/.cache/dein/.cache/init.vim/.dein/autoload/airline/builder.vim
647.720  000.670  000.670: sourcing /Users/fill/.cache/dein/.cache/init.vim/.dein/autoload/airline/extensions/default.vim
979.196  295.429  295.429: sourcing /Users/fill/.cache/dein/repos/github.com/dag/vim-fish/ftplugin/fish.vim
982.351  000.066  000.066: sourcing /Users/fill/.cache/dein/repos/github.com/dag/vim-fish/indent/fish.vim
983.442  000.332  000.332: sourcing /Users/fill/.cache/dein/repos/github.com/dag/vim-fish/syntax/fish.vim
1270.767  285.658  285.658: sourcing /Users/fill/.cache/dein/repos/github.com/dag/vim-fish/ftplugin/fish.vim
1272.481  000.036  000.036: sourcing /Users/fill/.cache/dein/repos/github.com/dag/vim-fish/indent/fish.vim
1273.100  000.199  000.199: sourcing /Users/fill/.cache/dein/repos/github.com/dag/vim-fish/syntax/fish.vim
1282.815  007.863  007.863: sourcing /Users/fill/.cache/dein/.cache/init.vim/.dein/autoload/fugitive.vim
1285.686  001.103  001.103: sourcing /Users/fill/.cache/dein/.cache/init.vim/.dein/autoload/ale.vim
1287.599  001.446  001.446: sourcing /Users/fill/.cache/dein/.cache/init.vim/.dein/autoload/ale/util.vim
1289.378  001.398  001.398: sourcing /Users/fill/.cache/dein/.cache/init.vim/.dein/autoload/ale/linter.vim
1291.976  001.367  001.367: sourcing /Users/fill/.cache/dein/.cache/init.vim/.dein/ale_linters/fish/fish.vim
1294.404  001.566  001.566: sourcing /Users/fill/.cache/dein/.cache/init.vim/.dein/autoload/ale/engine.vim
1295.738  000.592  000.592: sourcing /Users/fill/.cache/dein/.cache/init.vim/.dein/autoload/ale/history.vim
1297.063  000.800  000.800: sourcing /Users/fill/.cache/dein/.cache/init.vim/.dein/autoload/ale/command.vim
1299.189  000.858  000.858: sourcing /Users/fill/.cache/dein/.cache/init.vim/.dein/autoload/ale/job.vim
1303.574  000.932  000.932: sourcing /Users/fill/.cache/dein/.cache/init.vim/.dein/autoload/unite/sources/buffer/variables.vim
1304.874  123.500: opening buffers
1305.104  000.230: BufEnter autocommands
1305.110  000.006: editing files in windows
1305.889  000.779: VimEnter autocommands
1571.599  265.436  265.436: sourcing /usr/local/Cellar/neovim/0.3.1/share/nvim/runtime/autoload/provider/clipboard.vim
1571.643  000.318: before starting main loop
1572.978  000.987  000.987: sourcing /Users/fill/.cache/dein/.cache/init.vim/.dein/autoload/ale/cursor.vim
1574.761  000.686  000.686: sourcing /Users/fill/.cache/dein/.cache/init.vim/.dein/autoload/airline/extensions/tabline/ctrlspace.vim
1576.418  000.977  000.977: sourcing /Users/fill/.cache/dein/.cache/init.vim/.dein/autoload/airline/extensions/tabline/builder.vim
1578.587  000.637  000.637: sourcing /Users/fill/.cache/dein/.cache/init.vim/.dein/autoload/airline/extensions/tabline/buflist.vim
1583.751  000.410  000.410: sourcing /Users/fill/.cache/dein/.cache/init.vim/.dein/autoload/airline/extensions/tabline/formatters/webdevicons.vim
1584.790  000.572  000.572: sourcing /Users/fill/.cache/dein/.cache/init.vim/.dein/autoload/airline/extensions/tabline/formatters/default.vim
1596.953  001.010  001.010: sourcing /Users/fill/.cache/dein/.cache/init.vim/.dein/autoload/airline/async.vim
1603.667  026.744: first screen update
1603.679  000.012: --- NVIM STARTED ---
