

times in msec
 clock   self+sourced   self:  sourced script
 clock   elapsed:              other lines

000.014  000.014: --- NVIM STARTING ---
001.414  001.400: locale set
003.389  001.975: inits 1
003.414  000.025: window checked
003.936  000.522: parsing arguments
004.998  001.062: expanding arguments
005.164  000.166: inits 2
005.888  000.724: init highlight
007.713  000.791  000.791: sourcing /usr/local/Cellar/neovim/0.3.1/share/nvim/runtime/macros/matchit.vim
008.752  000.638  000.638: sourcing /Users/fill/.cache/dein/repos/github.com/Shougo/dein.vim/autoload/dein.vim
010.529  000.980  000.980: sourcing /Users/fill/.cache/dein/repos/github.com/Shougo/dein.vim/autoload/dein/autoload.vim
012.053  001.225  001.225: sourcing /Users/fill/.cache/dein/repos/github.com/Shougo/dein.vim/autoload/dein/util.vim
013.391  000.898  000.898: sourcing /usr/local/Cellar/neovim/0.3.1/share/nvim/runtime/ftoff.vim
015.578  000.950  000.950: sourcing /Users/fill/.cache/dein/repos/github.com/Shougo/dein.vim/autoload/dein/types/git.vim
015.919  001.993  001.043: sourcing /Users/fill/.cache/dein/repos/github.com/Shougo/dein.vim/autoload/dein/parse.vim
018.748  000.811  000.811: sourcing /Users/fill/.cache/dein/repos/github.com/Shougo/dein.vim/autoload/dein/toml.vim
057.941  005.700  005.700: sourcing /Users/fill/.cache/dein/.cache/init.vim/.dein/colors/molokai.vim
063.410  001.587  001.587: sourcing /usr/local/Cellar/neovim/0.3.1/share/nvim/runtime/syntax/syncolor.vim
066.642  001.206  001.206: sourcing /usr/local/Cellar/neovim/0.3.1/share/nvim/runtime/syntax/syncolor.vim
068.241  000.547  000.547: sourcing /usr/local/Cellar/neovim/0.3.1/share/nvim/runtime/syntax/syncolor.vim
070.011  009.694  006.355: sourcing /Users/fill/.cache/dein/.cache/init.vim/.dein/colors/molokai.vim
070.229  010.714  001.020: sourcing /usr/local/Cellar/neovim/0.3.1/share/nvim/runtime/syntax/synload.vim
082.715  000.439  000.439: sourcing /Users/fill/.cache/dein/.cache/init.vim/.dein/ftdetect/ftdetect.vim
082.913  012.440  012.001: sourcing /usr/local/Cellar/neovim/0.3.1/share/nvim/runtime/filetype.vim
083.014  024.923  001.770: sourcing /usr/local/Cellar/neovim/0.3.1/share/nvim/runtime/syntax/syntax.vim
084.091  000.280  000.280: sourcing /usr/local/Cellar/neovim/0.3.1/share/nvim/runtime/syntax/syncolor.vim
085.369  000.271  000.271: sourcing /usr/local/Cellar/neovim/0.3.1/share/nvim/runtime/syntax/syncolor.vim
086.155  000.268  000.268: sourcing /usr/local/Cellar/neovim/0.3.1/share/nvim/runtime/syntax/syncolor.vim
087.043  003.891  003.072: sourcing /Users/fill/.cache/dein/.cache/init.vim/.dein/colors/molokai.vim
122.421  002.008  002.008: sourcing /Users/fill/.cache/dein/repos/github.com/Shougo/dein.vim/autoload/dein/install.vim
2970.622  000.559  000.559: sourcing /Users/fill/.cache/dein/repos/github.com/Shougo/deoplete.nvim/autoload/deoplete.vim
2970.964  001.812  001.254: sourcing /Users/fill/.cache/dein/repos/github.com/Shougo/deoplete.nvim/plugin/deoplete.vim
2974.140  000.631  000.631: sourcing /Users/fill/.cache/dein/repos/github.com/Shougo/dein.vim/autoload/dein/types/raw.vim
3205.473  000.061  000.061: sourcing /usr/local/Cellar/neovim/0.3.1/share/nvim/runtime/filetype.vim
3205.773  000.090  000.090: sourcing /Users/fill/.cache/dein/.cache/init.vim/.dein/ftplugin.vim
3207.130  001.273  001.273: sourcing /usr/local/Cellar/neovim/0.3.1/share/nvim/runtime/ftplugin.vim
3207.986  000.544  000.544: sourcing /usr/local/Cellar/neovim/0.3.1/share/nvim/runtime/indent.vim
3208.913  000.658  000.658: sourcing /usr/local/Cellar/neovim/0.3.1/share/nvim/runtime/syntax/nosyntax.vim
3210.774  000.475  000.475: sourcing /usr/local/Cellar/neovim/0.3.1/share/nvim/runtime/syntax/syncolor.vim
3212.175  000.283  000.283: sourcing /usr/local/Cellar/neovim/0.3.1/share/nvim/runtime/syntax/syncolor.vim
3212.988  000.274  000.274: sourcing /usr/local/Cellar/neovim/0.3.1/share/nvim/runtime/syntax/syncolor.vim
3213.879  004.617  003.586: sourcing /Users/fill/.cache/dein/.cache/init.vim/.dein/colors/molokai.vim
3214.025  004.941  000.324: sourcing /usr/local/Cellar/neovim/0.3.1/share/nvim/runtime/syntax/synload.vim
3214.075  005.932  000.333: sourcing /usr/local/Cellar/neovim/0.3.1/share/nvim/runtime/syntax/syntax.vim
3214.402  3208.226  3154.024: sourcing /Users/fill/.config/nvim/init.vim
3214.412  000.298: sourcing vimrc file(s)
3216.072  000.490  000.490: sourcing /Users/fill/.cache/dein/repos/github.com/Shougo/vimproc.vim/plugin/vimproc.vim
3216.322  000.029  000.029: sourcing /Users/fill/.cache/dein/repos/github.com/Shougo/deoplete.nvim/plugin/deoplete.vim
3229.721  012.495  012.495: sourcing /Users/fill/.cache/dein/.cache/init.vim/.dein/plugin/EasyMotion.vim
3231.871  000.666  000.666: sourcing /Users/fill/.cache/dein/.cache/init.vim/.dein/autoload/nerdtree.vim
3234.517  001.212  001.212: sourcing /Users/fill/.cache/dein/.cache/init.vim/.dein/lib/nerdtree/path.vim
3235.092  000.412  000.412: sourcing /Users/fill/.cache/dein/.cache/init.vim/.dein/lib/nerdtree/menu_controller.vim
3235.777  000.533  000.533: sourcing /Users/fill/.cache/dein/.cache/init.vim/.dein/lib/nerdtree/menu_item.vim
3236.520  000.579  000.579: sourcing /Users/fill/.cache/dein/.cache/init.vim/.dein/lib/nerdtree/key_map.vim
3237.402  000.723  000.723: sourcing /Users/fill/.cache/dein/.cache/init.vim/.dein/lib/nerdtree/bookmark.vim
3238.242  000.685  000.685: sourcing /Users/fill/.cache/dein/.cache/init.vim/.dein/lib/nerdtree/tree_file_node.vim
3239.441  001.048  001.048: sourcing /Users/fill/.cache/dein/.cache/init.vim/.dein/lib/nerdtree/tree_dir_node.vim
3240.251  000.662  000.662: sourcing /Users/fill/.cache/dein/.cache/init.vim/.dein/lib/nerdtree/opener.vim
3241.107  000.692  000.692: sourcing /Users/fill/.cache/dein/.cache/init.vim/.dein/lib/nerdtree/creator.vim
3241.618  000.364  000.364: sourcing /Users/fill/.cache/dein/.cache/init.vim/.dein/lib/nerdtree/flag_set.vim
3242.289  000.520  000.520: sourcing /Users/fill/.cache/dein/.cache/init.vim/.dein/lib/nerdtree/nerdtree.vim
3243.434  001.001  001.001: sourcing /Users/fill/.cache/dein/.cache/init.vim/.dein/lib/nerdtree/ui.vim
3243.971  000.279  000.279: sourcing /Users/fill/.cache/dein/.cache/init.vim/.dein/lib/nerdtree/event.vim
3244.484  000.340  000.340: sourcing /Users/fill/.cache/dein/.cache/init.vim/.dein/lib/nerdtree/notifier.vim
3245.710  001.052  001.052: sourcing /Users/fill/.cache/dein/.cache/init.vim/.dein/autoload/nerdtree/ui_glue.vim
3250.409  000.561  000.561: sourcing /Users/fill/.cache/dein/.cache/init.vim/.dein/nerdtree_plugin/exec_menuitem.vim
3251.950  001.455  001.455: sourcing /Users/fill/.cache/dein/.cache/init.vim/.dein/nerdtree_plugin/fs_menu.vim
3253.056  001.031  001.031: sourcing /Users/fill/.cache/dein/.cache/init.vim/.dein/nerdtree_plugin/webdevicons.vim
3253.268  023.440  009.622: sourcing /Users/fill/.cache/dein/.cache/init.vim/.dein/plugin/NERD_tree.vim
3254.038  000.693  000.693: sourcing /Users/fill/.cache/dein/.cache/init.vim/.dein/plugin/ac_smooth_scroll.vim
3254.735  000.617  000.617: sourcing /Users/fill/.cache/dein/.cache/init.vim/.dein/plugin/airline-themes.vim
3256.187  000.611  000.611: sourcing /Users/fill/.cache/dein/.cache/init.vim/.dein/autoload/airline.vim
3257.006  000.526  000.526: sourcing /Users/fill/.cache/dein/.cache/init.vim/.dein/autoload/airline/init.vim
3258.173  000.495  000.495: sourcing /Users/fill/.cache/dein/.cache/init.vim/.dein/autoload/airline/parts.vim
3260.490  000.639  000.639: sourcing /Users/fill/.cache/dein/.cache/init.vim/.dein/autoload/airline/util.vim
3260.564  005.711  003.441: sourcing /Users/fill/.cache/dein/.cache/init.vim/.dein/plugin/airline.vim
3262.345  000.601  000.601: sourcing /Users/fill/.cache/dein/.cache/init.vim/.dein/autoload/ale/events.vim
3262.602  001.937  001.336: sourcing /Users/fill/.cache/dein/.cache/init.vim/.dein/plugin/ale.vim
3268.617  005.931  005.931: sourcing /Users/fill/.cache/dein/.cache/init.vim/.dein/plugin/caw.vim
3269.731  001.024  001.024: sourcing /Users/fill/.cache/dein/.cache/init.vim/.dein/plugin/fugitive.vim
3270.401  000.571  000.571: sourcing /Users/fill/.cache/dein/.cache/init.vim/.dein/plugin/neosnippet.vim
3271.933  001.439  001.439: sourcing /Users/fill/.cache/dein/.cache/init.vim/.dein/plugin/surround.vim
3273.663  000.980  000.980: sourcing /Users/fill/.cache/dein/.cache/init.vim/.dein/autoload/unite/custom.vim
3273.840  001.805  000.825: sourcing /Users/fill/.cache/dein/.cache/init.vim/.dein/plugin/unite/bookmark.vim
3274.451  000.523  000.523: sourcing /Users/fill/.cache/dein/.cache/init.vim/.dein/plugin/unite/buffer.vim
3275.386  000.841  000.841: sourcing /Users/fill/.cache/dein/.cache/init.vim/.dein/plugin/unite/window.vim
3276.182  000.670  000.670: sourcing /Users/fill/.cache/dein/.cache/init.vim/.dein/plugin/unite.vim
3283.190  001.499  001.499: sourcing /Users/fill/.cache/dein/.cache/init.vim/.dein/autoload/vital/unite.vim
3284.694  000.548  000.548: sourcing /Users/fill/.cache/dein/.cache/init.vim/.dein/autoload/vital/_unite/Prelude.vim
3285.202  001.663  001.114: sourcing /Users/fill/.cache/dein/.cache/init.vim/.dein/autoload/vital/_unite/Prelude.vim
3285.951  005.545  002.384: sourcing /Users/fill/.cache/dein/.cache/init.vim/.dein/autoload/unite/util.vim
3286.409  006.686  001.141: sourcing /Users/fill/.cache/dein/.cache/init.vim/.dein/autoload/unite.vim
3287.186  000.511  000.511: sourcing /Users/fill/.cache/dein/.cache/init.vim/.dein/autoload/unite/variables.vim
3287.895  011.619  004.422: sourcing /Users/fill/.cache/dein/.cache/init.vim/.dein/plugin/webdevicons.vim
3290.304  000.820  000.820: sourcing /usr/local/Cellar/neovim/0.3.1/share/nvim/runtime/plugin/gzip.vim
3290.805  000.416  000.416: sourcing /usr/local/Cellar/neovim/0.3.1/share/nvim/runtime/plugin/health.vim
3291.308  000.415  000.415: sourcing /usr/local/Cellar/neovim/0.3.1/share/nvim/runtime/plugin/man.vim
3292.785  001.395  001.395: sourcing /usr/local/Cellar/neovim/0.3.1/share/nvim/runtime/plugin/matchit.vim
3293.744  000.876  000.876: sourcing /usr/local/Cellar/neovim/0.3.1/share/nvim/runtime/plugin/matchparen.vim
3295.293  001.421  001.421: sourcing /usr/local/Cellar/neovim/0.3.1/share/nvim/runtime/plugin/netrwPlugin.vim
3298.361  000.711  000.711: sourcing /usr/local/Cellar/neovim/0.3.1/share/nvim/runtime/autoload/remote/host.vim
3299.516  000.728  000.728: sourcing /usr/local/Cellar/neovim/0.3.1/share/nvim/runtime/autoload/remote/define.vim
3299.665  003.506  002.067: sourcing /Users/fill/.local/share/nvim/rplugin.vim
3299.680  004.285  000.779: sourcing /usr/local/Cellar/neovim/0.3.1/share/nvim/runtime/plugin/rplugin.vim
3300.121  000.344  000.344: sourcing /usr/local/Cellar/neovim/0.3.1/share/nvim/runtime/plugin/rrhelper.vim
3300.712  000.494  000.494: sourcing /usr/local/Cellar/neovim/0.3.1/share/nvim/runtime/plugin/shada.vim
3301.185  000.366  000.366: sourcing /usr/local/Cellar/neovim/0.3.1/share/nvim/runtime/plugin/spellfile.vim
3301.841  000.559  000.559: sourcing /usr/local/Cellar/neovim/0.3.1/share/nvim/runtime/plugin/tarPlugin.vim
3302.445  000.516  000.516: sourcing /usr/local/Cellar/neovim/0.3.1/share/nvim/runtime/plugin/tohtml.vim
3302.895  000.358  000.358: sourcing /usr/local/Cellar/neovim/0.3.1/share/nvim/runtime/plugin/tutor.vim
3303.647  000.644  000.644: sourcing /usr/local/Cellar/neovim/0.3.1/share/nvim/runtime/plugin/zipPlugin.vim
3303.660  006.505: loading plugins
3303.831  000.171: loading packages
3304.996  000.953  000.953: sourcing /Users/fill/.cache/dein/.cache/init.vim/.dein/after/plugin/indentLine.vim
3305.113  000.328: loading after plugins
3305.130  000.017: inits 3
3311.258  006.128: reading ShaDa
3314.599  003.341: clearing screen
3325.279  002.952  002.952: sourcing /usr/local/Cellar/neovim/0.3.1/share/nvim/runtime/scripts.vim
3336.081  008.235  008.235: sourcing /Users/fill/.cache/dein/.cache/init.vim/.dein/autoload/fugitive.vim
3338.766  000.901  000.901: sourcing /Users/fill/.cache/dein/.cache/init.vim/.dein/autoload/airline/extensions.vim
3339.532  000.441  000.441: sourcing /Users/fill/.cache/dein/.cache/init.vim/.dein/autoload/airline/extensions/quickfix.vim
3340.271  000.386  000.386: sourcing /Users/fill/.cache/dein/.cache/init.vim/.dein/autoload/airline/extensions/unite.vim
3341.051  000.289  000.289: sourcing /Users/fill/.cache/dein/.cache/init.vim/.dein/autoload/airline/extensions/netrw.vim
3341.881  000.463  000.463: sourcing /Users/fill/.cache/dein/.cache/init.vim/.dein/autoload/airline/extensions/term.vim
3343.449  000.855  000.855: sourcing /Users/fill/.cache/dein/.cache/init.vim/.dein/autoload/airline/extensions/branch.vim
3344.234  000.367  000.367: sourcing /Users/fill/.cache/dein/.cache/init.vim/.dein/autoload/airline/extensions/fugitiveline.vim
3345.180  000.485  000.485: sourcing /Users/fill/.cache/dein/.cache/init.vim/.dein/autoload/airline/extensions/ale.vim
3346.464  000.640  000.640: sourcing /Users/fill/.cache/dein/.cache/init.vim/.dein/autoload/airline/extensions/whitespace.vim
3347.690  000.643  000.643: sourcing /Users/fill/.cache/dein/.cache/init.vim/.dein/autoload/airline/extensions/tabline.vim
3348.459  000.413  000.413: sourcing /Users/fill/.cache/dein/.cache/init.vim/.dein/autoload/airline/extensions/tabline/autoshow.vim
3349.315  000.439  000.439: sourcing /Users/fill/.cache/dein/.cache/init.vim/.dein/autoload/airline/extensions/tabline/tabs.vim
3350.299  000.626  000.626: sourcing /Users/fill/.cache/dein/.cache/init.vim/.dein/autoload/airline/extensions/tabline/buffers.vim
3351.048  000.263  000.263: sourcing /Users/fill/.cache/dein/.cache/init.vim/.dein/autoload/airline/extensions/keymap.vim
3356.389  000.466  000.466: sourcing /Users/fill/.cache/dein/.cache/init.vim/.dein/autoload/airline/section.vim
3357.574  000.763  000.763: sourcing /Users/fill/.cache/dein/.cache/init.vim/.dein/autoload/airline/highlighter.vim
3361.281  000.445  000.445: sourcing /Users/fill/.cache/dein/.cache/init.vim/.dein/autoload/airline/themes.vim
3361.702  001.351  000.906: sourcing /Users/fill/.cache/dein/.cache/init.vim/.dein/autoload/airline/themes/molokai.vim
3365.734  000.452  000.452: sourcing /Users/fill/.cache/dein/.cache/init.vim/.dein/autoload/airline/themes/molokai.vim
3397.982  000.836  000.836: sourcing /Users/fill/.cache/dein/.cache/init.vim/.dein/autoload/airline/builder.vim
3399.444  000.587  000.587: sourcing /Users/fill/.cache/dein/.cache/init.vim/.dein/autoload/airline/extensions/default.vim
3425.600  000.651  000.651: sourcing /Users/fill/.cache/dein/.cache/init.vim/.dein/autoload/ale.vim
3426.415  000.407  000.407: sourcing /Users/fill/.cache/dein/.cache/init.vim/.dein/autoload/unite/sources/buffer/variables.vim
3427.275  088.767: opening buffers
3427.450  000.175: BufEnter autocommands
3427.454  000.005: editing files in windows
3428.898  000.660  000.660: sourcing /Users/fill/.cache/dein/repos/github.com/Shougo/deoplete.nvim/autoload/deoplete/init.vim
3429.903  000.593  000.593: sourcing /Users/fill/.cache/dein/repos/github.com/Shougo/deoplete.nvim/autoload/deoplete/util.vim
3430.803  000.533  000.533: sourcing /Users/fill/.cache/dein/repos/github.com/Shougo/deoplete.nvim/autoload/deoplete/custom.vim
3435.039  000.836  000.836: sourcing /usr/local/Cellar/neovim/0.3.1/share/nvim/runtime/autoload/provider/pythonx.vim
3546.031  110.586  110.586: sourcing /usr/local/Cellar/neovim/0.3.1/share/nvim/runtime/autoload/provider/python3.vim
3548.899  001.414  001.414: sourcing /usr/local/Cellar/neovim/0.3.1/share/nvim/runtime/autoload/provider.vim
3780.260  000.751  000.751: sourcing /Users/fill/.cache/dein/repos/github.com/Shougo/deoplete.nvim/autoload/deoplete/mapping.vim
3781.548  000.813  000.813: sourcing /Users/fill/.cache/dein/repos/github.com/Shougo/deoplete.nvim/autoload/deoplete/handler.vim
3782.369  238.729: VimEnter autocommands
4038.563  255.987  255.987: sourcing /usr/local/Cellar/neovim/0.3.1/share/nvim/runtime/autoload/provider/clipboard.vim
4038.601  000.246: before starting main loop
4040.557  000.786  000.786: sourcing /Users/fill/.cache/dein/.cache/init.vim/.dein/autoload/airline/extensions/tabline/ctrlspace.vim
4041.963  000.674  000.674: sourcing /Users/fill/.cache/dein/.cache/init.vim/.dein/autoload/airline/extensions/tabline/builder.vim
4042.989  000.509  000.509: sourcing /Users/fill/.cache/dein/.cache/init.vim/.dein/autoload/airline/extensions/tabline/buflist.vim
4048.099  000.397  000.397: sourcing /Users/fill/.cache/dein/.cache/init.vim/.dein/autoload/airline/extensions/tabline/formatters/webdevicons.vim
4048.997  000.440  000.440: sourcing /Users/fill/.cache/dein/.cache/init.vim/.dein/autoload/airline/extensions/tabline/formatters/default.vim
4061.684  000.705  000.705: sourcing /Users/fill/.cache/dein/.cache/init.vim/.dein/autoload/airline/async.vim
4067.462  001.487  001.487: sourcing /Users/fill/.cache/dein/.cache/init.vim/.dein/autoload/ale/engine.vim
4068.393  000.354  000.354: sourcing /Users/fill/.cache/dein/.cache/init.vim/.dein/autoload/ale/statusline.vim
4071.104  027.151: first screen update
4071.109  000.005: --- NVIM STARTED ---
