

times in msec
 clock   self+sourced   self:  sourced script
 clock   elapsed:              other lines

000.019  000.019: --- NVIM STARTING ---
001.503  001.483: locale set
003.518  002.015: inits 1
003.559  000.041: window checked
004.406  000.847: parsing arguments
004.919  000.513: expanding arguments
005.202  000.284: inits 2
006.321  001.118: init highlight
007.342  000.057  000.057: sourcing /usr/local/Cellar/neovim/0.3.1/share/nvim/runtime/macros/matchit.vim
008.548  000.573  000.573: sourcing /Users/fill/.cache/dein/repos/github.com/Shougo/dein.vim/autoload/dein.vim
011.033  000.220  000.220: sourcing /usr/local/Cellar/neovim/0.3.1/share/nvim/runtime/ftoff.vim
016.641  004.559  004.559: sourcing /Users/fill/.cache/dein/.cache/init.vim/.dein/colors/molokai.vim
019.109  000.516  000.516: sourcing /usr/local/Cellar/neovim/0.3.1/share/nvim/runtime/syntax/syncolor.vim
027.965  000.908  000.908: sourcing /usr/local/Cellar/neovim/0.3.1/share/nvim/runtime/syntax/syncolor.vim
029.782  000.586  000.586: sourcing /usr/local/Cellar/neovim/0.3.1/share/nvim/runtime/syntax/syncolor.vim
031.877  014.415  012.406: sourcing /Users/fill/.cache/dein/.cache/init.vim/.dein/colors/molokai.vim
032.122  014.970  000.555: sourcing /usr/local/Cellar/neovim/0.3.1/share/nvim/runtime/syntax/synload.vim
056.106  000.394  000.394: sourcing /Users/fill/.cache/dein/.cache/init.vim/.dein/ftdetect/ftdetect.vim
056.470  024.061  023.667: sourcing /usr/local/Cellar/neovim/0.3.1/share/nvim/runtime/filetype.vim
056.626  039.820  000.788: sourcing /usr/local/Cellar/neovim/0.3.1/share/nvim/runtime/syntax/syntax.vim
058.577  000.504  000.504: sourcing /usr/local/Cellar/neovim/0.3.1/share/nvim/runtime/syntax/syncolor.vim
060.860  000.514  000.514: sourcing /usr/local/Cellar/neovim/0.3.1/share/nvim/runtime/syntax/syncolor.vim
061.907  000.306  000.306: sourcing /usr/local/Cellar/neovim/0.3.1/share/nvim/runtime/syntax/syncolor.vim
063.020  006.087  004.763: sourcing /Users/fill/.cache/dein/.cache/init.vim/.dein/colors/molokai.vim
063.150  053.918  003.233: sourcing /Users/fill/.cache/dein/state_nvim.vim
063.619  000.103  000.103: sourcing /usr/local/Cellar/neovim/0.3.1/share/nvim/runtime/filetype.vim
064.538  000.157  000.157: sourcing /Users/fill/.cache/dein/.cache/init.vim/.dein/ftplugin.vim
064.738  000.048  000.048: sourcing /usr/local/Cellar/neovim/0.3.1/share/nvim/runtime/ftplugin.vim
065.184  000.126  000.126: sourcing /usr/local/Cellar/neovim/0.3.1/share/nvim/runtime/indent.vim
066.022  000.452  000.452: sourcing /usr/local/Cellar/neovim/0.3.1/share/nvim/runtime/syntax/nosyntax.vim
067.600  000.308  000.308: sourcing /usr/local/Cellar/neovim/0.3.1/share/nvim/runtime/syntax/syncolor.vim
069.009  000.293  000.293: sourcing /usr/local/Cellar/neovim/0.3.1/share/nvim/runtime/syntax/syncolor.vim
069.873  000.285  000.285: sourcing /usr/local/Cellar/neovim/0.3.1/share/nvim/runtime/syntax/syncolor.vim
070.827  004.273  003.387: sourcing /Users/fill/.cache/dein/.cache/init.vim/.dein/colors/molokai.vim
070.995  004.794  000.521: sourcing /usr/local/Cellar/neovim/0.3.1/share/nvim/runtime/syntax/synload.vim
071.071  005.680  000.434: sourcing /usr/local/Cellar/neovim/0.3.1/share/nvim/runtime/syntax/syntax.vim
071.722  000.429  000.429: sourcing /Users/fill/.cache/dein/repos/github.com/Shougo/dein.vim/autoload/dein/autoload.vim
073.334  001.147  001.147: sourcing /Users/fill/.cache/dein/repos/github.com/Shougo/dein.vim/autoload/dein/util.vim
073.733  066.909  004.671: sourcing /Users/fill/.config/nvim/init.vim
073.747  000.518: sourcing vimrc file(s)
075.935  000.173  000.173: sourcing /Users/fill/.cache/dein/repos/github.com/Shougo/vimproc.vim/plugin/vimproc.vim
077.805  000.066  000.066: sourcing /Users/fill/.cache/dein/repos/github.com/Shougo/deoplete.nvim/plugin/deoplete.vim
087.225  007.569  007.569: sourcing /Users/fill/.cache/dein/.cache/init.vim/.dein/plugin/EasyMotion.vim
088.302  000.227  000.227: sourcing /Users/fill/.cache/dein/.cache/init.vim/.dein/autoload/nerdtree.vim
090.498  000.983  000.983: sourcing /Users/fill/.cache/dein/.cache/init.vim/.dein/lib/nerdtree/path.vim
090.895  000.238  000.238: sourcing /Users/fill/.cache/dein/.cache/init.vim/.dein/lib/nerdtree/menu_controller.vim
091.243  000.202  000.202: sourcing /Users/fill/.cache/dein/.cache/init.vim/.dein/lib/nerdtree/menu_item.vim
091.739  000.344  000.344: sourcing /Users/fill/.cache/dein/.cache/init.vim/.dein/lib/nerdtree/key_map.vim
093.049  000.858  000.858: sourcing /Users/fill/.cache/dein/.cache/init.vim/.dein/lib/nerdtree/bookmark.vim
094.272  000.832  000.832: sourcing /Users/fill/.cache/dein/.cache/init.vim/.dein/lib/nerdtree/tree_file_node.vim
095.858  001.248  001.248: sourcing /Users/fill/.cache/dein/.cache/init.vim/.dein/lib/nerdtree/tree_dir_node.vim
096.754  000.615  000.615: sourcing /Users/fill/.cache/dein/.cache/init.vim/.dein/lib/nerdtree/opener.vim
097.740  000.701  000.701: sourcing /Users/fill/.cache/dein/.cache/init.vim/.dein/lib/nerdtree/creator.vim
098.292  000.165  000.165: sourcing /Users/fill/.cache/dein/.cache/init.vim/.dein/lib/nerdtree/flag_set.vim
099.016  000.443  000.443: sourcing /Users/fill/.cache/dein/.cache/init.vim/.dein/lib/nerdtree/nerdtree.vim
100.191  000.904  000.904: sourcing /Users/fill/.cache/dein/.cache/init.vim/.dein/lib/nerdtree/ui.vim
100.552  000.085  000.085: sourcing /Users/fill/.cache/dein/.cache/init.vim/.dein/lib/nerdtree/event.vim
100.955  000.130  000.130: sourcing /Users/fill/.cache/dein/.cache/init.vim/.dein/lib/nerdtree/notifier.vim
102.495  001.101  001.101: sourcing /Users/fill/.cache/dein/.cache/init.vim/.dein/autoload/nerdtree/ui_glue.vim
109.359  000.336  000.336: sourcing /Users/fill/.cache/dein/.cache/init.vim/.dein/nerdtree_plugin/exec_menuitem.vim
110.582  001.111  001.111: sourcing /Users/fill/.cache/dein/.cache/init.vim/.dein/nerdtree_plugin/fs_menu.vim
111.256  000.602  000.602: sourcing /Users/fill/.cache/dein/.cache/init.vim/.dein/nerdtree_plugin/webdevicons.vim
111.452  024.138  013.012: sourcing /Users/fill/.cache/dein/.cache/init.vim/.dein/plugin/NERD_tree.vim
111.945  000.422  000.422: sourcing /Users/fill/.cache/dein/.cache/init.vim/.dein/plugin/ac_smooth_scroll.vim
112.062  000.041  000.041: sourcing /Users/fill/.cache/dein/.cache/init.vim/.dein/plugin/airline-themes.vim
112.694  000.314  000.314: sourcing /Users/fill/.cache/dein/.cache/init.vim/.dein/autoload/airline.vim
113.161  000.185  000.185: sourcing /Users/fill/.cache/dein/.cache/init.vim/.dein/autoload/airline/init.vim
114.010  000.162  000.162: sourcing /Users/fill/.cache/dein/.cache/init.vim/.dein/autoload/airline/parts.vim
115.975  000.203  000.203: sourcing /Users/fill/.cache/dein/.cache/init.vim/.dein/autoload/airline/util.vim
116.042  003.914  003.049: sourcing /Users/fill/.cache/dein/.cache/init.vim/.dein/plugin/airline.vim
117.037  000.178  000.178: sourcing /Users/fill/.cache/dein/.cache/init.vim/.dein/autoload/ale/events.vim
117.331  001.203  001.025: sourcing /Users/fill/.cache/dein/.cache/init.vim/.dein/plugin/ale.vim
122.950  005.480  005.480: sourcing /Users/fill/.cache/dein/.cache/init.vim/.dein/plugin/caw.vim
123.537  000.484  000.484: sourcing /Users/fill/.cache/dein/.cache/init.vim/.dein/plugin/fugitive.vim
123.860  000.239  000.239: sourcing /Users/fill/.cache/dein/.cache/init.vim/.dein/plugin/neosnippet.vim
124.679  000.737  000.737: sourcing /Users/fill/.cache/dein/.cache/init.vim/.dein/plugin/surround.vim
125.514  000.485  000.485: sourcing /Users/fill/.cache/dein/.cache/init.vim/.dein/autoload/unite/custom.vim
125.694  000.929  000.445: sourcing /Users/fill/.cache/dein/.cache/init.vim/.dein/plugin/unite/bookmark.vim
125.906  000.129  000.129: sourcing /Users/fill/.cache/dein/.cache/init.vim/.dein/plugin/unite/buffer.vim
126.126  000.136  000.136: sourcing /Users/fill/.cache/dein/.cache/init.vim/.dein/plugin/unite/window.vim
126.405  000.199  000.199: sourcing /Users/fill/.cache/dein/.cache/init.vim/.dein/plugin/unite.vim
131.585  001.778  001.778: sourcing /Users/fill/.cache/dein/.cache/init.vim/.dein/autoload/vital/unite.vim
134.019  001.082  001.082: sourcing /Users/fill/.cache/dein/.cache/init.vim/.dein/autoload/vital/_unite/Prelude.vim
134.521  001.810  000.728: sourcing /Users/fill/.cache/dein/.cache/init.vim/.dein/autoload/vital/_unite/Prelude.vim
135.773  006.473  002.885: sourcing /Users/fill/.cache/dein/.cache/init.vim/.dein/autoload/unite/util.vim
137.142  008.062  001.589: sourcing /Users/fill/.cache/dein/.cache/init.vim/.dein/autoload/unite.vim
137.727  000.298  000.298: sourcing /Users/fill/.cache/dein/.cache/init.vim/.dein/autoload/unite/variables.vim
138.413  011.924  003.565: sourcing /Users/fill/.cache/dein/.cache/init.vim/.dein/plugin/webdevicons.vim
142.098  000.790  000.790: sourcing /usr/local/Cellar/neovim/0.3.1/share/nvim/runtime/plugin/gzip.vim
142.334  000.059  000.059: sourcing /usr/local/Cellar/neovim/0.3.1/share/nvim/runtime/plugin/health.vim
142.671  000.191  000.191: sourcing /usr/local/Cellar/neovim/0.3.1/share/nvim/runtime/plugin/man.vim
144.372  001.548  001.548: sourcing /usr/local/Cellar/neovim/0.3.1/share/nvim/runtime/plugin/matchit.vim
145.106  000.520  000.520: sourcing /usr/local/Cellar/neovim/0.3.1/share/nvim/runtime/plugin/matchparen.vim
146.369  001.101  001.101: sourcing /usr/local/Cellar/neovim/0.3.1/share/nvim/runtime/plugin/netrwPlugin.vim
147.869  000.492  000.492: sourcing /usr/local/Cellar/neovim/0.3.1/share/nvim/runtime/autoload/remote/host.vim
149.029  000.480  000.480: sourcing /usr/local/Cellar/neovim/0.3.1/share/nvim/runtime/autoload/remote/define.vim
149.242  002.162  001.189: sourcing /Users/fill/.local/share/nvim/rplugin.vim
149.264  002.733  000.572: sourcing /usr/local/Cellar/neovim/0.3.1/share/nvim/runtime/plugin/rplugin.vim
149.449  000.052  000.052: sourcing /usr/local/Cellar/neovim/0.3.1/share/nvim/runtime/plugin/rrhelper.vim
149.875  000.292  000.292: sourcing /usr/local/Cellar/neovim/0.3.1/share/nvim/runtime/plugin/shada.vim
150.090  000.078  000.078: sourcing /usr/local/Cellar/neovim/0.3.1/share/nvim/runtime/plugin/spellfile.vim
150.602  000.381  000.381: sourcing /usr/local/Cellar/neovim/0.3.1/share/nvim/runtime/plugin/tarPlugin.vim
150.962  000.229  000.229: sourcing /usr/local/Cellar/neovim/0.3.1/share/nvim/runtime/plugin/tohtml.vim
151.167  000.065  000.065: sourcing /usr/local/Cellar/neovim/0.3.1/share/nvim/runtime/plugin/tutor.vim
151.718  000.421  000.421: sourcing /usr/local/Cellar/neovim/0.3.1/share/nvim/runtime/plugin/zipPlugin.vim
151.737  011.746: loading plugins
151.990  000.253: loading packages
155.106  001.608  001.608: sourcing /Users/fill/.cache/dein/.cache/init.vim/.dein/after/plugin/indentLine.vim
155.483  001.885: loading after plugins
155.503  000.020: inits 3
163.288  007.784: reading ShaDa
167.376  004.089: clearing screen
175.068  000.927  000.927: sourcing /usr/local/Cellar/neovim/0.3.1/share/nvim/runtime/scripts.vim
178.567  000.167  000.167: sourcing /usr/local/Cellar/neovim/0.3.1/share/nvim/runtime/filetype.vim
179.240  000.069  000.069: sourcing /Users/fill/.cache/dein/.cache/init.vim/.dein/ftplugin.vim
179.391  000.032  000.032: sourcing /usr/local/Cellar/neovim/0.3.1/share/nvim/runtime/ftplugin.vim
179.668  000.040  000.040: sourcing /usr/local/Cellar/neovim/0.3.1/share/nvim/runtime/filetype.vim
179.922  000.031  000.031: sourcing /usr/local/Cellar/neovim/0.3.1/share/nvim/runtime/indent.vim
476.686  296.049  296.049: sourcing /Users/fill/.cache/dein/repos/github.com/dag/vim-fish/ftplugin/fish.vim
480.569  000.136  000.136: sourcing /Users/fill/.cache/dein/repos/github.com/dag/vim-fish/indent/fish.vim
482.270  000.240  000.240: sourcing /Users/fill/.cache/dein/repos/github.com/dag/vim-fish/syntax/fish.vim
485.533  000.507  000.507: sourcing /Users/fill/.cache/dein/.cache/init.vim/.dein/autoload/airline/extensions.vim
485.990  000.118  000.118: sourcing /Users/fill/.cache/dein/.cache/init.vim/.dein/autoload/airline/extensions/quickfix.vim
486.448  000.075  000.075: sourcing /Users/fill/.cache/dein/.cache/init.vim/.dein/autoload/airline/extensions/unite.vim
486.883  000.077  000.077: sourcing /Users/fill/.cache/dein/.cache/init.vim/.dein/autoload/airline/extensions/netrw.vim
487.309  000.086  000.086: sourcing /Users/fill/.cache/dein/.cache/init.vim/.dein/autoload/airline/extensions/term.vim
488.143  000.355  000.355: sourcing /Users/fill/.cache/dein/.cache/init.vim/.dein/autoload/airline/extensions/branch.vim
488.634  000.100  000.100: sourcing /Users/fill/.cache/dein/.cache/init.vim/.dein/autoload/airline/extensions/fugitiveline.vim
489.145  000.124  000.124: sourcing /Users/fill/.cache/dein/.cache/init.vim/.dein/autoload/airline/extensions/ale.vim
489.953  000.214  000.214: sourcing /Users/fill/.cache/dein/.cache/init.vim/.dein/autoload/airline/extensions/whitespace.vim
490.687  000.246  000.246: sourcing /Users/fill/.cache/dein/.cache/init.vim/.dein/autoload/airline/extensions/tabline.vim
491.173  000.110  000.110: sourcing /Users/fill/.cache/dein/.cache/init.vim/.dein/autoload/airline/extensions/tabline/autoshow.vim
491.731  000.160  000.160: sourcing /Users/fill/.cache/dein/.cache/init.vim/.dein/autoload/airline/extensions/tabline/tabs.vim
492.333  000.275  000.275: sourcing /Users/fill/.cache/dein/.cache/init.vim/.dein/autoload/airline/extensions/tabline/buffers.vim
492.841  000.059  000.059: sourcing /Users/fill/.cache/dein/.cache/init.vim/.dein/autoload/airline/extensions/keymap.vim
499.086  000.139  000.139: sourcing /Users/fill/.cache/dein/.cache/init.vim/.dein/autoload/airline/section.vim
499.864  000.359  000.359: sourcing /Users/fill/.cache/dein/.cache/init.vim/.dein/autoload/airline/highlighter.vim
502.904  000.107  000.107: sourcing /Users/fill/.cache/dein/.cache/init.vim/.dein/autoload/airline/themes.vim
503.317  000.742  000.635: sourcing /Users/fill/.cache/dein/.cache/init.vim/.dein/autoload/airline/themes/molokai.vim
512.851  000.714  000.714: sourcing /Users/fill/.cache/dein/.cache/init.vim/.dein/autoload/airline/themes/molokai.vim
538.850  000.289  000.289: sourcing /Users/fill/.cache/dein/.cache/init.vim/.dein/autoload/airline/builder.vim
539.678  000.158  000.158: sourcing /Users/fill/.cache/dein/.cache/init.vim/.dein/autoload/airline/extensions/default.vim
842.632  276.225  276.225: sourcing /Users/fill/.cache/dein/repos/github.com/dag/vim-fish/ftplugin/fish.vim
844.369  000.033  000.033: sourcing /Users/fill/.cache/dein/repos/github.com/dag/vim-fish/indent/fish.vim
844.998  000.196  000.196: sourcing /Users/fill/.cache/dein/repos/github.com/dag/vim-fish/syntax/fish.vim
1209.281  363.324  363.324: sourcing /Users/fill/.cache/dein/repos/github.com/dag/vim-fish/ftplugin/fish.vim
1211.142  000.044  000.044: sourcing /Users/fill/.cache/dein/repos/github.com/dag/vim-fish/indent/fish.vim
1211.855  000.243  000.243: sourcing /Users/fill/.cache/dein/repos/github.com/dag/vim-fish/syntax/fish.vim
1220.399  006.533  006.533: sourcing /Users/fill/.cache/dein/.cache/init.vim/.dein/autoload/fugitive.vim
1224.316  000.629  000.629: sourcing /Users/fill/.cache/dein/.cache/init.vim/.dein/autoload/ale.vim
1227.045  001.864  001.864: sourcing /Users/fill/.cache/dein/.cache/init.vim/.dein/autoload/ale/util.vim
1229.738  001.672  001.672: sourcing /Users/fill/.cache/dein/.cache/init.vim/.dein/autoload/ale/linter.vim
1232.391  001.615  001.615: sourcing /Users/fill/.cache/dein/.cache/init.vim/.dein/ale_linters/fish/fish.vim
1235.356  001.278  001.278: sourcing /Users/fill/.cache/dein/.cache/init.vim/.dein/autoload/ale/engine.vim
1236.730  000.562  000.562: sourcing /Users/fill/.cache/dein/.cache/init.vim/.dein/autoload/ale/history.vim
1237.802  000.456  000.456: sourcing /Users/fill/.cache/dein/.cache/init.vim/.dein/autoload/ale/command.vim
1240.057  001.065  001.065: sourcing /Users/fill/.cache/dein/.cache/init.vim/.dein/autoload/ale/job.vim
1243.711  000.239  000.239: sourcing /Users/fill/.cache/dein/.cache/init.vim/.dein/autoload/unite/sources/buffer/variables.vim
1244.582  118.630: opening buffers
1244.812  000.231: BufEnter autocommands
1244.823  000.010: editing files in windows
1245.500  000.677: VimEnter autocommands
1437.152  191.400  191.400: sourcing /usr/local/Cellar/neovim/0.3.1/share/nvim/runtime/autoload/provider/clipboard.vim
1437.185  000.286: before starting main loop
1437.905  000.383  000.383: sourcing /Users/fill/.cache/dein/.cache/init.vim/.dein/autoload/ale/cursor.vim
1439.254  000.215  000.215: sourcing /Users/fill/.cache/dein/.cache/init.vim/.dein/autoload/airline/extensions/tabline/ctrlspace.vim
1440.173  000.244  000.244: sourcing /Users/fill/.cache/dein/.cache/init.vim/.dein/autoload/airline/extensions/tabline/builder.vim
1440.779  000.122  000.122: sourcing /Users/fill/.cache/dein/.cache/init.vim/.dein/autoload/airline/extensions/tabline/buflist.vim
1445.331  000.048  000.048: sourcing /Users/fill/.cache/dein/.cache/init.vim/.dein/autoload/airline/extensions/tabline/formatters/webdevicons.vim
1445.853  000.106  000.106: sourcing /Users/fill/.cache/dein/.cache/init.vim/.dein/autoload/airline/extensions/tabline/formatters/default.vim
1462.356  000.347  000.347: sourcing /Users/fill/.cache/dein/.cache/init.vim/.dein/autoload/airline/async.vim
1468.431  029.781: first screen update
1468.446  000.015: --- NVIM STARTED ---
