

times in msec
 clock   self+sourced   self:  sourced script
 clock   elapsed:              other lines

000.014  000.014: --- NVIM STARTING ---
000.936  000.922: locale set
001.976  001.040: inits 1
002.010  000.034: window checked
002.585  000.575: parsing arguments
002.935  000.350: expanding arguments
003.237  000.302: inits 2
004.285  001.048: init highlight
005.509  000.039  000.039: sourcing /usr/local/Cellar/neovim/0.3.1/share/nvim/runtime/macros/matchit.vim
006.146  000.284  000.284: sourcing /Users/fill/.cache/dein/repos/github.com/Shougo/dein.vim/autoload/dein.vim
007.308  000.089  000.089: sourcing /usr/local/Cellar/neovim/0.3.1/share/nvim/runtime/ftoff.vim
011.629  003.852  003.852: sourcing /Users/fill/.cache/dein/.cache/init.vim/.dein/colors/molokai.vim
014.501  000.551  000.551: sourcing /usr/local/Cellar/neovim/0.3.1/share/nvim/runtime/syntax/syncolor.vim
017.971  000.720  000.720: sourcing /usr/local/Cellar/neovim/0.3.1/share/nvim/runtime/syntax/syncolor.vim
020.140  000.829  000.829: sourcing /usr/local/Cellar/neovim/0.3.1/share/nvim/runtime/syntax/syncolor.vim
021.870  009.229  007.128: sourcing /Users/fill/.cache/dein/.cache/init.vim/.dein/colors/molokai.vim
022.105  009.816  000.587: sourcing /usr/local/Cellar/neovim/0.3.1/share/nvim/runtime/syntax/synload.vim
038.283  000.176  000.176: sourcing /Users/fill/.cache/dein/.cache/init.vim/.dein/ftdetect/ftdetect.vim
038.455  016.082  015.906: sourcing /usr/local/Cellar/neovim/0.3.1/share/nvim/runtime/filetype.vim
038.542  026.642  000.744: sourcing /usr/local/Cellar/neovim/0.3.1/share/nvim/runtime/syntax/syntax.vim
039.693  000.310  000.310: sourcing /usr/local/Cellar/neovim/0.3.1/share/nvim/runtime/syntax/syncolor.vim
040.984  000.270  000.270: sourcing /usr/local/Cellar/neovim/0.3.1/share/nvim/runtime/syntax/syncolor.vim
041.781  000.264  000.264: sourcing /usr/local/Cellar/neovim/0.3.1/share/nvim/runtime/syntax/syncolor.vim
042.668  003.964  003.120: sourcing /Users/fill/.cache/dein/.cache/init.vim/.dein/colors/molokai.vim
042.732  036.255  001.708: sourcing /Users/fill/.cache/dein/state_nvim.vim
042.985  000.060  000.060: sourcing /usr/local/Cellar/neovim/0.3.1/share/nvim/runtime/filetype.vim
043.235  000.075  000.075: sourcing /Users/fill/.cache/dein/.cache/init.vim/.dein/ftplugin.vim
043.403  000.085  000.085: sourcing /usr/local/Cellar/neovim/0.3.1/share/nvim/runtime/ftplugin.vim
043.695  000.073  000.073: sourcing /usr/local/Cellar/neovim/0.3.1/share/nvim/runtime/indent.vim
044.182  000.251  000.251: sourcing /usr/local/Cellar/neovim/0.3.1/share/nvim/runtime/syntax/nosyntax.vim
045.484  000.311  000.311: sourcing /usr/local/Cellar/neovim/0.3.1/share/nvim/runtime/syntax/syncolor.vim
046.770  000.266  000.266: sourcing /usr/local/Cellar/neovim/0.3.1/share/nvim/runtime/syntax/syncolor.vim
047.567  000.266  000.266: sourcing /usr/local/Cellar/neovim/0.3.1/share/nvim/runtime/syntax/syncolor.vim
048.456  003.950  003.106: sourcing /Users/fill/.cache/dein/.cache/init.vim/.dein/colors/molokai.vim
048.583  004.251  000.302: sourcing /usr/local/Cellar/neovim/0.3.1/share/nvim/runtime/syntax/synload.vim
048.632  004.809  000.307: sourcing /usr/local/Cellar/neovim/0.3.1/share/nvim/runtime/syntax/syntax.vim
049.156  000.351  000.351: sourcing /Users/fill/.cache/dein/repos/github.com/Shougo/dein.vim/autoload/dein/autoload.vim
050.202  000.826  000.826: sourcing /Users/fill/.cache/dein/repos/github.com/Shougo/dein.vim/autoload/dein/util.vim
051.058  046.156  003.299: sourcing /Users/fill/.config/nvim/init.vim
051.086  000.645: sourcing vimrc file(s)
052.568  000.247  000.247: sourcing /Users/fill/.cache/dein/repos/github.com/Shougo/vimproc.vim/plugin/vimproc.vim
053.087  000.088  000.088: sourcing /Users/fill/.cache/dein/repos/github.com/Shougo/deoplete.nvim/plugin/deoplete.vim
063.301  007.941  007.941: sourcing /Users/fill/.cache/dein/.cache/init.vim/.dein/plugin/EasyMotion.vim
065.782  000.564  000.564: sourcing /Users/fill/.cache/dein/.cache/init.vim/.dein/autoload/nerdtree.vim
070.069  001.609  001.609: sourcing /Users/fill/.cache/dein/.cache/init.vim/.dein/lib/nerdtree/path.vim
070.758  000.395  000.395: sourcing /Users/fill/.cache/dein/.cache/init.vim/.dein/lib/nerdtree/menu_controller.vim
071.233  000.253  000.253: sourcing /Users/fill/.cache/dein/.cache/init.vim/.dein/lib/nerdtree/menu_item.vim
071.742  000.292  000.292: sourcing /Users/fill/.cache/dein/.cache/init.vim/.dein/lib/nerdtree/key_map.vim
072.482  000.523  000.523: sourcing /Users/fill/.cache/dein/.cache/init.vim/.dein/lib/nerdtree/bookmark.vim
073.214  000.513  000.513: sourcing /Users/fill/.cache/dein/.cache/init.vim/.dein/lib/nerdtree/tree_file_node.vim
074.442  001.000  001.000: sourcing /Users/fill/.cache/dein/.cache/init.vim/.dein/lib/nerdtree/tree_dir_node.vim
075.020  000.397  000.397: sourcing /Users/fill/.cache/dein/.cache/init.vim/.dein/lib/nerdtree/opener.vim
075.663  000.465  000.465: sourcing /Users/fill/.cache/dein/.cache/init.vim/.dein/lib/nerdtree/creator.vim
075.951  000.109  000.109: sourcing /Users/fill/.cache/dein/.cache/init.vim/.dein/lib/nerdtree/flag_set.vim
076.421  000.291  000.291: sourcing /Users/fill/.cache/dein/.cache/init.vim/.dein/lib/nerdtree/nerdtree.vim
077.149  000.551  000.551: sourcing /Users/fill/.cache/dein/.cache/init.vim/.dein/lib/nerdtree/ui.vim
077.334  000.043  000.043: sourcing /Users/fill/.cache/dein/.cache/init.vim/.dein/lib/nerdtree/event.vim
077.547  000.072  000.072: sourcing /Users/fill/.cache/dein/.cache/init.vim/.dein/lib/nerdtree/notifier.vim
078.353  000.654  000.654: sourcing /Users/fill/.cache/dein/.cache/init.vim/.dein/autoload/nerdtree/ui_glue.vim
082.449  000.162  000.162: sourcing /Users/fill/.cache/dein/.cache/init.vim/.dein/nerdtree_plugin/exec_menuitem.vim
083.608  001.090  001.090: sourcing /Users/fill/.cache/dein/.cache/init.vim/.dein/nerdtree_plugin/fs_menu.vim
084.324  000.633  000.633: sourcing /Users/fill/.cache/dein/.cache/init.vim/.dein/nerdtree_plugin/webdevicons.vim
084.517  021.113  011.495: sourcing /Users/fill/.cache/dein/.cache/init.vim/.dein/plugin/NERD_tree.vim
084.952  000.363  000.363: sourcing /Users/fill/.cache/dein/.cache/init.vim/.dein/plugin/ac_smooth_scroll.vim
085.061  000.040  000.040: sourcing /Users/fill/.cache/dein/.cache/init.vim/.dein/plugin/airline-themes.vim
085.668  000.294  000.294: sourcing /Users/fill/.cache/dein/.cache/init.vim/.dein/autoload/airline.vim
086.133  000.186  000.186: sourcing /Users/fill/.cache/dein/.cache/init.vim/.dein/autoload/airline/init.vim
086.987  000.162  000.162: sourcing /Users/fill/.cache/dein/.cache/init.vim/.dein/autoload/airline/parts.vim
088.835  000.201  000.201: sourcing /Users/fill/.cache/dein/.cache/init.vim/.dein/autoload/airline/util.vim
088.898  003.771  002.928: sourcing /Users/fill/.cache/dein/.cache/init.vim/.dein/plugin/airline.vim
089.868  000.177  000.177: sourcing /Users/fill/.cache/dein/.cache/init.vim/.dein/autoload/ale/events.vim
090.082  001.099  000.922: sourcing /Users/fill/.cache/dein/.cache/init.vim/.dein/plugin/ale.vim
098.862  008.701  008.701: sourcing /Users/fill/.cache/dein/.cache/init.vim/.dein/plugin/caw.vim
099.978  000.934  000.934: sourcing /Users/fill/.cache/dein/.cache/init.vim/.dein/plugin/fugitive.vim
100.488  000.364  000.364: sourcing /Users/fill/.cache/dein/.cache/init.vim/.dein/plugin/neosnippet.vim
101.744  001.131  001.131: sourcing /Users/fill/.cache/dein/.cache/init.vim/.dein/plugin/surround.vim
103.053  000.757  000.757: sourcing /Users/fill/.cache/dein/.cache/init.vim/.dein/autoload/unite/custom.vim
103.355  001.471  000.715: sourcing /Users/fill/.cache/dein/.cache/init.vim/.dein/plugin/unite/bookmark.vim
103.830  000.305  000.305: sourcing /Users/fill/.cache/dein/.cache/init.vim/.dein/plugin/unite/buffer.vim
104.243  000.253  000.253: sourcing /Users/fill/.cache/dein/.cache/init.vim/.dein/plugin/unite/window.vim
104.779  000.384  000.384: sourcing /Users/fill/.cache/dein/.cache/init.vim/.dein/plugin/unite.vim
111.303  000.841  000.841: sourcing /Users/fill/.cache/dein/.cache/init.vim/.dein/autoload/vital/unite.vim
113.270  001.271  001.271: sourcing /Users/fill/.cache/dein/.cache/init.vim/.dein/autoload/vital/_unite/Prelude.vim
113.781  002.037  000.766: sourcing /Users/fill/.cache/dein/.cache/init.vim/.dein/autoload/vital/_unite/Prelude.vim
115.016  005.347  002.469: sourcing /Users/fill/.cache/dein/.cache/init.vim/.dein/autoload/unite/util.vim
116.391  007.035  001.688: sourcing /Users/fill/.cache/dein/.cache/init.vim/.dein/autoload/unite.vim
117.148  000.413  000.413: sourcing /Users/fill/.cache/dein/.cache/init.vim/.dein/autoload/unite/variables.vim
117.850  012.918  005.470: sourcing /Users/fill/.cache/dein/.cache/init.vim/.dein/plugin/webdevicons.vim
119.076  000.403  000.403: sourcing /usr/local/Cellar/neovim/0.3.1/share/nvim/runtime/plugin/gzip.vim
119.191  000.034  000.034: sourcing /usr/local/Cellar/neovim/0.3.1/share/nvim/runtime/plugin/health.vim
119.359  000.093  000.093: sourcing /usr/local/Cellar/neovim/0.3.1/share/nvim/runtime/plugin/man.vim
120.238  000.800  000.800: sourcing /usr/local/Cellar/neovim/0.3.1/share/nvim/runtime/plugin/matchit.vim
120.585  000.268  000.268: sourcing /usr/local/Cellar/neovim/0.3.1/share/nvim/runtime/plugin/matchparen.vim
121.344  000.680  000.680: sourcing /usr/local/Cellar/neovim/0.3.1/share/nvim/runtime/plugin/netrwPlugin.vim
122.288  000.322  000.322: sourcing /usr/local/Cellar/neovim/0.3.1/share/nvim/runtime/autoload/remote/host.vim
122.983  000.314  000.314: sourcing /usr/local/Cellar/neovim/0.3.1/share/nvim/runtime/autoload/remote/define.vim
123.111  001.345  000.709: sourcing /Users/fill/.local/share/nvim/rplugin.vim
123.124  001.691  000.346: sourcing /usr/local/Cellar/neovim/0.3.1/share/nvim/runtime/plugin/rplugin.vim
123.244  000.033  000.033: sourcing /usr/local/Cellar/neovim/0.3.1/share/nvim/runtime/plugin/rrhelper.vim
123.495  000.165  000.165: sourcing /usr/local/Cellar/neovim/0.3.1/share/nvim/runtime/plugin/shada.vim
123.635  000.050  000.050: sourcing /usr/local/Cellar/neovim/0.3.1/share/nvim/runtime/plugin/spellfile.vim
123.951  000.230  000.230: sourcing /usr/local/Cellar/neovim/0.3.1/share/nvim/runtime/plugin/tarPlugin.vim
124.190  000.154  000.154: sourcing /usr/local/Cellar/neovim/0.3.1/share/nvim/runtime/plugin/tohtml.vim
124.324  000.048  000.048: sourcing /usr/local/Cellar/neovim/0.3.1/share/nvim/runtime/plugin/tutor.vim
124.695  000.285  000.285: sourcing /usr/local/Cellar/neovim/0.3.1/share/nvim/runtime/plugin/zipPlugin.vim
124.708  007.564: loading plugins
124.873  000.165: loading packages
125.688  000.604  000.604: sourcing /Users/fill/.cache/dein/.cache/init.vim/.dein/after/plugin/indentLine.vim
125.804  000.326: loading after plugins
125.817  000.013: inits 3
130.443  004.626: reading ShaDa
136.391  005.948: clearing screen
145.007  001.324  001.324: sourcing /usr/local/Cellar/neovim/0.3.1/share/nvim/runtime/scripts.vim
147.673  000.115  000.115: sourcing /usr/local/Cellar/neovim/0.3.1/share/nvim/runtime/filetype.vim
148.068  000.045  000.045: sourcing /Users/fill/.cache/dein/.cache/init.vim/.dein/ftplugin.vim
148.261  000.043  000.043: sourcing /usr/local/Cellar/neovim/0.3.1/share/nvim/runtime/ftplugin.vim
148.649  000.057  000.057: sourcing /usr/local/Cellar/neovim/0.3.1/share/nvim/runtime/filetype.vim
149.030  000.054  000.054: sourcing /usr/local/Cellar/neovim/0.3.1/share/nvim/runtime/indent.vim
150.638  000.251  000.251: sourcing /Users/fill/.cache/dein/repos/github.com/dag/vim-fish/ftplugin/fish.vim
153.050  000.060  000.060: sourcing /Users/fill/.cache/dein/repos/github.com/dag/vim-fish/indent/fish.vim
153.927  000.307  000.307: sourcing /Users/fill/.cache/dein/repos/github.com/dag/vim-fish/syntax/fish.vim
155.838  000.857  000.857: sourcing /Users/fill/.cache/dein/.cache/init.vim/.dein/autoload/airline/extensions.vim
156.529  000.156  000.156: sourcing /Users/fill/.cache/dein/.cache/init.vim/.dein/autoload/airline/extensions/quickfix.vim
157.264  000.139  000.139: sourcing /Users/fill/.cache/dein/.cache/init.vim/.dein/autoload/airline/extensions/unite.vim
158.122  000.141  000.141: sourcing /Users/fill/.cache/dein/.cache/init.vim/.dein/autoload/airline/extensions/netrw.vim
158.917  000.153  000.153: sourcing /Users/fill/.cache/dein/.cache/init.vim/.dein/autoload/airline/extensions/term.vim
160.404  000.628  000.628: sourcing /Users/fill/.cache/dein/.cache/init.vim/.dein/autoload/airline/extensions/branch.vim
161.767  000.181  000.181: sourcing /Users/fill/.cache/dein/.cache/init.vim/.dein/autoload/airline/extensions/fugitiveline.vim
163.046  000.218  000.218: sourcing /Users/fill/.cache/dein/.cache/init.vim/.dein/autoload/airline/extensions/ale.vim
164.402  000.369  000.369: sourcing /Users/fill/.cache/dein/.cache/init.vim/.dein/autoload/airline/extensions/whitespace.vim
166.338  000.838  000.838: sourcing /Users/fill/.cache/dein/.cache/init.vim/.dein/autoload/airline/extensions/tabline.vim
167.171  000.206  000.206: sourcing /Users/fill/.cache/dein/.cache/init.vim/.dein/autoload/airline/extensions/tabline/autoshow.vim
168.622  000.297  000.297: sourcing /Users/fill/.cache/dein/.cache/init.vim/.dein/autoload/airline/extensions/tabline/tabs.vim
170.525  000.643  000.643: sourcing /Users/fill/.cache/dein/.cache/init.vim/.dein/autoload/airline/extensions/tabline/buffers.vim
171.659  000.155  000.155: sourcing /Users/fill/.cache/dein/.cache/init.vim/.dein/autoload/airline/extensions/keymap.vim
182.131  000.243  000.243: sourcing /Users/fill/.cache/dein/.cache/init.vim/.dein/autoload/airline/section.vim
183.663  000.743  000.743: sourcing /Users/fill/.cache/dein/.cache/init.vim/.dein/autoload/airline/highlighter.vim
193.820  000.199  000.199: sourcing /Users/fill/.cache/dein/.cache/init.vim/.dein/autoload/airline/themes.vim
194.605  001.427  001.228: sourcing /Users/fill/.cache/dein/.cache/init.vim/.dein/autoload/airline/themes/molokai.vim
204.789  001.135  001.135: sourcing /Users/fill/.cache/dein/.cache/init.vim/.dein/autoload/airline/themes/molokai.vim
260.596  000.485  000.485: sourcing /Users/fill/.cache/dein/.cache/init.vim/.dein/autoload/airline/builder.vim
262.162  000.283  000.283: sourcing /Users/fill/.cache/dein/.cache/init.vim/.dein/autoload/airline/extensions/default.vim
302.564  000.169  000.169: sourcing /Users/fill/.cache/dein/repos/github.com/dag/vim-fish/ftplugin/fish.vim
304.065  000.030  000.030: sourcing /Users/fill/.cache/dein/repos/github.com/dag/vim-fish/indent/fish.vim
304.639  000.187  000.187: sourcing /Users/fill/.cache/dein/repos/github.com/dag/vim-fish/syntax/fish.vim
305.616  000.142  000.142: sourcing /Users/fill/.cache/dein/repos/github.com/dag/vim-fish/ftplugin/fish.vim
307.068  000.029  000.029: sourcing /Users/fill/.cache/dein/repos/github.com/dag/vim-fish/indent/fish.vim
307.693  000.176  000.176: sourcing /Users/fill/.cache/dein/repos/github.com/dag/vim-fish/syntax/fish.vim
314.670  005.231  005.231: sourcing /Users/fill/.cache/dein/.cache/init.vim/.dein/autoload/fugitive.vim
316.504  000.286  000.286: sourcing /Users/fill/.cache/dein/.cache/init.vim/.dein/autoload/ale.vim
318.340  001.241  001.241: sourcing /Users/fill/.cache/dein/.cache/init.vim/.dein/autoload/ale/util.vim
320.237  000.944  000.944: sourcing /Users/fill/.cache/dein/.cache/init.vim/.dein/autoload/ale/linter.vim
322.324  001.226  001.226: sourcing /Users/fill/.cache/dein/.cache/init.vim/.dein/ale_linters/fish/fish.vim
323.885  000.825  000.825: sourcing /Users/fill/.cache/dein/.cache/init.vim/.dein/autoload/ale/engine.vim
324.590  000.106  000.106: sourcing /Users/fill/.cache/dein/.cache/init.vim/.dein/autoload/ale/history.vim
325.595  000.554  000.554: sourcing /Users/fill/.cache/dein/.cache/init.vim/.dein/autoload/ale/command.vim
327.393  000.864  000.864: sourcing /Users/fill/.cache/dein/.cache/init.vim/.dein/autoload/ale/job.vim
330.958  000.239  000.239: sourcing /Users/fill/.cache/dein/.cache/init.vim/.dein/autoload/unite/sources/buffer/variables.vim
331.824  171.631: opening buffers
332.038  000.214: BufEnter autocommands
332.043  000.005: editing files in windows
332.737  000.694: VimEnter autocommands
521.536  188.412  188.412: sourcing /usr/local/Cellar/neovim/0.3.1/share/nvim/runtime/autoload/provider/clipboard.vim
521.575  000.427: before starting main loop
522.246  000.344  000.344: sourcing /Users/fill/.cache/dein/.cache/init.vim/.dein/autoload/ale/cursor.vim
523.450  000.209  000.209: sourcing /Users/fill/.cache/dein/.cache/init.vim/.dein/autoload/airline/extensions/tabline/ctrlspace.vim
524.346  000.242  000.242: sourcing /Users/fill/.cache/dein/.cache/init.vim/.dein/autoload/airline/extensions/tabline/builder.vim
524.948  000.124  000.124: sourcing /Users/fill/.cache/dein/.cache/init.vim/.dein/autoload/airline/extensions/tabline/buflist.vim
529.512  000.047  000.047: sourcing /Users/fill/.cache/dein/.cache/init.vim/.dein/autoload/airline/extensions/tabline/formatters/webdevicons.vim
530.033  000.109  000.109: sourcing /Users/fill/.cache/dein/.cache/init.vim/.dein/autoload/airline/extensions/tabline/formatters/default.vim
543.117  000.313  000.313: sourcing /Users/fill/.cache/dein/.cache/init.vim/.dein/autoload/airline/async.vim
548.992  026.029: first screen update
549.004  000.012: --- NVIM STARTED ---
