

times in msec
 clock   self+sourced   self:  sourced script
 clock   elapsed:              other lines

000.019  000.019: --- NVIM STARTING ---
001.536  001.518: locale set
003.697  002.161: inits 1
003.744  000.047: window checked
005.243  001.499: parsing arguments
006.530  001.287: expanding arguments
006.816  000.286: inits 2
009.361  002.545: init highlight
011.844  000.796  000.796: sourcing /usr/local/Cellar/neovim/0.3.1/share/nvim/runtime/macros/matchit.vim
014.611  001.475  001.475: sourcing /Users/fill/.cache/dein/repos/github.com/Shougo/dein.vim/autoload/dein.vim
018.590  000.449  000.449: sourcing /usr/local/Cellar/neovim/0.3.1/share/nvim/runtime/ftoff.vim
024.806  004.279  004.279: sourcing /Users/fill/.cache/dein/.cache/init.vim/.dein/colors/molokai.vim
027.316  000.534  000.534: sourcing /usr/local/Cellar/neovim/0.3.1/share/nvim/runtime/syntax/syncolor.vim
029.650  000.596  000.596: sourcing /usr/local/Cellar/neovim/0.3.1/share/nvim/runtime/syntax/syncolor.vim
031.688  000.599  000.599: sourcing /usr/local/Cellar/neovim/0.3.1/share/nvim/runtime/syntax/syncolor.vim
033.483  007.865  006.136: sourcing /Users/fill/.cache/dein/.cache/init.vim/.dein/colors/molokai.vim
033.727  008.405  000.540: sourcing /usr/local/Cellar/neovim/0.3.1/share/nvim/runtime/syntax/synload.vim
056.021  000.487  000.487: sourcing /Users/fill/.cache/dein/.cache/init.vim/.dein/ftdetect/ftdetect.vim
056.217  022.006  021.519: sourcing /usr/local/Cellar/neovim/0.3.1/share/nvim/runtime/filetype.vim
056.357  031.377  000.966: sourcing /usr/local/Cellar/neovim/0.3.1/share/nvim/runtime/syntax/syntax.vim
057.577  000.297  000.297: sourcing /usr/local/Cellar/neovim/0.3.1/share/nvim/runtime/syntax/syncolor.vim
059.979  000.538  000.538: sourcing /usr/local/Cellar/neovim/0.3.1/share/nvim/runtime/syntax/syncolor.vim
061.505  000.535  000.535: sourcing /usr/local/Cellar/neovim/0.3.1/share/nvim/runtime/syntax/syncolor.vim
063.162  006.614  005.244: sourcing /Users/fill/.cache/dein/.cache/init.vim/.dein/colors/molokai.vim
063.281  048.062  005.344: sourcing /Users/fill/.cache/dein/state_nvim.vim
063.729  000.092  000.092: sourcing /usr/local/Cellar/neovim/0.3.1/share/nvim/runtime/filetype.vim
064.487  000.449  000.449: sourcing /Users/fill/.cache/dein/.cache/init.vim/.dein/ftplugin.vim
065.045  000.385  000.385: sourcing /usr/local/Cellar/neovim/0.3.1/share/nvim/runtime/ftplugin.vim
065.940  000.633  000.633: sourcing /usr/local/Cellar/neovim/0.3.1/share/nvim/runtime/indent.vim
067.076  000.718  000.718: sourcing /usr/local/Cellar/neovim/0.3.1/share/nvim/runtime/syntax/nosyntax.vim
069.446  000.467  000.467: sourcing /usr/local/Cellar/neovim/0.3.1/share/nvim/runtime/syntax/syncolor.vim
070.955  000.307  000.307: sourcing /usr/local/Cellar/neovim/0.3.1/share/nvim/runtime/syntax/syncolor.vim
071.911  000.310  000.310: sourcing /usr/local/Cellar/neovim/0.3.1/share/nvim/runtime/syntax/syncolor.vim
072.890  005.131  004.046: sourcing /Users/fill/.cache/dein/.cache/init.vim/.dein/colors/molokai.vim
073.050  005.626  000.495: sourcing /usr/local/Cellar/neovim/0.3.1/share/nvim/runtime/syntax/synload.vim
073.107  006.940  000.596: sourcing /usr/local/Cellar/neovim/0.3.1/share/nvim/runtime/syntax/syntax.vim
074.051  000.746  000.746: sourcing /Users/fill/.cache/dein/repos/github.com/Shougo/dein.vim/autoload/dein/autoload.vim
075.618  001.312  001.312: sourcing /Users/fill/.cache/dein/repos/github.com/Shougo/dein.vim/autoload/dein/util.vim
076.074  066.154  005.263: sourcing /Users/fill/.config/nvim/init.vim
076.089  000.574: sourcing vimrc file(s)
077.168  000.420  000.420: sourcing /Users/fill/.cache/dein/repos/github.com/Shougo/vimproc.vim/plugin/vimproc.vim
077.850  000.360  000.360: sourcing /Users/fill/.cache/dein/repos/github.com/Shougo/deoplete.nvim/plugin/deoplete.vim
086.793  007.922  007.922: sourcing /Users/fill/.cache/dein/.cache/init.vim/.dein/plugin/EasyMotion.vim
088.768  000.694  000.694: sourcing /Users/fill/.cache/dein/.cache/init.vim/.dein/autoload/nerdtree.vim
091.452  001.440  001.440: sourcing /Users/fill/.cache/dein/.cache/init.vim/.dein/lib/nerdtree/path.vim
092.234  000.621  000.621: sourcing /Users/fill/.cache/dein/.cache/init.vim/.dein/lib/nerdtree/menu_controller.vim
092.989  000.596  000.596: sourcing /Users/fill/.cache/dein/.cache/init.vim/.dein/lib/nerdtree/menu_item.vim
093.636  000.489  000.489: sourcing /Users/fill/.cache/dein/.cache/init.vim/.dein/lib/nerdtree/key_map.vim
094.466  000.683  000.683: sourcing /Users/fill/.cache/dein/.cache/init.vim/.dein/lib/nerdtree/bookmark.vim
095.290  000.674  000.674: sourcing /Users/fill/.cache/dein/.cache/init.vim/.dein/lib/nerdtree/tree_file_node.vim
096.550  001.108  001.108: sourcing /Users/fill/.cache/dein/.cache/init.vim/.dein/lib/nerdtree/tree_dir_node.vim
097.359  000.659  000.659: sourcing /Users/fill/.cache/dein/.cache/init.vim/.dein/lib/nerdtree/opener.vim
098.235  000.731  000.731: sourcing /Users/fill/.cache/dein/.cache/init.vim/.dein/lib/nerdtree/creator.vim
098.719  000.339  000.339: sourcing /Users/fill/.cache/dein/.cache/init.vim/.dein/lib/nerdtree/flag_set.vim
099.381  000.519  000.519: sourcing /Users/fill/.cache/dein/.cache/init.vim/.dein/lib/nerdtree/nerdtree.vim
100.383  000.860  000.860: sourcing /Users/fill/.cache/dein/.cache/init.vim/.dein/lib/nerdtree/ui.vim
100.807  000.281  000.281: sourcing /Users/fill/.cache/dein/.cache/init.vim/.dein/lib/nerdtree/event.vim
101.284  000.325  000.325: sourcing /Users/fill/.cache/dein/.cache/init.vim/.dein/lib/nerdtree/notifier.vim
102.583  001.143  001.143: sourcing /Users/fill/.cache/dein/.cache/init.vim/.dein/autoload/nerdtree/ui_glue.vim
107.380  000.763  000.763: sourcing /Users/fill/.cache/dein/.cache/init.vim/.dein/nerdtree_plugin/exec_menuitem.vim
108.982  001.496  001.496: sourcing /Users/fill/.cache/dein/.cache/init.vim/.dein/nerdtree_plugin/fs_menu.vim
110.112  001.054  001.054: sourcing /Users/fill/.cache/dein/.cache/init.vim/.dein/nerdtree_plugin/webdevicons.vim
110.320  023.437  008.961: sourcing /Users/fill/.cache/dein/.cache/init.vim/.dein/plugin/NERD_tree.vim
111.173  000.778  000.778: sourcing /Users/fill/.cache/dein/.cache/init.vim/.dein/plugin/ac_smooth_scroll.vim
111.774  000.521  000.521: sourcing /Users/fill/.cache/dein/.cache/init.vim/.dein/plugin/airline-themes.vim
113.112  000.589  000.589: sourcing /Users/fill/.cache/dein/.cache/init.vim/.dein/autoload/airline.vim
113.969  000.573  000.573: sourcing /Users/fill/.cache/dein/.cache/init.vim/.dein/autoload/airline/init.vim
115.262  000.587  000.587: sourcing /Users/fill/.cache/dein/.cache/init.vim/.dein/autoload/airline/parts.vim
117.531  000.559  000.559: sourcing /Users/fill/.cache/dein/.cache/init.vim/.dein/autoload/airline/util.vim
117.599  005.737  003.429: sourcing /Users/fill/.cache/dein/.cache/init.vim/.dein/plugin/airline.vim
119.300  000.535  000.535: sourcing /Users/fill/.cache/dein/.cache/init.vim/.dein/autoload/ale/events.vim
119.512  001.824  001.289: sourcing /Users/fill/.cache/dein/.cache/init.vim/.dein/plugin/ale.vim
125.341  005.747  005.747: sourcing /Users/fill/.cache/dein/.cache/init.vim/.dein/plugin/caw.vim
127.092  001.647  001.647: sourcing /Users/fill/.cache/dein/.cache/init.vim/.dein/plugin/fugitive.vim
128.405  001.055  001.055: sourcing /Users/fill/.cache/dein/.cache/init.vim/.dein/plugin/neosnippet.vim
130.426  001.797  001.797: sourcing /Users/fill/.cache/dein/.cache/init.vim/.dein/plugin/surround.vim
132.126  000.832  000.832: sourcing /Users/fill/.cache/dein/.cache/init.vim/.dein/autoload/unite/custom.vim
132.313  001.736  000.903: sourcing /Users/fill/.cache/dein/.cache/init.vim/.dein/plugin/unite/bookmark.vim
132.925  000.518  000.518: sourcing /Users/fill/.cache/dein/.cache/init.vim/.dein/plugin/unite/buffer.vim
133.621  000.601  000.601: sourcing /Users/fill/.cache/dein/.cache/init.vim/.dein/plugin/unite/window.vim
134.255  000.541  000.541: sourcing /Users/fill/.cache/dein/.cache/init.vim/.dein/plugin/unite.vim
140.585  001.003  001.003: sourcing /Users/fill/.cache/dein/.cache/init.vim/.dein/autoload/vital/unite.vim
142.220  001.081  001.081: sourcing /Users/fill/.cache/dein/.cache/init.vim/.dein/autoload/vital/_unite/Prelude.vim
142.731  001.799  000.718: sourcing /Users/fill/.cache/dein/.cache/init.vim/.dein/autoload/vital/_unite/Prelude.vim
143.967  005.318  002.516: sourcing /Users/fill/.cache/dein/.cache/init.vim/.dein/autoload/unite/util.vim
145.337  007.650  002.332: sourcing /Users/fill/.cache/dein/.cache/init.vim/.dein/autoload/unite.vim
146.220  000.621  000.621: sourcing /Users/fill/.cache/dein/.cache/init.vim/.dein/autoload/unite/variables.vim
146.925  012.581  004.310: sourcing /Users/fill/.cache/dein/.cache/init.vim/.dein/plugin/webdevicons.vim
148.665  000.916  000.916: sourcing /usr/local/Cellar/neovim/0.3.1/share/nvim/runtime/plugin/gzip.vim
149.313  000.522  000.522: sourcing /usr/local/Cellar/neovim/0.3.1/share/nvim/runtime/plugin/health.vim
149.914  000.501  000.501: sourcing /usr/local/Cellar/neovim/0.3.1/share/nvim/runtime/plugin/man.vim
151.428  001.421  001.421: sourcing /usr/local/Cellar/neovim/0.3.1/share/nvim/runtime/plugin/matchit.vim
152.331  000.812  000.812: sourcing /usr/local/Cellar/neovim/0.3.1/share/nvim/runtime/plugin/matchparen.vim
153.658  001.236  001.236: sourcing /usr/local/Cellar/neovim/0.3.1/share/nvim/runtime/plugin/netrwPlugin.vim
156.389  000.841  000.841: sourcing /usr/local/Cellar/neovim/0.3.1/share/nvim/runtime/autoload/remote/host.vim
157.622  000.830  000.830: sourcing /usr/local/Cellar/neovim/0.3.1/share/nvim/runtime/autoload/remote/define.vim
157.759  003.063  001.392: sourcing /Users/fill/.local/share/nvim/rplugin.vim
157.775  004.017  000.954: sourcing /usr/local/Cellar/neovim/0.3.1/share/nvim/runtime/plugin/rplugin.vim
158.291  000.417  000.417: sourcing /usr/local/Cellar/neovim/0.3.1/share/nvim/runtime/plugin/rrhelper.vim
159.028  000.626  000.626: sourcing /usr/local/Cellar/neovim/0.3.1/share/nvim/runtime/plugin/shada.vim
159.503  000.366  000.366: sourcing /usr/local/Cellar/neovim/0.3.1/share/nvim/runtime/plugin/spellfile.vim
160.163  000.561  000.561: sourcing /usr/local/Cellar/neovim/0.3.1/share/nvim/runtime/plugin/tarPlugin.vim
160.773  000.522  000.522: sourcing /usr/local/Cellar/neovim/0.3.1/share/nvim/runtime/plugin/tohtml.vim
161.142  000.279  000.279: sourcing /usr/local/Cellar/neovim/0.3.1/share/nvim/runtime/plugin/tutor.vim
161.850  000.604  000.604: sourcing /usr/local/Cellar/neovim/0.3.1/share/nvim/runtime/plugin/zipPlugin.vim
161.865  005.756: loading plugins
162.040  000.174: loading packages
163.293  001.035  001.035: sourcing /Users/fill/.cache/dein/.cache/init.vim/.dein/after/plugin/indentLine.vim
163.409  000.334: loading after plugins
163.424  000.015: inits 3
168.030  004.606: reading ShaDa
172.182  004.152: clearing screen
180.110  001.501  001.501: sourcing /usr/local/Cellar/neovim/0.3.1/share/nvim/runtime/scripts.vim
181.586  000.049  000.049: sourcing /usr/local/Cellar/neovim/0.3.1/share/nvim/runtime/filetype.vim
181.807  000.025  000.025: sourcing /Users/fill/.cache/dein/.cache/init.vim/.dein/ftplugin.vim
181.933  000.027  000.027: sourcing /usr/local/Cellar/neovim/0.3.1/share/nvim/runtime/ftplugin.vim
182.177  000.033  000.033: sourcing /usr/local/Cellar/neovim/0.3.1/share/nvim/runtime/filetype.vim
182.399  000.029  000.029: sourcing /usr/local/Cellar/neovim/0.3.1/share/nvim/runtime/indent.vim
183.783  000.695  000.695: sourcing /Users/fill/.cache/dein/repos/github.com/dag/vim-fish/ftplugin/fish.vim
185.698  000.436  000.436: sourcing /Users/fill/.cache/dein/repos/github.com/dag/vim-fish/indent/fish.vim
186.723  000.606  000.606: sourcing /Users/fill/.cache/dein/repos/github.com/dag/vim-fish/syntax/fish.vim
188.273  000.896  000.896: sourcing /Users/fill/.cache/dein/.cache/init.vim/.dein/autoload/airline/extensions.vim
189.235  000.517  000.517: sourcing /Users/fill/.cache/dein/.cache/init.vim/.dein/autoload/airline/extensions/quickfix.vim
190.157  000.451  000.451: sourcing /Users/fill/.cache/dein/.cache/init.vim/.dein/autoload/airline/extensions/unite.vim
190.968  000.321  000.321: sourcing /Users/fill/.cache/dein/.cache/init.vim/.dein/autoload/airline/extensions/netrw.vim
191.664  000.314  000.314: sourcing /Users/fill/.cache/dein/.cache/init.vim/.dein/autoload/airline/extensions/term.vim
192.777  000.609  000.609: sourcing /Users/fill/.cache/dein/.cache/init.vim/.dein/autoload/airline/extensions/branch.vim
193.554  000.334  000.334: sourcing /Users/fill/.cache/dein/.cache/init.vim/.dein/autoload/airline/extensions/fugitiveline.vim
194.445  000.434  000.434: sourcing /Users/fill/.cache/dein/.cache/init.vim/.dein/autoload/airline/extensions/ale.vim
196.404  000.723  000.723: sourcing /Users/fill/.cache/dein/.cache/init.vim/.dein/autoload/airline/extensions/whitespace.vim
197.858  000.738  000.738: sourcing /Users/fill/.cache/dein/.cache/init.vim/.dein/autoload/airline/extensions/tabline.vim
198.740  000.471  000.471: sourcing /Users/fill/.cache/dein/.cache/init.vim/.dein/autoload/airline/extensions/tabline/autoshow.vim
199.695  000.507  000.507: sourcing /Users/fill/.cache/dein/.cache/init.vim/.dein/autoload/airline/extensions/tabline/tabs.vim
200.660  000.600  000.600: sourcing /Users/fill/.cache/dein/.cache/init.vim/.dein/autoload/airline/extensions/tabline/buffers.vim
201.456  000.332  000.332: sourcing /Users/fill/.cache/dein/.cache/init.vim/.dein/autoload/airline/extensions/keymap.vim
206.818  000.488  000.488: sourcing /Users/fill/.cache/dein/.cache/init.vim/.dein/autoload/airline/section.vim
208.092  000.857  000.857: sourcing /Users/fill/.cache/dein/.cache/init.vim/.dein/autoload/airline/highlighter.vim
211.541  000.469  000.469: sourcing /Users/fill/.cache/dein/.cache/init.vim/.dein/autoload/airline/themes.vim
211.960  001.123  000.655: sourcing /Users/fill/.cache/dein/.cache/init.vim/.dein/autoload/airline/themes/molokai.vim
216.558  000.499  000.499: sourcing /Users/fill/.cache/dein/.cache/init.vim/.dein/autoload/airline/themes/molokai.vim
244.292  001.259  001.259: sourcing /Users/fill/.cache/dein/.cache/init.vim/.dein/autoload/airline/builder.vim
246.797  000.694  000.694: sourcing /Users/fill/.cache/dein/.cache/init.vim/.dein/autoload/airline/extensions/default.vim
278.446  000.172  000.172: sourcing /Users/fill/.cache/dein/repos/github.com/dag/vim-fish/ftplugin/fish.vim
279.943  000.029  000.029: sourcing /Users/fill/.cache/dein/repos/github.com/dag/vim-fish/indent/fish.vim
280.511  000.182  000.182: sourcing /Users/fill/.cache/dein/repos/github.com/dag/vim-fish/syntax/fish.vim
281.493  000.143  000.143: sourcing /Users/fill/.cache/dein/repos/github.com/dag/vim-fish/ftplugin/fish.vim
282.938  000.029  000.029: sourcing /Users/fill/.cache/dein/repos/github.com/dag/vim-fish/indent/fish.vim
283.487  000.175  000.175: sourcing /Users/fill/.cache/dein/repos/github.com/dag/vim-fish/syntax/fish.vim
293.429  008.195  008.195: sourcing /Users/fill/.cache/dein/.cache/init.vim/.dein/autoload/fugitive.vim
295.995  000.892  000.892: sourcing /Users/fill/.cache/dein/.cache/init.vim/.dein/autoload/ale.vim
297.617  001.171  001.171: sourcing /Users/fill/.cache/dein/.cache/init.vim/.dein/autoload/ale/util.vim
299.073  001.005  001.005: sourcing /Users/fill/.cache/dein/.cache/init.vim/.dein/autoload/ale/linter.vim
301.651  001.305  001.305: sourcing /Users/fill/.cache/dein/.cache/init.vim/.dein/ale_linters/fish/fish.vim
303.819  001.459  001.459: sourcing /Users/fill/.cache/dein/.cache/init.vim/.dein/autoload/ale/engine.vim
305.162  000.545  000.545: sourcing /Users/fill/.cache/dein/.cache/init.vim/.dein/autoload/ale/history.vim
306.743  001.106  001.106: sourcing /Users/fill/.cache/dein/.cache/init.vim/.dein/autoload/ale/command.vim
311.320  002.329  002.329: sourcing /Users/fill/.cache/dein/.cache/init.vim/.dein/autoload/ale/job.vim
315.429  000.627  000.627: sourcing /Users/fill/.cache/dein/.cache/init.vim/.dein/autoload/unite/sources/buffer/variables.vim
316.281  109.170: opening buffers
316.500  000.219: BufEnter autocommands
316.505  000.005: editing files in windows
317.352  000.847: VimEnter autocommands
514.321  196.622  196.622: sourcing /usr/local/Cellar/neovim/0.3.1/share/nvim/runtime/autoload/provider/clipboard.vim
514.357  000.383: before starting main loop
515.683  000.979  000.979: sourcing /Users/fill/.cache/dein/.cache/init.vim/.dein/autoload/ale/cursor.vim
517.488  000.682  000.682: sourcing /Users/fill/.cache/dein/.cache/init.vim/.dein/autoload/airline/extensions/tabline/ctrlspace.vim
518.823  000.649  000.649: sourcing /Users/fill/.cache/dein/.cache/init.vim/.dein/autoload/airline/extensions/tabline/builder.vim
519.811  000.473  000.473: sourcing /Users/fill/.cache/dein/.cache/init.vim/.dein/autoload/airline/extensions/tabline/buflist.vim
526.632  000.332  000.332: sourcing /Users/fill/.cache/dein/.cache/init.vim/.dein/autoload/airline/extensions/tabline/formatters/webdevicons.vim
527.561  000.398  000.398: sourcing /Users/fill/.cache/dein/.cache/init.vim/.dein/autoload/airline/extensions/tabline/formatters/default.vim
542.122  000.813  000.813: sourcing /Users/fill/.cache/dein/.cache/init.vim/.dein/autoload/airline/async.vim
548.097  029.416: first screen update
548.106  000.009: --- NVIM STARTED ---
