

times in msec
 clock   self+sourced   self:  sourced script
 clock   elapsed:              other lines

000.019  000.019: --- NVIM STARTING ---
001.417  001.399: locale set
002.711  001.294: inits 1
002.739  000.028: window checked
003.720  000.981: parsing arguments
004.213  000.493: expanding arguments
004.395  000.182: inits 2
005.283  000.887: init highlight
005.935  000.033  000.033: sourcing /usr/local/Cellar/neovim/0.3.1/share/nvim/runtime/macros/matchit.vim
006.579  000.280  000.280: sourcing /Users/fill/.cache/dein/repos/github.com/Shougo/dein.vim/autoload/dein.vim
007.746  000.086  000.086: sourcing /usr/local/Cellar/neovim/0.3.1/share/nvim/runtime/ftoff.vim
010.776  002.557  002.557: sourcing /Users/fill/.cache/dein/.cache/init.vim/.dein/colors/molokai.vim
012.186  000.278  000.278: sourcing /usr/local/Cellar/neovim/0.3.1/share/nvim/runtime/syntax/syncolor.vim
014.880  000.992  000.992: sourcing /usr/local/Cellar/neovim/0.3.1/share/nvim/runtime/syntax/syncolor.vim
016.645  000.545  000.545: sourcing /usr/local/Cellar/neovim/0.3.1/share/nvim/runtime/syntax/syncolor.vim
018.399  007.163  005.349: sourcing /Users/fill/.cache/dein/.cache/init.vim/.dein/colors/molokai.vim
018.663  007.598  000.435: sourcing /usr/local/Cellar/neovim/0.3.1/share/nvim/runtime/syntax/synload.vim
031.077  000.177  000.177: sourcing /Users/fill/.cache/dein/.cache/init.vim/.dein/ftdetect/ftdetect.vim
031.250  012.270  012.093: sourcing /usr/local/Cellar/neovim/0.3.1/share/nvim/runtime/filetype.vim
031.337  020.464  000.596: sourcing /usr/local/Cellar/neovim/0.3.1/share/nvim/runtime/syntax/syntax.vim
032.448  000.275  000.275: sourcing /usr/local/Cellar/neovim/0.3.1/share/nvim/runtime/syntax/syncolor.vim
033.729  000.263  000.263: sourcing /usr/local/Cellar/neovim/0.3.1/share/nvim/runtime/syntax/syncolor.vim
034.561  000.292  000.292: sourcing /usr/local/Cellar/neovim/0.3.1/share/nvim/runtime/syntax/syncolor.vim
035.439  003.942  003.112: sourcing /Users/fill/.cache/dein/.cache/init.vim/.dein/colors/molokai.vim
035.503  028.598  001.550: sourcing /Users/fill/.cache/dein/state_nvim.vim
035.767  000.072  000.072: sourcing /usr/local/Cellar/neovim/0.3.1/share/nvim/runtime/filetype.vim
036.022  000.069  000.069: sourcing /Users/fill/.cache/dein/.cache/init.vim/.dein/ftplugin.vim
036.136  000.032  000.032: sourcing /usr/local/Cellar/neovim/0.3.1/share/nvim/runtime/ftplugin.vim
036.376  000.064  000.064: sourcing /usr/local/Cellar/neovim/0.3.1/share/nvim/runtime/indent.vim
036.879  000.275  000.275: sourcing /usr/local/Cellar/neovim/0.3.1/share/nvim/runtime/syntax/nosyntax.vim
038.140  000.277  000.277: sourcing /usr/local/Cellar/neovim/0.3.1/share/nvim/runtime/syntax/syncolor.vim
039.424  000.268  000.268: sourcing /usr/local/Cellar/neovim/0.3.1/share/nvim/runtime/syntax/syncolor.vim
040.220  000.267  000.267: sourcing /usr/local/Cellar/neovim/0.3.1/share/nvim/runtime/syntax/syncolor.vim
041.102  003.901  003.090: sourcing /Users/fill/.cache/dein/.cache/init.vim/.dein/colors/molokai.vim
041.236  004.207  000.305: sourcing /usr/local/Cellar/neovim/0.3.1/share/nvim/runtime/syntax/synload.vim
041.285  004.786  000.305: sourcing /usr/local/Cellar/neovim/0.3.1/share/nvim/runtime/syntax/syntax.vim
041.803  000.349  000.349: sourcing /Users/fill/.cache/dein/repos/github.com/Shougo/dein.vim/autoload/dein/autoload.vim
042.742  000.724  000.724: sourcing /Users/fill/.cache/dein/repos/github.com/Shougo/dein.vim/autoload/dein/util.vim
043.068  037.454  002.447: sourcing /Users/fill/.config/nvim/init.vim
043.078  000.342: sourcing vimrc file(s)
043.636  000.099  000.099: sourcing /Users/fill/.cache/dein/repos/github.com/Shougo/vimproc.vim/plugin/vimproc.vim
043.890  000.044  000.044: sourcing /Users/fill/.cache/dein/repos/github.com/Shougo/deoplete.nvim/plugin/deoplete.vim
052.778  007.978  007.978: sourcing /Users/fill/.cache/dein/.cache/init.vim/.dein/plugin/EasyMotion.vim
053.954  000.328  000.328: sourcing /Users/fill/.cache/dein/.cache/init.vim/.dein/autoload/nerdtree.vim
056.048  000.847  000.847: sourcing /Users/fill/.cache/dein/.cache/init.vim/.dein/lib/nerdtree/path.vim
056.441  000.242  000.242: sourcing /Users/fill/.cache/dein/.cache/init.vim/.dein/lib/nerdtree/menu_controller.vim
056.753  000.168  000.168: sourcing /Users/fill/.cache/dein/.cache/init.vim/.dein/lib/nerdtree/menu_item.vim
057.454  000.445  000.445: sourcing /Users/fill/.cache/dein/.cache/init.vim/.dein/lib/nerdtree/key_map.vim
058.270  000.529  000.529: sourcing /Users/fill/.cache/dein/.cache/init.vim/.dein/lib/nerdtree/bookmark.vim
058.856  000.410  000.410: sourcing /Users/fill/.cache/dein/.cache/init.vim/.dein/lib/nerdtree/tree_file_node.vim
059.724  000.706  000.706: sourcing /Users/fill/.cache/dein/.cache/init.vim/.dein/lib/nerdtree/tree_dir_node.vim
060.229  000.339  000.339: sourcing /Users/fill/.cache/dein/.cache/init.vim/.dein/lib/nerdtree/opener.vim
060.786  000.393  000.393: sourcing /Users/fill/.cache/dein/.cache/init.vim/.dein/lib/nerdtree/creator.vim
061.041  000.092  000.092: sourcing /Users/fill/.cache/dein/.cache/init.vim/.dein/lib/nerdtree/flag_set.vim
061.448  000.246  000.246: sourcing /Users/fill/.cache/dein/.cache/init.vim/.dein/lib/nerdtree/nerdtree.vim
062.297  000.687  000.687: sourcing /Users/fill/.cache/dein/.cache/init.vim/.dein/lib/nerdtree/ui.vim
062.589  000.067  000.067: sourcing /Users/fill/.cache/dein/.cache/init.vim/.dein/lib/nerdtree/event.vim
062.995  000.171  000.171: sourcing /Users/fill/.cache/dein/.cache/init.vim/.dein/lib/nerdtree/notifier.vim
064.012  000.720  000.720: sourcing /Users/fill/.cache/dein/.cache/init.vim/.dein/autoload/nerdtree/ui_glue.vim
068.457  000.178  000.178: sourcing /Users/fill/.cache/dein/.cache/init.vim/.dein/nerdtree_plugin/exec_menuitem.vim
069.630  001.092  001.092: sourcing /Users/fill/.cache/dein/.cache/init.vim/.dein/nerdtree_plugin/fs_menu.vim
070.366  000.656  000.656: sourcing /Users/fill/.cache/dein/.cache/init.vim/.dein/nerdtree_plugin/webdevicons.vim
070.567  017.682  009.366: sourcing /Users/fill/.cache/dein/.cache/init.vim/.dein/plugin/NERD_tree.vim
071.025  000.379  000.379: sourcing /Users/fill/.cache/dein/.cache/init.vim/.dein/plugin/ac_smooth_scroll.vim
071.152  000.048  000.048: sourcing /Users/fill/.cache/dein/.cache/init.vim/.dein/plugin/airline-themes.vim
071.979  000.467  000.467: sourcing /Users/fill/.cache/dein/.cache/init.vim/.dein/autoload/airline.vim
072.724  000.297  000.297: sourcing /Users/fill/.cache/dein/.cache/init.vim/.dein/autoload/airline/init.vim
073.719  000.172  000.172: sourcing /Users/fill/.cache/dein/.cache/init.vim/.dein/autoload/airline/parts.vim
075.598  000.202  000.202: sourcing /Users/fill/.cache/dein/.cache/init.vim/.dein/autoload/airline/util.vim
075.661  004.432  003.293: sourcing /Users/fill/.cache/dein/.cache/init.vim/.dein/plugin/airline.vim
076.628  000.175  000.175: sourcing /Users/fill/.cache/dein/.cache/init.vim/.dein/autoload/ale/events.vim
076.835  001.093  000.919: sourcing /Users/fill/.cache/dein/.cache/init.vim/.dein/plugin/ale.vim
083.114  006.201  006.201: sourcing /Users/fill/.cache/dein/.cache/init.vim/.dein/plugin/caw.vim
083.718  000.489  000.489: sourcing /Users/fill/.cache/dein/.cache/init.vim/.dein/plugin/fugitive.vim
084.049  000.241  000.241: sourcing /Users/fill/.cache/dein/.cache/init.vim/.dein/plugin/neosnippet.vim
084.866  000.736  000.736: sourcing /Users/fill/.cache/dein/.cache/init.vim/.dein/plugin/surround.vim
085.730  000.514  000.514: sourcing /Users/fill/.cache/dein/.cache/init.vim/.dein/autoload/unite/custom.vim
085.905  000.952  000.439: sourcing /Users/fill/.cache/dein/.cache/init.vim/.dein/plugin/unite/bookmark.vim
086.126  000.131  000.131: sourcing /Users/fill/.cache/dein/.cache/init.vim/.dein/plugin/unite/buffer.vim
086.337  000.129  000.129: sourcing /Users/fill/.cache/dein/.cache/init.vim/.dein/plugin/unite/window.vim
086.614  000.198  000.198: sourcing /Users/fill/.cache/dein/.cache/init.vim/.dein/plugin/unite.vim
090.760  000.615  000.615: sourcing /Users/fill/.cache/dein/.cache/init.vim/.dein/autoload/vital/unite.vim
092.376  001.077  001.077: sourcing /Users/fill/.cache/dein/.cache/init.vim/.dein/autoload/vital/_unite/Prelude.vim
092.882  001.783  000.706: sourcing /Users/fill/.cache/dein/.cache/init.vim/.dein/autoload/vital/_unite/Prelude.vim
094.120  004.471  002.073: sourcing /Users/fill/.cache/dein/.cache/init.vim/.dein/autoload/unite/util.vim
095.472  006.025  001.554: sourcing /Users/fill/.cache/dein/.cache/init.vim/.dein/autoload/unite.vim
096.045  000.310  000.310: sourcing /Users/fill/.cache/dein/.cache/init.vim/.dein/autoload/unite/variables.vim
096.723  010.031  003.696: sourcing /Users/fill/.cache/dein/.cache/init.vim/.dein/plugin/webdevicons.vim
099.448  000.984  000.984: sourcing /usr/local/Cellar/neovim/0.3.1/share/nvim/runtime/plugin/gzip.vim
099.664  000.057  000.057: sourcing /usr/local/Cellar/neovim/0.3.1/share/nvim/runtime/plugin/health.vim
099.986  000.178  000.178: sourcing /usr/local/Cellar/neovim/0.3.1/share/nvim/runtime/plugin/man.vim
101.681  001.545  001.545: sourcing /usr/local/Cellar/neovim/0.3.1/share/nvim/runtime/plugin/matchit.vim
102.340  000.506  000.506: sourcing /usr/local/Cellar/neovim/0.3.1/share/nvim/runtime/plugin/matchparen.vim
103.743  001.236  001.236: sourcing /usr/local/Cellar/neovim/0.3.1/share/nvim/runtime/plugin/netrwPlugin.vim
105.171  000.493  000.493: sourcing /usr/local/Cellar/neovim/0.3.1/share/nvim/runtime/autoload/remote/host.vim
106.266  000.483  000.483: sourcing /usr/local/Cellar/neovim/0.3.1/share/nvim/runtime/autoload/remote/define.vim
106.465  002.084  001.107: sourcing /Users/fill/.local/share/nvim/rplugin.vim
106.485  002.609  000.525: sourcing /usr/local/Cellar/neovim/0.3.1/share/nvim/runtime/plugin/rplugin.vim
106.667  000.050  000.050: sourcing /usr/local/Cellar/neovim/0.3.1/share/nvim/runtime/plugin/rrhelper.vim
107.075  000.279  000.279: sourcing /usr/local/Cellar/neovim/0.3.1/share/nvim/runtime/plugin/shada.vim
107.286  000.076  000.076: sourcing /usr/local/Cellar/neovim/0.3.1/share/nvim/runtime/plugin/spellfile.vim
107.718  000.295  000.295: sourcing /usr/local/Cellar/neovim/0.3.1/share/nvim/runtime/plugin/tarPlugin.vim
108.025  000.202  000.202: sourcing /usr/local/Cellar/neovim/0.3.1/share/nvim/runtime/plugin/tohtml.vim
108.186  000.053  000.053: sourcing /usr/local/Cellar/neovim/0.3.1/share/nvim/runtime/plugin/tutor.vim
108.642  000.349  000.349: sourcing /usr/local/Cellar/neovim/0.3.1/share/nvim/runtime/plugin/zipPlugin.vim
108.657  006.296: loading plugins
108.867  000.210: loading packages
109.864  000.734  000.734: sourcing /Users/fill/.cache/dein/.cache/init.vim/.dein/after/plugin/indentLine.vim
109.991  000.391: loading after plugins
110.005  000.014: inits 3
114.873  004.868: reading ShaDa
118.191  003.318: clearing screen
126.046  001.603  001.603: sourcing /usr/local/Cellar/neovim/0.3.1/share/nvim/runtime/scripts.vim
127.610  000.049  000.049: sourcing /usr/local/Cellar/neovim/0.3.1/share/nvim/runtime/filetype.vim
127.830  000.026  000.026: sourcing /Users/fill/.cache/dein/.cache/init.vim/.dein/ftplugin.vim
127.955  000.027  000.027: sourcing /usr/local/Cellar/neovim/0.3.1/share/nvim/runtime/ftplugin.vim
128.199  000.034  000.034: sourcing /usr/local/Cellar/neovim/0.3.1/share/nvim/runtime/filetype.vim
128.422  000.030  000.030: sourcing /usr/local/Cellar/neovim/0.3.1/share/nvim/runtime/indent.vim
431.664  302.557  302.557: sourcing /Users/fill/.cache/dein/repos/github.com/dag/vim-fish/ftplugin/fish.vim
433.767  000.420  000.420: sourcing /Users/fill/.cache/dein/repos/github.com/dag/vim-fish/indent/fish.vim
434.879  000.677  000.677: sourcing /Users/fill/.cache/dein/repos/github.com/dag/vim-fish/syntax/fish.vim
436.110  000.470  000.470: sourcing /Users/fill/.cache/dein/.cache/init.vim/.dein/autoload/airline/extensions.vim
436.528  000.105  000.105: sourcing /Users/fill/.cache/dein/.cache/init.vim/.dein/autoload/airline/extensions/quickfix.vim
436.950  000.072  000.072: sourcing /Users/fill/.cache/dein/.cache/init.vim/.dein/autoload/airline/extensions/unite.vim
437.353  000.071  000.071: sourcing /Users/fill/.cache/dein/.cache/init.vim/.dein/autoload/airline/extensions/netrw.vim
437.748  000.079  000.079: sourcing /Users/fill/.cache/dein/.cache/init.vim/.dein/autoload/airline/extensions/term.vim
438.553  000.350  000.350: sourcing /Users/fill/.cache/dein/.cache/init.vim/.dein/autoload/airline/extensions/branch.vim
439.047  000.099  000.099: sourcing /Users/fill/.cache/dein/.cache/init.vim/.dein/autoload/airline/extensions/fugitiveline.vim
439.551  000.122  000.122: sourcing /Users/fill/.cache/dein/.cache/init.vim/.dein/autoload/airline/extensions/ale.vim
440.351  000.213  000.213: sourcing /Users/fill/.cache/dein/.cache/init.vim/.dein/autoload/airline/extensions/whitespace.vim
441.079  000.241  000.241: sourcing /Users/fill/.cache/dein/.cache/init.vim/.dein/autoload/airline/extensions/tabline.vim
441.687  000.109  000.109: sourcing /Users/fill/.cache/dein/.cache/init.vim/.dein/autoload/airline/extensions/tabline/autoshow.vim
442.251  000.164  000.164: sourcing /Users/fill/.cache/dein/.cache/init.vim/.dein/autoload/airline/extensions/tabline/tabs.vim
442.868  000.276  000.276: sourcing /Users/fill/.cache/dein/.cache/init.vim/.dein/autoload/airline/extensions/tabline/buffers.vim
443.385  000.054  000.054: sourcing /Users/fill/.cache/dein/.cache/init.vim/.dein/autoload/airline/extensions/keymap.vim
450.047  000.208  000.208: sourcing /Users/fill/.cache/dein/.cache/init.vim/.dein/autoload/airline/section.vim
451.169  000.522  000.522: sourcing /Users/fill/.cache/dein/.cache/init.vim/.dein/autoload/airline/highlighter.vim
458.266  000.149  000.149: sourcing /Users/fill/.cache/dein/.cache/init.vim/.dein/autoload/airline/themes.vim
458.907  001.137  000.988: sourcing /Users/fill/.cache/dein/.cache/init.vim/.dein/autoload/airline/themes/molokai.vim
469.937  000.889  000.889: sourcing /Users/fill/.cache/dein/.cache/init.vim/.dein/autoload/airline/themes/molokai.vim
560.908  000.335  000.335: sourcing /Users/fill/.cache/dein/.cache/init.vim/.dein/autoload/airline/builder.vim
561.801  000.171  000.171: sourcing /Users/fill/.cache/dein/.cache/init.vim/.dein/autoload/airline/extensions/default.vim
981.450  388.890  388.890: sourcing /Users/fill/.cache/dein/repos/github.com/dag/vim-fish/ftplugin/fish.vim
983.187  000.045  000.045: sourcing /Users/fill/.cache/dein/repos/github.com/dag/vim-fish/indent/fish.vim
983.820  000.198  000.198: sourcing /Users/fill/.cache/dein/repos/github.com/dag/vim-fish/syntax/fish.vim
1282.176  297.410  297.410: sourcing /Users/fill/.cache/dein/repos/github.com/dag/vim-fish/ftplugin/fish.vim
1284.275  000.039  000.039: sourcing /Users/fill/.cache/dein/repos/github.com/dag/vim-fish/indent/fish.vim
1284.905  000.204  000.204: sourcing /Users/fill/.cache/dein/repos/github.com/dag/vim-fish/syntax/fish.vim
1292.343  005.504  005.504: sourcing /Users/fill/.cache/dein/.cache/init.vim/.dein/autoload/fugitive.vim
1294.234  000.294  000.294: sourcing /Users/fill/.cache/dein/.cache/init.vim/.dein/autoload/ale.vim
1295.091  000.494  000.494: sourcing /Users/fill/.cache/dein/.cache/init.vim/.dein/autoload/ale/util.vim
1295.930  000.473  000.473: sourcing /Users/fill/.cache/dein/.cache/init.vim/.dein/autoload/ale/linter.vim
1298.848  001.616  001.616: sourcing /Users/fill/.cache/dein/.cache/init.vim/.dein/ale_linters/fish/fish.vim
1300.525  000.870  000.870: sourcing /Users/fill/.cache/dein/.cache/init.vim/.dein/autoload/ale/engine.vim
1301.284  000.111  000.111: sourcing /Users/fill/.cache/dein/.cache/init.vim/.dein/autoload/ale/history.vim
1302.735  000.965  000.965: sourcing /Users/fill/.cache/dein/.cache/init.vim/.dein/autoload/ale/command.vim
1305.213  001.010  001.010: sourcing /Users/fill/.cache/dein/.cache/init.vim/.dein/autoload/ale/job.vim
1308.723  000.235  000.235: sourcing /Users/fill/.cache/dein/.cache/init.vim/.dein/autoload/unite/sources/buffer/variables.vim
1309.565  181.907: opening buffers
1309.784  000.218: BufEnter autocommands
1309.789  000.005: editing files in windows
1310.453  000.664: VimEnter autocommands
1582.299  271.622  271.622: sourcing /usr/local/Cellar/neovim/0.3.1/share/nvim/runtime/autoload/provider/clipboard.vim
1582.366  000.292: before starting main loop
1583.145  000.392  000.392: sourcing /Users/fill/.cache/dein/.cache/init.vim/.dein/autoload/ale/cursor.vim
1584.352  000.206  000.206: sourcing /Users/fill/.cache/dein/.cache/init.vim/.dein/autoload/airline/extensions/tabline/ctrlspace.vim
1585.254  000.249  000.249: sourcing /Users/fill/.cache/dein/.cache/init.vim/.dein/autoload/airline/extensions/tabline/builder.vim
1585.841  000.113  000.113: sourcing /Users/fill/.cache/dein/.cache/init.vim/.dein/autoload/airline/extensions/tabline/buflist.vim
1590.517  000.056  000.056: sourcing /Users/fill/.cache/dein/.cache/init.vim/.dein/autoload/airline/extensions/tabline/formatters/webdevicons.vim
1591.039  000.110  000.110: sourcing /Users/fill/.cache/dein/.cache/init.vim/.dein/autoload/airline/extensions/tabline/formatters/default.vim
1609.486  000.357  000.357: sourcing /Users/fill/.cache/dein/.cache/init.vim/.dein/autoload/airline/async.vim
1615.281  031.431: first screen update
1615.292  000.011: --- NVIM STARTED ---
