

times in msec
 clock   self+sourced   self:  sourced script
 clock   elapsed:              other lines

000.071  000.071: --- NVIM STARTING ---
001.769  001.698: locale set
003.290  001.521: inits 1
003.329  000.038: window checked
004.202  000.874: parsing arguments
004.691  000.489: expanding arguments
004.966  000.274: inits 2
006.171  001.205: init highlight
007.501  000.056  000.056: sourcing /usr/local/Cellar/neovim/0.3.1/share/nvim/runtime/macros/matchit.vim
008.983  000.813  000.813: sourcing /Users/fill/.cache/dein/repos/github.com/Shougo/dein.vim/autoload/dein.vim
011.284  000.157  000.157: sourcing /usr/local/Cellar/neovim/0.3.1/share/nvim/runtime/ftoff.vim
017.531  005.281  005.281: sourcing /Users/fill/.cache/dein/.cache/init.vim/.dein/colors/molokai.vim
020.180  000.609  000.609: sourcing /usr/local/Cellar/neovim/0.3.1/share/nvim/runtime/syntax/syncolor.vim
022.482  000.545  000.545: sourcing /usr/local/Cellar/neovim/0.3.1/share/nvim/runtime/syntax/syncolor.vim
024.017  000.538  000.538: sourcing /usr/local/Cellar/neovim/0.3.1/share/nvim/runtime/syntax/syncolor.vim
025.787  007.369  005.677: sourcing /Users/fill/.cache/dein/.cache/init.vim/.dein/colors/molokai.vim
026.077  007.985  000.616: sourcing /usr/local/Cellar/neovim/0.3.1/share/nvim/runtime/syntax/synload.vim
046.637  000.310  000.310: sourcing /Users/fill/.cache/dein/.cache/init.vim/.dein/ftdetect/ftdetect.vim
046.937  020.555  020.245: sourcing /usr/local/Cellar/neovim/0.3.1/share/nvim/runtime/filetype.vim
047.097  029.368  000.828: sourcing /usr/local/Cellar/neovim/0.3.1/share/nvim/runtime/syntax/syntax.vim
049.042  000.513  000.513: sourcing /usr/local/Cellar/neovim/0.3.1/share/nvim/runtime/syntax/syncolor.vim
051.423  000.604  000.604: sourcing /usr/local/Cellar/neovim/0.3.1/share/nvim/runtime/syntax/syncolor.vim
052.910  000.517  000.517: sourcing /usr/local/Cellar/neovim/0.3.1/share/nvim/runtime/syntax/syncolor.vim
054.021  006.647  005.013: sourcing /Users/fill/.cache/dein/.cache/init.vim/.dein/colors/molokai.vim
054.174  044.532  003.079: sourcing /Users/fill/.cache/dein/state_nvim.vim
054.460  000.069  000.069: sourcing /usr/local/Cellar/neovim/0.3.1/share/nvim/runtime/filetype.vim
054.724  000.077  000.077: sourcing /Users/fill/.cache/dein/.cache/init.vim/.dein/ftplugin.vim
054.843  000.030  000.030: sourcing /usr/local/Cellar/neovim/0.3.1/share/nvim/runtime/ftplugin.vim
055.109  000.076  000.076: sourcing /usr/local/Cellar/neovim/0.3.1/share/nvim/runtime/indent.vim
055.797  000.433  000.433: sourcing /usr/local/Cellar/neovim/0.3.1/share/nvim/runtime/syntax/nosyntax.vim
057.520  000.316  000.316: sourcing /usr/local/Cellar/neovim/0.3.1/share/nvim/runtime/syntax/syncolor.vim
059.243  000.528  000.528: sourcing /usr/local/Cellar/neovim/0.3.1/share/nvim/runtime/syntax/syncolor.vim
060.313  000.370  000.370: sourcing /usr/local/Cellar/neovim/0.3.1/share/nvim/runtime/syntax/syncolor.vim
061.284  004.826  003.613: sourcing /Users/fill/.cache/dein/.cache/init.vim/.dein/colors/molokai.vim
061.443  005.325  000.499: sourcing /usr/local/Cellar/neovim/0.3.1/share/nvim/runtime/syntax/synload.vim
061.507  006.260  000.502: sourcing /usr/local/Cellar/neovim/0.3.1/share/nvim/runtime/syntax/syntax.vim
062.105  000.387  000.387: sourcing /Users/fill/.cache/dein/repos/github.com/Shougo/dein.vim/autoload/dein/autoload.vim
063.164  000.782  000.782: sourcing /Users/fill/.cache/dein/repos/github.com/Shougo/dein.vim/autoload/dein/util.vim
063.565  056.860  003.778: sourcing /Users/fill/.config/nvim/init.vim
063.577  000.547: sourcing vimrc file(s)
064.190  000.114  000.114: sourcing /Users/fill/.cache/dein/repos/github.com/Shougo/vimproc.vim/plugin/vimproc.vim
065.811  001.421  001.421: sourcing /Users/fill/.cache/dein/repos/github.com/junegunn/fzf/plugin/fzf.vim
075.079  007.752  007.752: sourcing /Users/fill/.cache/dein/.cache/init.vim/.dein/plugin/EasyMotion.vim
076.157  000.245  000.245: sourcing /Users/fill/.cache/dein/.cache/init.vim/.dein/autoload/nerdtree.vim
078.261  000.898  000.898: sourcing /Users/fill/.cache/dein/.cache/init.vim/.dein/lib/nerdtree/path.vim
078.608  000.192  000.192: sourcing /Users/fill/.cache/dein/.cache/init.vim/.dein/lib/nerdtree/menu_controller.vim
078.884  000.133  000.133: sourcing /Users/fill/.cache/dein/.cache/init.vim/.dein/lib/nerdtree/menu_item.vim
079.198  000.172  000.172: sourcing /Users/fill/.cache/dein/.cache/init.vim/.dein/lib/nerdtree/key_map.vim
079.682  000.343  000.343: sourcing /Users/fill/.cache/dein/.cache/init.vim/.dein/lib/nerdtree/bookmark.vim
080.161  000.335  000.335: sourcing /Users/fill/.cache/dein/.cache/init.vim/.dein/lib/nerdtree/tree_file_node.vim
080.950  000.646  000.646: sourcing /Users/fill/.cache/dein/.cache/init.vim/.dein/lib/nerdtree/tree_dir_node.vim
081.409  000.317  000.317: sourcing /Users/fill/.cache/dein/.cache/init.vim/.dein/lib/nerdtree/opener.vim
081.921  000.370  000.370: sourcing /Users/fill/.cache/dein/.cache/init.vim/.dein/lib/nerdtree/creator.vim
082.249  000.105  000.105: sourcing /Users/fill/.cache/dein/.cache/init.vim/.dein/lib/nerdtree/flag_set.vim
083.255  000.602  000.602: sourcing /Users/fill/.cache/dein/.cache/init.vim/.dein/lib/nerdtree/nerdtree.vim
084.853  001.231  001.231: sourcing /Users/fill/.cache/dein/.cache/init.vim/.dein/lib/nerdtree/ui.vim
085.230  000.101  000.101: sourcing /Users/fill/.cache/dein/.cache/init.vim/.dein/lib/nerdtree/event.vim
085.664  000.161  000.161: sourcing /Users/fill/.cache/dein/.cache/init.vim/.dein/lib/nerdtree/notifier.vim
087.130  001.178  001.178: sourcing /Users/fill/.cache/dein/.cache/init.vim/.dein/autoload/nerdtree/ui_glue.vim
093.571  000.216  000.216: sourcing /Users/fill/.cache/dein/.cache/init.vim/.dein/nerdtree_plugin/exec_menuitem.vim
094.918  001.260  001.260: sourcing /Users/fill/.cache/dein/.cache/init.vim/.dein/nerdtree_plugin/fs_menu.vim
095.674  000.670  000.670: sourcing /Users/fill/.cache/dein/.cache/init.vim/.dein/nerdtree_plugin/webdevicons.vim
095.854  020.689  011.511: sourcing /Users/fill/.cache/dein/.cache/init.vim/.dein/plugin/NERD_tree.vim
096.286  000.363  000.363: sourcing /Users/fill/.cache/dein/.cache/init.vim/.dein/plugin/ac_smooth_scroll.vim
096.394  000.039  000.039: sourcing /Users/fill/.cache/dein/.cache/init.vim/.dein/plugin/airline-themes.vim
096.998  000.296  000.296: sourcing /Users/fill/.cache/dein/.cache/init.vim/.dein/autoload/airline.vim
097.459  000.182  000.182: sourcing /Users/fill/.cache/dein/.cache/init.vim/.dein/autoload/airline/init.vim
098.296  000.164  000.164: sourcing /Users/fill/.cache/dein/.cache/init.vim/.dein/autoload/airline/parts.vim
100.406  000.204  000.204: sourcing /Users/fill/.cache/dein/.cache/init.vim/.dein/autoload/airline/util.vim
100.472  004.012  003.167: sourcing /Users/fill/.cache/dein/.cache/init.vim/.dein/plugin/airline.vim
101.446  000.176  000.176: sourcing /Users/fill/.cache/dein/.cache/init.vim/.dein/autoload/ale/events.vim
101.660  001.101  000.926: sourcing /Users/fill/.cache/dein/.cache/init.vim/.dein/plugin/ale.vim
107.057  005.318  005.318: sourcing /Users/fill/.cache/dein/.cache/init.vim/.dein/plugin/caw.vim
107.571  000.429  000.429: sourcing /Users/fill/.cache/dein/.cache/init.vim/.dein/plugin/fugitive.vim
109.205  001.546  001.546: sourcing /Users/fill/.cache/dein/.cache/init.vim/.dein/plugin/fzf.vim
109.556  000.255  000.255: sourcing /Users/fill/.cache/dein/.cache/init.vim/.dein/plugin/neosnippet.vim
109.817  000.151  000.151: sourcing /Users/fill/.cache/dein/.cache/init.vim/.dein/plugin/parenmatch.vim
110.640  000.741  000.741: sourcing /Users/fill/.cache/dein/.cache/init.vim/.dein/plugin/surround.vim
111.499  000.502  000.502: sourcing /Users/fill/.cache/dein/.cache/init.vim/.dein/autoload/unite/custom.vim
111.668  000.946  000.444: sourcing /Users/fill/.cache/dein/.cache/init.vim/.dein/plugin/unite/bookmark.vim
111.879  000.129  000.129: sourcing /Users/fill/.cache/dein/.cache/init.vim/.dein/plugin/unite/buffer.vim
112.096  000.138  000.138: sourcing /Users/fill/.cache/dein/.cache/init.vim/.dein/plugin/unite/window.vim
112.367  000.193  000.193: sourcing /Users/fill/.cache/dein/.cache/init.vim/.dein/plugin/unite.vim
117.641  001.120  001.120: sourcing /Users/fill/.cache/dein/.cache/init.vim/.dein/autoload/vital/unite.vim
119.248  001.061  001.061: sourcing /Users/fill/.cache/dein/.cache/init.vim/.dein/autoload/vital/_unite/Prelude.vim
119.749  001.766  000.705: sourcing /Users/fill/.cache/dein/.cache/init.vim/.dein/autoload/vital/_unite/Prelude.vim
120.986  005.735  002.849: sourcing /Users/fill/.cache/dein/.cache/init.vim/.dein/autoload/unite/util.vim
121.812  006.766  001.031: sourcing /Users/fill/.cache/dein/.cache/init.vim/.dein/autoload/unite.vim
122.346  000.268  000.268: sourcing /Users/fill/.cache/dein/.cache/init.vim/.dein/autoload/unite/variables.vim
123.050  010.605  003.570: sourcing /Users/fill/.cache/dein/.cache/init.vim/.dein/plugin/webdevicons.vim
124.311  000.421  000.421: sourcing /usr/local/Cellar/neovim/0.3.1/share/nvim/runtime/plugin/gzip.vim
124.420  000.029  000.029: sourcing /usr/local/Cellar/neovim/0.3.1/share/nvim/runtime/plugin/health.vim
124.596  000.099  000.099: sourcing /usr/local/Cellar/neovim/0.3.1/share/nvim/runtime/plugin/man.vim
125.476  000.800  000.800: sourcing /usr/local/Cellar/neovim/0.3.1/share/nvim/runtime/plugin/matchit.vim
125.590  000.034  000.034: sourcing /usr/local/Cellar/neovim/0.3.1/share/nvim/runtime/plugin/matchparen.vim
126.363  000.690  000.690: sourcing /usr/local/Cellar/neovim/0.3.1/share/nvim/runtime/plugin/netrwPlugin.vim
127.310  000.316  000.316: sourcing /usr/local/Cellar/neovim/0.3.1/share/nvim/runtime/autoload/remote/host.vim
128.043  000.330  000.330: sourcing /usr/local/Cellar/neovim/0.3.1/share/nvim/runtime/autoload/remote/define.vim
128.173  001.375  000.730: sourcing /Users/fill/.local/share/nvim/rplugin.vim
128.186  001.733  000.358: sourcing /usr/local/Cellar/neovim/0.3.1/share/nvim/runtime/plugin/rplugin.vim
128.308  000.034  000.034: sourcing /usr/local/Cellar/neovim/0.3.1/share/nvim/runtime/plugin/rrhelper.vim
128.581  000.186  000.186: sourcing /usr/local/Cellar/neovim/0.3.1/share/nvim/runtime/plugin/shada.vim
128.721  000.049  000.049: sourcing /usr/local/Cellar/neovim/0.3.1/share/nvim/runtime/plugin/spellfile.vim
129.049  000.240  000.240: sourcing /usr/local/Cellar/neovim/0.3.1/share/nvim/runtime/plugin/tarPlugin.vim
129.289  000.155  000.155: sourcing /usr/local/Cellar/neovim/0.3.1/share/nvim/runtime/plugin/tohtml.vim
129.416  000.041  000.041: sourcing /usr/local/Cellar/neovim/0.3.1/share/nvim/runtime/plugin/tutor.vim
129.781  000.280  000.280: sourcing /usr/local/Cellar/neovim/0.3.1/share/nvim/runtime/plugin/zipPlugin.vim
129.794  005.481: loading plugins
129.959  000.165: loading packages
130.747  000.579  000.579: sourcing /Users/fill/.cache/dein/.cache/init.vim/.dein/after/plugin/indentLine.vim
130.858  000.321: loading after plugins
130.873  000.014: inits 3
140.032  009.160: reading ShaDa
144.850  004.818: clearing screen
165.378  000.815  000.815: sourcing /Users/fill/.cache/dein/repos/github.com/rhysd/vim-clang-format/plugin/clang_format.vim
166.262  000.149  000.149: sourcing /Users/fill/.cache/dein/repos/github.com/Shougo/deoplete.nvim/autoload/deoplete.vim
166.487  000.605  000.456: sourcing /Users/fill/.cache/dein/repos/github.com/Shougo/deoplete.nvim/plugin/deoplete.vim
170.221  000.165  000.165: sourcing /usr/local/Cellar/neovim/0.3.1/share/nvim/runtime/ftplugin/c.vim
171.588  000.100  000.100: sourcing /Users/fill/.cache/dein/.cache/init.vim/.dein/after/ftplugin/c/caw.vim
171.757  002.350  002.085: sourcing /usr/local/Cellar/neovim/0.3.1/share/nvim/runtime/ftplugin/cpp.vim
173.150  000.177  000.177: sourcing /Users/fill/.cache/dein/.cache/init.vim/.dein/after/ftplugin/cpp/caw.vim
174.068  000.143  000.143: sourcing /usr/local/Cellar/neovim/0.3.1/share/nvim/runtime/indent/cpp.vim
177.457  002.615  002.615: sourcing /usr/local/Cellar/neovim/0.3.1/share/nvim/runtime/syntax/c.vim
177.799  003.166  000.551: sourcing /usr/local/Cellar/neovim/0.3.1/share/nvim/runtime/syntax/cpp.vim
178.876  000.422  000.422: sourcing /Users/fill/.cache/dein/.cache/init.vim/.dein/autoload/airline/extensions.vim
179.297  000.101  000.101: sourcing /Users/fill/.cache/dein/.cache/init.vim/.dein/autoload/airline/extensions/quickfix.vim
179.726  000.067  000.067: sourcing /Users/fill/.cache/dein/.cache/init.vim/.dein/autoload/airline/extensions/unite.vim
180.133  000.068  000.068: sourcing /Users/fill/.cache/dein/.cache/init.vim/.dein/autoload/airline/extensions/netrw.vim
180.540  000.080  000.080: sourcing /Users/fill/.cache/dein/.cache/init.vim/.dein/autoload/airline/extensions/term.vim
181.345  000.343  000.343: sourcing /Users/fill/.cache/dein/.cache/init.vim/.dein/autoload/airline/extensions/branch.vim
181.842  000.102  000.102: sourcing /Users/fill/.cache/dein/.cache/init.vim/.dein/autoload/airline/extensions/fugitiveline.vim
182.931  000.334  000.334: sourcing /Users/fill/.cache/dein/.cache/init.vim/.dein/autoload/airline/extensions/ale.vim
184.387  000.619  000.619: sourcing /Users/fill/.cache/dein/.cache/init.vim/.dein/autoload/airline/extensions/whitespace.vim
186.539  000.506  000.506: sourcing /Users/fill/.cache/dein/.cache/init.vim/.dein/autoload/airline/extensions/tabline.vim
187.391  000.193  000.193: sourcing /Users/fill/.cache/dein/.cache/init.vim/.dein/autoload/airline/extensions/tabline/autoshow.vim
188.541  000.373  000.373: sourcing /Users/fill/.cache/dein/.cache/init.vim/.dein/autoload/airline/extensions/tabline/tabs.vim
190.278  000.707  000.707: sourcing /Users/fill/.cache/dein/.cache/init.vim/.dein/autoload/airline/extensions/tabline/buffers.vim
191.690  000.144  000.144: sourcing /Users/fill/.cache/dein/.cache/init.vim/.dein/autoload/airline/extensions/keymap.vim
197.943  000.124  000.124: sourcing /Users/fill/.cache/dein/.cache/init.vim/.dein/autoload/airline/section.vim
198.906  000.549  000.549: sourcing /Users/fill/.cache/dein/.cache/init.vim/.dein/autoload/airline/highlighter.vim
202.082  000.113  000.113: sourcing /Users/fill/.cache/dein/.cache/init.vim/.dein/autoload/airline/themes.vim
202.493  000.756  000.644: sourcing /Users/fill/.cache/dein/.cache/init.vim/.dein/autoload/airline/themes/molokai.vim
206.537  000.447  000.447: sourcing /Users/fill/.cache/dein/.cache/init.vim/.dein/autoload/airline/themes/molokai.vim
239.356  000.312  000.312: sourcing /Users/fill/.cache/dein/.cache/init.vim/.dein/autoload/airline/builder.vim
240.197  000.159  000.159: sourcing /Users/fill/.cache/dein/.cache/init.vim/.dein/autoload/airline/extensions/default.vim
275.373  000.112  000.112: sourcing /Users/fill/.cache/dein/.cache/init.vim/.dein/autoload/parenmatch.vim
276.331  000.600  000.600: sourcing /Users/fill/.cache/dein/repos/github.com/rhysd/vim-clang-format/autoload/clang_format.vim
277.294  000.332  000.332: sourcing /Users/fill/.cache/dein/repos/github.com/Shougo/vimproc.vim/autoload/vimproc/util.vim
284.388  007.712  007.379: sourcing /Users/fill/.cache/dein/repos/github.com/Shougo/vimproc.vim/autoload/vimproc.vim
286.721  001.668  001.668: sourcing /Users/fill/.cache/dein/repos/github.com/Shougo/vimproc.vim/autoload/vimproc/parser.vim
297.339  000.338  000.338: sourcing /Users/fill/.cache/dein/repos/github.com/Shougo/vimproc.vim/autoload/vimproc/filepath.vim
309.080  000.135  000.135: sourcing /usr/local/Cellar/neovim/0.3.1/share/nvim/runtime/ftplugin/c.vim
310.343  000.088  000.088: sourcing /Users/fill/.cache/dein/.cache/init.vim/.dein/after/ftplugin/c/caw.vim
310.497  002.060  001.836: sourcing /usr/local/Cellar/neovim/0.3.1/share/nvim/runtime/ftplugin/cpp.vim
311.718  000.092  000.092: sourcing /Users/fill/.cache/dein/.cache/init.vim/.dein/after/ftplugin/cpp/caw.vim
312.192  000.043  000.043: sourcing /usr/local/Cellar/neovim/0.3.1/share/nvim/runtime/indent/cpp.vim
316.353  003.308  003.308: sourcing /usr/local/Cellar/neovim/0.3.1/share/nvim/runtime/syntax/c.vim
317.235  004.384  001.076: sourcing /usr/local/Cellar/neovim/0.3.1/share/nvim/runtime/syntax/cpp.vim
321.146  000.249  000.249: sourcing /usr/local/Cellar/neovim/0.3.1/share/nvim/runtime/ftplugin/c.vim
323.201  000.136  000.136: sourcing /Users/fill/.cache/dein/.cache/init.vim/.dein/after/ftplugin/c/caw.vim
323.436  003.551  003.166: sourcing /usr/local/Cellar/neovim/0.3.1/share/nvim/runtime/ftplugin/cpp.vim
325.289  000.126  000.126: sourcing /Users/fill/.cache/dein/.cache/init.vim/.dein/after/ftplugin/cpp/caw.vim
326.194  000.071  000.071: sourcing /usr/local/Cellar/neovim/0.3.1/share/nvim/runtime/indent/cpp.vim
330.909  003.572  003.572: sourcing /usr/local/Cellar/neovim/0.3.1/share/nvim/runtime/syntax/c.vim
331.296  004.256  000.685: sourcing /usr/local/Cellar/neovim/0.3.1/share/nvim/runtime/syntax/cpp.vim
340.447  005.380  005.380: sourcing /Users/fill/.cache/dein/.cache/init.vim/.dein/autoload/fugitive.vim
342.409  000.291  000.291: sourcing /Users/fill/.cache/dein/.cache/init.vim/.dein/autoload/ale.vim
343.275  000.491  000.491: sourcing /Users/fill/.cache/dein/.cache/init.vim/.dein/autoload/ale/util.vim
344.168  000.527  000.527: sourcing /Users/fill/.cache/dein/.cache/init.vim/.dein/autoload/ale/linter.vim
345.418  000.536  000.536: sourcing /Users/fill/.cache/dein/.cache/init.vim/.dein/ale_linters/cpp/ccls.vim
346.239  000.730  000.730: sourcing /Users/fill/.cache/dein/.cache/init.vim/.dein/ale_linters/cpp/clang.vim
346.991  000.664  000.664: sourcing /Users/fill/.cache/dein/.cache/init.vim/.dein/ale_linters/cpp/clangcheck.vim
347.775  000.699  000.699: sourcing /Users/fill/.cache/dein/.cache/init.vim/.dein/ale_linters/cpp/clangd.vim
348.544  000.686  000.686: sourcing /Users/fill/.cache/dein/.cache/init.vim/.dein/ale_linters/cpp/clangtidy.vim
349.433  000.803  000.803: sourcing /Users/fill/.cache/dein/.cache/init.vim/.dein/ale_linters/cpp/clazy.vim
350.188  000.658  000.658: sourcing /Users/fill/.cache/dein/.cache/init.vim/.dein/ale_linters/cpp/cppcheck.vim
351.198  000.921  000.921: sourcing /Users/fill/.cache/dein/.cache/init.vim/.dein/ale_linters/cpp/cpplint.vim
352.012  000.719  000.719: sourcing /Users/fill/.cache/dein/.cache/init.vim/.dein/ale_linters/cpp/cquery.vim
352.768  000.672  000.672: sourcing /Users/fill/.cache/dein/.cache/init.vim/.dein/ale_linters/cpp/flawfinder.vim
353.585  000.730  000.730: sourcing /Users/fill/.cache/dein/.cache/init.vim/.dein/ale_linters/cpp/gcc.vim
355.489  001.018  001.018: sourcing /Users/fill/.cache/dein/.cache/init.vim/.dein/autoload/ale/engine.vim
356.396  000.290  000.290: sourcing /Users/fill/.cache/dein/.cache/init.vim/.dein/autoload/ale/lsp_linter.vim
356.769  000.049  000.049: sourcing /Users/fill/.cache/dein/.cache/init.vim/.dein/autoload/ale/handlers/ccls.vim
357.339  000.295  000.295: sourcing /Users/fill/.cache/dein/.cache/init.vim/.dein/autoload/ale/path.vim
358.722  000.102  000.102: sourcing /Users/fill/.cache/dein/.cache/init.vim/.dein/autoload/ale/history.vim
359.452  000.352  000.352: sourcing /Users/fill/.cache/dein/.cache/init.vim/.dein/autoload/ale/c.vim
360.697  000.081  000.081: sourcing /Users/fill/.cache/dein/.cache/init.vim/.dein/autoload/ale/command.vim
362.053  000.344  000.344: sourcing /Users/fill/.cache/dein/.cache/init.vim/.dein/autoload/ale/job.vim
377.570  000.365  000.365: sourcing /Users/fill/.cache/dein/.cache/init.vim/.dein/autoload/unite/sources/buffer/variables.vim
379.225  178.295: opening buffers
379.596  000.371: BufEnter autocommands
379.606  000.009: editing files in windows
381.866  000.673  000.673: sourcing /Users/fill/.cache/dein/repos/github.com/Shougo/deoplete.nvim/autoload/deoplete/init.vim
383.426  000.547  000.547: sourcing /Users/fill/.cache/dein/repos/github.com/Shougo/deoplete.nvim/autoload/deoplete/util.vim
385.090  000.501  000.501: sourcing /Users/fill/.cache/dein/repos/github.com/Shougo/deoplete.nvim/autoload/deoplete/custom.vim
388.636  000.172  000.172: sourcing /usr/local/Cellar/neovim/0.3.1/share/nvim/runtime/autoload/provider/pythonx.vim
477.742  088.607  088.607: sourcing /usr/local/Cellar/neovim/0.3.1/share/nvim/runtime/autoload/provider/python3.vim
478.990  000.340  000.340: sourcing /usr/local/Cellar/neovim/0.3.1/share/nvim/runtime/autoload/provider.vim
745.516  000.703  000.703: sourcing /Users/fill/.cache/dein/repos/github.com/Shougo/deoplete.nvim/autoload/deoplete/mapping.vim
746.839  000.694  000.694: sourcing /Users/fill/.cache/dein/repos/github.com/Shougo/deoplete.nvim/autoload/deoplete/handler.vim
747.748  275.905: VimEnter autocommands
748.054  000.306: before starting main loop
749.320  000.761  000.761: sourcing /Users/fill/.cache/dein/.cache/init.vim/.dein/autoload/ale/cursor.vim
751.402  000.523  000.523: sourcing /Users/fill/.cache/dein/.cache/init.vim/.dein/autoload/airline/extensions/tabline/ctrlspace.vim
752.951  000.738  000.738: sourcing /Users/fill/.cache/dein/.cache/init.vim/.dein/autoload/airline/extensions/tabline/builder.vim
754.409  000.479  000.479: sourcing /Users/fill/.cache/dein/.cache/init.vim/.dein/autoload/airline/extensions/tabline/buflist.vim
759.795  000.390  000.390: sourcing /Users/fill/.cache/dein/.cache/init.vim/.dein/autoload/airline/extensions/tabline/formatters/webdevicons.vim
761.076  000.427  000.427: sourcing /Users/fill/.cache/dein/.cache/init.vim/.dein/autoload/airline/extensions/tabline/formatters/default.vim
788.861  000.881  000.881: sourcing /Users/fill/.cache/dein/.cache/init.vim/.dein/autoload/airline/async.vim
807.653  055.400: first screen update
807.668  000.015: --- NVIM STARTED ---
