

times in msec
 clock   self+sourced   self:  sourced script
 clock   elapsed:              other lines

000.041  000.041: --- NVIM STARTING ---
005.705  005.665: locale set
014.755  009.049: inits 1
014.784  000.029: window checked
017.279  002.495: parsing arguments
020.084  002.805: expanding arguments
020.683  000.599: inits 2
022.281  001.598: init highlight
023.427  000.034  000.034: sourcing /usr/local/Cellar/neovim/0.3.1/share/nvim/runtime/macros/matchit.vim
024.571  000.307  000.307: sourcing /Users/fill/.cache/dein/repos/github.com/Shougo/dein.vim/autoload/dein.vim
027.228  000.744  000.744: sourcing /usr/local/Cellar/neovim/0.3.1/share/nvim/runtime/ftoff.vim
030.160  002.414  002.414: sourcing /Users/fill/.cache/dein/.cache/init.vim/.dein/colors/molokai.vim
032.135  000.411  000.411: sourcing /usr/local/Cellar/neovim/0.3.1/share/nvim/runtime/syntax/syncolor.vim
033.814  000.436  000.436: sourcing /usr/local/Cellar/neovim/0.3.1/share/nvim/runtime/syntax/syncolor.vim
034.701  000.290  000.290: sourcing /usr/local/Cellar/neovim/0.3.1/share/nvim/runtime/syntax/syncolor.vim
035.608  005.004  003.867: sourcing /Users/fill/.cache/dein/.cache/init.vim/.dein/colors/molokai.vim
035.758  005.330  000.326: sourcing /usr/local/Cellar/neovim/0.3.1/share/nvim/runtime/syntax/synload.vim
047.640  000.188  000.188: sourcing /Users/fill/.cache/dein/.cache/init.vim/.dein/ftdetect/ftdetect.vim
047.821  011.902  011.714: sourcing /usr/local/Cellar/neovim/0.3.1/share/nvim/runtime/filetype.vim
047.913  017.663  000.430: sourcing /usr/local/Cellar/neovim/0.3.1/share/nvim/runtime/syntax/syntax.vim
049.018  000.272  000.272: sourcing /usr/local/Cellar/neovim/0.3.1/share/nvim/runtime/syntax/syncolor.vim
050.363  000.267  000.267: sourcing /usr/local/Cellar/neovim/0.3.1/share/nvim/runtime/syntax/syncolor.vim
051.160  000.267  000.267: sourcing /usr/local/Cellar/neovim/0.3.1/share/nvim/runtime/syntax/syncolor.vim
052.038  003.968  003.162: sourcing /Users/fill/.cache/dein/.cache/init.vim/.dein/colors/molokai.vim
052.161  027.235  002.447: sourcing /Users/fill/.cache/dein/state_nvim.vim
052.418  000.066  000.066: sourcing /usr/local/Cellar/neovim/0.3.1/share/nvim/runtime/filetype.vim
052.667  000.075  000.075: sourcing /Users/fill/.cache/dein/.cache/init.vim/.dein/ftplugin.vim
052.776  000.028  000.028: sourcing /usr/local/Cellar/neovim/0.3.1/share/nvim/runtime/ftplugin.vim
053.016  000.063  000.063: sourcing /usr/local/Cellar/neovim/0.3.1/share/nvim/runtime/indent.vim
053.513  000.266  000.266: sourcing /usr/local/Cellar/neovim/0.3.1/share/nvim/runtime/syntax/nosyntax.vim
054.801  000.278  000.278: sourcing /usr/local/Cellar/neovim/0.3.1/share/nvim/runtime/syntax/syncolor.vim
056.226  000.293  000.293: sourcing /usr/local/Cellar/neovim/0.3.1/share/nvim/runtime/syntax/syncolor.vim
057.041  000.277  000.277: sourcing /usr/local/Cellar/neovim/0.3.1/share/nvim/runtime/syntax/syncolor.vim
057.932  004.070  003.221: sourcing /Users/fill/.cache/dein/.cache/init.vim/.dein/colors/molokai.vim
058.067  004.378  000.308: sourcing /usr/local/Cellar/neovim/0.3.1/share/nvim/runtime/syntax/synload.vim
058.113  004.973  000.329: sourcing /usr/local/Cellar/neovim/0.3.1/share/nvim/runtime/syntax/syntax.vim
058.660  000.356  000.356: sourcing /Users/fill/.cache/dein/repos/github.com/Shougo/dein.vim/autoload/dein/autoload.vim
059.621  000.722  000.722: sourcing /Users/fill/.cache/dein/repos/github.com/Shougo/dein.vim/autoload/dein/util.vim
059.994  036.902  003.041: sourcing /Users/fill/.config/nvim/init.vim
060.005  000.822: sourcing vimrc file(s)
064.039  000.300  000.300: sourcing /Users/fill/.cache/dein/repos/github.com/Shougo/vimproc.vim/plugin/vimproc.vim
068.638  002.216  002.216: sourcing /Users/fill/.cache/dein/repos/github.com/junegunn/fzf/plugin/fzf.vim
083.427  010.732  010.732: sourcing /Users/fill/.cache/dein/.cache/init.vim/.dein/plugin/EasyMotion.vim
084.481  000.260  000.260: sourcing /Users/fill/.cache/dein/.cache/init.vim/.dein/autoload/nerdtree.vim
086.597  000.897  000.897: sourcing /Users/fill/.cache/dein/.cache/init.vim/.dein/lib/nerdtree/path.vim
086.941  000.190  000.190: sourcing /Users/fill/.cache/dein/.cache/init.vim/.dein/lib/nerdtree/menu_controller.vim
087.223  000.139  000.139: sourcing /Users/fill/.cache/dein/.cache/init.vim/.dein/lib/nerdtree/menu_item.vim
087.535  000.171  000.171: sourcing /Users/fill/.cache/dein/.cache/init.vim/.dein/lib/nerdtree/key_map.vim
088.022  000.347  000.347: sourcing /Users/fill/.cache/dein/.cache/init.vim/.dein/lib/nerdtree/bookmark.vim
088.499  000.333  000.333: sourcing /Users/fill/.cache/dein/.cache/init.vim/.dein/lib/nerdtree/tree_file_node.vim
089.851  001.210  001.210: sourcing /Users/fill/.cache/dein/.cache/init.vim/.dein/lib/nerdtree/tree_dir_node.vim
091.103  000.833  000.833: sourcing /Users/fill/.cache/dein/.cache/init.vim/.dein/lib/nerdtree/opener.vim
091.988  000.456  000.456: sourcing /Users/fill/.cache/dein/.cache/init.vim/.dein/lib/nerdtree/creator.vim
092.445  000.170  000.170: sourcing /Users/fill/.cache/dein/.cache/init.vim/.dein/lib/nerdtree/flag_set.vim
093.179  000.458  000.458: sourcing /Users/fill/.cache/dein/.cache/init.vim/.dein/lib/nerdtree/nerdtree.vim
094.351  000.903  000.903: sourcing /Users/fill/.cache/dein/.cache/init.vim/.dein/lib/nerdtree/ui.vim
094.736  000.104  000.104: sourcing /Users/fill/.cache/dein/.cache/init.vim/.dein/lib/nerdtree/event.vim
094.989  000.098  000.098: sourcing /Users/fill/.cache/dein/.cache/init.vim/.dein/lib/nerdtree/notifier.vim
095.872  000.718  000.718: sourcing /Users/fill/.cache/dein/.cache/init.vim/.dein/autoload/nerdtree/ui_glue.vim
101.889  000.235  000.235: sourcing /Users/fill/.cache/dein/.cache/init.vim/.dein/nerdtree_plugin/exec_menuitem.vim
102.996  001.038  001.038: sourcing /Users/fill/.cache/dein/.cache/init.vim/.dein/nerdtree_plugin/fs_menu.vim
103.680  000.614  000.614: sourcing /Users/fill/.cache/dein/.cache/init.vim/.dein/nerdtree_plugin/webdevicons.vim
103.862  020.351  011.176: sourcing /Users/fill/.cache/dein/.cache/init.vim/.dein/plugin/NERD_tree.vim
104.288  000.357  000.357: sourcing /Users/fill/.cache/dein/.cache/init.vim/.dein/plugin/ac_smooth_scroll.vim
104.394  000.038  000.038: sourcing /Users/fill/.cache/dein/.cache/init.vim/.dein/plugin/airline-themes.vim
105.002  000.296  000.296: sourcing /Users/fill/.cache/dein/.cache/init.vim/.dein/autoload/airline.vim
105.475  000.193  000.193: sourcing /Users/fill/.cache/dein/.cache/init.vim/.dein/autoload/airline/init.vim
106.424  000.180  000.180: sourcing /Users/fill/.cache/dein/.cache/init.vim/.dein/autoload/airline/parts.vim
108.301  000.205  000.205: sourcing /Users/fill/.cache/dein/.cache/init.vim/.dein/autoload/airline/util.vim
108.369  003.908  003.034: sourcing /Users/fill/.cache/dein/.cache/init.vim/.dein/plugin/airline.vim
109.353  000.180  000.180: sourcing /Users/fill/.cache/dein/.cache/init.vim/.dein/autoload/ale/events.vim
109.563  001.114  000.935: sourcing /Users/fill/.cache/dein/.cache/init.vim/.dein/plugin/ale.vim
115.017  005.376  005.376: sourcing /Users/fill/.cache/dein/.cache/init.vim/.dein/plugin/caw.vim
115.551  000.449  000.449: sourcing /Users/fill/.cache/dein/.cache/init.vim/.dein/plugin/fugitive.vim
119.696  003.799  003.799: sourcing /Users/fill/.cache/dein/.cache/init.vim/.dein/plugin/fzf.vim
120.357  000.464  000.464: sourcing /Users/fill/.cache/dein/.cache/init.vim/.dein/plugin/neosnippet.vim
120.814  000.285  000.285: sourcing /Users/fill/.cache/dein/.cache/init.vim/.dein/plugin/parenmatch.vim
122.625  001.652  001.652: sourcing /Users/fill/.cache/dein/.cache/init.vim/.dein/plugin/surround.vim
124.968  001.184  001.184: sourcing /Users/fill/.cache/dein/.cache/init.vim/.dein/autoload/unite/custom.vim
125.392  002.315  001.131: sourcing /Users/fill/.cache/dein/.cache/init.vim/.dein/plugin/unite/bookmark.vim
125.996  000.416  000.416: sourcing /Users/fill/.cache/dein/.cache/init.vim/.dein/plugin/unite/buffer.vim
126.499  000.312  000.312: sourcing /Users/fill/.cache/dein/.cache/init.vim/.dein/plugin/unite/window.vim
127.289  000.587  000.587: sourcing /Users/fill/.cache/dein/.cache/init.vim/.dein/plugin/unite.vim
133.776  001.934  001.934: sourcing /Users/fill/.cache/dein/.cache/init.vim/.dein/autoload/vital/unite.vim
136.490  001.854  001.854: sourcing /Users/fill/.cache/dein/.cache/init.vim/.dein/autoload/vital/_unite/Prelude.vim
137.054  002.712  000.858: sourcing /Users/fill/.cache/dein/.cache/init.vim/.dein/autoload/vital/_unite/Prelude.vim
138.427  007.372  002.726: sourcing /Users/fill/.cache/dein/.cache/init.vim/.dein/autoload/unite/util.vim
139.482  008.660  001.287: sourcing /Users/fill/.cache/dein/.cache/init.vim/.dein/autoload/unite.vim
140.109  000.291  000.291: sourcing /Users/fill/.cache/dein/.cache/init.vim/.dein/autoload/unite/variables.vim
140.820  013.305  004.355: sourcing /Users/fill/.cache/dein/.cache/init.vim/.dein/plugin/webdevicons.vim
142.843  000.450  000.450: sourcing /usr/local/Cellar/neovim/0.3.1/share/nvim/runtime/plugin/gzip.vim
142.952  000.029  000.029: sourcing /usr/local/Cellar/neovim/0.3.1/share/nvim/runtime/plugin/health.vim
143.124  000.095  000.095: sourcing /usr/local/Cellar/neovim/0.3.1/share/nvim/runtime/plugin/man.vim
144.019  000.820  000.820: sourcing /usr/local/Cellar/neovim/0.3.1/share/nvim/runtime/plugin/matchit.vim
144.131  000.033  000.033: sourcing /usr/local/Cellar/neovim/0.3.1/share/nvim/runtime/plugin/matchparen.vim
144.919  000.711  000.711: sourcing /usr/local/Cellar/neovim/0.3.1/share/nvim/runtime/plugin/netrwPlugin.vim
145.866  000.330  000.330: sourcing /usr/local/Cellar/neovim/0.3.1/share/nvim/runtime/autoload/remote/host.vim
146.668  000.331  000.331: sourcing /usr/local/Cellar/neovim/0.3.1/share/nvim/runtime/autoload/remote/define.vim
146.813  001.466  000.805: sourcing /Users/fill/.local/share/nvim/rplugin.vim
146.828  001.817  000.352: sourcing /usr/local/Cellar/neovim/0.3.1/share/nvim/runtime/plugin/rplugin.vim
146.960  000.038  000.038: sourcing /usr/local/Cellar/neovim/0.3.1/share/nvim/runtime/plugin/rrhelper.vim
147.276  000.223  000.223: sourcing /usr/local/Cellar/neovim/0.3.1/share/nvim/runtime/plugin/shada.vim
147.434  000.053  000.053: sourcing /usr/local/Cellar/neovim/0.3.1/share/nvim/runtime/plugin/spellfile.vim
147.779  000.252  000.252: sourcing /usr/local/Cellar/neovim/0.3.1/share/nvim/runtime/plugin/tarPlugin.vim
148.040  000.169  000.169: sourcing /usr/local/Cellar/neovim/0.3.1/share/nvim/runtime/plugin/tohtml.vim
148.178  000.045  000.045: sourcing /usr/local/Cellar/neovim/0.3.1/share/nvim/runtime/plugin/tutor.vim
148.564  000.295  000.295: sourcing /usr/local/Cellar/neovim/0.3.1/share/nvim/runtime/plugin/zipPlugin.vim
148.578  015.565: loading plugins
148.757  000.179: loading packages
150.534  000.705  000.705: sourcing /Users/fill/.cache/dein/.cache/init.vim/.dein/after/plugin/indentLine.vim
150.661  001.199: loading after plugins
150.677  000.016: inits 3
159.323  008.646: reading ShaDa
172.075  012.752: clearing screen
192.241  002.049  002.049: sourcing /Users/fill/.cache/dein/repos/github.com/rhysd/vim-clang-format/plugin/clang_format.vim
196.755  000.501  000.501: sourcing /Users/fill/.cache/dein/repos/github.com/Shougo/deoplete.nvim/autoload/deoplete.vim
197.021  003.674  003.173: sourcing /Users/fill/.cache/dein/repos/github.com/Shougo/deoplete.nvim/plugin/deoplete.vim
201.593  000.690  000.690: sourcing /usr/local/Cellar/neovim/0.3.1/share/nvim/runtime/ftplugin/c.vim
209.352  001.115  001.115: sourcing /Users/fill/.cache/dein/.cache/init.vim/.dein/after/ftplugin/c/caw.vim
209.584  010.111  008.307: sourcing /usr/local/Cellar/neovim/0.3.1/share/nvim/runtime/ftplugin/cpp.vim
212.208  000.850  000.850: sourcing /Users/fill/.cache/dein/.cache/init.vim/.dein/after/ftplugin/cpp/caw.vim
213.377  000.725  000.725: sourcing /usr/local/Cellar/neovim/0.3.1/share/nvim/runtime/indent/cpp.vim
218.896  003.439  003.439: sourcing /usr/local/Cellar/neovim/0.3.1/share/nvim/runtime/syntax/c.vim
219.278  004.990  001.550: sourcing /usr/local/Cellar/neovim/0.3.1/share/nvim/runtime/syntax/cpp.vim
221.642  000.457  000.457: sourcing /Users/fill/.cache/dein/.cache/init.vim/.dein/autoload/airline/extensions.vim
222.064  000.101  000.101: sourcing /Users/fill/.cache/dein/.cache/init.vim/.dein/autoload/airline/extensions/quickfix.vim
222.639  000.088  000.088: sourcing /Users/fill/.cache/dein/.cache/init.vim/.dein/autoload/airline/extensions/unite.vim
223.119  000.070  000.070: sourcing /Users/fill/.cache/dein/.cache/init.vim/.dein/autoload/airline/extensions/netrw.vim
223.536  000.081  000.081: sourcing /Users/fill/.cache/dein/.cache/init.vim/.dein/autoload/airline/extensions/term.vim
224.359  000.352  000.352: sourcing /Users/fill/.cache/dein/.cache/init.vim/.dein/autoload/airline/extensions/branch.vim
224.853  000.098  000.098: sourcing /Users/fill/.cache/dein/.cache/init.vim/.dein/autoload/airline/extensions/fugitiveline.vim
225.357  000.115  000.115: sourcing /Users/fill/.cache/dein/.cache/init.vim/.dein/autoload/airline/extensions/ale.vim
226.144  000.207  000.207: sourcing /Users/fill/.cache/dein/.cache/init.vim/.dein/autoload/airline/extensions/whitespace.vim
226.902  000.239  000.239: sourcing /Users/fill/.cache/dein/.cache/init.vim/.dein/autoload/airline/extensions/tabline.vim
227.328  000.092  000.092: sourcing /Users/fill/.cache/dein/.cache/init.vim/.dein/autoload/airline/extensions/tabline/autoshow.vim
227.862  000.153  000.153: sourcing /Users/fill/.cache/dein/.cache/init.vim/.dein/autoload/airline/extensions/tabline/tabs.vim
228.479  000.270  000.270: sourcing /Users/fill/.cache/dein/.cache/init.vim/.dein/autoload/airline/extensions/tabline/buffers.vim
228.993  000.053  000.053: sourcing /Users/fill/.cache/dein/.cache/init.vim/.dein/autoload/airline/extensions/keymap.vim
239.618  000.439  000.439: sourcing /Users/fill/.cache/dein/.cache/init.vim/.dein/autoload/airline/section.vim
240.923  000.622  000.622: sourcing /Users/fill/.cache/dein/.cache/init.vim/.dein/autoload/airline/highlighter.vim
245.688  000.117  000.117: sourcing /Users/fill/.cache/dein/.cache/init.vim/.dein/autoload/airline/themes.vim
246.126  000.816  000.699: sourcing /Users/fill/.cache/dein/.cache/init.vim/.dein/autoload/airline/themes/molokai.vim
253.320  000.805  000.805: sourcing /Users/fill/.cache/dein/.cache/init.vim/.dein/autoload/airline/themes/molokai.vim
285.295  000.374  000.374: sourcing /Users/fill/.cache/dein/.cache/init.vim/.dein/autoload/airline/builder.vim
286.160  000.159  000.159: sourcing /Users/fill/.cache/dein/.cache/init.vim/.dein/autoload/airline/extensions/default.vim
311.576  000.113  000.113: sourcing /Users/fill/.cache/dein/.cache/init.vim/.dein/autoload/parenmatch.vim
313.277  001.312  001.312: sourcing /Users/fill/.cache/dein/repos/github.com/rhysd/vim-clang-format/autoload/clang_format.vim
315.723  001.076  001.076: sourcing /Users/fill/.cache/dein/repos/github.com/Shougo/vimproc.vim/autoload/vimproc/util.vim
322.686  008.960  007.884: sourcing /Users/fill/.cache/dein/repos/github.com/Shougo/vimproc.vim/autoload/vimproc.vim
324.396  001.337  001.337: sourcing /Users/fill/.cache/dein/repos/github.com/Shougo/vimproc.vim/autoload/vimproc/parser.vim
333.657  000.778  000.778: sourcing /Users/fill/.cache/dein/repos/github.com/Shougo/vimproc.vim/autoload/vimproc/filepath.vim
361.498  000.145  000.145: sourcing /usr/local/Cellar/neovim/0.3.1/share/nvim/runtime/ftplugin/c.vim
362.761  000.087  000.087: sourcing /Users/fill/.cache/dein/.cache/init.vim/.dein/after/ftplugin/c/caw.vim
362.916  002.077  001.844: sourcing /usr/local/Cellar/neovim/0.3.1/share/nvim/runtime/ftplugin/cpp.vim
364.148  000.079  000.079: sourcing /Users/fill/.cache/dein/.cache/init.vim/.dein/after/ftplugin/cpp/caw.vim
364.591  000.042  000.042: sourcing /usr/local/Cellar/neovim/0.3.1/share/nvim/runtime/indent/cpp.vim
368.153  002.722  002.722: sourcing /usr/local/Cellar/neovim/0.3.1/share/nvim/runtime/syntax/c.vim
368.463  003.225  000.503: sourcing /usr/local/Cellar/neovim/0.3.1/share/nvim/runtime/syntax/cpp.vim
370.331  000.125  000.125: sourcing /usr/local/Cellar/neovim/0.3.1/share/nvim/runtime/ftplugin/c.vim
371.563  000.091  000.091: sourcing /Users/fill/.cache/dein/.cache/init.vim/.dein/after/ftplugin/c/caw.vim
371.716  002.000  001.784: sourcing /usr/local/Cellar/neovim/0.3.1/share/nvim/runtime/ftplugin/cpp.vim
374.087  000.248  000.248: sourcing /Users/fill/.cache/dein/.cache/init.vim/.dein/after/ftplugin/cpp/caw.vim
375.312  000.129  000.129: sourcing /usr/local/Cellar/neovim/0.3.1/share/nvim/runtime/indent/cpp.vim
381.246  004.495  004.495: sourcing /usr/local/Cellar/neovim/0.3.1/share/nvim/runtime/syntax/c.vim
381.722  005.350  000.855: sourcing /usr/local/Cellar/neovim/0.3.1/share/nvim/runtime/syntax/cpp.vim
392.719  005.517  005.517: sourcing /Users/fill/.cache/dein/.cache/init.vim/.dein/autoload/fugitive.vim
394.748  000.305  000.305: sourcing /Users/fill/.cache/dein/.cache/init.vim/.dein/autoload/ale.vim
397.499  002.372  002.372: sourcing /Users/fill/.cache/dein/.cache/init.vim/.dein/autoload/ale/util.vim
400.534  001.931  001.931: sourcing /Users/fill/.cache/dein/.cache/init.vim/.dein/autoload/ale/linter.vim
404.387  001.868  001.868: sourcing /Users/fill/.cache/dein/.cache/init.vim/.dein/ale_linters/cpp/ccls.vim
406.265  001.725  001.725: sourcing /Users/fill/.cache/dein/.cache/init.vim/.dein/ale_linters/cpp/clang.vim
407.594  001.181  001.181: sourcing /Users/fill/.cache/dein/.cache/init.vim/.dein/ale_linters/cpp/clangcheck.vim
408.795  001.053  001.053: sourcing /Users/fill/.cache/dein/.cache/init.vim/.dein/ale_linters/cpp/clangd.vim
409.907  001.005  001.005: sourcing /Users/fill/.cache/dein/.cache/init.vim/.dein/ale_linters/cpp/clangtidy.vim
410.888  000.869  000.869: sourcing /Users/fill/.cache/dein/.cache/init.vim/.dein/ale_linters/cpp/clazy.vim
411.773  000.796  000.796: sourcing /Users/fill/.cache/dein/.cache/init.vim/.dein/ale_linters/cpp/cppcheck.vim
412.643  000.781  000.781: sourcing /Users/fill/.cache/dein/.cache/init.vim/.dein/ale_linters/cpp/cpplint.vim
414.741  002.014  002.014: sourcing /Users/fill/.cache/dein/.cache/init.vim/.dein/ale_linters/cpp/cquery.vim
415.974  001.134  001.134: sourcing /Users/fill/.cache/dein/.cache/init.vim/.dein/ale_linters/cpp/flawfinder.vim
417.478  001.403  001.403: sourcing /Users/fill/.cache/dein/.cache/init.vim/.dein/ale_linters/cpp/gcc.vim
419.209  000.825  000.825: sourcing /Users/fill/.cache/dein/.cache/init.vim/.dein/autoload/ale/engine.vim
420.593  000.804  000.804: sourcing /Users/fill/.cache/dein/.cache/init.vim/.dein/autoload/ale/lsp_linter.vim
421.814  000.837  000.837: sourcing /Users/fill/.cache/dein/.cache/init.vim/.dein/autoload/ale/handlers/ccls.vim
422.911  000.781  000.781: sourcing /Users/fill/.cache/dein/.cache/init.vim/.dein/autoload/ale/path.vim
426.710  000.413  000.413: sourcing /Users/fill/.cache/dein/.cache/init.vim/.dein/autoload/ale/history.vim
428.054  000.962  000.962: sourcing /Users/fill/.cache/dein/.cache/init.vim/.dein/autoload/ale/c.vim
429.824  000.465  000.465: sourcing /Users/fill/.cache/dein/.cache/init.vim/.dein/autoload/ale/command.vim
432.101  000.829  000.829: sourcing /Users/fill/.cache/dein/.cache/init.vim/.dein/autoload/ale/job.vim
448.067  000.311  000.311: sourcing /Users/fill/.cache/dein/.cache/init.vim/.dein/autoload/unite/sources/buffer/variables.vim
449.192  193.296: opening buffers
449.524  000.332: BufEnter autocommands
449.530  000.006: editing files in windows
451.681  000.855  000.855: sourcing /Users/fill/.cache/dein/repos/github.com/Shougo/deoplete.nvim/autoload/deoplete/init.vim
453.852  000.851  000.851: sourcing /Users/fill/.cache/dein/repos/github.com/Shougo/deoplete.nvim/autoload/deoplete/util.vim
455.795  000.865  000.865: sourcing /Users/fill/.cache/dein/repos/github.com/Shougo/deoplete.nvim/autoload/deoplete/custom.vim
459.938  000.834  000.834: sourcing /usr/local/Cellar/neovim/0.3.1/share/nvim/runtime/autoload/provider/pythonx.vim
605.690  144.984  144.984: sourcing /usr/local/Cellar/neovim/0.3.1/share/nvim/runtime/autoload/provider/python3.vim
607.611  000.811  000.811: sourcing /usr/local/Cellar/neovim/0.3.1/share/nvim/runtime/autoload/provider.vim
869.235  000.919  000.919: sourcing /Users/fill/.cache/dein/repos/github.com/Shougo/deoplete.nvim/autoload/deoplete/mapping.vim
871.309  001.022  001.022: sourcing /Users/fill/.cache/dein/repos/github.com/Shougo/deoplete.nvim/autoload/deoplete/handler.vim
872.782  272.111: VimEnter autocommands
1150.573  277.228  277.228: sourcing /usr/local/Cellar/neovim/0.3.1/share/nvim/runtime/autoload/provider/clipboard.vim
1150.611  000.600: before starting main loop
1151.979  000.942  000.942: sourcing /Users/fill/.cache/dein/.cache/init.vim/.dein/autoload/ale/cursor.vim
1153.912  000.950  000.950: sourcing /Users/fill/.cache/dein/.cache/init.vim/.dein/autoload/airline/extensions/tabline/ctrlspace.vim
1155.224  000.594  000.594: sourcing /Users/fill/.cache/dein/.cache/init.vim/.dein/autoload/airline/extensions/tabline/builder.vim
1156.343  000.572  000.572: sourcing /Users/fill/.cache/dein/.cache/init.vim/.dein/autoload/airline/extensions/tabline/buflist.vim
1162.135  000.918  000.918: sourcing /Users/fill/.cache/dein/.cache/init.vim/.dein/autoload/airline/extensions/tabline/formatters/webdevicons.vim
1163.165  000.531  000.531: sourcing /Users/fill/.cache/dein/.cache/init.vim/.dein/autoload/airline/extensions/tabline/formatters/default.vim
1183.367  001.179  001.179: sourcing /Users/fill/.cache/dein/.cache/init.vim/.dein/autoload/airline/async.vim
1189.753  033.455: first screen update
1189.764  000.012: --- NVIM STARTED ---
