

times in msec
 clock   self+sourced   self:  sourced script
 clock   elapsed:              other lines

000.047  000.047: --- NVIM STARTING ---
001.588  001.542: locale set
003.139  001.551: inits 1
003.177  000.038: window checked
003.596  000.419: parsing arguments
004.182  000.586: expanding arguments
004.444  000.262: inits 2
005.687  001.242: init highlight
007.014  000.054  000.054: sourcing /usr/local/Cellar/neovim/0.3.1/share/nvim/runtime/macros/matchit.vim
008.202  000.520  000.520: sourcing /Users/fill/.cache/dein/repos/github.com/Shougo/dein.vim/autoload/dein.vim
012.416  000.169  000.169: sourcing /usr/local/Cellar/neovim/0.3.1/share/nvim/runtime/ftoff.vim
017.642  004.237  004.237: sourcing /Users/fill/.cache/dein/.cache/init.vim/.dein/colors/molokai.vim
020.122  000.536  000.536: sourcing /usr/local/Cellar/neovim/0.3.1/share/nvim/runtime/syntax/syncolor.vim
022.937  000.803  000.803: sourcing /usr/local/Cellar/neovim/0.3.1/share/nvim/runtime/syntax/syncolor.vim
024.403  000.524  000.524: sourcing /usr/local/Cellar/neovim/0.3.1/share/nvim/runtime/syntax/syncolor.vim
027.328  008.865  007.001: sourcing /Users/fill/.cache/dein/.cache/init.vim/.dein/colors/molokai.vim
027.561  009.420  000.555: sourcing /usr/local/Cellar/neovim/0.3.1/share/nvim/runtime/syntax/synload.vim
056.910  000.337  000.337: sourcing /Users/fill/.cache/dein/.cache/init.vim/.dein/ftdetect/ftdetect.vim
057.237  029.373  029.036: sourcing /usr/local/Cellar/neovim/0.3.1/share/nvim/runtime/filetype.vim
057.401  039.596  000.803: sourcing /usr/local/Cellar/neovim/0.3.1/share/nvim/runtime/syntax/syntax.vim
059.362  000.530  000.530: sourcing /usr/local/Cellar/neovim/0.3.1/share/nvim/runtime/syntax/syncolor.vim
061.611  000.509  000.509: sourcing /usr/local/Cellar/neovim/0.3.1/share/nvim/runtime/syntax/syncolor.vim
063.323  000.760  000.760: sourcing /usr/local/Cellar/neovim/0.3.1/share/nvim/runtime/syntax/syncolor.vim
067.051  009.367  007.568: sourcing /Users/fill/.cache/dein/.cache/init.vim/.dein/colors/molokai.vim
067.299  058.495  005.126: sourcing /Users/fill/.cache/dein/state_nvim.vim
067.784  000.106  000.106: sourcing /usr/local/Cellar/neovim/0.3.1/share/nvim/runtime/filetype.vim
068.398  000.276  000.276: sourcing /Users/fill/.cache/dein/.cache/init.vim/.dein/ftplugin.vim
068.655  000.065  000.065: sourcing /usr/local/Cellar/neovim/0.3.1/share/nvim/runtime/ftplugin.vim
069.571  000.332  000.332: sourcing /usr/local/Cellar/neovim/0.3.1/share/nvim/runtime/indent.vim
072.043  001.603  001.603: sourcing /usr/local/Cellar/neovim/0.3.1/share/nvim/runtime/syntax/nosyntax.vim
075.205  000.567  000.567: sourcing /usr/local/Cellar/neovim/0.3.1/share/nvim/runtime/syntax/syncolor.vim
077.534  000.518  000.518: sourcing /usr/local/Cellar/neovim/0.3.1/share/nvim/runtime/syntax/syncolor.vim
079.698  001.023  001.023: sourcing /usr/local/Cellar/neovim/0.3.1/share/nvim/runtime/syntax/syncolor.vim
081.849  009.047  006.939: sourcing /Users/fill/.cache/dein/.cache/init.vim/.dein/colors/molokai.vim
082.104  009.720  000.672: sourcing /usr/local/Cellar/neovim/0.3.1/share/nvim/runtime/syntax/synload.vim
082.202  012.187  000.865: sourcing /usr/local/Cellar/neovim/0.3.1/share/nvim/runtime/syntax/syntax.vim
083.193  000.640  000.640: sourcing /Users/fill/.cache/dein/repos/github.com/Shougo/dein.vim/autoload/dein/autoload.vim
084.538  000.940  000.940: sourcing /Users/fill/.cache/dein/repos/github.com/Shougo/dein.vim/autoload/dein/util.vim
084.953  078.578  004.962: sourcing /Users/fill/.config/nvim/init.vim
084.966  000.702: sourcing vimrc file(s)
086.918  000.136  000.136: sourcing /Users/fill/.cache/dein/repos/github.com/Shougo/vimproc.vim/plugin/vimproc.vim
090.403  001.432  001.432: sourcing /Users/fill/.cache/dein/repos/github.com/junegunn/fzf/plugin/fzf.vim
101.481  009.049  009.049: sourcing /Users/fill/.cache/dein/.cache/init.vim/.dein/plugin/EasyMotion.vim
102.740  000.276  000.276: sourcing /Users/fill/.cache/dein/.cache/init.vim/.dein/autoload/nerdtree.vim
105.240  001.060  001.060: sourcing /Users/fill/.cache/dein/.cache/init.vim/.dein/lib/nerdtree/path.vim
105.634  000.221  000.221: sourcing /Users/fill/.cache/dein/.cache/init.vim/.dein/lib/nerdtree/menu_controller.vim
105.954  000.154  000.154: sourcing /Users/fill/.cache/dein/.cache/init.vim/.dein/lib/nerdtree/menu_item.vim
106.500  000.351  000.351: sourcing /Users/fill/.cache/dein/.cache/init.vim/.dein/lib/nerdtree/key_map.vim
107.506  000.720  000.720: sourcing /Users/fill/.cache/dein/.cache/init.vim/.dein/lib/nerdtree/bookmark.vim
108.196  000.448  000.448: sourcing /Users/fill/.cache/dein/.cache/init.vim/.dein/lib/nerdtree/tree_file_node.vim
109.195  000.813  000.813: sourcing /Users/fill/.cache/dein/.cache/init.vim/.dein/lib/nerdtree/tree_dir_node.vim
109.760  000.382  000.382: sourcing /Users/fill/.cache/dein/.cache/init.vim/.dein/lib/nerdtree/opener.vim
110.382  000.454  000.454: sourcing /Users/fill/.cache/dein/.cache/init.vim/.dein/lib/nerdtree/creator.vim
110.652  000.100  000.100: sourcing /Users/fill/.cache/dein/.cache/init.vim/.dein/lib/nerdtree/flag_set.vim
111.107  000.257  000.257: sourcing /Users/fill/.cache/dein/.cache/init.vim/.dein/lib/nerdtree/nerdtree.vim
111.798  000.527  000.527: sourcing /Users/fill/.cache/dein/.cache/init.vim/.dein/lib/nerdtree/ui.vim
112.027  000.074  000.074: sourcing /Users/fill/.cache/dein/.cache/init.vim/.dein/lib/nerdtree/event.vim
112.415  000.159  000.159: sourcing /Users/fill/.cache/dein/.cache/init.vim/.dein/lib/nerdtree/notifier.vim
114.153  001.496  001.496: sourcing /Users/fill/.cache/dein/.cache/init.vim/.dein/autoload/nerdtree/ui_glue.vim
118.915  000.178  000.178: sourcing /Users/fill/.cache/dein/.cache/init.vim/.dein/nerdtree_plugin/exec_menuitem.vim
120.021  001.035  001.035: sourcing /Users/fill/.cache/dein/.cache/init.vim/.dein/nerdtree_plugin/fs_menu.vim
120.708  000.616  000.616: sourcing /Users/fill/.cache/dein/.cache/init.vim/.dein/nerdtree_plugin/webdevicons.vim
120.897  019.317  009.998: sourcing /Users/fill/.cache/dein/.cache/init.vim/.dein/plugin/NERD_tree.vim
121.332  000.364  000.364: sourcing /Users/fill/.cache/dein/.cache/init.vim/.dein/plugin/ac_smooth_scroll.vim
121.455  000.045  000.045: sourcing /Users/fill/.cache/dein/.cache/init.vim/.dein/plugin/airline-themes.vim
122.114  000.323  000.323: sourcing /Users/fill/.cache/dein/.cache/init.vim/.dein/autoload/airline.vim
122.609  000.187  000.187: sourcing /Users/fill/.cache/dein/.cache/init.vim/.dein/autoload/airline/init.vim
123.545  000.223  000.223: sourcing /Users/fill/.cache/dein/.cache/init.vim/.dein/autoload/airline/parts.vim
125.479  000.209  000.209: sourcing /Users/fill/.cache/dein/.cache/init.vim/.dein/autoload/airline/util.vim
125.544  004.018  003.075: sourcing /Users/fill/.cache/dein/.cache/init.vim/.dein/plugin/airline.vim
126.529  000.186  000.186: sourcing /Users/fill/.cache/dein/.cache/init.vim/.dein/autoload/ale/events.vim
126.761  001.131  000.945: sourcing /Users/fill/.cache/dein/.cache/init.vim/.dein/plugin/ale.vim
132.515  005.666  005.666: sourcing /Users/fill/.cache/dein/.cache/init.vim/.dein/plugin/caw.vim
133.118  000.498  000.498: sourcing /Users/fill/.cache/dein/.cache/init.vim/.dein/plugin/fugitive.vim
134.903  001.693  001.693: sourcing /Users/fill/.cache/dein/.cache/init.vim/.dein/plugin/fzf.vim
135.264  000.244  000.244: sourcing /Users/fill/.cache/dein/.cache/init.vim/.dein/plugin/neosnippet.vim
135.498  000.151  000.151: sourcing /Users/fill/.cache/dein/.cache/init.vim/.dein/plugin/parenmatch.vim
136.323  000.743  000.743: sourcing /Users/fill/.cache/dein/.cache/init.vim/.dein/plugin/surround.vim
137.278  000.598  000.598: sourcing /Users/fill/.cache/dein/.cache/init.vim/.dein/autoload/unite/custom.vim
137.454  001.049  000.451: sourcing /Users/fill/.cache/dein/.cache/init.vim/.dein/plugin/unite/bookmark.vim
137.703  000.150  000.150: sourcing /Users/fill/.cache/dein/.cache/init.vim/.dein/plugin/unite/buffer.vim
137.923  000.140  000.140: sourcing /Users/fill/.cache/dein/.cache/init.vim/.dein/plugin/unite/window.vim
138.200  000.198  000.198: sourcing /Users/fill/.cache/dein/.cache/init.vim/.dein/plugin/unite.vim
142.935  001.080  001.080: sourcing /Users/fill/.cache/dein/.cache/init.vim/.dein/autoload/vital/unite.vim
144.482  001.024  001.024: sourcing /Users/fill/.cache/dein/.cache/init.vim/.dein/autoload/vital/_unite/Prelude.vim
144.989  001.719  000.695: sourcing /Users/fill/.cache/dein/.cache/init.vim/.dein/autoload/vital/_unite/Prelude.vim
146.237  005.120  002.322: sourcing /Users/fill/.cache/dein/.cache/init.vim/.dein/autoload/unite/util.vim
147.159  006.252  001.132: sourcing /Users/fill/.cache/dein/.cache/init.vim/.dein/autoload/unite.vim
147.729  000.277  000.277: sourcing /Users/fill/.cache/dein/.cache/init.vim/.dein/autoload/unite/variables.vim
148.416  010.137  003.608: sourcing /Users/fill/.cache/dein/.cache/init.vim/.dein/plugin/webdevicons.vim
149.615  000.377  000.377: sourcing /usr/local/Cellar/neovim/0.3.1/share/nvim/runtime/plugin/gzip.vim
149.728  000.034  000.034: sourcing /usr/local/Cellar/neovim/0.3.1/share/nvim/runtime/plugin/health.vim
149.901  000.095  000.095: sourcing /usr/local/Cellar/neovim/0.3.1/share/nvim/runtime/plugin/man.vim
150.799  000.813  000.813: sourcing /usr/local/Cellar/neovim/0.3.1/share/nvim/runtime/plugin/matchit.vim
150.914  000.034  000.034: sourcing /usr/local/Cellar/neovim/0.3.1/share/nvim/runtime/plugin/matchparen.vim
151.682  000.689  000.689: sourcing /usr/local/Cellar/neovim/0.3.1/share/nvim/runtime/plugin/netrwPlugin.vim
152.649  000.318  000.318: sourcing /usr/local/Cellar/neovim/0.3.1/share/nvim/runtime/autoload/remote/host.vim
153.357  000.307  000.307: sourcing /usr/local/Cellar/neovim/0.3.1/share/nvim/runtime/autoload/remote/define.vim
153.492  001.370  000.744: sourcing /Users/fill/.local/share/nvim/rplugin.vim
153.506  001.735  000.365: sourcing /usr/local/Cellar/neovim/0.3.1/share/nvim/runtime/plugin/rplugin.vim
153.625  000.033  000.033: sourcing /usr/local/Cellar/neovim/0.3.1/share/nvim/runtime/plugin/rrhelper.vim
153.873  000.162  000.162: sourcing /usr/local/Cellar/neovim/0.3.1/share/nvim/runtime/plugin/shada.vim
154.020  000.049  000.049: sourcing /usr/local/Cellar/neovim/0.3.1/share/nvim/runtime/plugin/spellfile.vim
154.341  000.235  000.235: sourcing /usr/local/Cellar/neovim/0.3.1/share/nvim/runtime/plugin/tarPlugin.vim
154.583  000.156  000.156: sourcing /usr/local/Cellar/neovim/0.3.1/share/nvim/runtime/plugin/tohtml.vim
154.710  000.042  000.042: sourcing /usr/local/Cellar/neovim/0.3.1/share/nvim/runtime/plugin/tutor.vim
155.071  000.276  000.276: sourcing /usr/local/Cellar/neovim/0.3.1/share/nvim/runtime/plugin/zipPlugin.vim
155.083  009.224: loading plugins
155.249  000.166: loading packages
156.044  000.584  000.584: sourcing /Users/fill/.cache/dein/.cache/init.vim/.dein/after/plugin/indentLine.vim
156.159  000.326: loading after plugins
156.173  000.014: inits 3
164.285  008.112: reading ShaDa
167.564  003.280: clearing screen
168.994  000.736  000.736: sourcing /Users/fill/.cache/dein/.cache/init.vim/.dein/autoload/airline/extensions.vim
169.664  000.123  000.123: sourcing /Users/fill/.cache/dein/.cache/init.vim/.dein/autoload/airline/extensions/quickfix.vim
170.095  000.065  000.065: sourcing /Users/fill/.cache/dein/.cache/init.vim/.dein/autoload/airline/extensions/unite.vim
170.539  000.082  000.082: sourcing /Users/fill/.cache/dein/.cache/init.vim/.dein/autoload/airline/extensions/netrw.vim
171.908  000.095  000.095: sourcing /Users/fill/.cache/dein/.cache/init.vim/.dein/autoload/airline/extensions/term.vim
172.719  000.347  000.347: sourcing /Users/fill/.cache/dein/.cache/init.vim/.dein/autoload/airline/extensions/branch.vim
173.193  000.093  000.093: sourcing /Users/fill/.cache/dein/.cache/init.vim/.dein/autoload/airline/extensions/fugitiveline.vim
173.681  000.122  000.122: sourcing /Users/fill/.cache/dein/.cache/init.vim/.dein/autoload/airline/extensions/ale.vim
174.444  000.210  000.210: sourcing /Users/fill/.cache/dein/.cache/init.vim/.dein/autoload/airline/extensions/whitespace.vim
175.158  000.241  000.241: sourcing /Users/fill/.cache/dein/.cache/init.vim/.dein/autoload/airline/extensions/tabline.vim
175.558  000.097  000.097: sourcing /Users/fill/.cache/dein/.cache/init.vim/.dein/autoload/airline/extensions/tabline/autoshow.vim
176.070  000.158  000.158: sourcing /Users/fill/.cache/dein/.cache/init.vim/.dein/autoload/airline/extensions/tabline/tabs.vim
176.784  000.346  000.346: sourcing /Users/fill/.cache/dein/.cache/init.vim/.dein/autoload/airline/extensions/tabline/buffers.vim
177.286  000.058  000.058: sourcing /Users/fill/.cache/dein/.cache/init.vim/.dein/autoload/airline/extensions/keymap.vim
186.374  000.353  000.353: sourcing /Users/fill/.cache/dein/.cache/init.vim/.dein/autoload/airline/section.vim
188.950  000.849  000.849: sourcing /Users/fill/.cache/dein/.cache/init.vim/.dein/autoload/airline/highlighter.vim
198.765  000.326  000.326: sourcing /Users/fill/.cache/dein/.cache/init.vim/.dein/autoload/airline/themes.vim
200.318  002.467  002.140: sourcing /Users/fill/.cache/dein/.cache/init.vim/.dein/autoload/airline/themes/molokai.vim
205.881  000.459  000.459: sourcing /Users/fill/.cache/dein/.cache/init.vim/.dein/autoload/airline/themes/molokai.vim
239.642  000.452  000.452: sourcing /Users/fill/.cache/dein/.cache/init.vim/.dein/autoload/airline/builder.vim
240.885  000.242  000.242: sourcing /Users/fill/.cache/dein/.cache/init.vim/.dein/autoload/airline/extensions/default.vim
269.364  000.307  000.307: sourcing /Users/fill/.cache/dein/.cache/init.vim/.dein/autoload/ale.vim
269.772  000.113  000.113: sourcing /Users/fill/.cache/dein/.cache/init.vim/.dein/autoload/parenmatch.vim
271.107  095.528: opening buffers
271.681  000.574: BufEnter autocommands
271.745  000.064: editing files in windows
281.231  007.285  007.285: sourcing /Users/fill/.cache/dein/.cache/init.vim/.dein/autoload/fugitive.vim
282.438  003.408: VimEnter autocommands
482.920  200.276  200.276: sourcing /usr/local/Cellar/neovim/0.3.1/share/nvim/runtime/autoload/provider/clipboard.vim
482.952  000.238: before starting main loop
484.251  000.338  000.338: sourcing /Users/fill/.cache/dein/.cache/init.vim/.dein/autoload/airline/extensions/tabline/ctrlspace.vim
485.210  000.271  000.271: sourcing /Users/fill/.cache/dein/.cache/init.vim/.dein/autoload/airline/extensions/tabline/builder.vim
485.836  000.116  000.116: sourcing /Users/fill/.cache/dein/.cache/init.vim/.dein/autoload/airline/extensions/tabline/buflist.vim
490.431  000.050  000.050: sourcing /Users/fill/.cache/dein/.cache/init.vim/.dein/autoload/airline/extensions/tabline/formatters/webdevicons.vim
490.968  000.102  000.102: sourcing /Users/fill/.cache/dein/.cache/init.vim/.dein/autoload/airline/extensions/tabline/formatters/default.vim
508.521  000.894  000.894: sourcing /Users/fill/.cache/dein/.cache/init.vim/.dein/autoload/ale/engine.vim
509.189  000.118  000.118: sourcing /Users/fill/.cache/dein/.cache/init.vim/.dein/autoload/ale/statusline.vim
513.158  028.317: first screen update
513.162  000.004: --- NVIM STARTED ---
