

times in msec
 clock   self+sourced   self:  sourced script
 clock   elapsed:              other lines

000.014  000.014: --- NVIM STARTING ---
005.699  005.685: locale set
014.459  008.760: inits 1
014.490  000.031: window checked
017.425  002.935: parsing arguments
017.806  000.381: expanding arguments
018.535  000.729: inits 2
019.705  001.170: init highlight
021.619  000.535  000.535: sourcing /usr/local/Cellar/neovim/0.3.1/share/nvim/runtime/macros/matchit.vim
024.093  001.010  001.010: sourcing /Users/fill/.cache/dein/repos/github.com/Shougo/dein.vim/autoload/dein.vim
026.507  001.312  001.312: sourcing /Users/fill/.cache/dein/repos/github.com/Shougo/dein.vim/autoload/dein/autoload.vim
028.228  001.326  001.326: sourcing /Users/fill/.cache/dein/repos/github.com/Shougo/dein.vim/autoload/dein/util.vim
030.388  001.749  001.749: sourcing /usr/local/Cellar/neovim/0.3.1/share/nvim/runtime/ftoff.vim
032.932  000.837  000.837: sourcing /Users/fill/.cache/dein/repos/github.com/Shougo/dein.vim/autoload/dein/types/git.vim
033.279  001.950  001.114: sourcing /Users/fill/.cache/dein/repos/github.com/Shougo/dein.vim/autoload/dein/parse.vim
035.164  000.834  000.834: sourcing /Users/fill/.cache/dein/repos/github.com/Shougo/dein.vim/autoload/dein/toml.vim
071.674  003.360  003.360: sourcing /Users/fill/.cache/dein/.cache/init.vim/.dein/colors/molokai.vim
075.186  001.149  001.149: sourcing /usr/local/Cellar/neovim/0.3.1/share/nvim/runtime/syntax/syncolor.vim
076.601  000.297  000.297: sourcing /usr/local/Cellar/neovim/0.3.1/share/nvim/runtime/syntax/syncolor.vim
077.451  000.291  000.291: sourcing /usr/local/Cellar/neovim/0.3.1/share/nvim/runtime/syntax/syncolor.vim
078.371  005.000  003.263: sourcing /Users/fill/.cache/dein/.cache/init.vim/.dein/colors/molokai.vim
078.543  005.682  000.682: sourcing /usr/local/Cellar/neovim/0.3.1/share/nvim/runtime/syntax/synload.vim
093.139  000.676  000.676: sourcing /Users/fill/.cache/dein/.cache/init.vim/.dein/ftdetect/ftdetect.vim
093.432  014.725  014.049: sourcing /usr/local/Cellar/neovim/0.3.1/share/nvim/runtime/filetype.vim
093.561  021.783  001.376: sourcing /usr/local/Cellar/neovim/0.3.1/share/nvim/runtime/syntax/syntax.vim
095.044  000.336  000.336: sourcing /usr/local/Cellar/neovim/0.3.1/share/nvim/runtime/syntax/syncolor.vim
096.626  000.379  000.379: sourcing /usr/local/Cellar/neovim/0.3.1/share/nvim/runtime/syntax/syncolor.vim
097.840  000.437  000.437: sourcing /usr/local/Cellar/neovim/0.3.1/share/nvim/runtime/syntax/syncolor.vim
099.145  005.399  004.247: sourcing /Users/fill/.cache/dein/.cache/init.vim/.dein/colors/molokai.vim
151.410  000.104  000.104: sourcing /usr/local/Cellar/neovim/0.3.1/share/nvim/runtime/filetype.vim
152.789  000.885  000.885: sourcing /Users/fill/.cache/dein/.cache/init.vim/.dein/ftplugin.vim
153.863  000.941  000.941: sourcing /usr/local/Cellar/neovim/0.3.1/share/nvim/runtime/ftplugin.vim
154.575  000.434  000.434: sourcing /usr/local/Cellar/neovim/0.3.1/share/nvim/runtime/indent.vim
155.822  000.886  000.886: sourcing /usr/local/Cellar/neovim/0.3.1/share/nvim/runtime/syntax/nosyntax.vim
157.268  000.312  000.312: sourcing /usr/local/Cellar/neovim/0.3.1/share/nvim/runtime/syntax/syncolor.vim
158.832  000.320  000.320: sourcing /usr/local/Cellar/neovim/0.3.1/share/nvim/runtime/syntax/syncolor.vim
159.720  000.304  000.304: sourcing /usr/local/Cellar/neovim/0.3.1/share/nvim/runtime/syntax/syncolor.vim
160.708  004.480  003.544: sourcing /Users/fill/.cache/dein/.cache/init.vim/.dein/colors/molokai.vim
160.857  004.821  000.342: sourcing /usr/local/Cellar/neovim/0.3.1/share/nvim/runtime/syntax/synload.vim
160.911  006.102  000.394: sourcing /usr/local/Cellar/neovim/0.3.1/share/nvim/runtime/syntax/syntax.vim
161.327  141.294  093.570: sourcing /Users/fill/.config/nvim/init.vim
161.339  000.341: sourcing vimrc file(s)
163.803  000.389  000.389: sourcing /Users/fill/.cache/dein/repos/github.com/Shougo/vimproc.vim/plugin/vimproc.vim
166.834  002.025  002.025: sourcing /Users/fill/.cache/dein/repos/github.com/junegunn/fzf/plugin/fzf.vim
180.717  011.343  011.343: sourcing /Users/fill/.cache/dein/.cache/init.vim/.dein/plugin/EasyMotion.vim
184.936  001.157  001.157: sourcing /Users/fill/.cache/dein/.cache/init.vim/.dein/autoload/nerdtree.vim
188.181  001.743  001.743: sourcing /Users/fill/.cache/dein/.cache/init.vim/.dein/lib/nerdtree/path.vim
188.952  000.538  000.538: sourcing /Users/fill/.cache/dein/.cache/init.vim/.dein/lib/nerdtree/menu_controller.vim
189.580  000.450  000.450: sourcing /Users/fill/.cache/dein/.cache/init.vim/.dein/lib/nerdtree/menu_item.vim
190.230  000.472  000.472: sourcing /Users/fill/.cache/dein/.cache/init.vim/.dein/lib/nerdtree/key_map.vim
191.035  000.631  000.631: sourcing /Users/fill/.cache/dein/.cache/init.vim/.dein/lib/nerdtree/bookmark.vim
192.008  000.803  000.803: sourcing /Users/fill/.cache/dein/.cache/init.vim/.dein/lib/nerdtree/tree_file_node.vim
193.192  001.007  001.007: sourcing /Users/fill/.cache/dein/.cache/init.vim/.dein/lib/nerdtree/tree_dir_node.vim
193.978  000.617  000.617: sourcing /Users/fill/.cache/dein/.cache/init.vim/.dein/lib/nerdtree/opener.vim
195.839  001.547  001.547: sourcing /Users/fill/.cache/dein/.cache/init.vim/.dein/lib/nerdtree/creator.vim
196.968  000.815  000.815: sourcing /Users/fill/.cache/dein/.cache/init.vim/.dein/lib/nerdtree/flag_set.vim
197.929  000.577  000.577: sourcing /Users/fill/.cache/dein/.cache/init.vim/.dein/lib/nerdtree/nerdtree.vim
198.948  000.832  000.832: sourcing /Users/fill/.cache/dein/.cache/init.vim/.dein/lib/nerdtree/ui.vim
199.489  000.361  000.361: sourcing /Users/fill/.cache/dein/.cache/init.vim/.dein/lib/nerdtree/event.vim
200.057  000.343  000.343: sourcing /Users/fill/.cache/dein/.cache/init.vim/.dein/lib/nerdtree/notifier.vim
201.731  001.492  001.492: sourcing /Users/fill/.cache/dein/.cache/init.vim/.dein/autoload/nerdtree/ui_glue.vim
206.534  000.555  000.555: sourcing /Users/fill/.cache/dein/.cache/init.vim/.dein/nerdtree_plugin/exec_menuitem.vim
208.147  001.534  001.534: sourcing /Users/fill/.cache/dein/.cache/init.vim/.dein/nerdtree_plugin/fs_menu.vim
209.289  001.055  001.055: sourcing /Users/fill/.cache/dein/.cache/init.vim/.dein/nerdtree_plugin/webdevicons.vim
209.507  028.671  012.141: sourcing /Users/fill/.cache/dein/.cache/init.vim/.dein/plugin/NERD_tree.vim
210.309  000.721  000.721: sourcing /Users/fill/.cache/dein/.cache/init.vim/.dein/plugin/ac_smooth_scroll.vim
210.811  000.424  000.424: sourcing /Users/fill/.cache/dein/.cache/init.vim/.dein/plugin/airline-themes.vim
212.509  000.951  000.951: sourcing /Users/fill/.cache/dein/.cache/init.vim/.dein/autoload/airline.vim
213.666  000.873  000.873: sourcing /Users/fill/.cache/dein/.cache/init.vim/.dein/autoload/airline/init.vim
214.984  000.570  000.570: sourcing /Users/fill/.cache/dein/.cache/init.vim/.dein/autoload/airline/parts.vim
217.524  000.651  000.651: sourcing /Users/fill/.cache/dein/.cache/init.vim/.dein/autoload/airline/util.vim
217.605  006.716  003.671: sourcing /Users/fill/.cache/dein/.cache/init.vim/.dein/plugin/airline.vim
220.236  000.954  000.954: sourcing /Users/fill/.cache/dein/.cache/init.vim/.dein/autoload/ale/events.vim
220.497  002.740  001.786: sourcing /Users/fill/.cache/dein/.cache/init.vim/.dein/plugin/ale.vim
226.396  005.815  005.815: sourcing /Users/fill/.cache/dein/.cache/init.vim/.dein/plugin/caw.vim
228.522  002.029  002.029: sourcing /Users/fill/.cache/dein/.cache/init.vim/.dein/plugin/fugitive.vim
232.170  003.385  003.385: sourcing /Users/fill/.cache/dein/.cache/init.vim/.dein/plugin/fzf.vim
232.945  000.576  000.576: sourcing /Users/fill/.cache/dein/.cache/init.vim/.dein/plugin/neosnippet.vim
233.851  000.805  000.805: sourcing /Users/fill/.cache/dein/.cache/init.vim/.dein/plugin/parenmatch.vim
235.491  001.522  001.522: sourcing /Users/fill/.cache/dein/.cache/init.vim/.dein/plugin/surround.vim
237.607  001.365  001.365: sourcing /Users/fill/.cache/dein/.cache/init.vim/.dein/autoload/unite/custom.vim
237.783  002.199  000.835: sourcing /Users/fill/.cache/dein/.cache/init.vim/.dein/plugin/unite/bookmark.vim
238.378  000.508  000.508: sourcing /Users/fill/.cache/dein/.cache/init.vim/.dein/plugin/unite/buffer.vim
239.244  000.772  000.772: sourcing /Users/fill/.cache/dein/.cache/init.vim/.dein/plugin/unite/window.vim
239.890  000.527  000.527: sourcing /Users/fill/.cache/dein/.cache/init.vim/.dein/plugin/unite.vim
248.088  002.595  002.595: sourcing /Users/fill/.cache/dein/.cache/init.vim/.dein/autoload/vital/unite.vim
250.928  001.523  001.523: sourcing /Users/fill/.cache/dein/.cache/init.vim/.dein/autoload/vital/_unite/Prelude.vim
251.739  003.230  001.708: sourcing /Users/fill/.cache/dein/.cache/init.vim/.dein/autoload/vital/_unite/Prelude.vim
253.136  009.340  003.514: sourcing /Users/fill/.cache/dein/.cache/init.vim/.dein/autoload/unite/util.vim
253.910  010.692  001.353: sourcing /Users/fill/.cache/dein/.cache/init.vim/.dein/autoload/unite.vim
255.058  000.721  000.721: sourcing /Users/fill/.cache/dein/.cache/init.vim/.dein/autoload/unite/variables.vim
256.186  016.214  004.800: sourcing /Users/fill/.cache/dein/.cache/init.vim/.dein/plugin/webdevicons.vim
258.385  000.735  000.735: sourcing /usr/local/Cellar/neovim/0.3.1/share/nvim/runtime/plugin/gzip.vim
258.904  000.420  000.420: sourcing /usr/local/Cellar/neovim/0.3.1/share/nvim/runtime/plugin/health.vim
259.500  000.507  000.507: sourcing /usr/local/Cellar/neovim/0.3.1/share/nvim/runtime/plugin/man.vim
261.042  001.454  001.454: sourcing /usr/local/Cellar/neovim/0.3.1/share/nvim/runtime/plugin/matchit.vim
261.670  000.545  000.545: sourcing /usr/local/Cellar/neovim/0.3.1/share/nvim/runtime/plugin/matchparen.vim
263.193  001.394  001.394: sourcing /usr/local/Cellar/neovim/0.3.1/share/nvim/runtime/plugin/netrwPlugin.vim
265.796  000.700  000.700: sourcing /usr/local/Cellar/neovim/0.3.1/share/nvim/runtime/autoload/remote/host.vim
266.950  000.747  000.747: sourcing /usr/local/Cellar/neovim/0.3.1/share/nvim/runtime/autoload/remote/define.vim
267.085  003.031  001.584: sourcing /Users/fill/.local/share/nvim/rplugin.vim
267.100  003.804  000.773: sourcing /usr/local/Cellar/neovim/0.3.1/share/nvim/runtime/plugin/rplugin.vim
267.579  000.387  000.387: sourcing /usr/local/Cellar/neovim/0.3.1/share/nvim/runtime/plugin/rrhelper.vim
268.257  000.578  000.578: sourcing /usr/local/Cellar/neovim/0.3.1/share/nvim/runtime/plugin/shada.vim
268.715  000.364  000.364: sourcing /usr/local/Cellar/neovim/0.3.1/share/nvim/runtime/plugin/spellfile.vim
269.620  000.640  000.640: sourcing /usr/local/Cellar/neovim/0.3.1/share/nvim/runtime/plugin/tarPlugin.vim
270.327  000.603  000.603: sourcing /usr/local/Cellar/neovim/0.3.1/share/nvim/runtime/plugin/tohtml.vim
270.857  000.432  000.432: sourcing /usr/local/Cellar/neovim/0.3.1/share/nvim/runtime/plugin/tutor.vim
271.651  000.698  000.698: sourcing /usr/local/Cellar/neovim/0.3.1/share/nvim/runtime/plugin/zipPlugin.vim
271.666  010.387: loading plugins
271.857  000.190: loading packages
274.678  001.713  001.713: sourcing /Users/fill/.cache/dein/.cache/init.vim/.dein/after/plugin/indentLine.vim
274.930  001.361: loading after plugins
274.971  000.041: inits 3
284.011  009.040: reading ShaDa
290.414  006.403: clearing screen
337.018  001.614  001.614: sourcing /Users/fill/.cache/dein/repos/github.com/rhysd/vim-clang-format/plugin/clang_format.vim
341.423  000.699  000.699: sourcing /Users/fill/.cache/dein/repos/github.com/Shougo/deoplete.nvim/autoload/deoplete.vim
342.580  002.533  001.834: sourcing /Users/fill/.cache/dein/repos/github.com/Shougo/deoplete.nvim/plugin/deoplete.vim
355.253  001.332  001.332: sourcing /usr/local/Cellar/neovim/0.3.1/share/nvim/runtime/ftplugin/c.vim
397.578  006.143  006.143: sourcing /Users/fill/.cache/dein/.cache/init.vim/.dein/after/ftplugin/c/caw.vim
398.248  048.953  041.478: sourcing /usr/local/Cellar/neovim/0.3.1/share/nvim/runtime/ftplugin/cpp.vim
439.365  001.020  001.020: sourcing /Users/fill/.cache/dein/.cache/init.vim/.dein/after/ftplugin/cpp/caw.vim
441.111  000.681  000.681: sourcing /usr/local/Cellar/neovim/0.3.1/share/nvim/runtime/indent/cpp.vim
449.647  006.766  006.766: sourcing /usr/local/Cellar/neovim/0.3.1/share/nvim/runtime/syntax/c.vim
450.241  008.239  001.473: sourcing /usr/local/Cellar/neovim/0.3.1/share/nvim/runtime/syntax/cpp.vim
452.638  001.184  001.184: sourcing /Users/fill/.cache/dein/.cache/init.vim/.dein/autoload/airline/extensions.vim
454.403  001.136  001.136: sourcing /Users/fill/.cache/dein/.cache/init.vim/.dein/autoload/airline/extensions/quickfix.vim
458.000  002.644  002.644: sourcing /Users/fill/.cache/dein/.cache/init.vim/.dein/autoload/airline/extensions/unite.vim
459.200  000.520  000.520: sourcing /Users/fill/.cache/dein/.cache/init.vim/.dein/autoload/airline/extensions/netrw.vim
460.350  000.538  000.538: sourcing /Users/fill/.cache/dein/.cache/init.vim/.dein/autoload/airline/extensions/term.vim
462.176  000.875  000.875: sourcing /Users/fill/.cache/dein/.cache/init.vim/.dein/autoload/airline/extensions/branch.vim
463.703  000.794  000.794: sourcing /Users/fill/.cache/dein/.cache/init.vim/.dein/autoload/airline/extensions/fugitiveline.vim
464.589  000.395  000.395: sourcing /Users/fill/.cache/dein/.cache/init.vim/.dein/autoload/airline/extensions/ale.vim
466.142  000.578  000.578: sourcing /Users/fill/.cache/dein/.cache/init.vim/.dein/autoload/airline/extensions/whitespace.vim
467.735  000.861  000.861: sourcing /Users/fill/.cache/dein/.cache/init.vim/.dein/autoload/airline/extensions/tabline.vim
468.829  000.435  000.435: sourcing /Users/fill/.cache/dein/.cache/init.vim/.dein/autoload/airline/extensions/tabline/autoshow.vim
469.908  000.477  000.477: sourcing /Users/fill/.cache/dein/.cache/init.vim/.dein/autoload/airline/extensions/tabline/tabs.vim
471.739  001.351  001.351: sourcing /Users/fill/.cache/dein/.cache/init.vim/.dein/autoload/airline/extensions/tabline/buffers.vim
473.109  000.321  000.321: sourcing /Users/fill/.cache/dein/.cache/init.vim/.dein/autoload/airline/extensions/keymap.vim
481.033  000.443  000.443: sourcing /Users/fill/.cache/dein/.cache/init.vim/.dein/autoload/airline/section.vim
482.367  000.808  000.808: sourcing /Users/fill/.cache/dein/.cache/init.vim/.dein/autoload/airline/highlighter.vim
488.367  000.474  000.474: sourcing /Users/fill/.cache/dein/.cache/init.vim/.dein/autoload/airline/themes.vim
488.787  002.067  001.594: sourcing /Users/fill/.cache/dein/.cache/init.vim/.dein/autoload/airline/themes/molokai.vim
493.788  000.452  000.452: sourcing /Users/fill/.cache/dein/.cache/init.vim/.dein/autoload/airline/themes/molokai.vim
526.691  001.202  001.202: sourcing /Users/fill/.cache/dein/.cache/init.vim/.dein/autoload/airline/builder.vim
529.196  000.706  000.706: sourcing /Users/fill/.cache/dein/.cache/init.vim/.dein/autoload/airline/extensions/default.vim
569.800  000.867  000.867: sourcing /Users/fill/.cache/dein/.cache/init.vim/.dein/autoload/parenmatch.vim
572.836  002.232  002.232: sourcing /Users/fill/.cache/dein/repos/github.com/rhysd/vim-clang-format/autoload/clang_format.vim
575.347  000.800  000.800: sourcing /Users/fill/.cache/dein/repos/github.com/Shougo/vimproc.vim/autoload/vimproc/util.vim
583.881  010.548  009.749: sourcing /Users/fill/.cache/dein/repos/github.com/Shougo/vimproc.vim/autoload/vimproc.vim
585.932  001.693  001.693: sourcing /Users/fill/.cache/dein/repos/github.com/Shougo/vimproc.vim/autoload/vimproc/parser.vim
595.724  000.803  000.803: sourcing /Users/fill/.cache/dein/repos/github.com/Shougo/vimproc.vim/autoload/vimproc/filepath.vim
624.414  000.137  000.137: sourcing /usr/local/Cellar/neovim/0.3.1/share/nvim/runtime/ftplugin/c.vim
625.677  000.091  000.091: sourcing /Users/fill/.cache/dein/.cache/init.vim/.dein/after/ftplugin/c/caw.vim
626.039  002.314  002.086: sourcing /usr/local/Cellar/neovim/0.3.1/share/nvim/runtime/ftplugin/cpp.vim
629.091  000.158  000.158: sourcing /Users/fill/.cache/dein/.cache/init.vim/.dein/after/ftplugin/cpp/caw.vim
629.956  000.082  000.082: sourcing /usr/local/Cellar/neovim/0.3.1/share/nvim/runtime/indent/cpp.vim
637.763  005.487  005.487: sourcing /usr/local/Cellar/neovim/0.3.1/share/nvim/runtime/syntax/c.vim
638.275  006.524  001.036: sourcing /usr/local/Cellar/neovim/0.3.1/share/nvim/runtime/syntax/cpp.vim
641.263  000.171  000.171: sourcing /usr/local/Cellar/neovim/0.3.1/share/nvim/runtime/ftplugin/c.vim
642.841  000.110  000.110: sourcing /Users/fill/.cache/dein/.cache/init.vim/.dein/after/ftplugin/c/caw.vim
643.035  002.629  002.348: sourcing /usr/local/Cellar/neovim/0.3.1/share/nvim/runtime/ftplugin/cpp.vim
644.340  000.090  000.090: sourcing /Users/fill/.cache/dein/.cache/init.vim/.dein/after/ftplugin/cpp/caw.vim
644.783  000.043  000.043: sourcing /usr/local/Cellar/neovim/0.3.1/share/nvim/runtime/indent/cpp.vim
648.125  002.600  002.600: sourcing /usr/local/Cellar/neovim/0.3.1/share/nvim/runtime/syntax/c.vim
648.626  003.293  000.693: sourcing /usr/local/Cellar/neovim/0.3.1/share/nvim/runtime/syntax/cpp.vim
659.846  007.620  007.620: sourcing /Users/fill/.cache/dein/.cache/init.vim/.dein/autoload/fugitive.vim
663.533  000.735  000.735: sourcing /Users/fill/.cache/dein/.cache/init.vim/.dein/autoload/ale.vim
665.449  001.460  001.460: sourcing /Users/fill/.cache/dein/.cache/init.vim/.dein/autoload/ale/util.vim
667.270  001.340  001.340: sourcing /Users/fill/.cache/dein/.cache/init.vim/.dein/autoload/ale/linter.vim
669.925  001.441  001.441: sourcing /Users/fill/.cache/dein/.cache/init.vim/.dein/ale_linters/cpp/ccls.vim
671.360  001.312  001.312: sourcing /Users/fill/.cache/dein/.cache/init.vim/.dein/ale_linters/cpp/clang.vim
672.590  001.139  001.139: sourcing /Users/fill/.cache/dein/.cache/init.vim/.dein/ale_linters/cpp/clangcheck.vim
673.687  000.993  000.993: sourcing /Users/fill/.cache/dein/.cache/init.vim/.dein/ale_linters/cpp/clangd.vim
674.802  000.952  000.952: sourcing /Users/fill/.cache/dein/.cache/init.vim/.dein/ale_linters/cpp/clangtidy.vim
675.817  000.898  000.898: sourcing /Users/fill/.cache/dein/.cache/init.vim/.dein/ale_linters/cpp/clazy.vim
676.751  000.836  000.836: sourcing /Users/fill/.cache/dein/.cache/init.vim/.dein/ale_linters/cpp/cppcheck.vim
677.638  000.798  000.798: sourcing /Users/fill/.cache/dein/.cache/init.vim/.dein/ale_linters/cpp/cpplint.vim
678.572  000.848  000.848: sourcing /Users/fill/.cache/dein/.cache/init.vim/.dein/ale_linters/cpp/cquery.vim
679.479  000.821  000.821: sourcing /Users/fill/.cache/dein/.cache/init.vim/.dein/ale_linters/cpp/flawfinder.vim
680.446  000.879  000.879: sourcing /Users/fill/.cache/dein/.cache/init.vim/.dein/ale_linters/cpp/gcc.vim
684.550  003.238  003.238: sourcing /Users/fill/.cache/dein/.cache/init.vim/.dein/autoload/ale/engine.vim
686.066  000.649  000.649: sourcing /Users/fill/.cache/dein/.cache/init.vim/.dein/autoload/ale/lsp_linter.vim
687.067  000.634  000.634: sourcing /Users/fill/.cache/dein/.cache/init.vim/.dein/autoload/ale/handlers/ccls.vim
688.222  000.796  000.796: sourcing /Users/fill/.cache/dein/.cache/init.vim/.dein/autoload/ale/path.vim
691.002  000.479  000.479: sourcing /Users/fill/.cache/dein/.cache/init.vim/.dein/autoload/ale/history.vim
692.149  000.753  000.753: sourcing /Users/fill/.cache/dein/.cache/init.vim/.dein/autoload/ale/c.vim
698.297  000.539  000.539: sourcing /Users/fill/.cache/dein/.cache/init.vim/.dein/autoload/ale/command.vim
700.393  000.924  000.924: sourcing /Users/fill/.cache/dein/.cache/init.vim/.dein/autoload/ale/job.vim
713.505  000.921  000.921: sourcing /Users/fill/.cache/dein/.cache/init.vim/.dein/autoload/unite/sources/buffer/variables.vim
715.678  282.152: opening buffers
716.220  000.542: BufEnter autocommands
716.233  000.013: editing files in windows
718.642  000.698  000.698: sourcing /Users/fill/.cache/dein/repos/github.com/Shougo/deoplete.nvim/autoload/deoplete/init.vim
720.169  000.945  000.945: sourcing /Users/fill/.cache/dein/repos/github.com/Shougo/deoplete.nvim/autoload/deoplete/util.vim
721.947  000.741  000.741: sourcing /Users/fill/.cache/dein/repos/github.com/Shougo/deoplete.nvim/autoload/deoplete/custom.vim
725.735  000.757  000.757: sourcing /usr/local/Cellar/neovim/0.3.1/share/nvim/runtime/autoload/provider/pythonx.vim
899.697  173.432  173.432: sourcing /usr/local/Cellar/neovim/0.3.1/share/nvim/runtime/autoload/provider/python3.vim
901.582  001.106  001.106: sourcing /usr/local/Cellar/neovim/0.3.1/share/nvim/runtime/autoload/provider.vim
1212.824  000.639  000.639: sourcing /Users/fill/.cache/dein/repos/github.com/Shougo/deoplete.nvim/autoload/deoplete/mapping.vim
1214.390  000.929  000.929: sourcing /Users/fill/.cache/dein/repos/github.com/Shougo/deoplete.nvim/autoload/deoplete/handler.vim
1216.432  320.954: VimEnter autocommands
1216.834  000.401: before starting main loop
1218.560  000.743  000.743: sourcing /Users/fill/.cache/dein/.cache/init.vim/.dein/autoload/ale/cursor.vim
1221.247  001.251  001.251: sourcing /Users/fill/.cache/dein/.cache/init.vim/.dein/autoload/airline/extensions/tabline/ctrlspace.vim
1223.266  000.802  000.802: sourcing /Users/fill/.cache/dein/.cache/init.vim/.dein/autoload/airline/extensions/tabline/builder.vim
1224.470  000.475  000.475: sourcing /Users/fill/.cache/dein/.cache/init.vim/.dein/autoload/airline/extensions/tabline/buflist.vim
1231.477  000.665  000.665: sourcing /Users/fill/.cache/dein/.cache/init.vim/.dein/autoload/airline/extensions/tabline/formatters/webdevicons.vim
1233.229  000.748  000.748: sourcing /Users/fill/.cache/dein/.cache/init.vim/.dein/autoload/airline/extensions/tabline/formatters/default.vim
1266.336  000.560  000.560: sourcing /Users/fill/.cache/dein/.cache/init.vim/.dein/autoload/airline/async.vim
1277.048  054.969: first screen update
1277.063  000.016: --- NVIM STARTED ---
