

times in msec
 clock   self+sourced   self:  sourced script
 clock   elapsed:              other lines

000.018  000.018: --- NVIM STARTING ---
001.590  001.572: locale set
003.121  001.531: inits 1
003.159  000.038: window checked
004.045  000.886: parsing arguments
004.670  000.625: expanding arguments
004.937  000.267: inits 2
006.260  001.323: init highlight
007.535  000.058  000.058: sourcing /usr/local/Cellar/neovim/0.3.1/share/nvim/runtime/macros/matchit.vim
008.720  000.506  000.506: sourcing /Users/fill/.cache/dein/repos/github.com/Shougo/dein.vim/autoload/dein.vim
012.130  000.180  000.180: sourcing /usr/local/Cellar/neovim/0.3.1/share/nvim/runtime/ftoff.vim
017.795  004.618  004.618: sourcing /Users/fill/.cache/dein/.cache/init.vim/.dein/colors/molokai.vim
020.445  000.558  000.558: sourcing /usr/local/Cellar/neovim/0.3.1/share/nvim/runtime/syntax/syncolor.vim
023.056  000.624  000.624: sourcing /usr/local/Cellar/neovim/0.3.1/share/nvim/runtime/syntax/syncolor.vim
024.858  000.584  000.584: sourcing /usr/local/Cellar/neovim/0.3.1/share/nvim/runtime/syntax/syncolor.vim
026.865  008.102  006.336: sourcing /Users/fill/.cache/dein/.cache/init.vim/.dein/colors/molokai.vim
027.100  008.747  000.645: sourcing /usr/local/Cellar/neovim/0.3.1/share/nvim/runtime/syntax/synload.vim
050.910  000.323  000.323: sourcing /Users/fill/.cache/dein/.cache/init.vim/.dein/ftdetect/ftdetect.vim
051.211  023.805  023.482: sourcing /usr/local/Cellar/neovim/0.3.1/share/nvim/runtime/filetype.vim
051.429  033.458  000.906: sourcing /usr/local/Cellar/neovim/0.3.1/share/nvim/runtime/syntax/syntax.vim
053.687  000.558  000.558: sourcing /usr/local/Cellar/neovim/0.3.1/share/nvim/runtime/syntax/syncolor.vim
056.963  000.546  000.546: sourcing /usr/local/Cellar/neovim/0.3.1/share/nvim/runtime/syntax/syncolor.vim
058.475  000.545  000.545: sourcing /usr/local/Cellar/neovim/0.3.1/share/nvim/runtime/syntax/syncolor.vim
060.428  008.462  006.813: sourcing /Users/fill/.cache/dein/.cache/init.vim/.dein/colors/molokai.vim
061.155  051.440  004.722: sourcing /Users/fill/.cache/dein/state_nvim.vim
061.745  000.120  000.120: sourcing /usr/local/Cellar/neovim/0.3.1/share/nvim/runtime/filetype.vim
062.276  000.140  000.140: sourcing /Users/fill/.cache/dein/.cache/init.vim/.dein/ftplugin.vim
062.462  000.046  000.046: sourcing /usr/local/Cellar/neovim/0.3.1/share/nvim/runtime/ftplugin.vim
062.891  000.121  000.121: sourcing /usr/local/Cellar/neovim/0.3.1/share/nvim/runtime/indent.vim
063.754  000.469  000.469: sourcing /usr/local/Cellar/neovim/0.3.1/share/nvim/runtime/syntax/nosyntax.vim
065.249  000.307  000.307: sourcing /usr/local/Cellar/neovim/0.3.1/share/nvim/runtime/syntax/syncolor.vim
066.759  000.314  000.314: sourcing /usr/local/Cellar/neovim/0.3.1/share/nvim/runtime/syntax/syncolor.vim
067.707  000.309  000.309: sourcing /usr/local/Cellar/neovim/0.3.1/share/nvim/runtime/syntax/syncolor.vim
068.673  004.468  003.539: sourcing /Users/fill/.cache/dein/.cache/init.vim/.dein/colors/molokai.vim
068.846  004.834  000.365: sourcing /usr/local/Cellar/neovim/0.3.1/share/nvim/runtime/syntax/synload.vim
068.917  005.812  000.509: sourcing /usr/local/Cellar/neovim/0.3.1/share/nvim/runtime/syntax/syntax.vim
069.538  000.392  000.392: sourcing /Users/fill/.cache/dein/repos/github.com/Shougo/dein.vim/autoload/dein/autoload.vim
070.790  000.998  000.998: sourcing /Users/fill/.cache/dein/repos/github.com/Shougo/dein.vim/autoload/dein/util.vim
071.207  064.210  004.578: sourcing /Users/fill/.config/nvim/init.vim
071.220  000.750: sourcing vimrc file(s)
071.870  000.128  000.128: sourcing /Users/fill/.cache/dein/repos/github.com/Shougo/vimproc.vim/plugin/vimproc.vim
073.303  001.226  001.226: sourcing /Users/fill/.cache/dein/repos/github.com/junegunn/fzf/plugin/fzf.vim
090.241  015.811  015.811: sourcing /Users/fill/.cache/dein/.cache/init.vim/.dein/plugin/EasyMotion.vim
091.424  000.261  000.261: sourcing /Users/fill/.cache/dein/.cache/init.vim/.dein/autoload/nerdtree.vim
094.190  001.230  001.230: sourcing /Users/fill/.cache/dein/.cache/init.vim/.dein/lib/nerdtree/path.vim
094.576  000.200  000.200: sourcing /Users/fill/.cache/dein/.cache/init.vim/.dein/lib/nerdtree/menu_controller.vim
094.850  000.131  000.131: sourcing /Users/fill/.cache/dein/.cache/init.vim/.dein/lib/nerdtree/menu_item.vim
095.170  000.178  000.178: sourcing /Users/fill/.cache/dein/.cache/init.vim/.dein/lib/nerdtree/key_map.vim
095.710  000.397  000.397: sourcing /Users/fill/.cache/dein/.cache/init.vim/.dein/lib/nerdtree/bookmark.vim
096.204  000.338  000.338: sourcing /Users/fill/.cache/dein/.cache/init.vim/.dein/lib/nerdtree/tree_file_node.vim
097.033  000.686  000.686: sourcing /Users/fill/.cache/dein/.cache/init.vim/.dein/lib/nerdtree/tree_dir_node.vim
097.590  000.395  000.395: sourcing /Users/fill/.cache/dein/.cache/init.vim/.dein/lib/nerdtree/opener.vim
098.323  000.508  000.508: sourcing /Users/fill/.cache/dein/.cache/init.vim/.dein/lib/nerdtree/creator.vim
098.639  000.105  000.105: sourcing /Users/fill/.cache/dein/.cache/init.vim/.dein/lib/nerdtree/flag_set.vim
099.039  000.243  000.243: sourcing /Users/fill/.cache/dein/.cache/init.vim/.dein/lib/nerdtree/nerdtree.vim
099.682  000.493  000.493: sourcing /Users/fill/.cache/dein/.cache/init.vim/.dein/lib/nerdtree/ui.vim
099.888  000.065  000.065: sourcing /Users/fill/.cache/dein/.cache/init.vim/.dein/lib/nerdtree/event.vim
100.131  000.103  000.103: sourcing /Users/fill/.cache/dein/.cache/init.vim/.dein/lib/nerdtree/notifier.vim
100.930  000.644  000.644: sourcing /Users/fill/.cache/dein/.cache/init.vim/.dein/autoload/nerdtree/ui_glue.vim
106.353  000.174  000.174: sourcing /Users/fill/.cache/dein/.cache/init.vim/.dein/nerdtree_plugin/exec_menuitem.vim
107.898  001.471  001.471: sourcing /Users/fill/.cache/dein/.cache/init.vim/.dein/nerdtree_plugin/fs_menu.vim
108.600  000.622  000.622: sourcing /Users/fill/.cache/dein/.cache/init.vim/.dein/nerdtree_plugin/webdevicons.vim
108.798  018.446  010.201: sourcing /Users/fill/.cache/dein/.cache/init.vim/.dein/plugin/NERD_tree.vim
109.260  000.392  000.392: sourcing /Users/fill/.cache/dein/.cache/init.vim/.dein/plugin/ac_smooth_scroll.vim
109.367  000.039  000.039: sourcing /Users/fill/.cache/dein/.cache/init.vim/.dein/plugin/airline-themes.vim
109.983  000.301  000.301: sourcing /Users/fill/.cache/dein/.cache/init.vim/.dein/autoload/airline.vim
110.455  000.191  000.191: sourcing /Users/fill/.cache/dein/.cache/init.vim/.dein/autoload/airline/init.vim
111.301  000.162  000.162: sourcing /Users/fill/.cache/dein/.cache/init.vim/.dein/autoload/airline/parts.vim
113.142  000.200  000.200: sourcing /Users/fill/.cache/dein/.cache/init.vim/.dein/autoload/airline/util.vim
113.205  003.772  002.917: sourcing /Users/fill/.cache/dein/.cache/init.vim/.dein/plugin/airline.vim
114.453  000.184  000.184: sourcing /Users/fill/.cache/dein/.cache/init.vim/.dein/autoload/ale/events.vim
114.674  001.384  001.200: sourcing /Users/fill/.cache/dein/.cache/init.vim/.dein/plugin/ale.vim
120.315  005.562  005.562: sourcing /Users/fill/.cache/dein/.cache/init.vim/.dein/plugin/caw.vim
120.972  000.566  000.566: sourcing /Users/fill/.cache/dein/.cache/init.vim/.dein/plugin/fugitive.vim
122.420  001.357  001.357: sourcing /Users/fill/.cache/dein/.cache/init.vim/.dein/plugin/fzf.vim
122.765  000.261  000.261: sourcing /Users/fill/.cache/dein/.cache/init.vim/.dein/plugin/neosnippet.vim
122.995  000.147  000.147: sourcing /Users/fill/.cache/dein/.cache/init.vim/.dein/plugin/parenmatch.vim
123.896  000.818  000.818: sourcing /Users/fill/.cache/dein/.cache/init.vim/.dein/plugin/surround.vim
124.726  000.484  000.484: sourcing /Users/fill/.cache/dein/.cache/init.vim/.dein/autoload/unite/custom.vim
124.895  000.917  000.433: sourcing /Users/fill/.cache/dein/.cache/init.vim/.dein/plugin/unite/bookmark.vim
125.110  000.133  000.133: sourcing /Users/fill/.cache/dein/.cache/init.vim/.dein/plugin/unite/buffer.vim
125.321  000.132  000.132: sourcing /Users/fill/.cache/dein/.cache/init.vim/.dein/plugin/unite/window.vim
125.601  000.202  000.202: sourcing /Users/fill/.cache/dein/.cache/init.vim/.dein/plugin/unite.vim
130.454  001.104  001.104: sourcing /Users/fill/.cache/dein/.cache/init.vim/.dein/autoload/vital/unite.vim
132.015  001.018  001.018: sourcing /Users/fill/.cache/dein/.cache/init.vim/.dein/autoload/vital/_unite/Prelude.vim
132.526  001.723  000.705: sourcing /Users/fill/.cache/dein/.cache/init.vim/.dein/autoload/vital/_unite/Prelude.vim
133.832  005.186  002.358: sourcing /Users/fill/.cache/dein/.cache/init.vim/.dein/autoload/unite/util.vim
134.646  006.210  001.024: sourcing /Users/fill/.cache/dein/.cache/init.vim/.dein/autoload/unite.vim
135.182  000.270  000.270: sourcing /Users/fill/.cache/dein/.cache/init.vim/.dein/autoload/unite/variables.vim
135.855  010.176  003.696: sourcing /Users/fill/.cache/dein/.cache/init.vim/.dein/plugin/webdevicons.vim
137.033  000.367  000.367: sourcing /usr/local/Cellar/neovim/0.3.1/share/nvim/runtime/plugin/gzip.vim
137.141  000.029  000.029: sourcing /usr/local/Cellar/neovim/0.3.1/share/nvim/runtime/plugin/health.vim
137.316  000.099  000.099: sourcing /usr/local/Cellar/neovim/0.3.1/share/nvim/runtime/plugin/man.vim
138.385  000.875  000.875: sourcing /usr/local/Cellar/neovim/0.3.1/share/nvim/runtime/plugin/matchit.vim
138.504  000.034  000.034: sourcing /usr/local/Cellar/neovim/0.3.1/share/nvim/runtime/plugin/matchparen.vim
139.309  000.726  000.726: sourcing /usr/local/Cellar/neovim/0.3.1/share/nvim/runtime/plugin/netrwPlugin.vim
140.253  000.315  000.315: sourcing /usr/local/Cellar/neovim/0.3.1/share/nvim/runtime/autoload/remote/host.vim
140.940  000.310  000.310: sourcing /usr/local/Cellar/neovim/0.3.1/share/nvim/runtime/autoload/remote/define.vim
141.074  001.334  000.708: sourcing /Users/fill/.local/share/nvim/rplugin.vim
141.087  001.689  000.355: sourcing /usr/local/Cellar/neovim/0.3.1/share/nvim/runtime/plugin/rplugin.vim
141.208  000.034  000.034: sourcing /usr/local/Cellar/neovim/0.3.1/share/nvim/runtime/plugin/rrhelper.vim
141.459  000.165  000.165: sourcing /usr/local/Cellar/neovim/0.3.1/share/nvim/runtime/plugin/shada.vim
141.597  000.048  000.048: sourcing /usr/local/Cellar/neovim/0.3.1/share/nvim/runtime/plugin/spellfile.vim
141.914  000.232  000.232: sourcing /usr/local/Cellar/neovim/0.3.1/share/nvim/runtime/plugin/tarPlugin.vim
142.157  000.158  000.158: sourcing /usr/local/Cellar/neovim/0.3.1/share/nvim/runtime/plugin/tohtml.vim
142.284  000.041  000.041: sourcing /usr/local/Cellar/neovim/0.3.1/share/nvim/runtime/plugin/tutor.vim
142.662  000.294  000.294: sourcing /usr/local/Cellar/neovim/0.3.1/share/nvim/runtime/plugin/zipPlugin.vim
142.674  005.196: loading plugins
142.843  000.169: loading packages
143.639  000.586  000.586: sourcing /Users/fill/.cache/dein/.cache/init.vim/.dein/after/plugin/indentLine.vim
143.753  000.324: loading after plugins
143.769  000.016: inits 3
148.972  005.204: reading ShaDa
156.729  007.757: clearing screen
179.097  000.873  000.873: sourcing /Users/fill/.cache/dein/repos/github.com/rhysd/vim-clang-format/plugin/clang_format.vim
179.860  000.135  000.135: sourcing /Users/fill/.cache/dein/repos/github.com/Shougo/deoplete.nvim/autoload/deoplete.vim
179.939  000.418  000.283: sourcing /Users/fill/.cache/dein/repos/github.com/Shougo/deoplete.nvim/plugin/deoplete.vim
182.366  000.268  000.268: sourcing /usr/local/Cellar/neovim/0.3.1/share/nvim/runtime/ftplugin/c.vim
183.694  000.097  000.097: sourcing /Users/fill/.cache/dein/.cache/init.vim/.dein/after/ftplugin/c/caw.vim
183.855  002.435  002.070: sourcing /usr/local/Cellar/neovim/0.3.1/share/nvim/runtime/ftplugin/cpp.vim
185.064  000.084  000.084: sourcing /Users/fill/.cache/dein/.cache/init.vim/.dein/after/ftplugin/cpp/caw.vim
185.512  000.045  000.045: sourcing /usr/local/Cellar/neovim/0.3.1/share/nvim/runtime/indent/cpp.vim
190.653  004.520  004.520: sourcing /usr/local/Cellar/neovim/0.3.1/share/nvim/runtime/syntax/c.vim
191.393  005.456  000.936: sourcing /usr/local/Cellar/neovim/0.3.1/share/nvim/runtime/syntax/cpp.vim
193.574  000.840  000.840: sourcing /Users/fill/.cache/dein/.cache/init.vim/.dein/autoload/airline/extensions.vim
195.218  000.568  000.568: sourcing /Users/fill/.cache/dein/.cache/init.vim/.dein/autoload/airline/extensions/quickfix.vim
197.075  000.279  000.279: sourcing /Users/fill/.cache/dein/.cache/init.vim/.dein/autoload/airline/extensions/unite.vim
198.815  000.283  000.283: sourcing /Users/fill/.cache/dein/.cache/init.vim/.dein/autoload/airline/extensions/netrw.vim
200.532  000.363  000.363: sourcing /Users/fill/.cache/dein/.cache/init.vim/.dein/autoload/airline/extensions/term.vim
203.395  001.067  001.067: sourcing /Users/fill/.cache/dein/.cache/init.vim/.dein/autoload/airline/extensions/branch.vim
205.096  000.320  000.320: sourcing /Users/fill/.cache/dein/.cache/init.vim/.dein/autoload/airline/extensions/fugitiveline.vim
206.713  000.393  000.393: sourcing /Users/fill/.cache/dein/.cache/init.vim/.dein/autoload/airline/extensions/ale.vim
208.830  000.793  000.793: sourcing /Users/fill/.cache/dein/.cache/init.vim/.dein/autoload/airline/extensions/whitespace.vim
210.003  000.279  000.279: sourcing /Users/fill/.cache/dein/.cache/init.vim/.dein/autoload/airline/extensions/tabline.vim
210.498  000.103  000.103: sourcing /Users/fill/.cache/dein/.cache/init.vim/.dein/autoload/airline/extensions/tabline/autoshow.vim
211.088  000.173  000.173: sourcing /Users/fill/.cache/dein/.cache/init.vim/.dein/autoload/airline/extensions/tabline/tabs.vim
211.772  000.278  000.278: sourcing /Users/fill/.cache/dein/.cache/init.vim/.dein/autoload/airline/extensions/tabline/buffers.vim
212.459  000.109  000.109: sourcing /Users/fill/.cache/dein/.cache/init.vim/.dein/autoload/airline/extensions/keymap.vim
217.675  000.132  000.132: sourcing /Users/fill/.cache/dein/.cache/init.vim/.dein/autoload/airline/section.vim
218.470  000.363  000.363: sourcing /Users/fill/.cache/dein/.cache/init.vim/.dein/autoload/airline/highlighter.vim
223.041  000.208  000.208: sourcing /Users/fill/.cache/dein/.cache/init.vim/.dein/autoload/airline/themes.vim
224.001  001.639  001.431: sourcing /Users/fill/.cache/dein/.cache/init.vim/.dein/autoload/airline/themes/molokai.vim
229.635  000.502  000.502: sourcing /Users/fill/.cache/dein/.cache/init.vim/.dein/autoload/airline/themes/molokai.vim
262.295  000.454  000.454: sourcing /Users/fill/.cache/dein/.cache/init.vim/.dein/autoload/airline/builder.vim
263.602  000.244  000.244: sourcing /Users/fill/.cache/dein/.cache/init.vim/.dein/autoload/airline/extensions/default.vim
290.383  000.113  000.113: sourcing /Users/fill/.cache/dein/.cache/init.vim/.dein/autoload/parenmatch.vim
291.900  001.167  001.167: sourcing /Users/fill/.cache/dein/repos/github.com/rhysd/vim-clang-format/autoload/clang_format.vim
294.055  000.641  000.641: sourcing /Users/fill/.cache/dein/repos/github.com/Shougo/vimproc.vim/autoload/vimproc/util.vim
301.213  008.442  007.801: sourcing /Users/fill/.cache/dein/repos/github.com/Shougo/vimproc.vim/autoload/vimproc.vim
302.808  001.100  001.100: sourcing /Users/fill/.cache/dein/repos/github.com/Shougo/vimproc.vim/autoload/vimproc/parser.vim
311.702  000.317  000.317: sourcing /Users/fill/.cache/dein/repos/github.com/Shougo/vimproc.vim/autoload/vimproc/filepath.vim
326.933  000.136  000.136: sourcing /usr/local/Cellar/neovim/0.3.1/share/nvim/runtime/ftplugin/c.vim
328.189  000.089  000.089: sourcing /Users/fill/.cache/dein/.cache/init.vim/.dein/after/ftplugin/c/caw.vim
328.346  002.190  001.965: sourcing /usr/local/Cellar/neovim/0.3.1/share/nvim/runtime/ftplugin/cpp.vim
329.603  000.082  000.082: sourcing /Users/fill/.cache/dein/.cache/init.vim/.dein/after/ftplugin/cpp/caw.vim
330.104  000.091  000.091: sourcing /usr/local/Cellar/neovim/0.3.1/share/nvim/runtime/indent/cpp.vim
333.767  002.717  002.717: sourcing /usr/local/Cellar/neovim/0.3.1/share/nvim/runtime/syntax/c.vim
334.074  003.227  000.510: sourcing /usr/local/Cellar/neovim/0.3.1/share/nvim/runtime/syntax/cpp.vim
336.037  000.133  000.133: sourcing /usr/local/Cellar/neovim/0.3.1/share/nvim/runtime/ftplugin/c.vim
337.286  000.093  000.093: sourcing /Users/fill/.cache/dein/.cache/init.vim/.dein/after/ftplugin/c/caw.vim
337.519  002.132  001.906: sourcing /usr/local/Cellar/neovim/0.3.1/share/nvim/runtime/ftplugin/cpp.vim
340.540  000.173  000.173: sourcing /Users/fill/.cache/dein/.cache/init.vim/.dein/after/ftplugin/cpp/caw.vim
341.429  000.092  000.092: sourcing /usr/local/Cellar/neovim/0.3.1/share/nvim/runtime/indent/cpp.vim
347.269  004.412  004.412: sourcing /usr/local/Cellar/neovim/0.3.1/share/nvim/runtime/syntax/c.vim
347.766  005.290  000.878: sourcing /usr/local/Cellar/neovim/0.3.1/share/nvim/runtime/syntax/cpp.vim
357.543  005.571  005.571: sourcing /Users/fill/.cache/dein/.cache/init.vim/.dein/autoload/fugitive.vim
359.571  000.300  000.300: sourcing /Users/fill/.cache/dein/.cache/init.vim/.dein/autoload/ale.vim
360.442  000.491  000.491: sourcing /Users/fill/.cache/dein/.cache/init.vim/.dein/autoload/ale/util.vim
361.289  000.473  000.473: sourcing /Users/fill/.cache/dein/.cache/init.vim/.dein/autoload/ale/linter.vim
362.530  000.541  000.541: sourcing /Users/fill/.cache/dein/.cache/init.vim/.dein/ale_linters/cpp/ccls.vim
363.360  000.730  000.730: sourcing /Users/fill/.cache/dein/.cache/init.vim/.dein/ale_linters/cpp/clang.vim
364.263  000.810  000.810: sourcing /Users/fill/.cache/dein/.cache/init.vim/.dein/ale_linters/cpp/clangcheck.vim
366.323  001.646  001.646: sourcing /Users/fill/.cache/dein/.cache/init.vim/.dein/ale_linters/cpp/clangd.vim
367.288  000.838  000.838: sourcing /Users/fill/.cache/dein/.cache/init.vim/.dein/ale_linters/cpp/clangtidy.vim
368.188  000.762  000.762: sourcing /Users/fill/.cache/dein/.cache/init.vim/.dein/ale_linters/cpp/clazy.vim
368.987  000.702  000.702: sourcing /Users/fill/.cache/dein/.cache/init.vim/.dein/ale_linters/cpp/cppcheck.vim
369.736  000.647  000.647: sourcing /Users/fill/.cache/dein/.cache/init.vim/.dein/ale_linters/cpp/cpplint.vim
370.515  000.694  000.694: sourcing /Users/fill/.cache/dein/.cache/init.vim/.dein/ale_linters/cpp/cquery.vim
371.435  000.826  000.826: sourcing /Users/fill/.cache/dein/.cache/init.vim/.dein/ale_linters/cpp/flawfinder.vim
372.260  000.731  000.731: sourcing /Users/fill/.cache/dein/.cache/init.vim/.dein/ale_linters/cpp/gcc.vim
374.017  000.852  000.852: sourcing /Users/fill/.cache/dein/.cache/init.vim/.dein/autoload/ale/engine.vim
374.893  000.271  000.271: sourcing /Users/fill/.cache/dein/.cache/init.vim/.dein/autoload/ale/lsp_linter.vim
375.261  000.048  000.048: sourcing /Users/fill/.cache/dein/.cache/init.vim/.dein/autoload/ale/handlers/ccls.vim
375.816  000.281  000.281: sourcing /Users/fill/.cache/dein/.cache/init.vim/.dein/autoload/ale/path.vim
377.157  000.100  000.100: sourcing /Users/fill/.cache/dein/.cache/init.vim/.dein/autoload/ale/history.vim
377.855  000.334  000.334: sourcing /Users/fill/.cache/dein/.cache/init.vim/.dein/autoload/ale/c.vim
379.101  000.082  000.082: sourcing /Users/fill/.cache/dein/.cache/init.vim/.dein/autoload/ale/command.vim
380.442  000.338  000.338: sourcing /Users/fill/.cache/dein/.cache/init.vim/.dein/autoload/ale/job.vim
396.430  000.514  000.514: sourcing /Users/fill/.cache/dein/.cache/init.vim/.dein/autoload/unite/sources/buffer/variables.vim
399.045  180.828: opening buffers
399.504  000.458: BufEnter autocommands
399.510  000.007: editing files in windows
401.305  000.441  000.441: sourcing /Users/fill/.cache/dein/repos/github.com/Shougo/deoplete.nvim/autoload/deoplete/init.vim
402.198  000.330  000.330: sourcing /Users/fill/.cache/dein/repos/github.com/Shougo/deoplete.nvim/autoload/deoplete/util.vim
402.966  000.308  000.308: sourcing /Users/fill/.cache/dein/repos/github.com/Shougo/deoplete.nvim/autoload/deoplete/custom.vim
407.005  000.248  000.248: sourcing /usr/local/Cellar/neovim/0.3.1/share/nvim/runtime/autoload/provider/pythonx.vim
496.182  088.403  088.403: sourcing /usr/local/Cellar/neovim/0.3.1/share/nvim/runtime/autoload/provider/python3.vim
497.371  000.239  000.239: sourcing /usr/local/Cellar/neovim/0.3.1/share/nvim/runtime/autoload/provider.vim
700.690  000.360  000.360: sourcing /Users/fill/.cache/dein/repos/github.com/Shougo/deoplete.nvim/autoload/deoplete/mapping.vim
701.568  000.342  000.342: sourcing /Users/fill/.cache/dein/repos/github.com/Shougo/deoplete.nvim/autoload/deoplete/handler.vim
702.266  212.084: VimEnter autocommands
1119.004  415.995  415.995: sourcing /usr/local/Cellar/neovim/0.3.1/share/nvim/runtime/autoload/provider/clipboard.vim
1119.074  000.813: before starting main loop
1120.177  000.624  000.624: sourcing /Users/fill/.cache/dein/.cache/init.vim/.dein/autoload/ale/cursor.vim
1121.879  000.399  000.399: sourcing /Users/fill/.cache/dein/.cache/init.vim/.dein/autoload/airline/extensions/tabline/ctrlspace.vim
1123.809  000.472  000.472: sourcing /Users/fill/.cache/dein/.cache/init.vim/.dein/autoload/airline/extensions/tabline/builder.vim
1125.128  000.242  000.242: sourcing /Users/fill/.cache/dein/.cache/init.vim/.dein/autoload/airline/extensions/tabline/buflist.vim
1131.223  000.070  000.070: sourcing /Users/fill/.cache/dein/.cache/init.vim/.dein/autoload/airline/extensions/tabline/formatters/webdevicons.vim
1131.829  000.114  000.114: sourcing /Users/fill/.cache/dein/.cache/init.vim/.dein/autoload/airline/extensions/tabline/formatters/default.vim
1153.488  000.819  000.819: sourcing /Users/fill/.cache/dein/.cache/init.vim/.dein/autoload/airline/async.vim
1161.543  039.729: first screen update
1161.563  000.020: --- NVIM STARTED ---
