

times in msec
 clock   self+sourced   self:  sourced script
 clock   elapsed:              other lines

000.017  000.017: --- NVIM STARTING ---
001.206  001.189: locale set
002.235  001.029: inits 1
002.259  000.024: window checked
002.842  000.582: parsing arguments
003.279  000.437: expanding arguments
003.476  000.197: inits 2
004.594  001.118: init highlight
005.373  000.035  000.035: sourcing /usr/local/Cellar/neovim/0.3.1/share/nvim/runtime/macros/matchit.vim
007.011  000.308  000.308: sourcing /Users/fill/.cache/dein/repos/github.com/Shougo/dein.vim/autoload/dein.vim
011.757  000.133  000.133: sourcing /usr/local/Cellar/neovim/0.3.1/share/nvim/runtime/ftoff.vim
015.233  002.668  002.668: sourcing /Users/fill/.cache/dein/.cache/init.vim/.dein/colors/molokai.vim
016.723  000.294  000.294: sourcing /usr/local/Cellar/neovim/0.3.1/share/nvim/runtime/syntax/syncolor.vim
018.051  000.298  000.298: sourcing /usr/local/Cellar/neovim/0.3.1/share/nvim/runtime/syntax/syncolor.vim
018.853  000.268  000.268: sourcing /usr/local/Cellar/neovim/0.3.1/share/nvim/runtime/syntax/syncolor.vim
019.740  003.986  003.126: sourcing /Users/fill/.cache/dein/.cache/init.vim/.dein/colors/molokai.vim
019.881  004.320  000.333: sourcing /usr/local/Cellar/neovim/0.3.1/share/nvim/runtime/syntax/synload.vim
030.227  000.184  000.184: sourcing /Users/fill/.cache/dein/.cache/init.vim/.dein/ftdetect/ftdetect.vim
030.420  010.342  010.158: sourcing /usr/local/Cellar/neovim/0.3.1/share/nvim/runtime/filetype.vim
030.521  015.185  000.523: sourcing /usr/local/Cellar/neovim/0.3.1/share/nvim/runtime/syntax/syntax.vim
031.745  000.282  000.282: sourcing /usr/local/Cellar/neovim/0.3.1/share/nvim/runtime/syntax/syncolor.vim
033.039  000.268  000.268: sourcing /usr/local/Cellar/neovim/0.3.1/share/nvim/runtime/syntax/syncolor.vim
033.841  000.268  000.268: sourcing /usr/local/Cellar/neovim/0.3.1/share/nvim/runtime/syntax/syncolor.vim
034.713  004.035  003.218: sourcing /Users/fill/.cache/dein/.cache/init.vim/.dein/colors/molokai.vim
034.850  027.463  005.443: sourcing /Users/fill/.cache/dein/state_nvim.vim
035.111  000.064  000.064: sourcing /usr/local/Cellar/neovim/0.3.1/share/nvim/runtime/filetype.vim
035.393  000.072  000.072: sourcing /Users/fill/.cache/dein/.cache/init.vim/.dein/ftplugin.vim
035.509  000.034  000.034: sourcing /usr/local/Cellar/neovim/0.3.1/share/nvim/runtime/ftplugin.vim
035.796  000.067  000.067: sourcing /usr/local/Cellar/neovim/0.3.1/share/nvim/runtime/indent.vim
036.313  000.271  000.271: sourcing /usr/local/Cellar/neovim/0.3.1/share/nvim/runtime/syntax/nosyntax.vim
037.615  000.308  000.308: sourcing /usr/local/Cellar/neovim/0.3.1/share/nvim/runtime/syntax/syncolor.vim
039.039  000.298  000.298: sourcing /usr/local/Cellar/neovim/0.3.1/share/nvim/runtime/syntax/syncolor.vim
040.445  000.811  000.811: sourcing /usr/local/Cellar/neovim/0.3.1/share/nvim/runtime/syntax/syncolor.vim
042.666  006.029  004.612: sourcing /Users/fill/.cache/dein/.cache/init.vim/.dein/colors/molokai.vim
042.923  006.460  000.431: sourcing /usr/local/Cellar/neovim/0.3.1/share/nvim/runtime/syntax/synload.vim
043.022  007.089  000.358: sourcing /usr/local/Cellar/neovim/0.3.1/share/nvim/runtime/syntax/syntax.vim
044.119  000.704  000.704: sourcing /Users/fill/.cache/dein/repos/github.com/Shougo/dein.vim/autoload/dein/autoload.vim
045.999  001.429  001.429: sourcing /Users/fill/.cache/dein/repos/github.com/Shougo/dein.vim/autoload/dein/util.vim
046.622  041.584  004.318: sourcing /Users/fill/.config/nvim/init.vim
046.639  000.460: sourcing vimrc file(s)
047.676  000.283  000.283: sourcing /Users/fill/.cache/dein/repos/github.com/Shougo/vimproc.vim/plugin/vimproc.vim
050.270  002.242  002.242: sourcing /Users/fill/.cache/dein/repos/github.com/junegunn/fzf/plugin/fzf.vim
059.431  007.577  007.577: sourcing /Users/fill/.cache/dein/.cache/init.vim/.dein/plugin/EasyMotion.vim
060.485  000.239  000.239: sourcing /Users/fill/.cache/dein/.cache/init.vim/.dein/autoload/nerdtree.vim
062.619  000.914  000.914: sourcing /Users/fill/.cache/dein/.cache/init.vim/.dein/lib/nerdtree/path.vim
062.968  000.197  000.197: sourcing /Users/fill/.cache/dein/.cache/init.vim/.dein/lib/nerdtree/menu_controller.vim
063.242  000.131  000.131: sourcing /Users/fill/.cache/dein/.cache/init.vim/.dein/lib/nerdtree/menu_item.vim
063.564  000.180  000.180: sourcing /Users/fill/.cache/dein/.cache/init.vim/.dein/lib/nerdtree/key_map.vim
064.116  000.410  000.410: sourcing /Users/fill/.cache/dein/.cache/init.vim/.dein/lib/nerdtree/bookmark.vim
064.627  000.347  000.347: sourcing /Users/fill/.cache/dein/.cache/init.vim/.dein/lib/nerdtree/tree_file_node.vim
065.801  001.023  001.023: sourcing /Users/fill/.cache/dein/.cache/init.vim/.dein/lib/nerdtree/tree_dir_node.vim
066.399  000.382  000.382: sourcing /Users/fill/.cache/dein/.cache/init.vim/.dein/lib/nerdtree/opener.vim
066.951  000.390  000.390: sourcing /Users/fill/.cache/dein/.cache/init.vim/.dein/lib/nerdtree/creator.vim
067.187  000.089  000.089: sourcing /Users/fill/.cache/dein/.cache/init.vim/.dein/lib/nerdtree/flag_set.vim
067.555  000.225  000.225: sourcing /Users/fill/.cache/dein/.cache/init.vim/.dein/lib/nerdtree/nerdtree.vim
068.175  000.480  000.480: sourcing /Users/fill/.cache/dein/.cache/init.vim/.dein/lib/nerdtree/ui.vim
068.382  000.065  000.065: sourcing /Users/fill/.cache/dein/.cache/init.vim/.dein/lib/nerdtree/event.vim
068.612  000.087  000.087: sourcing /Users/fill/.cache/dein/.cache/init.vim/.dein/lib/nerdtree/notifier.vim
069.445  000.648  000.648: sourcing /Users/fill/.cache/dein/.cache/init.vim/.dein/autoload/nerdtree/ui_glue.vim
073.595  000.157  000.157: sourcing /Users/fill/.cache/dein/.cache/init.vim/.dein/nerdtree_plugin/exec_menuitem.vim
076.042  002.378  002.378: sourcing /Users/fill/.cache/dein/.cache/init.vim/.dein/nerdtree_plugin/fs_menu.vim
077.633  001.392  001.392: sourcing /Users/fill/.cache/dein/.cache/init.vim/.dein/nerdtree_plugin/webdevicons.vim
078.552  019.047  009.315: sourcing /Users/fill/.cache/dein/.cache/init.vim/.dein/plugin/NERD_tree.vim
079.432  000.723  000.723: sourcing /Users/fill/.cache/dein/.cache/init.vim/.dein/plugin/ac_smooth_scroll.vim
079.644  000.078  000.078: sourcing /Users/fill/.cache/dein/.cache/init.vim/.dein/plugin/airline-themes.vim
080.971  000.664  000.664: sourcing /Users/fill/.cache/dein/.cache/init.vim/.dein/autoload/airline.vim
081.792  000.302  000.302: sourcing /Users/fill/.cache/dein/.cache/init.vim/.dein/autoload/airline/init.vim
083.152  000.256  000.256: sourcing /Users/fill/.cache/dein/.cache/init.vim/.dein/autoload/airline/parts.vim
085.768  000.258  000.258: sourcing /Users/fill/.cache/dein/.cache/init.vim/.dein/autoload/airline/util.vim
085.849  006.078  004.599: sourcing /Users/fill/.cache/dein/.cache/init.vim/.dein/plugin/airline.vim
087.128  000.229  000.229: sourcing /Users/fill/.cache/dein/.cache/init.vim/.dein/autoload/ale/events.vim
087.369  001.417  001.188: sourcing /Users/fill/.cache/dein/.cache/init.vim/.dein/plugin/ale.vim
093.468  006.018  006.018: sourcing /Users/fill/.cache/dein/.cache/init.vim/.dein/plugin/caw.vim
094.132  000.546  000.546: sourcing /Users/fill/.cache/dein/.cache/init.vim/.dein/plugin/fugitive.vim
095.552  001.328  001.328: sourcing /Users/fill/.cache/dein/.cache/init.vim/.dein/plugin/fzf.vim
095.880  000.238  000.238: sourcing /Users/fill/.cache/dein/.cache/init.vim/.dein/plugin/neosnippet.vim
096.111  000.148  000.148: sourcing /Users/fill/.cache/dein/.cache/init.vim/.dein/plugin/parenmatch.vim
096.946  000.754  000.754: sourcing /Users/fill/.cache/dein/.cache/init.vim/.dein/plugin/surround.vim
097.940  000.596  000.596: sourcing /Users/fill/.cache/dein/.cache/init.vim/.dein/autoload/unite/custom.vim
098.115  001.085  000.489: sourcing /Users/fill/.cache/dein/.cache/init.vim/.dein/plugin/unite/bookmark.vim
098.380  000.161  000.161: sourcing /Users/fill/.cache/dein/.cache/init.vim/.dein/plugin/unite/buffer.vim
098.602  000.141  000.141: sourcing /Users/fill/.cache/dein/.cache/init.vim/.dein/plugin/unite/window.vim
098.880  000.199  000.199: sourcing /Users/fill/.cache/dein/.cache/init.vim/.dein/plugin/unite.vim
103.655  001.087  001.087: sourcing /Users/fill/.cache/dein/.cache/init.vim/.dein/autoload/vital/unite.vim
105.318  001.094  001.094: sourcing /Users/fill/.cache/dein/.cache/init.vim/.dein/autoload/vital/_unite/Prelude.vim
105.832  001.814  000.720: sourcing /Users/fill/.cache/dein/.cache/init.vim/.dein/autoload/vital/_unite/Prelude.vim
107.091  005.271  002.370: sourcing /Users/fill/.cache/dein/.cache/init.vim/.dein/autoload/unite/util.vim
107.907  006.308  001.037: sourcing /Users/fill/.cache/dein/.cache/init.vim/.dein/autoload/unite.vim
108.477  000.275  000.275: sourcing /Users/fill/.cache/dein/.cache/init.vim/.dein/autoload/unite/variables.vim
109.206  010.247  003.664: sourcing /Users/fill/.cache/dein/.cache/init.vim/.dein/plugin/webdevicons.vim
110.406  000.395  000.395: sourcing /usr/local/Cellar/neovim/0.3.1/share/nvim/runtime/plugin/gzip.vim
110.521  000.035  000.035: sourcing /usr/local/Cellar/neovim/0.3.1/share/nvim/runtime/plugin/health.vim
110.692  000.093  000.093: sourcing /usr/local/Cellar/neovim/0.3.1/share/nvim/runtime/plugin/man.vim
111.601  000.832  000.832: sourcing /usr/local/Cellar/neovim/0.3.1/share/nvim/runtime/plugin/matchit.vim
111.718  000.034  000.034: sourcing /usr/local/Cellar/neovim/0.3.1/share/nvim/runtime/plugin/matchparen.vim
112.489  000.693  000.693: sourcing /usr/local/Cellar/neovim/0.3.1/share/nvim/runtime/plugin/netrwPlugin.vim
113.458  000.318  000.318: sourcing /usr/local/Cellar/neovim/0.3.1/share/nvim/runtime/autoload/remote/host.vim
114.313  000.475  000.475: sourcing /usr/local/Cellar/neovim/0.3.1/share/nvim/runtime/autoload/remote/define.vim
114.621  001.699  000.906: sourcing /Users/fill/.local/share/nvim/rplugin.vim
114.659  002.081  000.381: sourcing /usr/local/Cellar/neovim/0.3.1/share/nvim/runtime/plugin/rplugin.vim
115.022  000.099  000.099: sourcing /usr/local/Cellar/neovim/0.3.1/share/nvim/runtime/plugin/rrhelper.vim
115.659  000.488  000.488: sourcing /usr/local/Cellar/neovim/0.3.1/share/nvim/runtime/plugin/shada.vim
116.059  000.133  000.133: sourcing /usr/local/Cellar/neovim/0.3.1/share/nvim/runtime/plugin/spellfile.vim
116.889  000.600  000.600: sourcing /usr/local/Cellar/neovim/0.3.1/share/nvim/runtime/plugin/tarPlugin.vim
117.358  000.300  000.300: sourcing /usr/local/Cellar/neovim/0.3.1/share/nvim/runtime/plugin/tohtml.vim
117.609  000.083  000.083: sourcing /usr/local/Cellar/neovim/0.3.1/share/nvim/runtime/plugin/tutor.vim
118.311  000.538  000.538: sourcing /usr/local/Cellar/neovim/0.3.1/share/nvim/runtime/plugin/zipPlugin.vim
118.337  006.986: loading plugins
118.661  000.325: loading packages
120.208  001.145  001.145: sourcing /Users/fill/.cache/dein/.cache/init.vim/.dein/after/plugin/indentLine.vim
120.426  000.621: loading after plugins
120.452  000.025: inits 3
127.597  007.146: reading ShaDa
133.554  005.957: clearing screen
157.503  000.821  000.821: sourcing /Users/fill/.cache/dein/repos/github.com/rhysd/vim-clang-format/plugin/clang_format.vim
158.303  000.128  000.128: sourcing /Users/fill/.cache/dein/repos/github.com/Shougo/deoplete.nvim/autoload/deoplete.vim
158.526  000.590  000.462: sourcing /Users/fill/.cache/dein/repos/github.com/Shougo/deoplete.nvim/plugin/deoplete.vim
160.879  000.146  000.146: sourcing /usr/local/Cellar/neovim/0.3.1/share/nvim/runtime/ftplugin/c.vim
162.154  000.092  000.092: sourcing /Users/fill/.cache/dein/.cache/init.vim/.dein/after/ftplugin/c/caw.vim
162.317  002.091  001.853: sourcing /usr/local/Cellar/neovim/0.3.1/share/nvim/runtime/ftplugin/cpp.vim
163.529  000.084  000.084: sourcing /Users/fill/.cache/dein/.cache/init.vim/.dein/after/ftplugin/cpp/caw.vim
163.971  000.048  000.048: sourcing /usr/local/Cellar/neovim/0.3.1/share/nvim/runtime/indent/cpp.vim
169.246  004.044  004.044: sourcing /usr/local/Cellar/neovim/0.3.1/share/nvim/runtime/syntax/c.vim
169.585  004.958  000.914: sourcing /usr/local/Cellar/neovim/0.3.1/share/nvim/runtime/syntax/cpp.vim
170.689  000.434  000.434: sourcing /Users/fill/.cache/dein/.cache/init.vim/.dein/autoload/airline/extensions.vim
171.116  000.104  000.104: sourcing /Users/fill/.cache/dein/.cache/init.vim/.dein/autoload/airline/extensions/quickfix.vim
171.545  000.067  000.067: sourcing /Users/fill/.cache/dein/.cache/init.vim/.dein/autoload/airline/extensions/unite.vim
171.958  000.069  000.069: sourcing /Users/fill/.cache/dein/.cache/init.vim/.dein/autoload/airline/extensions/netrw.vim
172.372  000.081  000.081: sourcing /Users/fill/.cache/dein/.cache/init.vim/.dein/autoload/airline/extensions/term.vim
173.183  000.347  000.347: sourcing /Users/fill/.cache/dein/.cache/init.vim/.dein/autoload/airline/extensions/branch.vim
173.697  000.097  000.097: sourcing /Users/fill/.cache/dein/.cache/init.vim/.dein/autoload/airline/extensions/fugitiveline.vim
174.202  000.116  000.116: sourcing /Users/fill/.cache/dein/.cache/init.vim/.dein/autoload/airline/extensions/ale.vim
174.991  000.211  000.211: sourcing /Users/fill/.cache/dein/.cache/init.vim/.dein/autoload/airline/extensions/whitespace.vim
176.378  000.260  000.260: sourcing /Users/fill/.cache/dein/.cache/init.vim/.dein/autoload/airline/extensions/tabline.vim
176.818  000.095  000.095: sourcing /Users/fill/.cache/dein/.cache/init.vim/.dein/autoload/airline/extensions/tabline/autoshow.vim
177.385  000.157  000.157: sourcing /Users/fill/.cache/dein/.cache/init.vim/.dein/autoload/airline/extensions/tabline/tabs.vim
178.012  000.275  000.275: sourcing /Users/fill/.cache/dein/.cache/init.vim/.dein/autoload/airline/extensions/tabline/buffers.vim
178.532  000.054  000.054: sourcing /Users/fill/.cache/dein/.cache/init.vim/.dein/autoload/airline/extensions/keymap.vim
184.446  000.128  000.128: sourcing /Users/fill/.cache/dein/.cache/init.vim/.dein/autoload/airline/section.vim
185.236  000.361  000.361: sourcing /Users/fill/.cache/dein/.cache/init.vim/.dein/autoload/airline/highlighter.vim
188.302  000.110  000.110: sourcing /Users/fill/.cache/dein/.cache/init.vim/.dein/autoload/airline/themes.vim
188.720  000.771  000.661: sourcing /Users/fill/.cache/dein/.cache/init.vim/.dein/autoload/airline/themes/molokai.vim
194.718  000.892  000.892: sourcing /Users/fill/.cache/dein/.cache/init.vim/.dein/autoload/airline/themes/molokai.vim
225.534  000.321  000.321: sourcing /Users/fill/.cache/dein/.cache/init.vim/.dein/autoload/airline/builder.vim
226.395  000.164  000.164: sourcing /Users/fill/.cache/dein/.cache/init.vim/.dein/autoload/airline/extensions/default.vim
256.527  000.106  000.106: sourcing /Users/fill/.cache/dein/.cache/init.vim/.dein/autoload/parenmatch.vim
257.496  000.615  000.615: sourcing /Users/fill/.cache/dein/repos/github.com/rhysd/vim-clang-format/autoload/clang_format.vim
258.481  000.338  000.338: sourcing /Users/fill/.cache/dein/repos/github.com/Shougo/vimproc.vim/autoload/vimproc/util.vim
264.869  007.023  006.685: sourcing /Users/fill/.cache/dein/repos/github.com/Shougo/vimproc.vim/autoload/vimproc.vim
266.109  000.914  000.914: sourcing /Users/fill/.cache/dein/repos/github.com/Shougo/vimproc.vim/autoload/vimproc/parser.vim
276.118  000.311  000.311: sourcing /Users/fill/.cache/dein/repos/github.com/Shougo/vimproc.vim/autoload/vimproc/filepath.vim
286.212  000.129  000.129: sourcing /usr/local/Cellar/neovim/0.3.1/share/nvim/runtime/ftplugin/c.vim
287.476  000.089  000.089: sourcing /Users/fill/.cache/dein/.cache/init.vim/.dein/after/ftplugin/c/caw.vim
287.628  002.041  001.823: sourcing /usr/local/Cellar/neovim/0.3.1/share/nvim/runtime/ftplugin/cpp.vim
288.878  000.082  000.082: sourcing /Users/fill/.cache/dein/.cache/init.vim/.dein/after/ftplugin/cpp/caw.vim
289.326  000.044  000.044: sourcing /usr/local/Cellar/neovim/0.3.1/share/nvim/runtime/indent/cpp.vim
293.001  002.818  002.818: sourcing /usr/local/Cellar/neovim/0.3.1/share/nvim/runtime/syntax/c.vim
293.315  003.326  000.508: sourcing /usr/local/Cellar/neovim/0.3.1/share/nvim/runtime/syntax/cpp.vim
295.168  000.133  000.133: sourcing /usr/local/Cellar/neovim/0.3.1/share/nvim/runtime/ftplugin/c.vim
296.442  000.093  000.093: sourcing /Users/fill/.cache/dein/.cache/init.vim/.dein/after/ftplugin/c/caw.vim
296.595  002.043  001.817: sourcing /usr/local/Cellar/neovim/0.3.1/share/nvim/runtime/ftplugin/cpp.vim
298.041  000.119  000.119: sourcing /Users/fill/.cache/dein/.cache/init.vim/.dein/after/ftplugin/cpp/caw.vim
298.558  000.048  000.048: sourcing /usr/local/Cellar/neovim/0.3.1/share/nvim/runtime/indent/cpp.vim
302.137  002.770  002.770: sourcing /usr/local/Cellar/neovim/0.3.1/share/nvim/runtime/syntax/c.vim
302.468  003.309  000.539: sourcing /usr/local/Cellar/neovim/0.3.1/share/nvim/runtime/syntax/cpp.vim
315.063  007.856  007.856: sourcing /Users/fill/.cache/dein/.cache/init.vim/.dein/autoload/fugitive.vim
317.361  000.333  000.333: sourcing /Users/fill/.cache/dein/.cache/init.vim/.dein/autoload/ale.vim
318.324  000.542  000.542: sourcing /Users/fill/.cache/dein/.cache/init.vim/.dein/autoload/ale/util.vim
319.248  000.520  000.520: sourcing /Users/fill/.cache/dein/.cache/init.vim/.dein/autoload/ale/linter.vim
321.010  000.776  000.776: sourcing /Users/fill/.cache/dein/.cache/init.vim/.dein/ale_linters/cpp/ccls.vim
322.064  000.937  000.937: sourcing /Users/fill/.cache/dein/.cache/init.vim/.dein/ale_linters/cpp/clang.vim
322.914  000.706  000.706: sourcing /Users/fill/.cache/dein/.cache/init.vim/.dein/ale_linters/cpp/clangcheck.vim
323.683  000.679  000.679: sourcing /Users/fill/.cache/dein/.cache/init.vim/.dein/ale_linters/cpp/clangd.vim
324.460  000.692  000.692: sourcing /Users/fill/.cache/dein/.cache/init.vim/.dein/ale_linters/cpp/clangtidy.vim
325.289  000.731  000.731: sourcing /Users/fill/.cache/dein/.cache/init.vim/.dein/ale_linters/cpp/clazy.vim
326.026  000.649  000.649: sourcing /Users/fill/.cache/dein/.cache/init.vim/.dein/ale_linters/cpp/cppcheck.vim
326.769  000.649  000.649: sourcing /Users/fill/.cache/dein/.cache/init.vim/.dein/ale_linters/cpp/cpplint.vim
327.563  000.703  000.703: sourcing /Users/fill/.cache/dein/.cache/init.vim/.dein/ale_linters/cpp/cquery.vim
328.335  000.674  000.674: sourcing /Users/fill/.cache/dein/.cache/init.vim/.dein/ale_linters/cpp/flawfinder.vim
329.162  000.740  000.740: sourcing /Users/fill/.cache/dein/.cache/init.vim/.dein/ale_linters/cpp/gcc.vim
331.068  001.039  001.039: sourcing /Users/fill/.cache/dein/.cache/init.vim/.dein/autoload/ale/engine.vim
332.156  000.331  000.331: sourcing /Users/fill/.cache/dein/.cache/init.vim/.dein/autoload/ale/lsp_linter.vim
332.538  000.049  000.049: sourcing /Users/fill/.cache/dein/.cache/init.vim/.dein/autoload/ale/handlers/ccls.vim
333.116  000.302  000.302: sourcing /Users/fill/.cache/dein/.cache/init.vim/.dein/autoload/ale/path.vim
334.479  000.108  000.108: sourcing /Users/fill/.cache/dein/.cache/init.vim/.dein/autoload/ale/history.vim
335.205  000.358  000.358: sourcing /Users/fill/.cache/dein/.cache/init.vim/.dein/autoload/ale/c.vim
336.466  000.083  000.083: sourcing /Users/fill/.cache/dein/.cache/init.vim/.dein/autoload/ale/command.vim
337.860  000.338  000.338: sourcing /Users/fill/.cache/dein/.cache/init.vim/.dein/autoload/ale/job.vim
349.662  000.260  000.260: sourcing /Users/fill/.cache/dein/.cache/init.vim/.dein/autoload/unite/sources/buffer/variables.vim
350.548  163.363: opening buffers
350.796  000.247: BufEnter autocommands
350.803  000.007: editing files in windows
352.845  000.344  000.344: sourcing /Users/fill/.cache/dein/repos/github.com/Shougo/deoplete.nvim/autoload/deoplete/init.vim
353.912  000.528  000.528: sourcing /Users/fill/.cache/dein/repos/github.com/Shougo/deoplete.nvim/autoload/deoplete/util.vim
355.042  000.328  000.328: sourcing /Users/fill/.cache/dein/repos/github.com/Shougo/deoplete.nvim/autoload/deoplete/custom.vim
358.865  000.309  000.309: sourcing /usr/local/Cellar/neovim/0.3.1/share/nvim/runtime/autoload/provider/pythonx.vim
436.528  077.145  077.145: sourcing /usr/local/Cellar/neovim/0.3.1/share/nvim/runtime/autoload/provider/python3.vim
437.445  000.235  000.235: sourcing /usr/local/Cellar/neovim/0.3.1/share/nvim/runtime/autoload/provider.vim
636.781  000.385  000.385: sourcing /Users/fill/.cache/dein/repos/github.com/Shougo/deoplete.nvim/autoload/deoplete/mapping.vim
637.690  000.366  000.366: sourcing /Users/fill/.cache/dein/repos/github.com/Shougo/deoplete.nvim/autoload/deoplete/handler.vim
638.413  207.969: VimEnter autocommands
1086.109  447.440  447.440: sourcing /usr/local/Cellar/neovim/0.3.1/share/nvim/runtime/autoload/provider/clipboard.vim
1086.140  000.287: before starting main loop
1087.445  000.971  000.971: sourcing /Users/fill/.cache/dein/.cache/init.vim/.dein/autoload/ale/cursor.vim
1089.118  000.643  000.643: sourcing /Users/fill/.cache/dein/.cache/init.vim/.dein/autoload/airline/extensions/tabline/ctrlspace.vim
1090.578  000.717  000.717: sourcing /Users/fill/.cache/dein/.cache/init.vim/.dein/autoload/airline/extensions/tabline/builder.vim
1091.743  000.621  000.621: sourcing /Users/fill/.cache/dein/.cache/init.vim/.dein/autoload/airline/extensions/tabline/buflist.vim
1096.843  000.532  000.532: sourcing /Users/fill/.cache/dein/.cache/init.vim/.dein/autoload/airline/extensions/tabline/formatters/webdevicons.vim
1097.943  000.555  000.555: sourcing /Users/fill/.cache/dein/.cache/init.vim/.dein/autoload/airline/extensions/tabline/formatters/default.vim
1116.596  000.752  000.752: sourcing /Users/fill/.cache/dein/.cache/init.vim/.dein/autoload/airline/async.vim
1122.994  032.062: first screen update
1123.005  000.011: --- NVIM STARTED ---
