

times in msec
 clock   self+sourced   self:  sourced script
 clock   elapsed:              other lines

000.043  000.043: --- NVIM STARTING ---
010.238  010.195: locale set
020.729  010.491: inits 1
020.767  000.037: window checked
023.870  003.103: parsing arguments
024.418  000.548: expanding arguments
025.449  001.031: inits 2
027.594  002.145: init highlight
029.782  000.847  000.847: sourcing /usr/local/Cellar/neovim/0.3.1/share/nvim/runtime/macros/matchit.vim
034.086  001.149  001.149: sourcing /Users/fill/.cache/dein/repos/github.com/Shougo/dein.vim/autoload/dein.vim
037.898  001.045  001.045: sourcing /usr/local/Cellar/neovim/0.3.1/share/nvim/runtime/ftoff.vim
043.592  005.123  005.123: sourcing /Users/fill/.cache/dein/.cache/init.vim/.dein/colors/molokai.vim
048.211  002.061  002.061: sourcing /usr/local/Cellar/neovim/0.3.1/share/nvim/runtime/syntax/syncolor.vim
050.566  000.548  000.548: sourcing /usr/local/Cellar/neovim/0.3.1/share/nvim/runtime/syntax/syncolor.vim
052.118  000.553  000.553: sourcing /usr/local/Cellar/neovim/0.3.1/share/nvim/runtime/syntax/syncolor.vim
053.266  007.853  004.691: sourcing /Users/fill/.cache/dein/.cache/init.vim/.dein/colors/molokai.vim
053.520  008.527  000.674: sourcing /usr/local/Cellar/neovim/0.3.1/share/nvim/runtime/syntax/synload.vim
068.631  000.595  000.595: sourcing /Users/fill/.cache/dein/.cache/init.vim/.dein/ftdetect/ftdetect.vim
068.830  014.890  014.295: sourcing /usr/local/Cellar/neovim/0.3.1/share/nvim/runtime/filetype.vim
068.929  025.189  001.772: sourcing /usr/local/Cellar/neovim/0.3.1/share/nvim/runtime/syntax/syntax.vim
070.186  000.304  000.304: sourcing /usr/local/Cellar/neovim/0.3.1/share/nvim/runtime/syntax/syncolor.vim
071.570  000.286  000.286: sourcing /usr/local/Cellar/neovim/0.3.1/share/nvim/runtime/syntax/syncolor.vim
072.431  000.286  000.286: sourcing /usr/local/Cellar/neovim/0.3.1/share/nvim/runtime/syntax/syncolor.vim
073.372  004.270  003.394: sourcing /Users/fill/.cache/dein/.cache/init.vim/.dein/colors/molokai.vim
073.505  038.864  003.236: sourcing /Users/fill/.cache/dein/state_nvim.vim
073.778  000.068  000.068: sourcing /usr/local/Cellar/neovim/0.3.1/share/nvim/runtime/filetype.vim
074.670  000.704  000.704: sourcing /Users/fill/.cache/dein/.cache/init.vim/.dein/ftplugin.vim
075.524  000.752  000.752: sourcing /usr/local/Cellar/neovim/0.3.1/share/nvim/runtime/ftplugin.vim
076.242  000.504  000.504: sourcing /usr/local/Cellar/neovim/0.3.1/share/nvim/runtime/indent.vim
077.777  000.983  000.983: sourcing /usr/local/Cellar/neovim/0.3.1/share/nvim/runtime/syntax/nosyntax.vim
079.153  000.294  000.294: sourcing /usr/local/Cellar/neovim/0.3.1/share/nvim/runtime/syntax/syncolor.vim
080.776  000.313  000.313: sourcing /usr/local/Cellar/neovim/0.3.1/share/nvim/runtime/syntax/syncolor.vim
081.655  000.300  000.300: sourcing /usr/local/Cellar/neovim/0.3.1/share/nvim/runtime/syntax/syncolor.vim
082.608  004.474  003.567: sourcing /Users/fill/.cache/dein/.cache/init.vim/.dein/colors/molokai.vim
082.746  004.797  000.323: sourcing /usr/local/Cellar/neovim/0.3.1/share/nvim/runtime/syntax/synload.vim
082.798  006.218  000.438: sourcing /usr/local/Cellar/neovim/0.3.1/share/nvim/runtime/syntax/syntax.vim
084.121  001.132  001.132: sourcing /Users/fill/.cache/dein/repos/github.com/Shougo/dein.vim/autoload/dein/autoload.vim
085.571  001.202  001.202: sourcing /Users/fill/.cache/dein/repos/github.com/Shougo/dein.vim/autoload/dein/util.vim
085.967  057.834  006.395: sourcing /Users/fill/.config/nvim/init.vim
085.979  000.551: sourcing vimrc file(s)
088.160  000.448  000.448: sourcing /Users/fill/.cache/dein/repos/github.com/Shougo/vimproc.vim/plugin/vimproc.vim
090.679  001.716  001.716: sourcing /Users/fill/.cache/dein/repos/github.com/junegunn/fzf/plugin/fzf.vim
101.436  008.506  008.506: sourcing /Users/fill/.cache/dein/.cache/init.vim/.dein/plugin/EasyMotion.vim
103.725  000.930  000.930: sourcing /Users/fill/.cache/dein/.cache/init.vim/.dein/autoload/nerdtree.vim
107.074  002.044  002.044: sourcing /Users/fill/.cache/dein/.cache/init.vim/.dein/lib/nerdtree/path.vim
108.036  000.760  000.760: sourcing /Users/fill/.cache/dein/.cache/init.vim/.dein/lib/nerdtree/menu_controller.vim
108.724  000.505  000.505: sourcing /Users/fill/.cache/dein/.cache/init.vim/.dein/lib/nerdtree/menu_item.vim
109.343  000.447  000.447: sourcing /Users/fill/.cache/dein/.cache/init.vim/.dein/lib/nerdtree/key_map.vim
110.161  000.658  000.658: sourcing /Users/fill/.cache/dein/.cache/init.vim/.dein/lib/nerdtree/bookmark.vim
111.196  000.873  000.873: sourcing /Users/fill/.cache/dein/.cache/init.vim/.dein/lib/nerdtree/tree_file_node.vim
112.398  001.035  001.035: sourcing /Users/fill/.cache/dein/.cache/init.vim/.dein/lib/nerdtree/tree_dir_node.vim
113.171  000.612  000.612: sourcing /Users/fill/.cache/dein/.cache/init.vim/.dein/lib/nerdtree/opener.vim
113.992  000.664  000.664: sourcing /Users/fill/.cache/dein/.cache/init.vim/.dein/lib/nerdtree/creator.vim
114.533  000.383  000.383: sourcing /Users/fill/.cache/dein/.cache/init.vim/.dein/lib/nerdtree/flag_set.vim
115.196  000.500  000.500: sourcing /Users/fill/.cache/dein/.cache/init.vim/.dein/lib/nerdtree/nerdtree.vim
116.185  000.833  000.833: sourcing /Users/fill/.cache/dein/.cache/init.vim/.dein/lib/nerdtree/ui.vim
116.685  000.342  000.342: sourcing /Users/fill/.cache/dein/.cache/init.vim/.dein/lib/nerdtree/event.vim
117.234  000.382  000.382: sourcing /Users/fill/.cache/dein/.cache/init.vim/.dein/lib/nerdtree/notifier.vim
119.200  001.795  001.795: sourcing /Users/fill/.cache/dein/.cache/init.vim/.dein/autoload/nerdtree/ui_glue.vim
123.935  000.448  000.448: sourcing /Users/fill/.cache/dein/.cache/init.vim/.dein/nerdtree_plugin/exec_menuitem.vim
125.410  001.395  001.395: sourcing /Users/fill/.cache/dein/.cache/init.vim/.dein/nerdtree_plugin/fs_menu.vim
126.482  000.992  000.992: sourcing /Users/fill/.cache/dein/.cache/init.vim/.dein/nerdtree_plugin/webdevicons.vim
126.693  025.166  009.567: sourcing /Users/fill/.cache/dein/.cache/init.vim/.dein/plugin/NERD_tree.vim
127.441  000.668  000.668: sourcing /Users/fill/.cache/dein/.cache/init.vim/.dein/plugin/ac_smooth_scroll.vim
127.897  000.370  000.370: sourcing /Users/fill/.cache/dein/.cache/init.vim/.dein/plugin/airline-themes.vim
129.827  001.252  001.252: sourcing /Users/fill/.cache/dein/.cache/init.vim/.dein/autoload/airline.vim
131.285  000.893  000.893: sourcing /Users/fill/.cache/dein/.cache/init.vim/.dein/autoload/airline/init.vim
132.617  000.469  000.469: sourcing /Users/fill/.cache/dein/.cache/init.vim/.dein/autoload/airline/parts.vim
136.322  000.516  000.516: sourcing /Users/fill/.cache/dein/.cache/init.vim/.dein/autoload/airline/util.vim
136.402  008.429  005.299: sourcing /Users/fill/.cache/dein/.cache/init.vim/.dein/plugin/airline.vim
138.752  000.797  000.797: sourcing /Users/fill/.cache/dein/.cache/init.vim/.dein/autoload/ale/events.vim
139.017  002.516  001.719: sourcing /Users/fill/.cache/dein/.cache/init.vim/.dein/plugin/ale.vim
145.550  006.429  006.429: sourcing /Users/fill/.cache/dein/.cache/init.vim/.dein/plugin/caw.vim
146.819  001.157  001.157: sourcing /Users/fill/.cache/dein/.cache/init.vim/.dein/plugin/fugitive.vim
149.939  003.012  003.012: sourcing /Users/fill/.cache/dein/.cache/init.vim/.dein/plugin/fzf.vim
150.874  000.759  000.759: sourcing /Users/fill/.cache/dein/.cache/init.vim/.dein/plugin/neosnippet.vim
151.720  000.665  000.665: sourcing /Users/fill/.cache/dein/.cache/init.vim/.dein/plugin/parenmatch.vim
153.653  001.759  001.759: sourcing /Users/fill/.cache/dein/.cache/init.vim/.dein/plugin/surround.vim
156.202  001.567  001.567: sourcing /Users/fill/.cache/dein/.cache/init.vim/.dein/autoload/unite/custom.vim
156.535  002.717  001.150: sourcing /Users/fill/.cache/dein/.cache/init.vim/.dein/plugin/unite/bookmark.vim
157.197  000.497  000.497: sourcing /Users/fill/.cache/dein/.cache/init.vim/.dein/plugin/unite/buffer.vim
158.075  000.616  000.616: sourcing /Users/fill/.cache/dein/.cache/init.vim/.dein/plugin/unite/window.vim
158.884  000.663  000.663: sourcing /Users/fill/.cache/dein/.cache/init.vim/.dein/plugin/unite.vim
168.284  002.690  002.690: sourcing /Users/fill/.cache/dein/.cache/init.vim/.dein/autoload/vital/unite.vim
171.193  001.134  001.134: sourcing /Users/fill/.cache/dein/.cache/init.vim/.dein/autoload/vital/_unite/Prelude.vim
171.732  002.794  001.661: sourcing /Users/fill/.cache/dein/.cache/init.vim/.dein/autoload/vital/_unite/Prelude.vim
173.069  009.029  003.544: sourcing /Users/fill/.cache/dein/.cache/init.vim/.dein/autoload/unite/util.vim
173.917  010.527  001.498: sourcing /Users/fill/.cache/dein/.cache/init.vim/.dein/autoload/unite.vim
175.077  000.867  000.867: sourcing /Users/fill/.cache/dein/.cache/init.vim/.dein/autoload/unite/variables.vim
175.830  016.806  005.412: sourcing /Users/fill/.cache/dein/.cache/init.vim/.dein/plugin/webdevicons.vim
179.066  000.878  000.878: sourcing /usr/local/Cellar/neovim/0.3.1/share/nvim/runtime/plugin/gzip.vim
179.517  000.352  000.352: sourcing /usr/local/Cellar/neovim/0.3.1/share/nvim/runtime/plugin/health.vim
180.240  000.624  000.624: sourcing /usr/local/Cellar/neovim/0.3.1/share/nvim/runtime/plugin/man.vim
181.897  001.482  001.482: sourcing /usr/local/Cellar/neovim/0.3.1/share/nvim/runtime/plugin/matchit.vim
182.369  000.378  000.378: sourcing /usr/local/Cellar/neovim/0.3.1/share/nvim/runtime/plugin/matchparen.vim
184.297  001.838  001.838: sourcing /usr/local/Cellar/neovim/0.3.1/share/nvim/runtime/plugin/netrwPlugin.vim
188.417  000.799  000.799: sourcing /usr/local/Cellar/neovim/0.3.1/share/nvim/runtime/autoload/remote/host.vim
189.530  000.675  000.675: sourcing /usr/local/Cellar/neovim/0.3.1/share/nvim/runtime/autoload/remote/define.vim
189.679  003.444  001.970: sourcing /Users/fill/.local/share/nvim/rplugin.vim
189.694  005.120  001.676: sourcing /usr/local/Cellar/neovim/0.3.1/share/nvim/runtime/plugin/rplugin.vim
190.078  000.287  000.287: sourcing /usr/local/Cellar/neovim/0.3.1/share/nvim/runtime/plugin/rrhelper.vim
190.779  000.585  000.585: sourcing /usr/local/Cellar/neovim/0.3.1/share/nvim/runtime/plugin/shada.vim
191.312  000.316  000.316: sourcing /usr/local/Cellar/neovim/0.3.1/share/nvim/runtime/plugin/spellfile.vim
192.046  000.629  000.629: sourcing /usr/local/Cellar/neovim/0.3.1/share/nvim/runtime/plugin/tarPlugin.vim
192.647  000.492  000.492: sourcing /usr/local/Cellar/neovim/0.3.1/share/nvim/runtime/plugin/tohtml.vim
193.059  000.315  000.315: sourcing /usr/local/Cellar/neovim/0.3.1/share/nvim/runtime/plugin/tutor.vim
193.796  000.595  000.595: sourcing /usr/local/Cellar/neovim/0.3.1/share/nvim/runtime/plugin/zipPlugin.vim
193.812  011.043: loading plugins
194.004  000.193: loading packages
196.503  001.570  001.570: sourcing /Users/fill/.cache/dein/.cache/init.vim/.dein/after/plugin/indentLine.vim
196.682  001.108: loading after plugins
196.704  000.022: inits 3
204.097  007.393: reading ShaDa
210.009  005.912: clearing screen
246.200  001.771  001.771: sourcing /Users/fill/.cache/dein/repos/github.com/rhysd/vim-clang-format/plugin/clang_format.vim
248.660  000.691  000.691: sourcing /Users/fill/.cache/dein/repos/github.com/Shougo/deoplete.nvim/autoload/deoplete.vim
248.827  001.419  000.728: sourcing /Users/fill/.cache/dein/repos/github.com/Shougo/deoplete.nvim/plugin/deoplete.vim
252.730  000.619  000.619: sourcing /usr/local/Cellar/neovim/0.3.1/share/nvim/runtime/ftplugin/c.vim
258.324  000.704  000.704: sourcing /Users/fill/.cache/dein/.cache/init.vim/.dein/after/ftplugin/c/caw.vim
258.506  007.613  006.290: sourcing /usr/local/Cellar/neovim/0.3.1/share/nvim/runtime/ftplugin/cpp.vim
260.852  000.669  000.669: sourcing /Users/fill/.cache/dein/.cache/init.vim/.dein/after/ftplugin/cpp/caw.vim
261.921  000.623  000.623: sourcing /usr/local/Cellar/neovim/0.3.1/share/nvim/runtime/indent/cpp.vim
267.184  003.981  003.981: sourcing /usr/local/Cellar/neovim/0.3.1/share/nvim/runtime/syntax/c.vim
267.593  005.204  001.223: sourcing /usr/local/Cellar/neovim/0.3.1/share/nvim/runtime/syntax/cpp.vim
269.132  000.823  000.823: sourcing /Users/fill/.cache/dein/.cache/init.vim/.dein/autoload/airline/extensions.vim
270.456  000.959  000.959: sourcing /Users/fill/.cache/dein/.cache/init.vim/.dein/autoload/airline/extensions/quickfix.vim
271.582  000.708  000.708: sourcing /Users/fill/.cache/dein/.cache/init.vim/.dein/autoload/airline/extensions/unite.vim
272.590  000.419  000.419: sourcing /Users/fill/.cache/dein/.cache/init.vim/.dein/autoload/airline/extensions/netrw.vim
273.340  000.376  000.376: sourcing /Users/fill/.cache/dein/.cache/init.vim/.dein/autoload/airline/extensions/term.vim
274.778  000.906  000.906: sourcing /Users/fill/.cache/dein/.cache/init.vim/.dein/autoload/airline/extensions/branch.vim
275.956  000.670  000.670: sourcing /Users/fill/.cache/dein/.cache/init.vim/.dein/autoload/airline/extensions/fugitiveline.vim
277.175  000.395  000.395: sourcing /Users/fill/.cache/dein/.cache/init.vim/.dein/autoload/airline/extensions/ale.vim
278.368  000.538  000.538: sourcing /Users/fill/.cache/dein/.cache/init.vim/.dein/autoload/airline/extensions/whitespace.vim
279.463  000.544  000.544: sourcing /Users/fill/.cache/dein/.cache/init.vim/.dein/autoload/airline/extensions/tabline.vim
280.238  000.405  000.405: sourcing /Users/fill/.cache/dein/.cache/init.vim/.dein/autoload/airline/extensions/tabline/autoshow.vim
281.233  000.509  000.509: sourcing /Users/fill/.cache/dein/.cache/init.vim/.dein/autoload/airline/extensions/tabline/tabs.vim
282.229  000.602  000.602: sourcing /Users/fill/.cache/dein/.cache/init.vim/.dein/autoload/airline/extensions/tabline/buffers.vim
283.114  000.338  000.338: sourcing /Users/fill/.cache/dein/.cache/init.vim/.dein/autoload/airline/extensions/keymap.vim
289.448  000.384  000.384: sourcing /Users/fill/.cache/dein/.cache/init.vim/.dein/autoload/airline/section.vim
290.671  000.636  000.636: sourcing /Users/fill/.cache/dein/.cache/init.vim/.dein/autoload/airline/highlighter.vim
295.406  000.380  000.380: sourcing /Users/fill/.cache/dein/.cache/init.vim/.dein/autoload/airline/themes.vim
295.855  001.763  001.383: sourcing /Users/fill/.cache/dein/.cache/init.vim/.dein/autoload/airline/themes/molokai.vim
301.022  000.497  000.497: sourcing /Users/fill/.cache/dein/.cache/init.vim/.dein/autoload/airline/themes/molokai.vim
342.359  000.732  000.732: sourcing /Users/fill/.cache/dein/.cache/init.vim/.dein/autoload/airline/builder.vim
344.043  000.487  000.487: sourcing /Users/fill/.cache/dein/.cache/init.vim/.dein/autoload/airline/extensions/default.vim
381.170  000.474  000.474: sourcing /Users/fill/.cache/dein/.cache/init.vim/.dein/autoload/parenmatch.vim
383.593  001.646  001.646: sourcing /Users/fill/.cache/dein/repos/github.com/rhysd/vim-clang-format/autoload/clang_format.vim
386.545  000.997  000.997: sourcing /Users/fill/.cache/dein/repos/github.com/Shougo/vimproc.vim/autoload/vimproc/util.vim
395.816  011.522  010.525: sourcing /Users/fill/.cache/dein/repos/github.com/Shougo/vimproc.vim/autoload/vimproc.vim
398.135  001.902  001.902: sourcing /Users/fill/.cache/dein/repos/github.com/Shougo/vimproc.vim/autoload/vimproc/parser.vim
408.510  000.965  000.965: sourcing /Users/fill/.cache/dein/repos/github.com/Shougo/vimproc.vim/autoload/vimproc/filepath.vim
445.300  000.152  000.152: sourcing /usr/local/Cellar/neovim/0.3.1/share/nvim/runtime/ftplugin/c.vim
447.120  000.146  000.146: sourcing /Users/fill/.cache/dein/.cache/init.vim/.dein/after/ftplugin/c/caw.vim
447.396  002.836  002.538: sourcing /usr/local/Cellar/neovim/0.3.1/share/nvim/runtime/ftplugin/cpp.vim
449.506  000.134  000.134: sourcing /Users/fill/.cache/dein/.cache/init.vim/.dein/after/ftplugin/cpp/caw.vim
450.290  000.073  000.073: sourcing /usr/local/Cellar/neovim/0.3.1/share/nvim/runtime/indent/cpp.vim
458.839  006.017  006.017: sourcing /usr/local/Cellar/neovim/0.3.1/share/nvim/runtime/syntax/c.vim
459.536  007.472  001.456: sourcing /usr/local/Cellar/neovim/0.3.1/share/nvim/runtime/syntax/cpp.vim
463.233  000.330  000.330: sourcing /usr/local/Cellar/neovim/0.3.1/share/nvim/runtime/ftplugin/c.vim
466.464  000.227  000.227: sourcing /Users/fill/.cache/dein/.cache/init.vim/.dein/after/ftplugin/c/caw.vim
466.808  005.175  004.618: sourcing /usr/local/Cellar/neovim/0.3.1/share/nvim/runtime/ftplugin/cpp.vim
469.307  000.236  000.236: sourcing /Users/fill/.cache/dein/.cache/init.vim/.dein/after/ftplugin/cpp/caw.vim
470.201  000.083  000.083: sourcing /usr/local/Cellar/neovim/0.3.1/share/nvim/runtime/indent/cpp.vim
476.738  005.085  005.085: sourcing /usr/local/Cellar/neovim/0.3.1/share/nvim/runtime/syntax/c.vim
477.436  006.165  001.080: sourcing /usr/local/Cellar/neovim/0.3.1/share/nvim/runtime/syntax/cpp.vim
489.546  006.822  006.822: sourcing /Users/fill/.cache/dein/.cache/init.vim/.dein/autoload/fugitive.vim
492.115  000.692  000.692: sourcing /Users/fill/.cache/dein/.cache/init.vim/.dein/autoload/ale.vim
493.962  001.364  001.364: sourcing /Users/fill/.cache/dein/.cache/init.vim/.dein/autoload/ale/util.vim
495.654  001.261  001.261: sourcing /Users/fill/.cache/dein/.cache/init.vim/.dein/autoload/ale/linter.vim
497.988  001.194  001.194: sourcing /Users/fill/.cache/dein/.cache/init.vim/.dein/ale_linters/cpp/ccls.vim
499.417  001.323  001.323: sourcing /Users/fill/.cache/dein/.cache/init.vim/.dein/ale_linters/cpp/clang.vim
500.401  000.883  000.883: sourcing /Users/fill/.cache/dein/.cache/init.vim/.dein/ale_linters/cpp/clangcheck.vim
501.342  000.842  000.842: sourcing /Users/fill/.cache/dein/.cache/init.vim/.dein/ale_linters/cpp/clangd.vim
502.299  000.862  000.862: sourcing /Users/fill/.cache/dein/.cache/init.vim/.dein/ale_linters/cpp/clangtidy.vim
503.263  000.865  000.865: sourcing /Users/fill/.cache/dein/.cache/init.vim/.dein/ale_linters/cpp/clazy.vim
504.190  000.815  000.815: sourcing /Users/fill/.cache/dein/.cache/init.vim/.dein/ale_linters/cpp/cppcheck.vim
505.503  001.210  001.210: sourcing /Users/fill/.cache/dein/.cache/init.vim/.dein/ale_linters/cpp/cpplint.vim
506.709  001.075  001.075: sourcing /Users/fill/.cache/dein/.cache/init.vim/.dein/ale_linters/cpp/cquery.vim
508.030  001.217  001.217: sourcing /Users/fill/.cache/dein/.cache/init.vim/.dein/ale_linters/cpp/flawfinder.vim
509.177  001.049  001.049: sourcing /Users/fill/.cache/dein/.cache/init.vim/.dein/ale_linters/cpp/gcc.vim
511.426  001.335  001.335: sourcing /Users/fill/.cache/dein/.cache/init.vim/.dein/autoload/ale/engine.vim
512.754  000.685  000.685: sourcing /Users/fill/.cache/dein/.cache/init.vim/.dein/autoload/ale/lsp_linter.vim
513.911  000.786  000.786: sourcing /Users/fill/.cache/dein/.cache/init.vim/.dein/autoload/ale/handlers/ccls.vim
515.200  000.963  000.963: sourcing /Users/fill/.cache/dein/.cache/init.vim/.dein/autoload/ale/path.vim
519.152  000.478  000.478: sourcing /Users/fill/.cache/dein/.cache/init.vim/.dein/autoload/ale/history.vim
520.681  000.681  000.681: sourcing /Users/fill/.cache/dein/.cache/init.vim/.dein/autoload/ale/c.vim
522.508  000.415  000.415: sourcing /Users/fill/.cache/dein/.cache/init.vim/.dein/autoload/ale/command.vim
524.792  001.119  001.119: sourcing /Users/fill/.cache/dein/.cache/init.vim/.dein/autoload/ale/job.vim
548.260  001.147  001.147: sourcing /Users/fill/.cache/dein/.cache/init.vim/.dein/autoload/unite/sources/buffer/variables.vim
549.978  242.212: opening buffers
550.376  000.397: BufEnter autocommands
550.384  000.008: editing files in windows
553.547  001.314  001.314: sourcing /Users/fill/.cache/dein/repos/github.com/Shougo/deoplete.nvim/autoload/deoplete/init.vim
555.351  000.821  000.821: sourcing /Users/fill/.cache/dein/repos/github.com/Shougo/deoplete.nvim/autoload/deoplete/util.vim
557.229  000.805  000.805: sourcing /Users/fill/.cache/dein/repos/github.com/Shougo/deoplete.nvim/autoload/deoplete/custom.vim
561.432  000.829  000.829: sourcing /usr/local/Cellar/neovim/0.3.1/share/nvim/runtime/autoload/provider/pythonx.vim
764.462  202.147  202.147: sourcing /usr/local/Cellar/neovim/0.3.1/share/nvim/runtime/autoload/provider/python3.vim
766.530  001.045  001.045: sourcing /usr/local/Cellar/neovim/0.3.1/share/nvim/runtime/autoload/provider.vim
1199.768  000.943  000.943: sourcing /Users/fill/.cache/dein/repos/github.com/Shougo/deoplete.nvim/autoload/deoplete/mapping.vim
1201.749  001.049  001.049: sourcing /Users/fill/.cache/dein/repos/github.com/Shougo/deoplete.nvim/autoload/deoplete/handler.vim
1203.119  443.782: VimEnter autocommands
1728.152  524.593  524.593: sourcing /usr/local/Cellar/neovim/0.3.1/share/nvim/runtime/autoload/provider/clipboard.vim
1728.231  000.518: before starting main loop
1729.847  001.063  001.063: sourcing /Users/fill/.cache/dein/.cache/init.vim/.dein/autoload/ale/cursor.vim
1732.239  000.681  000.681: sourcing /Users/fill/.cache/dein/.cache/init.vim/.dein/autoload/airline/extensions/tabline/ctrlspace.vim
1734.440  000.787  000.787: sourcing /Users/fill/.cache/dein/.cache/init.vim/.dein/autoload/airline/extensions/tabline/builder.vim
1736.042  000.564  000.564: sourcing /Users/fill/.cache/dein/.cache/init.vim/.dein/autoload/airline/extensions/tabline/buflist.vim
1746.254  000.670  000.670: sourcing /Users/fill/.cache/dein/.cache/init.vim/.dein/autoload/airline/extensions/tabline/formatters/webdevicons.vim
1747.645  000.487  000.487: sourcing /Users/fill/.cache/dein/.cache/init.vim/.dein/autoload/airline/extensions/tabline/formatters/default.vim
1812.241  000.864  000.864: sourcing /Users/fill/.cache/dein/.cache/init.vim/.dein/autoload/airline/async.vim
1827.146  093.799: first screen update
1827.160  000.013: --- NVIM STARTED ---
