

times in msec
 clock   self+sourced   self:  sourced script
 clock   elapsed:              other lines

000.014  000.014: --- NVIM STARTING ---
000.986  000.973: locale set
002.072  001.086: inits 1
002.097  000.024: window checked
002.390  000.293: parsing arguments
002.759  000.369: expanding arguments
002.945  000.186: inits 2
003.824  000.879: init highlight
015.187  010.580  010.580: sourcing /usr/local/Cellar/neovim/0.3.1/share/nvim/runtime/filetype.vim
015.461  000.077  000.077: sourcing /usr/local/Cellar/neovim/0.3.1/share/nvim/runtime/ftplugin.vim
015.691  000.072  000.072: sourcing /usr/local/Cellar/neovim/0.3.1/share/nvim/runtime/indent.vim
016.476  000.286  000.286: sourcing /Users/fill/.vim/bundles/repos/github.com/Shougo/dein.vim/autoload/dein.vim
019.818  002.421  002.421: sourcing /usr/local/Cellar/neovim/0.3.1/share/nvim/runtime/ftoff.vim
019.925  003.091  000.670: sourcing /Users/fill/.vim/bundles/state_nvim.vim
029.306  000.063  000.063: sourcing /Users/fill/.vim/bundles/.cache/init.vim/.dein/ftdetect/ftdetect.vim
029.499  009.331  009.267: sourcing /usr/local/Cellar/neovim/0.3.1/share/nvim/runtime/filetype.vim
029.702  000.028  000.028: sourcing /Users/fill/.vim/bundles/.cache/init.vim/.dein/ftplugin.vim
029.818  000.027  000.027: sourcing /usr/local/Cellar/neovim/0.3.1/share/nvim/runtime/ftplugin.vim
030.017  000.027  000.027: sourcing /usr/local/Cellar/neovim/0.3.1/share/nvim/runtime/indent.vim
030.927  000.411  000.411: sourcing /usr/local/Cellar/neovim/0.3.1/share/nvim/runtime/syntax/syncolor.vim
031.113  000.779  000.368: sourcing /usr/local/Cellar/neovim/0.3.1/share/nvim/runtime/syntax/synload.vim
031.167  001.008  000.228: sourcing /usr/local/Cellar/neovim/0.3.1/share/nvim/runtime/syntax/syntax.vim
031.695  000.353  000.353: sourcing /Users/fill/.vim/bundles/repos/github.com/Shougo/dein.vim/autoload/dein/autoload.vim
032.642  000.720  000.720: sourcing /Users/fill/.vim/bundles/repos/github.com/Shougo/dein.vim/autoload/dein/util.vim
034.194  000.320  000.320: sourcing /usr/local/Cellar/neovim/0.3.1/share/nvim/runtime/syntax/syncolor.vim
035.683  000.317  000.317: sourcing /usr/local/Cellar/neovim/0.3.1/share/nvim/runtime/syntax/syncolor.vim
036.559  000.315  000.315: sourcing /usr/local/Cellar/neovim/0.3.1/share/nvim/runtime/syntax/syncolor.vim
037.458  004.344  003.392: sourcing /Users/fill/.vim/bundles/.cache/init.vim/.dein/colors/molokai.vim
038.076  000.388  000.388: sourcing /usr/local/Cellar/neovim/0.3.1/share/nvim/runtime/syntax/nosyntax.vim
039.414  000.294  000.294: sourcing /usr/local/Cellar/neovim/0.3.1/share/nvim/runtime/syntax/syncolor.vim
040.774  000.285  000.285: sourcing /usr/local/Cellar/neovim/0.3.1/share/nvim/runtime/syntax/syncolor.vim
041.622  000.295  000.295: sourcing /usr/local/Cellar/neovim/0.3.1/share/nvim/runtime/syntax/syncolor.vim
042.584  004.174  003.300: sourcing /Users/fill/.vim/bundles/.cache/init.vim/.dein/colors/molokai.vim
042.768  004.528  000.354: sourcing /usr/local/Cellar/neovim/0.3.1/share/nvim/runtime/syntax/synload.vim
042.842  005.264  000.348: sourcing /usr/local/Cellar/neovim/0.3.1/share/nvim/runtime/syntax/syntax.vim
043.986  000.287  000.287: sourcing /usr/local/Cellar/neovim/0.3.1/share/nvim/runtime/syntax/syncolor.vim
045.344  000.285  000.285: sourcing /usr/local/Cellar/neovim/0.3.1/share/nvim/runtime/syntax/syncolor.vim
046.178  000.281  000.281: sourcing /usr/local/Cellar/neovim/0.3.1/share/nvim/runtime/syntax/syncolor.vim
047.118  004.117  003.264: sourcing /Users/fill/.vim/bundles/.cache/init.vim/.dein/colors/molokai.vim
047.475  000.165  000.165: sourcing /Users/fill/.vim/bundles/.cache/init.vim/.dein/autoload/denite/custom.vim
048.012  000.236  000.236: sourcing /Users/fill/.vim/bundles/.cache/init.vim/.dein/autoload/denite/util.vim
049.914  045.595  005.869: sourcing /Users/fill/.config/nvim/init.vim
049.926  000.506: sourcing vimrc file(s)
058.429  007.470  007.470: sourcing /Users/fill/.vim/bundles/.cache/init.vim/.dein/plugin/EasyMotion.vim
059.499  000.230  000.230: sourcing /Users/fill/.vim/bundles/.cache/init.vim/.dein/autoload/nerdtree.vim
062.232  000.941  000.941: sourcing /Users/fill/.vim/bundles/.cache/init.vim/.dein/lib/nerdtree/path.vim
062.586  000.199  000.199: sourcing /Users/fill/.vim/bundles/.cache/init.vim/.dein/lib/nerdtree/menu_controller.vim
062.856  000.132  000.132: sourcing /Users/fill/.vim/bundles/.cache/init.vim/.dein/lib/nerdtree/menu_item.vim
063.170  000.177  000.177: sourcing /Users/fill/.vim/bundles/.cache/init.vim/.dein/lib/nerdtree/key_map.vim
063.657  000.349  000.349: sourcing /Users/fill/.vim/bundles/.cache/init.vim/.dein/lib/nerdtree/bookmark.vim
064.134  000.337  000.337: sourcing /Users/fill/.vim/bundles/.cache/init.vim/.dein/lib/nerdtree/tree_file_node.vim
064.931  000.657  000.657: sourcing /Users/fill/.vim/bundles/.cache/init.vim/.dein/lib/nerdtree/tree_dir_node.vim
065.395  000.324  000.324: sourcing /Users/fill/.vim/bundles/.cache/init.vim/.dein/lib/nerdtree/opener.vim
065.904  000.370  000.370: sourcing /Users/fill/.vim/bundles/.cache/init.vim/.dein/lib/nerdtree/creator.vim
066.129  000.088  000.088: sourcing /Users/fill/.vim/bundles/.cache/init.vim/.dein/lib/nerdtree/flag_set.vim
066.491  000.228  000.228: sourcing /Users/fill/.vim/bundles/.cache/init.vim/.dein/lib/nerdtree/nerdtree.vim
067.101  000.476  000.476: sourcing /Users/fill/.vim/bundles/.cache/init.vim/.dein/lib/nerdtree/ui.vim
067.279  000.042  000.042: sourcing /Users/fill/.vim/bundles/.cache/init.vim/.dein/lib/nerdtree/event.vim
067.486  000.072  000.072: sourcing /Users/fill/.vim/bundles/.cache/init.vim/.dein/lib/nerdtree/notifier.vim
068.276  000.634  000.634: sourcing /Users/fill/.vim/bundles/.cache/init.vim/.dein/autoload/nerdtree/ui_glue.vim
074.654  000.276  000.276: sourcing /Users/fill/.vim/bundles/.cache/init.vim/.dein/nerdtree_plugin/exec_menuitem.vim
076.546  001.768  001.768: sourcing /Users/fill/.vim/bundles/.cache/init.vim/.dein/nerdtree_plugin/fs_menu.vim
077.730  001.058  001.058: sourcing /Users/fill/.vim/bundles/.cache/init.vim/.dein/nerdtree_plugin/webdevicons.vim
078.054  019.529  011.172: sourcing /Users/fill/.vim/bundles/.cache/init.vim/.dein/plugin/NERD_tree.vim
078.802  000.627  000.627: sourcing /Users/fill/.vim/bundles/.cache/init.vim/.dein/plugin/ac_smooth_scroll.vim
078.989  000.070  000.070: sourcing /Users/fill/.vim/bundles/.cache/init.vim/.dein/plugin/airline-themes.vim
080.023  000.526  000.526: sourcing /Users/fill/.vim/bundles/.cache/init.vim/.dein/autoload/airline.vim
080.813  000.317  000.317: sourcing /Users/fill/.vim/bundles/.cache/init.vim/.dein/autoload/airline/init.vim
082.351  000.290  000.290: sourcing /Users/fill/.vim/bundles/.cache/init.vim/.dein/autoload/airline/parts.vim
085.552  000.260  000.260: sourcing /Users/fill/.vim/bundles/.cache/init.vim/.dein/autoload/airline/util.vim
085.634  006.535  005.143: sourcing /Users/fill/.vim/bundles/.cache/init.vim/.dein/plugin/airline.vim
085.844  000.112  000.112: sourcing /Users/fill/.vim/bundles/.cache/init.vim/.dein/plugin/denite.vim
085.980  000.052  000.052: sourcing /Users/fill/.vim/bundles/.cache/init.vim/.dein/plugin/deoplete.vim
086.574  000.510  000.510: sourcing /Users/fill/.vim/bundles/.cache/init.vim/.dein/plugin/fugitive.vim
086.933  000.258  000.258: sourcing /Users/fill/.vim/bundles/.cache/init.vim/.dein/plugin/neosnippet.vim
105.651  018.438  018.438: sourcing /Users/fill/.vim/bundles/.cache/init.vim/.dein/autoload/smartinput.vim
105.771  018.752  000.313: sourcing /Users/fill/.vim/bundles/.cache/init.vim/.dein/plugin/smartinput.vim
106.953  000.878  000.878: sourcing /Users/fill/.vim/bundles/.cache/init.vim/.dein/plugin/surround.vim
110.184  003.112  003.112: sourcing /Users/fill/.vim/bundles/.cache/init.vim/.dein/plugin/webdevicons.vim
111.300  000.302  000.302: sourcing /usr/local/Cellar/neovim/0.3.1/share/nvim/runtime/plugin/gzip.vim
111.407  000.029  000.029: sourcing /usr/local/Cellar/neovim/0.3.1/share/nvim/runtime/plugin/health.vim
111.577  000.094  000.094: sourcing /usr/local/Cellar/neovim/0.3.1/share/nvim/runtime/plugin/man.vim
112.455  000.797  000.797: sourcing /usr/local/Cellar/neovim/0.3.1/share/nvim/runtime/plugin/matchit.vim
112.797  000.264  000.264: sourcing /usr/local/Cellar/neovim/0.3.1/share/nvim/runtime/plugin/matchparen.vim
113.892  001.018  001.018: sourcing /usr/local/Cellar/neovim/0.3.1/share/nvim/runtime/plugin/netrwPlugin.vim
116.442  000.932  000.932: sourcing /usr/local/Cellar/neovim/0.3.1/share/nvim/runtime/autoload/remote/host.vim
118.665  001.528  001.528: sourcing /usr/local/Cellar/neovim/0.3.1/share/nvim/runtime/autoload/remote/define.vim
119.039  003.989  001.529: sourcing /Users/fill/.local/share/nvim/rplugin.vim
119.076  004.931  000.942: sourcing /usr/local/Cellar/neovim/0.3.1/share/nvim/runtime/plugin/rplugin.vim
119.432  000.096  000.096: sourcing /usr/local/Cellar/neovim/0.3.1/share/nvim/runtime/plugin/rrhelper.vim
120.290  000.622  000.622: sourcing /usr/local/Cellar/neovim/0.3.1/share/nvim/runtime/plugin/shada.vim
120.614  000.106  000.106: sourcing /usr/local/Cellar/neovim/0.3.1/share/nvim/runtime/plugin/spellfile.vim
121.225  000.446  000.446: sourcing /usr/local/Cellar/neovim/0.3.1/share/nvim/runtime/plugin/tarPlugin.vim
121.682  000.294  000.294: sourcing /usr/local/Cellar/neovim/0.3.1/share/nvim/runtime/plugin/tohtml.vim
121.992  000.144  000.144: sourcing /usr/local/Cellar/neovim/0.3.1/share/nvim/runtime/plugin/tutor.vim
122.750  000.557  000.557: sourcing /usr/local/Cellar/neovim/0.3.1/share/nvim/runtime/plugin/zipPlugin.vim
122.776  005.245: loading plugins
123.097  000.321: loading packages
123.354  000.257: loading after plugins
123.374  000.020: inits 3
126.916  003.542: reading ShaDa
130.571  003.656: clearing screen
132.153  001.064  001.064: sourcing /Users/fill/.vim/bundles/.cache/init.vim/.dein/autoload/airline/extensions.vim
132.930  000.300  000.300: sourcing /Users/fill/.vim/bundles/.cache/init.vim/.dein/autoload/airline/extensions/quickfix.vim
133.693  000.238  000.238: sourcing /Users/fill/.vim/bundles/.cache/init.vim/.dein/autoload/airline/extensions/denite.vim
134.211  000.124  000.124: sourcing /Users/fill/.vim/bundles/.cache/init.vim/.dein/autoload/airline/extensions/netrw.vim
134.707  000.199  000.199: sourcing /Users/fill/.vim/bundles/.cache/init.vim/.dein/autoload/airline/extensions/term.vim
135.826  000.609  000.609: sourcing /Users/fill/.vim/bundles/.cache/init.vim/.dein/autoload/airline/extensions/branch.vim
136.573  000.173  000.173: sourcing /Users/fill/.vim/bundles/.cache/init.vim/.dein/autoload/airline/extensions/fugitiveline.vim
137.464  000.438  000.438: sourcing /Users/fill/.vim/bundles/.cache/init.vim/.dein/autoload/airline/extensions/whitespace.vim
138.580  000.440  000.440: sourcing /Users/fill/.vim/bundles/.cache/init.vim/.dein/autoload/airline/extensions/tabline.vim
139.107  000.205  000.205: sourcing /Users/fill/.vim/bundles/.cache/init.vim/.dein/autoload/airline/extensions/tabline/autoshow.vim
139.758  000.251  000.251: sourcing /Users/fill/.vim/bundles/.cache/init.vim/.dein/autoload/airline/extensions/tabline/tabs.vim
140.510  000.416  000.416: sourcing /Users/fill/.vim/bundles/.cache/init.vim/.dein/autoload/airline/extensions/tabline/buffers.vim
141.090  000.090  000.090: sourcing /Users/fill/.vim/bundles/.cache/init.vim/.dein/autoload/airline/extensions/keymap.vim
146.594  000.266  000.266: sourcing /Users/fill/.vim/bundles/.cache/init.vim/.dein/autoload/airline/section.vim
147.584  000.597  000.597: sourcing /Users/fill/.vim/bundles/.cache/init.vim/.dein/autoload/airline/highlighter.vim
150.607  000.206  000.206: sourcing /Users/fill/.vim/bundles/.cache/init.vim/.dein/autoload/airline/themes.vim
151.005  000.851  000.645: sourcing /Users/fill/.vim/bundles/.cache/init.vim/.dein/autoload/airline/themes/wombat.vim
156.797  000.512  000.512: sourcing /Users/fill/.vim/bundles/.cache/init.vim/.dein/autoload/airline/themes/wombat.vim
189.607  000.468  000.468: sourcing /Users/fill/.vim/bundles/.cache/init.vim/.dein/autoload/airline/builder.vim
190.423  000.175  000.175: sourcing /Users/fill/.vim/bundles/.cache/init.vim/.dein/autoload/airline/extensions/default.vim
225.448  087.461: opening buffers
225.582  000.134: BufEnter autocommands
225.590  000.007: editing files in windows
232.900  005.405  005.405: sourcing /Users/fill/.vim/bundles/.cache/init.vim/.dein/autoload/fugitive.vim
233.965  002.970: VimEnter autocommands
377.880  143.746  143.746: sourcing /usr/local/Cellar/neovim/0.3.1/share/nvim/runtime/autoload/provider/clipboard.vim
377.916  000.206: before starting main loop
379.219  000.303  000.303: sourcing /Users/fill/.vim/bundles/.cache/init.vim/.dein/autoload/airline/extensions/tabline/ctrlspace.vim
380.059  000.249  000.249: sourcing /Users/fill/.vim/bundles/.cache/init.vim/.dein/autoload/airline/extensions/tabline/builder.vim
380.595  000.119  000.119: sourcing /Users/fill/.vim/bundles/.cache/init.vim/.dein/autoload/airline/extensions/tabline/buflist.vim
385.423  000.054  000.054: sourcing /Users/fill/.vim/bundles/.cache/init.vim/.dein/autoload/airline/extensions/tabline/formatters/webdevicons.vim
385.882  000.106  000.106: sourcing /Users/fill/.vim/bundles/.cache/init.vim/.dein/autoload/airline/extensions/tabline/formatters/default.vim
398.991  000.131  000.131: sourcing /Users/fill/.vim/bundles/.cache/init.vim/.dein/autoload/airline/extensions/ale.vim
400.994  022.116: first screen update
400.998  000.003: --- NVIM STARTED ---


times in msec
 clock   self+sourced   self:  sourced script
 clock   elapsed:              other lines

000.013  000.013: --- NVIM STARTING ---
000.999  000.986: locale set
002.021  001.021: inits 1
002.045  000.024: window checked
002.338  000.293: parsing arguments
002.684  000.346: expanding arguments
002.857  000.173: inits 2
003.632  000.775: init highlight
014.977  010.771  010.771: sourcing /usr/local/Cellar/neovim/0.3.1/share/nvim/runtime/filetype.vim
015.255  000.083  000.083: sourcing /usr/local/Cellar/neovim/0.3.1/share/nvim/runtime/ftplugin.vim
015.486  000.068  000.068: sourcing /usr/local/Cellar/neovim/0.3.1/share/nvim/runtime/indent.vim
016.284  000.288  000.288: sourcing /Users/fill/.vim/bundles/repos/github.com/Shougo/dein.vim/autoload/dein.vim
020.297  003.097  003.097: sourcing /usr/local/Cellar/neovim/0.3.1/share/nvim/runtime/ftoff.vim
020.494  003.854  000.756: sourcing /Users/fill/.vim/bundles/state_nvim.vim
037.770  000.064  000.064: sourcing /Users/fill/.vim/bundles/.cache/init.vim/.dein/ftdetect/ftdetect.vim
037.964  016.833  016.769: sourcing /usr/local/Cellar/neovim/0.3.1/share/nvim/runtime/filetype.vim
038.174  000.035  000.035: sourcing /Users/fill/.vim/bundles/.cache/init.vim/.dein/ftplugin.vim
038.290  000.027  000.027: sourcing /usr/local/Cellar/neovim/0.3.1/share/nvim/runtime/ftplugin.vim
038.491  000.026  000.026: sourcing /usr/local/Cellar/neovim/0.3.1/share/nvim/runtime/indent.vim
039.411  000.405  000.405: sourcing /usr/local/Cellar/neovim/0.3.1/share/nvim/runtime/syntax/syncolor.vim
039.603  000.789  000.384: sourcing /usr/local/Cellar/neovim/0.3.1/share/nvim/runtime/syntax/synload.vim
039.657  001.021  000.233: sourcing /usr/local/Cellar/neovim/0.3.1/share/nvim/runtime/syntax/syntax.vim
040.223  000.389  000.389: sourcing /Users/fill/.vim/bundles/repos/github.com/Shougo/dein.vim/autoload/dein/autoload.vim
041.245  000.786  000.786: sourcing /Users/fill/.vim/bundles/repos/github.com/Shougo/dein.vim/autoload/dein/util.vim
042.636  000.316  000.316: sourcing /usr/local/Cellar/neovim/0.3.1/share/nvim/runtime/syntax/syncolor.vim
044.013  000.307  000.307: sourcing /usr/local/Cellar/neovim/0.3.1/share/nvim/runtime/syntax/syncolor.vim
044.885  000.314  000.314: sourcing /usr/local/Cellar/neovim/0.3.1/share/nvim/runtime/syntax/syncolor.vim
045.807  004.183  003.246: sourcing /Users/fill/.vim/bundles/.cache/init.vim/.dein/colors/molokai.vim
046.419  000.382  000.382: sourcing /usr/local/Cellar/neovim/0.3.1/share/nvim/runtime/syntax/nosyntax.vim
047.947  000.294  000.294: sourcing /usr/local/Cellar/neovim/0.3.1/share/nvim/runtime/syntax/syncolor.vim
049.346  000.294  000.294: sourcing /usr/local/Cellar/neovim/0.3.1/share/nvim/runtime/syntax/syncolor.vim
050.207  000.305  000.305: sourcing /usr/local/Cellar/neovim/0.3.1/share/nvim/runtime/syntax/syncolor.vim
051.194  004.271  003.378: sourcing /Users/fill/.vim/bundles/.cache/init.vim/.dein/colors/molokai.vim
051.357  004.675  000.404: sourcing /usr/local/Cellar/neovim/0.3.1/share/nvim/runtime/syntax/synload.vim
051.413  005.487  000.430: sourcing /usr/local/Cellar/neovim/0.3.1/share/nvim/runtime/syntax/syntax.vim
052.550  000.286  000.286: sourcing /usr/local/Cellar/neovim/0.3.1/share/nvim/runtime/syntax/syncolor.vim
053.914  000.285  000.285: sourcing /usr/local/Cellar/neovim/0.3.1/share/nvim/runtime/syntax/syncolor.vim
054.754  000.282  000.282: sourcing /usr/local/Cellar/neovim/0.3.1/share/nvim/runtime/syntax/syncolor.vim
055.726  004.156  003.303: sourcing /Users/fill/.vim/bundles/.cache/init.vim/.dein/colors/molokai.vim
056.097  000.183  000.183: sourcing /Users/fill/.vim/bundles/.cache/init.vim/.dein/autoload/denite/custom.vim
056.664  000.256  000.256: sourcing /Users/fill/.vim/bundles/.cache/init.vim/.dein/autoload/denite/util.vim
059.044  055.100  006.653: sourcing /Users/fill/.config/nvim/init.vim
059.062  000.331: sourcing vimrc file(s)
067.598  007.469  007.469: sourcing /Users/fill/.vim/bundles/.cache/init.vim/.dein/plugin/EasyMotion.vim
068.721  000.244  000.244: sourcing /Users/fill/.vim/bundles/.cache/init.vim/.dein/autoload/nerdtree.vim
071.024  000.950  000.950: sourcing /Users/fill/.vim/bundles/.cache/init.vim/.dein/lib/nerdtree/path.vim
071.382  000.200  000.200: sourcing /Users/fill/.vim/bundles/.cache/init.vim/.dein/lib/nerdtree/menu_controller.vim
071.657  000.133  000.133: sourcing /Users/fill/.vim/bundles/.cache/init.vim/.dein/lib/nerdtree/menu_item.vim
071.973  000.176  000.176: sourcing /Users/fill/.vim/bundles/.cache/init.vim/.dein/lib/nerdtree/key_map.vim
072.458  000.348  000.348: sourcing /Users/fill/.vim/bundles/.cache/init.vim/.dein/lib/nerdtree/bookmark.vim
072.943  000.337  000.337: sourcing /Users/fill/.vim/bundles/.cache/init.vim/.dein/lib/nerdtree/tree_file_node.vim
073.783  000.700  000.700: sourcing /Users/fill/.vim/bundles/.cache/init.vim/.dein/lib/nerdtree/tree_dir_node.vim
074.249  000.323  000.323: sourcing /Users/fill/.vim/bundles/.cache/init.vim/.dein/lib/nerdtree/opener.vim
074.754  000.367  000.367: sourcing /Users/fill/.vim/bundles/.cache/init.vim/.dein/lib/nerdtree/creator.vim
074.981  000.089  000.089: sourcing /Users/fill/.vim/bundles/.cache/init.vim/.dein/lib/nerdtree/flag_set.vim
075.348  000.230  000.230: sourcing /Users/fill/.vim/bundles/.cache/init.vim/.dein/lib/nerdtree/nerdtree.vim
075.946  000.463  000.463: sourcing /Users/fill/.vim/bundles/.cache/init.vim/.dein/lib/nerdtree/ui.vim
076.126  000.043  000.043: sourcing /Users/fill/.vim/bundles/.cache/init.vim/.dein/lib/nerdtree/event.vim
076.336  000.073  000.073: sourcing /Users/fill/.vim/bundles/.cache/init.vim/.dein/lib/nerdtree/notifier.vim
077.111  000.628  000.628: sourcing /Users/fill/.vim/bundles/.cache/init.vim/.dein/autoload/nerdtree/ui_glue.vim
082.097  000.180  000.180: sourcing /Users/fill/.vim/bundles/.cache/init.vim/.dein/nerdtree_plugin/exec_menuitem.vim
083.229  001.055  001.055: sourcing /Users/fill/.vim/bundles/.cache/init.vim/.dein/nerdtree_plugin/fs_menu.vim
084.016  000.705  000.705: sourcing /Users/fill/.vim/bundles/.cache/init.vim/.dein/nerdtree_plugin/webdevicons.vim
084.319  016.619  009.375: sourcing /Users/fill/.vim/bundles/.cache/init.vim/.dein/plugin/NERD_tree.vim
085.147  000.687  000.687: sourcing /Users/fill/.vim/bundles/.cache/init.vim/.dein/plugin/ac_smooth_scroll.vim
085.377  000.074  000.074: sourcing /Users/fill/.vim/bundles/.cache/init.vim/.dein/plugin/airline-themes.vim
086.260  000.397  000.397: sourcing /Users/fill/.vim/bundles/.cache/init.vim/.dein/autoload/airline.vim
086.738  000.188  000.188: sourcing /Users/fill/.vim/bundles/.cache/init.vim/.dein/autoload/airline/init.vim
087.621  000.175  000.175: sourcing /Users/fill/.vim/bundles/.cache/init.vim/.dein/autoload/airline/parts.vim
089.465  000.206  000.206: sourcing /Users/fill/.vim/bundles/.cache/init.vim/.dein/autoload/airline/util.vim
089.539  004.060  003.094: sourcing /Users/fill/.vim/bundles/.cache/init.vim/.dein/plugin/airline.vim
089.723  000.103  000.103: sourcing /Users/fill/.vim/bundles/.cache/init.vim/.dein/plugin/denite.vim
089.850  000.050  000.050: sourcing /Users/fill/.vim/bundles/.cache/init.vim/.dein/plugin/deoplete.vim
090.351  000.424  000.424: sourcing /Users/fill/.vim/bundles/.cache/init.vim/.dein/plugin/fugitive.vim
090.668  000.235  000.235: sourcing /Users/fill/.vim/bundles/.cache/init.vim/.dein/plugin/neosnippet.vim
113.832  022.898  022.898: sourcing /Users/fill/.vim/bundles/.cache/init.vim/.dein/autoload/smartinput.vim
113.877  023.129  000.232: sourcing /Users/fill/.vim/bundles/.cache/init.vim/.dein/plugin/smartinput.vim
114.785  000.780  000.780: sourcing /Users/fill/.vim/bundles/.cache/init.vim/.dein/plugin/surround.vim
117.962  003.095  003.095: sourcing /Users/fill/.vim/bundles/.cache/init.vim/.dein/plugin/webdevicons.vim
119.082  000.316  000.316: sourcing /usr/local/Cellar/neovim/0.3.1/share/nvim/runtime/plugin/gzip.vim
119.190  000.029  000.029: sourcing /usr/local/Cellar/neovim/0.3.1/share/nvim/runtime/plugin/health.vim
119.356  000.091  000.091: sourcing /usr/local/Cellar/neovim/0.3.1/share/nvim/runtime/plugin/man.vim
120.231  000.800  000.800: sourcing /usr/local/Cellar/neovim/0.3.1/share/nvim/runtime/plugin/matchit.vim
120.581  000.265  000.265: sourcing /usr/local/Cellar/neovim/0.3.1/share/nvim/runtime/plugin/matchparen.vim
121.345  000.686  000.686: sourcing /usr/local/Cellar/neovim/0.3.1/share/nvim/runtime/plugin/netrwPlugin.vim
122.418  000.446  000.446: sourcing /usr/local/Cellar/neovim/0.3.1/share/nvim/runtime/autoload/remote/host.vim
123.334  000.547  000.547: sourcing /usr/local/Cellar/neovim/0.3.1/share/nvim/runtime/autoload/remote/define.vim
123.464  001.671  000.677: sourcing /Users/fill/.local/share/nvim/rplugin.vim
123.483  002.052  000.381: sourcing /usr/local/Cellar/neovim/0.3.1/share/nvim/runtime/plugin/rplugin.vim
123.609  000.035  000.035: sourcing /usr/local/Cellar/neovim/0.3.1/share/nvim/runtime/plugin/rrhelper.vim
123.865  000.171  000.171: sourcing /usr/local/Cellar/neovim/0.3.1/share/nvim/runtime/plugin/shada.vim
124.008  000.049  000.049: sourcing /usr/local/Cellar/neovim/0.3.1/share/nvim/runtime/plugin/spellfile.vim
124.326  000.233  000.233: sourcing /usr/local/Cellar/neovim/0.3.1/share/nvim/runtime/plugin/tarPlugin.vim
124.560  000.151  000.151: sourcing /usr/local/Cellar/neovim/0.3.1/share/nvim/runtime/plugin/tohtml.vim
124.686  000.041  000.041: sourcing /usr/local/Cellar/neovim/0.3.1/share/nvim/runtime/plugin/tutor.vim
125.042  000.272  000.272: sourcing /usr/local/Cellar/neovim/0.3.1/share/nvim/runtime/plugin/zipPlugin.vim
125.055  004.074: loading plugins
125.213  000.159: loading packages
125.335  000.122: loading after plugins
125.348  000.013: inits 3
130.121  004.772: reading ShaDa
133.395  003.274: clearing screen
134.826  000.907  000.907: sourcing /Users/fill/.vim/bundles/.cache/init.vim/.dein/autoload/airline/extensions.vim
135.710  000.436  000.436: sourcing /Users/fill/.vim/bundles/.cache/init.vim/.dein/autoload/airline/extensions/quickfix.vim
136.337  000.134  000.134: sourcing /Users/fill/.vim/bundles/.cache/init.vim/.dein/autoload/airline/extensions/denite.vim
136.864  000.114  000.114: sourcing /Users/fill/.vim/bundles/.cache/init.vim/.dein/autoload/airline/extensions/netrw.vim
137.292  000.130  000.130: sourcing /Users/fill/.vim/bundles/.cache/init.vim/.dein/autoload/airline/extensions/term.vim
138.225  000.505  000.505: sourcing /Users/fill/.vim/bundles/.cache/init.vim/.dein/autoload/airline/extensions/branch.vim
138.702  000.121  000.121: sourcing /Users/fill/.vim/bundles/.cache/init.vim/.dein/autoload/airline/extensions/fugitiveline.vim
139.363  000.290  000.290: sourcing /Users/fill/.vim/bundles/.cache/init.vim/.dein/autoload/airline/extensions/whitespace.vim
140.324  000.400  000.400: sourcing /Users/fill/.vim/bundles/.cache/init.vim/.dein/autoload/airline/extensions/tabline.vim
140.815  000.191  000.191: sourcing /Users/fill/.vim/bundles/.cache/init.vim/.dein/autoload/airline/extensions/tabline/autoshow.vim
141.399  000.241  000.241: sourcing /Users/fill/.vim/bundles/.cache/init.vim/.dein/autoload/airline/extensions/tabline/tabs.vim
142.266  000.444  000.444: sourcing /Users/fill/.vim/bundles/.cache/init.vim/.dein/autoload/airline/extensions/tabline/buffers.vim
143.069  000.158  000.158: sourcing /Users/fill/.vim/bundles/.cache/init.vim/.dein/autoload/airline/extensions/keymap.vim
148.689  000.241  000.241: sourcing /Users/fill/.vim/bundles/.cache/init.vim/.dein/autoload/airline/section.vim
150.007  000.893  000.893: sourcing /Users/fill/.vim/bundles/.cache/init.vim/.dein/autoload/airline/highlighter.vim
153.907  000.212  000.212: sourcing /Users/fill/.vim/bundles/.cache/init.vim/.dein/autoload/airline/themes.vim
154.321  000.890  000.678: sourcing /Users/fill/.vim/bundles/.cache/init.vim/.dein/autoload/airline/themes/wombat.vim
158.295  000.487  000.487: sourcing /Users/fill/.vim/bundles/.cache/init.vim/.dein/autoload/airline/themes/wombat.vim
188.615  000.525  000.525: sourcing /Users/fill/.vim/bundles/.cache/init.vim/.dein/autoload/airline/builder.vim
189.414  000.159  000.159: sourcing /Users/fill/.vim/bundles/.cache/init.vim/.dein/autoload/airline/extensions/default.vim
222.289  081.628: opening buffers
222.513  000.223: BufEnter autocommands
222.524  000.012: editing files in windows
234.083  009.265  009.265: sourcing /Users/fill/.vim/bundles/.cache/init.vim/.dein/autoload/fugitive.vim
235.627  003.838: VimEnter autocommands
381.142  145.283  145.283: sourcing /usr/local/Cellar/neovim/0.3.1/share/nvim/runtime/autoload/provider/clipboard.vim
381.175  000.265: before starting main loop
382.493  000.339  000.339: sourcing /Users/fill/.vim/bundles/.cache/init.vim/.dein/autoload/airline/extensions/tabline/ctrlspace.vim
383.332  000.254  000.254: sourcing /Users/fill/.vim/bundles/.cache/init.vim/.dein/autoload/airline/extensions/tabline/builder.vim
383.871  000.118  000.118: sourcing /Users/fill/.vim/bundles/.cache/init.vim/.dein/autoload/airline/extensions/tabline/buflist.vim
388.419  000.052  000.052: sourcing /Users/fill/.vim/bundles/.cache/init.vim/.dein/autoload/airline/extensions/tabline/formatters/webdevicons.vim
388.870  000.099  000.099: sourcing /Users/fill/.vim/bundles/.cache/init.vim/.dein/autoload/airline/extensions/tabline/formatters/default.vim
405.104  000.137  000.137: sourcing /Users/fill/.vim/bundles/.cache/init.vim/.dein/autoload/airline/extensions/ale.vim
408.034  025.861: first screen update
408.038  000.004: --- NVIM STARTED ---


times in msec
 clock   self+sourced   self:  sourced script
 clock   elapsed:              other lines

000.019  000.019: --- NVIM STARTING ---
001.462  001.442: locale set
002.974  001.512: inits 1
003.013  000.040: window checked
003.443  000.430: parsing arguments
003.972  000.528: expanding arguments
004.238  000.267: inits 2
006.259  002.021: init highlight
031.668  023.239  023.239: sourcing /usr/local/Cellar/neovim/0.3.1/share/nvim/runtime/filetype.vim
032.100  000.133  000.133: sourcing /usr/local/Cellar/neovim/0.3.1/share/nvim/runtime/ftplugin.vim
032.504  000.145  000.145: sourcing /usr/local/Cellar/neovim/0.3.1/share/nvim/runtime/indent.vim
034.144  000.508  000.508: sourcing /Users/fill/.vim/bundles/repos/github.com/Shougo/dein.vim/autoload/dein.vim
073.328  037.299  037.299: sourcing /usr/local/Cellar/neovim/0.3.1/share/nvim/runtime/ftoff.vim
073.455  038.564  001.265: sourcing /Users/fill/.vim/bundles/state_nvim.vim
095.222  001.872  001.872: sourcing /Users/fill/.vim/bundles/.cache/init.vim/.dein/ftdetect/ftdetect.vim
095.567  021.700  019.828: sourcing /usr/local/Cellar/neovim/0.3.1/share/nvim/runtime/filetype.vim
096.700  000.424  000.424: sourcing /Users/fill/.vim/bundles/.cache/init.vim/.dein/ftplugin.vim
096.910  000.046  000.046: sourcing /usr/local/Cellar/neovim/0.3.1/share/nvim/runtime/ftplugin.vim
097.313  000.046  000.046: sourcing /usr/local/Cellar/neovim/0.3.1/share/nvim/runtime/indent.vim
101.479  001.901  001.901: sourcing /usr/local/Cellar/neovim/0.3.1/share/nvim/runtime/syntax/syncolor.vim
102.090  003.538  001.637: sourcing /usr/local/Cellar/neovim/0.3.1/share/nvim/runtime/syntax/synload.vim
102.245  004.646  001.108: sourcing /usr/local/Cellar/neovim/0.3.1/share/nvim/runtime/syntax/syntax.vim
104.036  001.410  001.410: sourcing /Users/fill/.vim/bundles/repos/github.com/Shougo/dein.vim/autoload/dein/autoload.vim
106.536  002.096  002.096: sourcing /Users/fill/.vim/bundles/repos/github.com/Shougo/dein.vim/autoload/dein/util.vim
110.080  000.577  000.577: sourcing /usr/local/Cellar/neovim/0.3.1/share/nvim/runtime/syntax/syncolor.vim
111.633  000.334  000.334: sourcing /usr/local/Cellar/neovim/0.3.1/share/nvim/runtime/syntax/syncolor.vim
112.672  000.407  000.407: sourcing /usr/local/Cellar/neovim/0.3.1/share/nvim/runtime/syntax/syncolor.vim
114.186  006.812  005.494: sourcing /Users/fill/.vim/bundles/.cache/init.vim/.dein/colors/molokai.vim
115.378  000.832  000.832: sourcing /usr/local/Cellar/neovim/0.3.1/share/nvim/runtime/syntax/nosyntax.vim
117.086  000.313  000.313: sourcing /usr/local/Cellar/neovim/0.3.1/share/nvim/runtime/syntax/syncolor.vim
118.532  000.298  000.298: sourcing /usr/local/Cellar/neovim/0.3.1/share/nvim/runtime/syntax/syncolor.vim
119.491  000.346  000.346: sourcing /usr/local/Cellar/neovim/0.3.1/share/nvim/runtime/syntax/syncolor.vim
120.637  004.719  003.762: sourcing /Users/fill/.vim/bundles/.cache/init.vim/.dein/colors/molokai.vim
120.818  005.207  000.487: sourcing /usr/local/Cellar/neovim/0.3.1/share/nvim/runtime/syntax/synload.vim
120.875  006.502  000.464: sourcing /usr/local/Cellar/neovim/0.3.1/share/nvim/runtime/syntax/syntax.vim
122.093  000.292  000.292: sourcing /usr/local/Cellar/neovim/0.3.1/share/nvim/runtime/syntax/syncolor.vim
123.406  000.265  000.265: sourcing /usr/local/Cellar/neovim/0.3.1/share/nvim/runtime/syntax/syncolor.vim
124.662  000.276  000.276: sourcing /usr/local/Cellar/neovim/0.3.1/share/nvim/runtime/syntax/syncolor.vim
125.557  004.508  003.676: sourcing /Users/fill/.vim/bundles/.cache/init.vim/.dein/colors/molokai.vim
126.684  000.947  000.947: sourcing /Users/fill/.vim/bundles/.cache/init.vim/.dein/autoload/denite/custom.vim
127.789  000.758  000.758: sourcing /Users/fill/.vim/bundles/.cache/init.vim/.dein/autoload/denite/util.vim
129.572  122.549  010.065: sourcing /Users/fill/.config/nvim/init.vim
129.583  000.775: sourcing vimrc file(s)
138.154  007.607  007.607: sourcing /Users/fill/.vim/bundles/.cache/init.vim/.dein/plugin/EasyMotion.vim
140.710  001.150  001.150: sourcing /Users/fill/.vim/bundles/.cache/init.vim/.dein/autoload/nerdtree.vim
143.883  001.979  001.979: sourcing /Users/fill/.vim/bundles/.cache/init.vim/.dein/lib/nerdtree/path.vim
144.711  000.633  000.633: sourcing /Users/fill/.vim/bundles/.cache/init.vim/.dein/lib/nerdtree/menu_controller.vim
145.270  000.414  000.414: sourcing /Users/fill/.vim/bundles/.cache/init.vim/.dein/lib/nerdtree/menu_item.vim
145.899  000.493  000.493: sourcing /Users/fill/.vim/bundles/.cache/init.vim/.dein/lib/nerdtree/key_map.vim
147.008  000.976  000.976: sourcing /Users/fill/.vim/bundles/.cache/init.vim/.dein/lib/nerdtree/bookmark.vim
147.809  000.654  000.654: sourcing /Users/fill/.vim/bundles/.cache/init.vim/.dein/lib/nerdtree/tree_file_node.vim
149.020  001.076  001.076: sourcing /Users/fill/.vim/bundles/.cache/init.vim/.dein/lib/nerdtree/tree_dir_node.vim
149.810  000.657  000.657: sourcing /Users/fill/.vim/bundles/.cache/init.vim/.dein/lib/nerdtree/opener.vim
150.640  000.698  000.698: sourcing /Users/fill/.vim/bundles/.cache/init.vim/.dein/lib/nerdtree/creator.vim
151.132  000.354  000.354: sourcing /Users/fill/.vim/bundles/.cache/init.vim/.dein/lib/nerdtree/flag_set.vim
151.814  000.549  000.549: sourcing /Users/fill/.vim/bundles/.cache/init.vim/.dein/lib/nerdtree/nerdtree.vim
152.852  000.860  000.860: sourcing /Users/fill/.vim/bundles/.cache/init.vim/.dein/lib/nerdtree/ui.vim
153.301  000.315  000.315: sourcing /Users/fill/.vim/bundles/.cache/init.vim/.dein/lib/nerdtree/event.vim
153.795  000.353  000.353: sourcing /Users/fill/.vim/bundles/.cache/init.vim/.dein/lib/nerdtree/notifier.vim
155.296  001.357  001.357: sourcing /Users/fill/.vim/bundles/.cache/init.vim/.dein/autoload/nerdtree/ui_glue.vim
159.741  000.468  000.468: sourcing /Users/fill/.vim/bundles/.cache/init.vim/.dein/nerdtree_plugin/exec_menuitem.vim
161.157  001.344  001.344: sourcing /Users/fill/.vim/bundles/.cache/init.vim/.dein/nerdtree_plugin/fs_menu.vim
162.260  001.032  001.032: sourcing /Users/fill/.vim/bundles/.cache/init.vim/.dein/nerdtree_plugin/webdevicons.vim
162.456  024.226  008.862: sourcing /Users/fill/.vim/bundles/.cache/init.vim/.dein/plugin/NERD_tree.vim
163.232  000.701  000.701: sourcing /Users/fill/.vim/bundles/.cache/init.vim/.dein/plugin/ac_smooth_scroll.vim
163.797  000.485  000.485: sourcing /Users/fill/.vim/bundles/.cache/init.vim/.dein/plugin/airline-themes.vim
165.281  000.677  000.677: sourcing /Users/fill/.vim/bundles/.cache/init.vim/.dein/autoload/airline.vim
166.340  000.784  000.784: sourcing /Users/fill/.vim/bundles/.cache/init.vim/.dein/autoload/airline/init.vim
167.599  000.558  000.558: sourcing /Users/fill/.vim/bundles/.cache/init.vim/.dein/autoload/airline/parts.vim
169.877  000.608  000.608: sourcing /Users/fill/.vim/bundles/.cache/init.vim/.dein/autoload/airline/util.vim
169.954  006.078  003.452: sourcing /Users/fill/.vim/bundles/.cache/init.vim/.dein/plugin/airline.vim
170.428  000.385  000.385: sourcing /Users/fill/.vim/bundles/.cache/init.vim/.dein/plugin/denite.vim
170.832  000.323  000.323: sourcing /Users/fill/.vim/bundles/.cache/init.vim/.dein/plugin/deoplete.vim
171.775  000.844  000.844: sourcing /Users/fill/.vim/bundles/.cache/init.vim/.dein/plugin/fugitive.vim
172.636  000.770  000.770: sourcing /Users/fill/.vim/bundles/.cache/init.vim/.dein/plugin/neosnippet.vim
189.127  015.745  015.745: sourcing /Users/fill/.vim/bundles/.cache/init.vim/.dein/autoload/smartinput.vim
189.167  016.441  000.696: sourcing /Users/fill/.vim/bundles/.cache/init.vim/.dein/plugin/smartinput.vim
191.912  002.642  002.642: sourcing /Users/fill/.vim/bundles/.cache/init.vim/.dein/plugin/surround.vim
198.547  006.371  006.371: sourcing /Users/fill/.vim/bundles/.cache/init.vim/.dein/plugin/webdevicons.vim
200.897  001.080  001.080: sourcing /usr/local/Cellar/neovim/0.3.1/share/nvim/runtime/plugin/gzip.vim
201.610  000.542  000.542: sourcing /usr/local/Cellar/neovim/0.3.1/share/nvim/runtime/plugin/health.vim
202.284  000.528  000.528: sourcing /usr/local/Cellar/neovim/0.3.1/share/nvim/runtime/plugin/man.vim
203.922  001.525  001.525: sourcing /usr/local/Cellar/neovim/0.3.1/share/nvim/runtime/plugin/matchit.vim
204.966  000.938  000.938: sourcing /usr/local/Cellar/neovim/0.3.1/share/nvim/runtime/plugin/matchparen.vim
206.481  001.363  001.363: sourcing /usr/local/Cellar/neovim/0.3.1/share/nvim/runtime/plugin/netrwPlugin.vim
209.711  001.287  001.287: sourcing /usr/local/Cellar/neovim/0.3.1/share/nvim/runtime/autoload/remote/host.vim
211.370  001.256  001.256: sourcing /usr/local/Cellar/neovim/0.3.1/share/nvim/runtime/autoload/remote/define.vim
211.541  004.188  001.645: sourcing /Users/fill/.local/share/nvim/rplugin.vim
211.563  004.986  000.798: sourcing /usr/local/Cellar/neovim/0.3.1/share/nvim/runtime/plugin/rplugin.vim
212.100  000.404  000.404: sourcing /usr/local/Cellar/neovim/0.3.1/share/nvim/runtime/plugin/rrhelper.vim
212.899  000.689  000.689: sourcing /usr/local/Cellar/neovim/0.3.1/share/nvim/runtime/plugin/shada.vim
213.341  000.332  000.332: sourcing /usr/local/Cellar/neovim/0.3.1/share/nvim/runtime/plugin/spellfile.vim
213.957  000.518  000.518: sourcing /usr/local/Cellar/neovim/0.3.1/share/nvim/runtime/plugin/tarPlugin.vim
214.530  000.483  000.483: sourcing /usr/local/Cellar/neovim/0.3.1/share/nvim/runtime/plugin/tohtml.vim
214.926  000.307  000.307: sourcing /usr/local/Cellar/neovim/0.3.1/share/nvim/runtime/plugin/tutor.vim
215.576  000.553  000.553: sourcing /usr/local/Cellar/neovim/0.3.1/share/nvim/runtime/plugin/zipPlugin.vim
215.590  004.886: loading plugins
215.770  000.180: loading packages
215.896  000.126: loading after plugins
215.910  000.014: inits 3
219.364  003.454: reading ShaDa
222.693  003.329: clearing screen
225.337  002.007  002.007: sourcing /Users/fill/.vim/bundles/.cache/init.vim/.dein/autoload/airline/extensions.vim
226.593  000.755  000.755: sourcing /Users/fill/.vim/bundles/.cache/init.vim/.dein/autoload/airline/extensions/quickfix.vim
227.612  000.615  000.615: sourcing /Users/fill/.vim/bundles/.cache/init.vim/.dein/autoload/airline/extensions/denite.vim
228.500  000.433  000.433: sourcing /Users/fill/.vim/bundles/.cache/init.vim/.dein/autoload/airline/extensions/netrw.vim
229.217  000.352  000.352: sourcing /Users/fill/.vim/bundles/.cache/init.vim/.dein/autoload/airline/extensions/term.vim
230.511  000.797  000.797: sourcing /Users/fill/.vim/bundles/.cache/init.vim/.dein/autoload/airline/extensions/branch.vim
231.239  000.323  000.323: sourcing /Users/fill/.vim/bundles/.cache/init.vim/.dein/autoload/airline/extensions/fugitiveline.vim
232.603  000.918  000.918: sourcing /Users/fill/.vim/bundles/.cache/init.vim/.dein/autoload/airline/extensions/whitespace.vim
233.927  000.685  000.685: sourcing /Users/fill/.vim/bundles/.cache/init.vim/.dein/autoload/airline/extensions/tabline.vim
234.626  000.355  000.355: sourcing /Users/fill/.vim/bundles/.cache/init.vim/.dein/autoload/airline/extensions/tabline/autoshow.vim
235.521  000.450  000.450: sourcing /Users/fill/.vim/bundles/.cache/init.vim/.dein/autoload/airline/extensions/tabline/tabs.vim
236.625  000.664  000.664: sourcing /Users/fill/.vim/bundles/.cache/init.vim/.dein/autoload/airline/extensions/tabline/buffers.vim
237.425  000.286  000.286: sourcing /Users/fill/.vim/bundles/.cache/init.vim/.dein/autoload/airline/extensions/keymap.vim
242.834  000.423  000.423: sourcing /Users/fill/.vim/bundles/.cache/init.vim/.dein/autoload/airline/section.vim
244.161  000.892  000.892: sourcing /Users/fill/.vim/bundles/.cache/init.vim/.dein/autoload/airline/highlighter.vim
247.940  000.366  000.366: sourcing /Users/fill/.vim/bundles/.cache/init.vim/.dein/autoload/airline/themes.vim
248.385  001.347  000.982: sourcing /Users/fill/.vim/bundles/.cache/init.vim/.dein/autoload/airline/themes/wombat.vim
253.288  000.513  000.513: sourcing /Users/fill/.vim/bundles/.cache/init.vim/.dein/autoload/airline/themes/wombat.vim
286.178  001.210  001.210: sourcing /Users/fill/.vim/bundles/.cache/init.vim/.dein/autoload/airline/builder.vim
287.504  000.546  000.546: sourcing /Users/fill/.vim/bundles/.cache/init.vim/.dein/autoload/airline/extensions/default.vim
318.642  082.377: opening buffers
318.755  000.113: BufEnter autocommands
318.761  000.006: editing files in windows
326.689  006.926  006.926: sourcing /Users/fill/.vim/bundles/.cache/init.vim/.dein/autoload/fugitive.vim
327.785  002.099: VimEnter autocommands
485.359  157.390  157.390: sourcing /usr/local/Cellar/neovim/0.3.1/share/nvim/runtime/autoload/provider/clipboard.vim
485.400  000.225: before starting main loop
487.321  000.944  000.944: sourcing /Users/fill/.vim/bundles/.cache/init.vim/.dein/autoload/airline/extensions/tabline/ctrlspace.vim
488.752  000.781  000.781: sourcing /Users/fill/.vim/bundles/.cache/init.vim/.dein/autoload/airline/extensions/tabline/builder.vim
489.707  000.508  000.508: sourcing /Users/fill/.vim/bundles/.cache/init.vim/.dein/autoload/airline/extensions/tabline/buflist.vim
495.205  000.814  000.814: sourcing /Users/fill/.vim/bundles/.cache/init.vim/.dein/autoload/airline/extensions/tabline/formatters/webdevicons.vim
496.065  000.459  000.459: sourcing /Users/fill/.vim/bundles/.cache/init.vim/.dein/autoload/airline/extensions/tabline/formatters/default.vim
509.898  000.576  000.576: sourcing /Users/fill/.vim/bundles/.cache/init.vim/.dein/autoload/airline/extensions/ale.vim
512.498  023.016: first screen update
512.502  000.004: --- NVIM STARTED ---


times in msec
 clock   self+sourced   self:  sourced script
 clock   elapsed:              other lines

000.018  000.018: --- NVIM STARTING ---
002.961  002.942: locale set
004.572  001.611: inits 1
004.611  000.039: window checked
005.074  000.462: parsing arguments
005.667  000.594: expanding arguments
005.932  000.265: inits 2
007.484  001.552: init highlight
066.227  057.818  057.818: sourcing /usr/local/Cellar/neovim/0.3.1/share/nvim/runtime/filetype.vim
066.667  000.132  000.132: sourcing /usr/local/Cellar/neovim/0.3.1/share/nvim/runtime/ftplugin.vim
067.041  000.113  000.113: sourcing /usr/local/Cellar/neovim/0.3.1/share/nvim/runtime/indent.vim
068.420  000.482  000.482: sourcing /Users/fill/.vim/bundles/repos/github.com/Shougo/dein.vim/autoload/dein.vim
084.681  011.569  011.569: sourcing /usr/local/Cellar/neovim/0.3.1/share/nvim/runtime/ftoff.vim
084.806  013.576  002.007: sourcing /Users/fill/.vim/bundles/state_nvim.vim
100.865  000.085  000.085: sourcing /Users/fill/.vim/bundles/.cache/init.vim/.dein/ftdetect/ftdetect.vim
101.182  015.990  015.905: sourcing /usr/local/Cellar/neovim/0.3.1/share/nvim/runtime/filetype.vim
101.528  000.052  000.052: sourcing /Users/fill/.vim/bundles/.cache/init.vim/.dein/ftplugin.vim
101.713  000.044  000.044: sourcing /usr/local/Cellar/neovim/0.3.1/share/nvim/runtime/ftplugin.vim
102.292  000.060  000.060: sourcing /usr/local/Cellar/neovim/0.3.1/share/nvim/runtime/indent.vim
103.543  000.442  000.442: sourcing /usr/local/Cellar/neovim/0.3.1/share/nvim/runtime/syntax/syncolor.vim
103.907  001.119  000.677: sourcing /usr/local/Cellar/neovim/0.3.1/share/nvim/runtime/syntax/synload.vim
104.004  001.523  000.404: sourcing /usr/local/Cellar/neovim/0.3.1/share/nvim/runtime/syntax/syntax.vim
104.771  000.436  000.436: sourcing /Users/fill/.vim/bundles/repos/github.com/Shougo/dein.vim/autoload/dein/autoload.vim
106.027  000.953  000.953: sourcing /Users/fill/.vim/bundles/repos/github.com/Shougo/dein.vim/autoload/dein/util.vim
108.037  000.413  000.413: sourcing /usr/local/Cellar/neovim/0.3.1/share/nvim/runtime/syntax/syncolor.vim
109.570  000.388  000.388: sourcing /usr/local/Cellar/neovim/0.3.1/share/nvim/runtime/syntax/syncolor.vim
110.482  000.323  000.323: sourcing /usr/local/Cellar/neovim/0.3.1/share/nvim/runtime/syntax/syncolor.vim
111.549  004.853  003.729: sourcing /Users/fill/.vim/bundles/.cache/init.vim/.dein/colors/molokai.vim
112.345  000.347  000.347: sourcing /usr/local/Cellar/neovim/0.3.1/share/nvim/runtime/syntax/nosyntax.vim
113.630  000.274  000.274: sourcing /usr/local/Cellar/neovim/0.3.1/share/nvim/runtime/syntax/syncolor.vim
114.961  000.328  000.328: sourcing /usr/local/Cellar/neovim/0.3.1/share/nvim/runtime/syntax/syncolor.vim
115.799  000.287  000.287: sourcing /usr/local/Cellar/neovim/0.3.1/share/nvim/runtime/syntax/syncolor.vim
116.704  004.018  003.129: sourcing /Users/fill/.vim/bundles/.cache/init.vim/.dein/colors/molokai.vim
116.856  004.330  000.312: sourcing /usr/local/Cellar/neovim/0.3.1/share/nvim/runtime/syntax/synload.vim
116.906  005.156  000.479: sourcing /usr/local/Cellar/neovim/0.3.1/share/nvim/runtime/syntax/syntax.vim
117.966  000.273  000.273: sourcing /usr/local/Cellar/neovim/0.3.1/share/nvim/runtime/syntax/syncolor.vim
119.310  000.301  000.301: sourcing /usr/local/Cellar/neovim/0.3.1/share/nvim/runtime/syntax/syncolor.vim
120.305  000.316  000.316: sourcing /usr/local/Cellar/neovim/0.3.1/share/nvim/runtime/syntax/syncolor.vim
121.212  004.162  003.272: sourcing /Users/fill/.vim/bundles/.cache/init.vim/.dein/colors/molokai.vim
121.557  000.158  000.158: sourcing /Users/fill/.vim/bundles/.cache/init.vim/.dein/autoload/denite/custom.vim
122.077  000.234  000.234: sourcing /Users/fill/.vim/bundles/.cache/init.vim/.dein/autoload/denite/util.vim
124.088  116.090  010.348: sourcing /Users/fill/.config/nvim/init.vim
124.102  000.528: sourcing vimrc file(s)
132.897  007.809  007.809: sourcing /Users/fill/.vim/bundles/.cache/init.vim/.dein/plugin/EasyMotion.vim
133.963  000.230  000.230: sourcing /Users/fill/.vim/bundles/.cache/init.vim/.dein/autoload/nerdtree.vim
136.005  000.885  000.885: sourcing /Users/fill/.vim/bundles/.cache/init.vim/.dein/lib/nerdtree/path.vim
136.327  000.186  000.186: sourcing /Users/fill/.vim/bundles/.cache/init.vim/.dein/lib/nerdtree/menu_controller.vim
136.580  000.123  000.123: sourcing /Users/fill/.vim/bundles/.cache/init.vim/.dein/lib/nerdtree/menu_item.vim
136.873  000.166  000.166: sourcing /Users/fill/.vim/bundles/.cache/init.vim/.dein/lib/nerdtree/key_map.vim
137.329  000.328  000.328: sourcing /Users/fill/.vim/bundles/.cache/init.vim/.dein/lib/nerdtree/bookmark.vim
137.775  000.316  000.316: sourcing /Users/fill/.vim/bundles/.cache/init.vim/.dein/lib/nerdtree/tree_file_node.vim
138.533  000.628  000.628: sourcing /Users/fill/.vim/bundles/.cache/init.vim/.dein/lib/nerdtree/tree_dir_node.vim
138.982  000.320  000.320: sourcing /Users/fill/.vim/bundles/.cache/init.vim/.dein/lib/nerdtree/opener.vim
139.484  000.374  000.374: sourcing /Users/fill/.vim/bundles/.cache/init.vim/.dein/lib/nerdtree/creator.vim
139.699  000.087  000.087: sourcing /Users/fill/.vim/bundles/.cache/init.vim/.dein/lib/nerdtree/flag_set.vim
140.303  000.417  000.417: sourcing /Users/fill/.vim/bundles/.cache/init.vim/.dein/lib/nerdtree/nerdtree.vim
141.921  001.258  001.258: sourcing /Users/fill/.vim/bundles/.cache/init.vim/.dein/lib/nerdtree/ui.vim
142.371  000.105  000.105: sourcing /Users/fill/.vim/bundles/.cache/init.vim/.dein/lib/nerdtree/event.vim
142.862  000.141  000.141: sourcing /Users/fill/.vim/bundles/.cache/init.vim/.dein/lib/nerdtree/notifier.vim
144.352  001.219  001.219: sourcing /Users/fill/.vim/bundles/.cache/init.vim/.dein/autoload/nerdtree/ui_glue.vim
150.932  000.192  000.192: sourcing /Users/fill/.vim/bundles/.cache/init.vim/.dein/nerdtree_plugin/exec_menuitem.vim
152.262  001.242  001.242: sourcing /Users/fill/.vim/bundles/.cache/init.vim/.dein/nerdtree_plugin/fs_menu.vim
153.110  000.761  000.761: sourcing /Users/fill/.vim/bundles/.cache/init.vim/.dein/nerdtree_plugin/webdevicons.vim
153.317  020.331  011.353: sourcing /Users/fill/.vim/bundles/.cache/init.vim/.dein/plugin/NERD_tree.vim
153.746  000.359  000.359: sourcing /Users/fill/.vim/bundles/.cache/init.vim/.dein/plugin/ac_smooth_scroll.vim
153.865  000.049  000.049: sourcing /Users/fill/.vim/bundles/.cache/init.vim/.dein/plugin/airline-themes.vim
154.542  000.379  000.379: sourcing /Users/fill/.vim/bundles/.cache/init.vim/.dein/autoload/airline.vim
155.102  000.191  000.191: sourcing /Users/fill/.vim/bundles/.cache/init.vim/.dein/autoload/airline/init.vim
155.991  000.168  000.168: sourcing /Users/fill/.vim/bundles/.cache/init.vim/.dein/autoload/airline/parts.vim
157.946  000.206  000.206: sourcing /Users/fill/.vim/bundles/.cache/init.vim/.dein/autoload/airline/util.vim
158.021  004.089  003.145: sourcing /Users/fill/.vim/bundles/.cache/init.vim/.dein/plugin/airline.vim
158.214  000.101  000.101: sourcing /Users/fill/.vim/bundles/.cache/init.vim/.dein/plugin/denite.vim
158.340  000.049  000.049: sourcing /Users/fill/.vim/bundles/.cache/init.vim/.dein/plugin/deoplete.vim
158.841  000.423  000.423: sourcing /Users/fill/.vim/bundles/.cache/init.vim/.dein/plugin/fugitive.vim
159.171  000.241  000.241: sourcing /Users/fill/.vim/bundles/.cache/init.vim/.dein/plugin/neosnippet.vim
177.458  018.022  018.022: sourcing /Users/fill/.vim/bundles/.cache/init.vim/.dein/autoload/smartinput.vim
177.558  018.307  000.286: sourcing /Users/fill/.vim/bundles/.cache/init.vim/.dein/plugin/smartinput.vim
179.218  001.450  001.450: sourcing /Users/fill/.vim/bundles/.cache/init.vim/.dein/plugin/surround.vim
184.050  004.672  004.672: sourcing /Users/fill/.vim/bundles/.cache/init.vim/.dein/plugin/webdevicons.vim
185.451  000.375  000.375: sourcing /usr/local/Cellar/neovim/0.3.1/share/nvim/runtime/plugin/gzip.vim
185.592  000.043  000.043: sourcing /usr/local/Cellar/neovim/0.3.1/share/nvim/runtime/plugin/health.vim
185.804  000.115  000.115: sourcing /usr/local/Cellar/neovim/0.3.1/share/nvim/runtime/plugin/man.vim
186.767  000.869  000.869: sourcing /usr/local/Cellar/neovim/0.3.1/share/nvim/runtime/plugin/matchit.vim
187.117  000.269  000.269: sourcing /usr/local/Cellar/neovim/0.3.1/share/nvim/runtime/plugin/matchparen.vim
187.854  000.658  000.658: sourcing /usr/local/Cellar/neovim/0.3.1/share/nvim/runtime/plugin/netrwPlugin.vim
188.934  000.463  000.463: sourcing /usr/local/Cellar/neovim/0.3.1/share/nvim/runtime/autoload/remote/host.vim
189.884  000.592  000.592: sourcing /usr/local/Cellar/neovim/0.3.1/share/nvim/runtime/autoload/remote/define.vim
190.074  001.795  000.741: sourcing /Users/fill/.local/share/nvim/rplugin.vim
190.091  002.151  000.356: sourcing /usr/local/Cellar/neovim/0.3.1/share/nvim/runtime/plugin/rplugin.vim
190.253  000.039  000.039: sourcing /usr/local/Cellar/neovim/0.3.1/share/nvim/runtime/plugin/rrhelper.vim
190.545  000.199  000.199: sourcing /usr/local/Cellar/neovim/0.3.1/share/nvim/runtime/plugin/shada.vim
190.691  000.051  000.051: sourcing /usr/local/Cellar/neovim/0.3.1/share/nvim/runtime/plugin/spellfile.vim
190.993  000.217  000.217: sourcing /usr/local/Cellar/neovim/0.3.1/share/nvim/runtime/plugin/tarPlugin.vim
191.228  000.152  000.152: sourcing /usr/local/Cellar/neovim/0.3.1/share/nvim/runtime/plugin/tohtml.vim
191.354  000.041  000.041: sourcing /usr/local/Cellar/neovim/0.3.1/share/nvim/runtime/plugin/tutor.vim
191.699  000.260  000.260: sourcing /usr/local/Cellar/neovim/0.3.1/share/nvim/runtime/plugin/zipPlugin.vim
191.712  004.292: loading plugins
191.881  000.169: loading packages
192.006  000.125: loading after plugins
192.019  000.013: inits 3
194.419  002.400: reading ShaDa
197.678  003.259: clearing screen
199.563  001.226  001.226: sourcing /Users/fill/.vim/bundles/.cache/init.vim/.dein/autoload/airline/extensions.vim
200.444  000.315  000.315: sourcing /Users/fill/.vim/bundles/.cache/init.vim/.dein/autoload/airline/extensions/quickfix.vim
200.938  000.123  000.123: sourcing /Users/fill/.vim/bundles/.cache/init.vim/.dein/autoload/airline/extensions/denite.vim
201.445  000.116  000.116: sourcing /Users/fill/.vim/bundles/.cache/init.vim/.dein/autoload/airline/extensions/netrw.vim
201.869  000.128  000.128: sourcing /Users/fill/.vim/bundles/.cache/init.vim/.dein/autoload/airline/extensions/term.vim
202.832  000.527  000.527: sourcing /Users/fill/.vim/bundles/.cache/init.vim/.dein/autoload/airline/extensions/branch.vim
203.319  000.124  000.124: sourcing /Users/fill/.vim/bundles/.cache/init.vim/.dein/autoload/airline/extensions/fugitiveline.vim
203.996  000.304  000.304: sourcing /Users/fill/.vim/bundles/.cache/init.vim/.dein/autoload/airline/extensions/whitespace.vim
204.957  000.396  000.396: sourcing /Users/fill/.vim/bundles/.cache/init.vim/.dein/autoload/airline/extensions/tabline.vim
205.391  000.140  000.140: sourcing /Users/fill/.vim/bundles/.cache/init.vim/.dein/autoload/airline/extensions/tabline/autoshow.vim
205.972  000.238  000.238: sourcing /Users/fill/.vim/bundles/.cache/init.vim/.dein/autoload/airline/extensions/tabline/tabs.vim
206.956  000.670  000.670: sourcing /Users/fill/.vim/bundles/.cache/init.vim/.dein/autoload/airline/extensions/tabline/buffers.vim
208.051  000.121  000.121: sourcing /Users/fill/.vim/bundles/.cache/init.vim/.dein/autoload/airline/extensions/keymap.vim
214.025  000.397  000.397: sourcing /Users/fill/.vim/bundles/.cache/init.vim/.dein/autoload/airline/section.vim
215.565  000.646  000.646: sourcing /Users/fill/.vim/bundles/.cache/init.vim/.dein/autoload/airline/highlighter.vim
218.720  000.218  000.218: sourcing /Users/fill/.vim/bundles/.cache/init.vim/.dein/autoload/airline/themes.vim
219.120  000.867  000.649: sourcing /Users/fill/.vim/bundles/.cache/init.vim/.dein/autoload/airline/themes/wombat.vim
223.606  000.627  000.627: sourcing /Users/fill/.vim/bundles/.cache/init.vim/.dein/autoload/airline/themes/wombat.vim
261.492  000.483  000.483: sourcing /Users/fill/.vim/bundles/.cache/init.vim/.dein/autoload/airline/builder.vim
262.301  000.158  000.158: sourcing /Users/fill/.vim/bundles/.cache/init.vim/.dein/autoload/airline/extensions/default.vim
296.010  090.728: opening buffers
296.093  000.083: BufEnter autocommands
296.098  000.005: editing files in windows
302.303  005.231  005.231: sourcing /Users/fill/.vim/bundles/.cache/init.vim/.dein/autoload/fugitive.vim
303.401  002.072: VimEnter autocommands
457.545  153.970  153.970: sourcing /usr/local/Cellar/neovim/0.3.1/share/nvim/runtime/autoload/provider/clipboard.vim
457.583  000.212: before starting main loop
458.899  000.310  000.310: sourcing /Users/fill/.vim/bundles/.cache/init.vim/.dein/autoload/airline/extensions/tabline/ctrlspace.vim
459.765  000.254  000.254: sourcing /Users/fill/.vim/bundles/.cache/init.vim/.dein/autoload/airline/extensions/tabline/builder.vim
460.306  000.122  000.122: sourcing /Users/fill/.vim/bundles/.cache/init.vim/.dein/autoload/airline/extensions/tabline/buflist.vim
464.812  000.046  000.046: sourcing /Users/fill/.vim/bundles/.cache/init.vim/.dein/autoload/airline/extensions/tabline/formatters/webdevicons.vim
465.265  000.105  000.105: sourcing /Users/fill/.vim/bundles/.cache/init.vim/.dein/autoload/airline/extensions/tabline/formatters/default.vim
480.542  000.132  000.132: sourcing /Users/fill/.vim/bundles/.cache/init.vim/.dein/autoload/airline/extensions/ale.vim
483.143  024.591: first screen update
483.147  000.004: --- NVIM STARTED ---


times in msec
 clock   self+sourced   self:  sourced script
 clock   elapsed:              other lines

000.020  000.020: --- NVIM STARTING ---
001.531  001.511: locale set
003.041  001.510: inits 1
003.083  000.042: window checked
003.506  000.424: parsing arguments
004.036  000.530: expanding arguments
004.309  000.273: inits 2
005.534  001.226: init highlight
031.997  023.207  023.207: sourcing /usr/local/Cellar/neovim/0.3.1/share/nvim/runtime/filetype.vim
032.465  000.143  000.143: sourcing /usr/local/Cellar/neovim/0.3.1/share/nvim/runtime/ftplugin.vim
032.859  000.118  000.118: sourcing /usr/local/Cellar/neovim/0.3.1/share/nvim/runtime/indent.vim
035.093  001.268  001.268: sourcing /Users/fill/.vim/bundles/repos/github.com/Shougo/dein.vim/autoload/dein.vim
040.548  003.296  003.296: sourcing /usr/local/Cellar/neovim/0.3.1/share/nvim/runtime/ftoff.vim
040.681  004.879  001.583: sourcing /Users/fill/.vim/bundles/state_nvim.vim
071.714  000.099  000.099: sourcing /Users/fill/.vim/bundles/.cache/init.vim/.dein/ftdetect/ftdetect.vim
072.095  031.021  030.922: sourcing /usr/local/Cellar/neovim/0.3.1/share/nvim/runtime/filetype.vim
072.467  000.073  000.073: sourcing /Users/fill/.vim/bundles/.cache/init.vim/.dein/ftplugin.vim
072.655  000.044  000.044: sourcing /usr/local/Cellar/neovim/0.3.1/share/nvim/runtime/ftplugin.vim
073.027  000.045  000.045: sourcing /usr/local/Cellar/neovim/0.3.1/share/nvim/runtime/indent.vim
074.590  000.689  000.689: sourcing /usr/local/Cellar/neovim/0.3.1/share/nvim/runtime/syntax/syncolor.vim
074.931  001.353  000.664: sourcing /usr/local/Cellar/neovim/0.3.1/share/nvim/runtime/syntax/synload.vim
075.024  001.754  000.401: sourcing /usr/local/Cellar/neovim/0.3.1/share/nvim/runtime/syntax/syntax.vim
076.048  000.750  000.750: sourcing /Users/fill/.vim/bundles/repos/github.com/Shougo/dein.vim/autoload/dein/autoload.vim
078.719  002.291  002.291: sourcing /Users/fill/.vim/bundles/repos/github.com/Shougo/dein.vim/autoload/dein/util.vim
082.444  000.875  000.875: sourcing /usr/local/Cellar/neovim/0.3.1/share/nvim/runtime/syntax/syncolor.vim
084.924  000.585  000.585: sourcing /usr/local/Cellar/neovim/0.3.1/share/nvim/runtime/syntax/syncolor.vim
086.418  000.583  000.583: sourcing /usr/local/Cellar/neovim/0.3.1/share/nvim/runtime/syntax/syncolor.vim
088.056  007.598  005.554: sourcing /Users/fill/.vim/bundles/.cache/init.vim/.dein/colors/molokai.vim
088.904  000.460  000.460: sourcing /usr/local/Cellar/neovim/0.3.1/share/nvim/runtime/syntax/nosyntax.vim
091.568  000.580  000.580: sourcing /usr/local/Cellar/neovim/0.3.1/share/nvim/runtime/syntax/syncolor.vim
094.627  000.730  000.730: sourcing /usr/local/Cellar/neovim/0.3.1/share/nvim/runtime/syntax/syncolor.vim
096.103  000.537  000.537: sourcing /usr/local/Cellar/neovim/0.3.1/share/nvim/runtime/syntax/syncolor.vim
097.772  008.312  006.465: sourcing /Users/fill/.vim/bundles/.cache/init.vim/.dein/colors/molokai.vim
098.064  008.885  000.573: sourcing /usr/local/Cellar/neovim/0.3.1/share/nvim/runtime/syntax/synload.vim
098.164  009.903  000.558: sourcing /usr/local/Cellar/neovim/0.3.1/share/nvim/runtime/syntax/syntax.vim
100.295  000.549  000.549: sourcing /usr/local/Cellar/neovim/0.3.1/share/nvim/runtime/syntax/syncolor.vim
103.061  000.632  000.632: sourcing /usr/local/Cellar/neovim/0.3.1/share/nvim/runtime/syntax/syncolor.vim
107.135  003.010  003.010: sourcing /usr/local/Cellar/neovim/0.3.1/share/nvim/runtime/syntax/syncolor.vim
108.768  010.337  006.146: sourcing /Users/fill/.vim/bundles/.cache/init.vim/.dein/colors/molokai.vim
109.387  000.305  000.305: sourcing /Users/fill/.vim/bundles/.cache/init.vim/.dein/autoload/denite/custom.vim
110.298  000.419  000.419: sourcing /Users/fill/.vim/bundles/.cache/init.vim/.dein/autoload/denite/util.vim
112.942  106.386  012.232: sourcing /Users/fill/.config/nvim/init.vim
112.960  001.040: sourcing vimrc file(s)
122.997  008.954  008.954: sourcing /Users/fill/.vim/bundles/.cache/init.vim/.dein/plugin/EasyMotion.vim
124.290  000.268  000.268: sourcing /Users/fill/.vim/bundles/.cache/init.vim/.dein/autoload/nerdtree.vim
126.833  001.006  001.006: sourcing /Users/fill/.vim/bundles/.cache/init.vim/.dein/lib/nerdtree/path.vim
127.198  000.202  000.202: sourcing /Users/fill/.vim/bundles/.cache/init.vim/.dein/lib/nerdtree/menu_controller.vim
127.477  000.133  000.133: sourcing /Users/fill/.vim/bundles/.cache/init.vim/.dein/lib/nerdtree/menu_item.vim
127.793  000.176  000.176: sourcing /Users/fill/.vim/bundles/.cache/init.vim/.dein/lib/nerdtree/key_map.vim
128.266  000.326  000.326: sourcing /Users/fill/.vim/bundles/.cache/init.vim/.dein/lib/nerdtree/bookmark.vim
128.710  000.314  000.314: sourcing /Users/fill/.vim/bundles/.cache/init.vim/.dein/lib/nerdtree/tree_file_node.vim
129.449  000.611  000.611: sourcing /Users/fill/.vim/bundles/.cache/init.vim/.dein/lib/nerdtree/tree_dir_node.vim
129.876  000.298  000.298: sourcing /Users/fill/.vim/bundles/.cache/init.vim/.dein/lib/nerdtree/opener.vim
130.344  000.341  000.341: sourcing /Users/fill/.vim/bundles/.cache/init.vim/.dein/lib/nerdtree/creator.vim
130.552  000.082  000.082: sourcing /Users/fill/.vim/bundles/.cache/init.vim/.dein/lib/nerdtree/flag_set.vim
130.890  000.212  000.212: sourcing /Users/fill/.vim/bundles/.cache/init.vim/.dein/lib/nerdtree/nerdtree.vim
131.448  000.434  000.434: sourcing /Users/fill/.vim/bundles/.cache/init.vim/.dein/lib/nerdtree/ui.vim
131.612  000.039  000.039: sourcing /Users/fill/.vim/bundles/.cache/init.vim/.dein/lib/nerdtree/event.vim
131.804  000.067  000.067: sourcing /Users/fill/.vim/bundles/.cache/init.vim/.dein/lib/nerdtree/notifier.vim
132.535  000.589  000.589: sourcing /Users/fill/.vim/bundles/.cache/init.vim/.dein/autoload/nerdtree/ui_glue.vim
140.416  000.303  000.303: sourcing /Users/fill/.vim/bundles/.cache/init.vim/.dein/nerdtree_plugin/exec_menuitem.vim
142.452  001.901  001.901: sourcing /Users/fill/.vim/bundles/.cache/init.vim/.dein/nerdtree_plugin/fs_menu.vim
143.540  000.952  000.952: sourcing /Users/fill/.vim/bundles/.cache/init.vim/.dein/nerdtree_plugin/webdevicons.vim
143.818  020.724  012.470: sourcing /Users/fill/.vim/bundles/.cache/init.vim/.dein/plugin/NERD_tree.vim
144.476  000.551  000.551: sourcing /Users/fill/.vim/bundles/.cache/init.vim/.dein/plugin/ac_smooth_scroll.vim
144.643  000.062  000.062: sourcing /Users/fill/.vim/bundles/.cache/init.vim/.dein/plugin/airline-themes.vim
145.562  000.467  000.467: sourcing /Users/fill/.vim/bundles/.cache/init.vim/.dein/autoload/airline.vim
146.248  000.279  000.279: sourcing /Users/fill/.vim/bundles/.cache/init.vim/.dein/autoload/airline/init.vim
147.423  000.206  000.206: sourcing /Users/fill/.vim/bundles/.cache/init.vim/.dein/autoload/airline/parts.vim
150.622  000.528  000.528: sourcing /Users/fill/.vim/bundles/.cache/init.vim/.dein/autoload/airline/util.vim
150.802  006.060  004.580: sourcing /Users/fill/.vim/bundles/.cache/init.vim/.dein/plugin/airline.vim
151.295  000.283  000.283: sourcing /Users/fill/.vim/bundles/.cache/init.vim/.dein/plugin/denite.vim
151.719  000.211  000.211: sourcing /Users/fill/.vim/bundles/.cache/init.vim/.dein/plugin/deoplete.vim
152.683  000.794  000.794: sourcing /Users/fill/.vim/bundles/.cache/init.vim/.dein/plugin/fugitive.vim
153.290  000.439  000.439: sourcing /Users/fill/.vim/bundles/.cache/init.vim/.dein/plugin/neosnippet.vim
173.565  019.786  019.786: sourcing /Users/fill/.vim/bundles/.cache/init.vim/.dein/autoload/smartinput.vim
173.610  020.167  000.381: sourcing /Users/fill/.vim/bundles/.cache/init.vim/.dein/plugin/smartinput.vim
174.500  000.769  000.769: sourcing /Users/fill/.vim/bundles/.cache/init.vim/.dein/plugin/surround.vim
177.829  003.240  003.240: sourcing /Users/fill/.vim/bundles/.cache/init.vim/.dein/plugin/webdevicons.vim
178.991  000.292  000.292: sourcing /usr/local/Cellar/neovim/0.3.1/share/nvim/runtime/plugin/gzip.vim
179.100  000.030  000.030: sourcing /usr/local/Cellar/neovim/0.3.1/share/nvim/runtime/plugin/health.vim
179.268  000.092  000.092: sourcing /usr/local/Cellar/neovim/0.3.1/share/nvim/runtime/plugin/man.vim
180.090  000.746  000.746: sourcing /usr/local/Cellar/neovim/0.3.1/share/nvim/runtime/plugin/matchit.vim
180.417  000.248  000.248: sourcing /usr/local/Cellar/neovim/0.3.1/share/nvim/runtime/plugin/matchparen.vim
181.104  000.610  000.610: sourcing /usr/local/Cellar/neovim/0.3.1/share/nvim/runtime/plugin/netrwPlugin.vim
182.151  000.437  000.437: sourcing /usr/local/Cellar/neovim/0.3.1/share/nvim/runtime/autoload/remote/host.vim
183.032  000.523  000.523: sourcing /usr/local/Cellar/neovim/0.3.1/share/nvim/runtime/autoload/remote/define.vim
183.160  001.620  000.661: sourcing /Users/fill/.local/share/nvim/rplugin.vim
183.173  001.969  000.349: sourcing /usr/local/Cellar/neovim/0.3.1/share/nvim/runtime/plugin/rplugin.vim
183.293  000.034  000.034: sourcing /usr/local/Cellar/neovim/0.3.1/share/nvim/runtime/plugin/rrhelper.vim
183.539  000.161  000.161: sourcing /usr/local/Cellar/neovim/0.3.1/share/nvim/runtime/plugin/shada.vim
183.677  000.049  000.049: sourcing /usr/local/Cellar/neovim/0.3.1/share/nvim/runtime/plugin/spellfile.vim
183.974  000.212  000.212: sourcing /usr/local/Cellar/neovim/0.3.1/share/nvim/runtime/plugin/tarPlugin.vim
184.210  000.152  000.152: sourcing /usr/local/Cellar/neovim/0.3.1/share/nvim/runtime/plugin/tohtml.vim
184.335  000.041  000.041: sourcing /usr/local/Cellar/neovim/0.3.1/share/nvim/runtime/plugin/tutor.vim
184.661  000.242  000.242: sourcing /usr/local/Cellar/neovim/0.3.1/share/nvim/runtime/plugin/zipPlugin.vim
184.674  004.584: loading plugins
184.833  000.159: loading packages
184.955  000.122: loading after plugins
184.969  000.014: inits 3
187.316  002.347: reading ShaDa
191.865  004.549: clearing screen
193.639  001.036  001.036: sourcing /Users/fill/.vim/bundles/.cache/init.vim/.dein/autoload/airline/extensions.vim
194.471  000.345  000.345: sourcing /Users/fill/.vim/bundles/.cache/init.vim/.dein/autoload/airline/extensions/quickfix.vim
195.047  000.164  000.164: sourcing /Users/fill/.vim/bundles/.cache/init.vim/.dein/autoload/airline/extensions/denite.vim
195.549  000.110  000.110: sourcing /Users/fill/.vim/bundles/.cache/init.vim/.dein/autoload/airline/extensions/netrw.vim
196.021  000.173  000.173: sourcing /Users/fill/.vim/bundles/.cache/init.vim/.dein/autoload/airline/extensions/term.vim
196.959  000.507  000.507: sourcing /Users/fill/.vim/bundles/.cache/init.vim/.dein/autoload/airline/extensions/branch.vim
197.440  000.124  000.124: sourcing /Users/fill/.vim/bundles/.cache/init.vim/.dein/autoload/airline/extensions/fugitiveline.vim
198.112  000.301  000.301: sourcing /Users/fill/.vim/bundles/.cache/init.vim/.dein/autoload/airline/extensions/whitespace.vim
199.095  000.421  000.421: sourcing /Users/fill/.vim/bundles/.cache/init.vim/.dein/autoload/airline/extensions/tabline.vim
199.525  000.137  000.137: sourcing /Users/fill/.vim/bundles/.cache/init.vim/.dein/autoload/airline/extensions/tabline/autoshow.vim
200.105  000.238  000.238: sourcing /Users/fill/.vim/bundles/.cache/init.vim/.dein/autoload/airline/extensions/tabline/tabs.vim
200.813  000.397  000.397: sourcing /Users/fill/.vim/bundles/.cache/init.vim/.dein/autoload/airline/extensions/tabline/buffers.vim
201.315  000.080  000.080: sourcing /Users/fill/.vim/bundles/.cache/init.vim/.dein/autoload/airline/extensions/keymap.vim
206.404  000.237  000.237: sourcing /Users/fill/.vim/bundles/.cache/init.vim/.dein/autoload/airline/section.vim
207.596  000.716  000.716: sourcing /Users/fill/.vim/bundles/.cache/init.vim/.dein/autoload/airline/highlighter.vim
211.072  000.239  000.239: sourcing /Users/fill/.vim/bundles/.cache/init.vim/.dein/autoload/airline/themes.vim
211.533  000.973  000.735: sourcing /Users/fill/.vim/bundles/.cache/init.vim/.dein/autoload/airline/themes/wombat.vim
216.312  000.526  000.526: sourcing /Users/fill/.vim/bundles/.cache/init.vim/.dein/autoload/airline/themes/wombat.vim
249.462  000.582  000.582: sourcing /Users/fill/.vim/bundles/.cache/init.vim/.dein/autoload/airline/builder.vim
250.268  000.155  000.155: sourcing /Users/fill/.vim/bundles/.cache/init.vim/.dein/autoload/airline/extensions/default.vim
275.898  076.810: opening buffers
275.994  000.096: BufEnter autocommands
276.000  000.006: editing files in windows
284.054  006.943  006.943: sourcing /Users/fill/.vim/bundles/.cache/init.vim/.dein/autoload/fugitive.vim
285.579  002.637: VimEnter autocommands
425.827  140.006  140.006: sourcing /usr/local/Cellar/neovim/0.3.1/share/nvim/runtime/autoload/provider/clipboard.vim
425.861  000.275: before starting main loop
427.147  000.332  000.332: sourcing /Users/fill/.vim/bundles/.cache/init.vim/.dein/autoload/airline/extensions/tabline/ctrlspace.vim
427.973  000.251  000.251: sourcing /Users/fill/.vim/bundles/.cache/init.vim/.dein/autoload/airline/extensions/tabline/builder.vim
428.514  000.121  000.121: sourcing /Users/fill/.vim/bundles/.cache/init.vim/.dein/autoload/airline/extensions/tabline/buflist.vim
432.930  000.046  000.046: sourcing /Users/fill/.vim/bundles/.cache/init.vim/.dein/autoload/airline/extensions/tabline/formatters/webdevicons.vim
433.378  000.102  000.102: sourcing /Users/fill/.vim/bundles/.cache/init.vim/.dein/autoload/airline/extensions/tabline/formatters/default.vim
446.499  000.135  000.135: sourcing /Users/fill/.vim/bundles/.cache/init.vim/.dein/autoload/airline/extensions/ale.vim
448.494  021.647: first screen update
448.497  000.003: --- NVIM STARTED ---


times in msec
 clock   self+sourced   self:  sourced script
 clock   elapsed:              other lines

000.027  000.027: --- NVIM STARTING ---
001.057  001.030: locale set
002.275  001.219: inits 1
002.314  000.039: window checked
002.643  000.329: parsing arguments
003.026  000.383: expanding arguments
003.211  000.186: inits 2
003.999  000.787: init highlight
017.573  012.949  012.949: sourcing /usr/local/Cellar/neovim/0.3.1/share/nvim/runtime/filetype.vim
017.863  000.085  000.085: sourcing /usr/local/Cellar/neovim/0.3.1/share/nvim/runtime/ftplugin.vim
018.108  000.078  000.078: sourcing /usr/local/Cellar/neovim/0.3.1/share/nvim/runtime/indent.vim
018.940  000.287  000.287: sourcing /Users/fill/.vim/bundles/repos/github.com/Shougo/dein.vim/autoload/dein.vim
021.795  001.890  001.890: sourcing /usr/local/Cellar/neovim/0.3.1/share/nvim/runtime/ftoff.vim
021.881  002.557  000.668: sourcing /Users/fill/.vim/bundles/state_nvim.vim
033.853  000.054  000.054: sourcing /Users/fill/.vim/bundles/.cache/init.vim/.dein/ftdetect/ftdetect.vim
034.042  011.922  011.868: sourcing /usr/local/Cellar/neovim/0.3.1/share/nvim/runtime/filetype.vim
034.253  000.030  000.030: sourcing /Users/fill/.vim/bundles/.cache/init.vim/.dein/ftplugin.vim
034.369  000.028  000.028: sourcing /usr/local/Cellar/neovim/0.3.1/share/nvim/runtime/ftplugin.vim
034.574  000.028  000.028: sourcing /usr/local/Cellar/neovim/0.3.1/share/nvim/runtime/indent.vim
035.509  000.420  000.420: sourcing /usr/local/Cellar/neovim/0.3.1/share/nvim/runtime/syntax/syncolor.vim
035.691  000.794  000.374: sourcing /usr/local/Cellar/neovim/0.3.1/share/nvim/runtime/syntax/synload.vim
035.747  001.025  000.231: sourcing /usr/local/Cellar/neovim/0.3.1/share/nvim/runtime/syntax/syntax.vim
036.277  000.354  000.354: sourcing /Users/fill/.vim/bundles/repos/github.com/Shougo/dein.vim/autoload/dein/autoload.vim
037.280  000.722  000.722: sourcing /Users/fill/.vim/bundles/repos/github.com/Shougo/dein.vim/autoload/dein/util.vim
038.670  000.321  000.321: sourcing /usr/local/Cellar/neovim/0.3.1/share/nvim/runtime/syntax/syncolor.vim
040.075  000.318  000.318: sourcing /usr/local/Cellar/neovim/0.3.1/share/nvim/runtime/syntax/syncolor.vim
040.952  000.316  000.316: sourcing /usr/local/Cellar/neovim/0.3.1/share/nvim/runtime/syntax/syncolor.vim
041.868  004.208  003.253: sourcing /Users/fill/.vim/bundles/.cache/init.vim/.dein/colors/molokai.vim
042.424  000.326  000.326: sourcing /usr/local/Cellar/neovim/0.3.1/share/nvim/runtime/syntax/nosyntax.vim
043.761  000.293  000.293: sourcing /usr/local/Cellar/neovim/0.3.1/share/nvim/runtime/syntax/syncolor.vim
045.139  000.289  000.289: sourcing /usr/local/Cellar/neovim/0.3.1/share/nvim/runtime/syntax/syncolor.vim
045.996  000.297  000.297: sourcing /usr/local/Cellar/neovim/0.3.1/share/nvim/runtime/syntax/syncolor.vim
046.964  004.208  003.330: sourcing /Users/fill/.vim/bundles/.cache/init.vim/.dein/colors/molokai.vim
047.124  004.539  000.331: sourcing /usr/local/Cellar/neovim/0.3.1/share/nvim/runtime/syntax/synload.vim
047.177  005.191  000.326: sourcing /usr/local/Cellar/neovim/0.3.1/share/nvim/runtime/syntax/syntax.vim
048.322  000.291  000.291: sourcing /usr/local/Cellar/neovim/0.3.1/share/nvim/runtime/syntax/syncolor.vim
049.738  000.291  000.291: sourcing /usr/local/Cellar/neovim/0.3.1/share/nvim/runtime/syntax/syncolor.vim
050.585  000.288  000.288: sourcing /usr/local/Cellar/neovim/0.3.1/share/nvim/runtime/syntax/syncolor.vim
051.542  004.206  003.337: sourcing /Users/fill/.vim/bundles/.cache/init.vim/.dein/colors/molokai.vim
051.901  000.167  000.167: sourcing /Users/fill/.vim/bundles/.cache/init.vim/.dein/autoload/denite/custom.vim
052.438  000.236  000.236: sourcing /Users/fill/.vim/bundles/.cache/init.vim/.dein/autoload/denite/util.vim
054.310  049.961  005.890: sourcing /Users/fill/.config/nvim/init.vim
054.322  000.362: sourcing vimrc file(s)
062.667  007.308  007.308: sourcing /Users/fill/.vim/bundles/.cache/init.vim/.dein/plugin/EasyMotion.vim
063.741  000.229  000.229: sourcing /Users/fill/.vim/bundles/.cache/init.vim/.dein/autoload/nerdtree.vim
066.227  001.241  001.241: sourcing /Users/fill/.vim/bundles/.cache/init.vim/.dein/lib/nerdtree/path.vim
066.725  000.235  000.235: sourcing /Users/fill/.vim/bundles/.cache/init.vim/.dein/lib/nerdtree/menu_controller.vim
067.017  000.141  000.141: sourcing /Users/fill/.vim/bundles/.cache/init.vim/.dein/lib/nerdtree/menu_item.vim
067.353  000.196  000.196: sourcing /Users/fill/.vim/bundles/.cache/init.vim/.dein/lib/nerdtree/key_map.vim
067.862  000.369  000.369: sourcing /Users/fill/.vim/bundles/.cache/init.vim/.dein/lib/nerdtree/bookmark.vim
068.391  000.396  000.396: sourcing /Users/fill/.vim/bundles/.cache/init.vim/.dein/lib/nerdtree/tree_file_node.vim
069.542  000.990  000.990: sourcing /Users/fill/.vim/bundles/.cache/init.vim/.dein/lib/nerdtree/tree_dir_node.vim
070.106  000.361  000.361: sourcing /Users/fill/.vim/bundles/.cache/init.vim/.dein/lib/nerdtree/opener.vim
070.595  000.353  000.353: sourcing /Users/fill/.vim/bundles/.cache/init.vim/.dein/lib/nerdtree/creator.vim
070.811  000.083  000.083: sourcing /Users/fill/.vim/bundles/.cache/init.vim/.dein/lib/nerdtree/flag_set.vim
071.155  000.214  000.214: sourcing /Users/fill/.vim/bundles/.cache/init.vim/.dein/lib/nerdtree/nerdtree.vim
071.714  000.431  000.431: sourcing /Users/fill/.vim/bundles/.cache/init.vim/.dein/lib/nerdtree/ui.vim
071.882  000.040  000.040: sourcing /Users/fill/.vim/bundles/.cache/init.vim/.dein/lib/nerdtree/event.vim
072.108  000.070  000.070: sourcing /Users/fill/.vim/bundles/.cache/init.vim/.dein/lib/nerdtree/notifier.vim
072.834  000.585  000.585: sourcing /Users/fill/.vim/bundles/.cache/init.vim/.dein/autoload/nerdtree/ui_glue.vim
076.914  000.208  000.208: sourcing /Users/fill/.vim/bundles/.cache/init.vim/.dein/nerdtree_plugin/exec_menuitem.vim
078.247  001.234  001.234: sourcing /Users/fill/.vim/bundles/.cache/init.vim/.dein/nerdtree_plugin/fs_menu.vim
079.011  000.653  000.653: sourcing /Users/fill/.vim/bundles/.cache/init.vim/.dein/nerdtree_plugin/webdevicons.vim
079.231  016.463  008.436: sourcing /Users/fill/.vim/bundles/.cache/init.vim/.dein/plugin/NERD_tree.vim
079.667  000.363  000.363: sourcing /Users/fill/.vim/bundles/.cache/init.vim/.dein/plugin/ac_smooth_scroll.vim
079.777  000.041  000.041: sourcing /Users/fill/.vim/bundles/.cache/init.vim/.dein/plugin/airline-themes.vim
080.395  000.299  000.299: sourcing /Users/fill/.vim/bundles/.cache/init.vim/.dein/autoload/airline.vim
080.854  000.189  000.189: sourcing /Users/fill/.vim/bundles/.cache/init.vim/.dein/autoload/airline/init.vim
081.717  000.162  000.162: sourcing /Users/fill/.vim/bundles/.cache/init.vim/.dein/autoload/airline/parts.vim
083.541  000.199  000.199: sourcing /Users/fill/.vim/bundles/.cache/init.vim/.dein/autoload/airline/util.vim
083.613  003.770  002.921: sourcing /Users/fill/.vim/bundles/.cache/init.vim/.dein/plugin/airline.vim
083.804  000.102  000.102: sourcing /Users/fill/.vim/bundles/.cache/init.vim/.dein/plugin/denite.vim
083.980  000.080  000.080: sourcing /Users/fill/.vim/bundles/.cache/init.vim/.dein/plugin/deoplete.vim
084.598  000.514  000.514: sourcing /Users/fill/.vim/bundles/.cache/init.vim/.dein/plugin/fugitive.vim
085.024  000.273  000.273: sourcing /Users/fill/.vim/bundles/.cache/init.vim/.dein/plugin/neosnippet.vim
100.527  015.220  015.220: sourcing /Users/fill/.vim/bundles/.cache/init.vim/.dein/autoload/smartinput.vim
100.564  015.446  000.226: sourcing /Users/fill/.vim/bundles/.cache/init.vim/.dein/plugin/smartinput.vim
102.501  001.783  001.783: sourcing /Users/fill/.vim/bundles/.cache/init.vim/.dein/plugin/surround.vim
108.349  005.616  005.616: sourcing /Users/fill/.vim/bundles/.cache/init.vim/.dein/plugin/webdevicons.vim
110.019  000.457  000.457: sourcing /usr/local/Cellar/neovim/0.3.1/share/nvim/runtime/plugin/gzip.vim
110.191  000.051  000.051: sourcing /usr/local/Cellar/neovim/0.3.1/share/nvim/runtime/plugin/health.vim
110.447  000.139  000.139: sourcing /usr/local/Cellar/neovim/0.3.1/share/nvim/runtime/plugin/man.vim
112.820  002.249  002.249: sourcing /usr/local/Cellar/neovim/0.3.1/share/nvim/runtime/plugin/matchit.vim
113.595  000.542  000.542: sourcing /usr/local/Cellar/neovim/0.3.1/share/nvim/runtime/plugin/matchparen.vim
115.013  001.265  001.265: sourcing /usr/local/Cellar/neovim/0.3.1/share/nvim/runtime/plugin/netrwPlugin.vim
117.092  000.860  000.860: sourcing /usr/local/Cellar/neovim/0.3.1/share/nvim/runtime/autoload/remote/host.vim
118.630  000.881  000.881: sourcing /usr/local/Cellar/neovim/0.3.1/share/nvim/runtime/autoload/remote/define.vim
118.837  002.981  001.240: sourcing /Users/fill/.local/share/nvim/rplugin.vim
118.859  003.678  000.697: sourcing /usr/local/Cellar/neovim/0.3.1/share/nvim/runtime/plugin/rplugin.vim
119.112  000.119  000.119: sourcing /usr/local/Cellar/neovim/0.3.1/share/nvim/runtime/plugin/rrhelper.vim
119.714  000.448  000.448: sourcing /usr/local/Cellar/neovim/0.3.1/share/nvim/runtime/plugin/shada.vim
120.047  000.103  000.103: sourcing /usr/local/Cellar/neovim/0.3.1/share/nvim/runtime/plugin/spellfile.vim
120.734  000.467  000.467: sourcing /usr/local/Cellar/neovim/0.3.1/share/nvim/runtime/plugin/tarPlugin.vim
121.337  000.436  000.436: sourcing /usr/local/Cellar/neovim/0.3.1/share/nvim/runtime/plugin/tohtml.vim
121.601  000.071  000.071: sourcing /usr/local/Cellar/neovim/0.3.1/share/nvim/runtime/plugin/tutor.vim
122.211  000.468  000.468: sourcing /usr/local/Cellar/neovim/0.3.1/share/nvim/runtime/plugin/zipPlugin.vim
122.236  005.660: loading plugins
122.571  000.335: loading packages
122.824  000.253: loading after plugins
122.849  000.024: inits 3
126.205  003.357: reading ShaDa
130.833  004.628: clearing screen
132.595  001.208  001.208: sourcing /Users/fill/.vim/bundles/.cache/init.vim/.dein/autoload/airline/extensions.vim
133.385  000.230  000.230: sourcing /Users/fill/.vim/bundles/.cache/init.vim/.dein/autoload/airline/extensions/quickfix.vim
133.874  000.114  000.114: sourcing /Users/fill/.vim/bundles/.cache/init.vim/.dein/autoload/airline/extensions/denite.vim
134.514  000.135  000.135: sourcing /Users/fill/.vim/bundles/.cache/init.vim/.dein/autoload/airline/extensions/netrw.vim
135.029  000.147  000.147: sourcing /Users/fill/.vim/bundles/.cache/init.vim/.dein/autoload/airline/extensions/term.vim
136.252  000.630  000.630: sourcing /Users/fill/.vim/bundles/.cache/init.vim/.dein/autoload/airline/extensions/branch.vim
137.008  000.173  000.173: sourcing /Users/fill/.vim/bundles/.cache/init.vim/.dein/autoload/airline/extensions/fugitiveline.vim
137.761  000.326  000.326: sourcing /Users/fill/.vim/bundles/.cache/init.vim/.dein/autoload/airline/extensions/whitespace.vim
138.808  000.420  000.420: sourcing /Users/fill/.vim/bundles/.cache/init.vim/.dein/autoload/airline/extensions/tabline.vim
139.530  000.180  000.180: sourcing /Users/fill/.vim/bundles/.cache/init.vim/.dein/autoload/airline/extensions/tabline/autoshow.vim
140.280  000.267  000.267: sourcing /Users/fill/.vim/bundles/.cache/init.vim/.dein/autoload/airline/extensions/tabline/tabs.vim
141.078  000.423  000.423: sourcing /Users/fill/.vim/bundles/.cache/init.vim/.dein/autoload/airline/extensions/tabline/buffers.vim
141.857  000.190  000.190: sourcing /Users/fill/.vim/bundles/.cache/init.vim/.dein/autoload/airline/extensions/keymap.vim
147.065  000.213  000.213: sourcing /Users/fill/.vim/bundles/.cache/init.vim/.dein/autoload/airline/section.vim
148.082  000.627  000.627: sourcing /Users/fill/.vim/bundles/.cache/init.vim/.dein/autoload/airline/highlighter.vim
151.662  000.633  000.633: sourcing /Users/fill/.vim/bundles/.cache/init.vim/.dein/autoload/airline/themes.vim
152.934  002.248  001.615: sourcing /Users/fill/.vim/bundles/.cache/init.vim/.dein/autoload/airline/themes/wombat.vim
161.087  000.810  000.810: sourcing /Users/fill/.vim/bundles/.cache/init.vim/.dein/autoload/airline/themes/wombat.vim
189.484  000.741  000.741: sourcing /Users/fill/.vim/bundles/.cache/init.vim/.dein/autoload/airline/builder.vim
190.773  000.246  000.246: sourcing /Users/fill/.vim/bundles/.cache/init.vim/.dein/autoload/airline/extensions/default.vim
223.360  083.200: opening buffers
223.458  000.099: BufEnter autocommands
223.464  000.005: editing files in windows
230.459  005.882  005.882: sourcing /Users/fill/.vim/bundles/.cache/init.vim/.dein/autoload/fugitive.vim
231.545  002.199: VimEnter autocommands
395.746  164.017  164.017: sourcing /usr/local/Cellar/neovim/0.3.1/share/nvim/runtime/autoload/provider/clipboard.vim
395.783  000.221: before starting main loop
397.050  000.329  000.329: sourcing /Users/fill/.vim/bundles/.cache/init.vim/.dein/autoload/airline/extensions/tabline/ctrlspace.vim
397.883  000.257  000.257: sourcing /Users/fill/.vim/bundles/.cache/init.vim/.dein/autoload/airline/extensions/tabline/builder.vim
398.410  000.109  000.109: sourcing /Users/fill/.vim/bundles/.cache/init.vim/.dein/autoload/airline/extensions/tabline/buflist.vim
406.163  000.104  000.104: sourcing /Users/fill/.vim/bundles/.cache/init.vim/.dein/autoload/airline/extensions/tabline/formatters/webdevicons.vim
407.044  000.197  000.197: sourcing /Users/fill/.vim/bundles/.cache/init.vim/.dein/autoload/airline/extensions/tabline/formatters/default.vim
422.017  000.135  000.135: sourcing /Users/fill/.vim/bundles/.cache/init.vim/.dein/autoload/airline/extensions/ale.vim
423.978  027.064: first screen update
423.981  000.003: --- NVIM STARTED ---
